
         /\      Grafana   /‾‾/  
    /\  /  \     |\  __   /  /   
   /  \/    \    | |/ /  /   ‾‾\ 
  /          \   |   (  |  (‾)  |
 / __________ \  |_|\_\  \_____/ 

time="2026-06-18T14:15:18-03:00" level=warning msg="SSLKEYLOGFILE was specified, logging TLS connection keys to '\\\\.\\nllMonFltProxy\\FFFFE68C4EBD4E80'..." test_path="file:///C:/GitHub/poleras-store-k6/tests/orders/orders.test.js"
     execution: local
        script: tests/orders/orders.test.js
        output: json (results/2026-06-18_stress_orders/raw.json)

     scenarios: (100.00%) 1 scenario, 2000 max VUs, 14m30s max duration (incl. graceful stop):
              * default: Up to 2000 looping VUs for 14m0s over 7 stages (gracefulRampDown: 30s, gracefulStop: 30s)


running (00m00.7s), 0001/2000 VUs, 0 complete and 0 interrupted iterations
default   [   0% ] 0001/2000 VUs  00m00.7s/14m00.0s

running (00m01.7s), 0002/2000 VUs, 0 complete and 0 interrupted iterations
default   [   0% ] 0002/2000 VUs  00m01.7s/14m00.0s

running (00m02.7s), 0003/2000 VUs, 0 complete and 0 interrupted iterations
default   [   0% ] 0003/2000 VUs  00m02.7s/14m00.0s

running (00m03.7s), 0004/2000 VUs, 0 complete and 0 interrupted iterations
default   [   0% ] 0004/2000 VUs  00m03.7s/14m00.0s

running (00m04.7s), 0004/2000 VUs, 0 complete and 0 interrupted iterations
default   [   1% ] 0004/2000 VUs  00m04.7s/14m00.0s

running (00m05.7s), 0005/2000 VUs, 0 complete and 0 interrupted iterations
default   [   1% ] 0005/2000 VUs  00m05.7s/14m00.0s

running (00m06.7s), 0006/2000 VUs, 1 complete and 0 interrupted iterations
default   [   1% ] 0006/2000 VUs  00m06.7s/14m00.0s

running (00m07.7s), 0007/2000 VUs, 2 complete and 0 interrupted iterations
default   [   1% ] 0007/2000 VUs  00m07.7s/14m00.0s

running (00m08.7s), 0008/2000 VUs, 4 complete and 0 interrupted iterations
default   [   1% ] 0008/2000 VUs  00m08.7s/14m00.0s

running (00m09.7s), 0008/2000 VUs, 4 complete and 0 interrupted iterations
default   [   1% ] 0008/2000 VUs  00m09.7s/14m00.0s

running (00m10.7s), 0009/2000 VUs, 5 complete and 0 interrupted iterations
default   [   1% ] 0009/2000 VUs  00m10.7s/14m00.0s

running (00m11.7s), 0010/2000 VUs, 7 complete and 0 interrupted iterations
default   [   1% ] 0010/2000 VUs  00m11.7s/14m00.0s

running (00m12.7s), 0011/2000 VUs, 9 complete and 0 interrupted iterations
default   [   2% ] 0011/2000 VUs  00m12.7s/14m00.0s

running (00m13.7s), 0012/2000 VUs, 10 complete and 0 interrupted iterations
default   [   2% ] 0012/2000 VUs  00m13.7s/14m00.0s

running (00m14.7s), 0013/2000 VUs, 13 complete and 0 interrupted iterations
default   [   2% ] 0013/2000 VUs  00m14.7s/14m00.0s

running (00m15.7s), 0013/2000 VUs, 16 complete and 0 interrupted iterations
default   [   2% ] 0013/2000 VUs  00m15.7s/14m00.0s

running (00m16.7s), 0014/2000 VUs, 17 complete and 0 interrupted iterations
default   [   2% ] 0014/2000 VUs  00m16.7s/14m00.0s

running (00m17.7s), 0015/2000 VUs, 19 complete and 0 interrupted iterations
default   [   2% ] 0015/2000 VUs  00m17.7s/14m00.0s

running (00m18.7s), 0016/2000 VUs, 20 complete and 0 interrupted iterations
default   [   2% ] 0016/2000 VUs  00m18.7s/14m00.0s

running (00m19.7s), 0017/2000 VUs, 25 complete and 0 interrupted iterations
default   [   2% ] 0017/2000 VUs  00m19.7s/14m00.0s

running (00m20.7s), 0018/2000 VUs, 29 complete and 0 interrupted iterations
default   [   2% ] 0018/2000 VUs  00m20.7s/14m00.0s

running (00m21.7s), 0018/2000 VUs, 33 complete and 0 interrupted iterations
default   [   3% ] 0018/2000 VUs  00m21.7s/14m00.0s

running (00m22.7s), 0019/2000 VUs, 35 complete and 0 interrupted iterations
default   [   3% ] 0019/2000 VUs  00m22.7s/14m00.0s

running (00m23.7s), 0020/2000 VUs, 37 complete and 0 interrupted iterations
default   [   3% ] 0020/2000 VUs  00m23.7s/14m00.0s

running (00m24.7s), 0021/2000 VUs, 42 complete and 0 interrupted iterations
default   [   3% ] 0021/2000 VUs  00m24.7s/14m00.0s

running (00m25.7s), 0022/2000 VUs, 49 complete and 0 interrupted iterations
default   [   3% ] 0022/2000 VUs  00m25.7s/14m00.0s

running (00m26.7s), 0023/2000 VUs, 53 complete and 0 interrupted iterations
default   [   3% ] 0023/2000 VUs  00m26.7s/14m00.0s

running (00m27.7s), 0023/2000 VUs, 56 complete and 0 interrupted iterations
default   [   3% ] 0023/2000 VUs  00m27.7s/14m00.0s

running (00m28.7s), 0024/2000 VUs, 59 complete and 0 interrupted iterations
default   [   3% ] 0024/2000 VUs  00m28.7s/14m00.0s

running (00m29.7s), 0025/2000 VUs, 63 complete and 0 interrupted iterations
default   [   4% ] 0025/2000 VUs  00m29.7s/14m00.0s

running (00m30.7s), 0026/2000 VUs, 69 complete and 0 interrupted iterations
default   [   4% ] 0026/2000 VUs  00m30.7s/14m00.0s

running (00m31.7s), 0027/2000 VUs, 76 complete and 0 interrupted iterations
default   [   4% ] 0027/2000 VUs  00m31.7s/14m00.0s

running (00m32.7s), 0027/2000 VUs, 80 complete and 0 interrupted iterations
default   [   4% ] 0027/2000 VUs  00m32.7s/14m00.0s

running (00m33.7s), 0028/2000 VUs, 82 complete and 0 interrupted iterations
default   [   4% ] 0028/2000 VUs  00m33.7s/14m00.0s

running (00m34.7s), 0029/2000 VUs, 88 complete and 0 interrupted iterations
default   [   4% ] 0029/2000 VUs  00m34.7s/14m00.0s

running (00m35.7s), 0030/2000 VUs, 95 complete and 0 interrupted iterations
default   [   4% ] 0030/2000 VUs  00m35.7s/14m00.0s

running (00m36.7s), 0031/2000 VUs, 104 complete and 0 interrupted iterations
default   [   4% ] 0031/2000 VUs  00m36.7s/14m00.0s

running (00m37.7s), 0032/2000 VUs, 106 complete and 0 interrupted iterations
default   [   4% ] 0032/2000 VUs  00m37.7s/14m00.0s

running (00m38.7s), 0032/2000 VUs, 111 complete and 0 interrupted iterations
default   [   5% ] 0032/2000 VUs  00m38.7s/14m00.0s

running (00m39.7s), 0033/2000 VUs, 119 complete and 0 interrupted iterations
default   [   5% ] 0033/2000 VUs  00m39.7s/14m00.0s

running (00m40.7s), 0034/2000 VUs, 122 complete and 0 interrupted iterations
default   [   5% ] 0034/2000 VUs  00m40.7s/14m00.0s

running (00m41.7s), 0035/2000 VUs, 134 complete and 0 interrupted iterations
default   [   5% ] 0035/2000 VUs  00m41.7s/14m00.0s

running (00m42.7s), 0036/2000 VUs, 139 complete and 0 interrupted iterations
default   [   5% ] 0036/2000 VUs  00m42.7s/14m00.0s

running (00m43.7s), 0037/2000 VUs, 147 complete and 0 interrupted iterations
default   [   5% ] 0037/2000 VUs  00m43.7s/14m00.0s

running (00m44.7s), 0037/2000 VUs, 151 complete and 0 interrupted iterations
default   [   5% ] 0037/2000 VUs  00m44.7s/14m00.0s

running (00m45.7s), 0038/2000 VUs, 157 complete and 0 interrupted iterations
default   [   5% ] 0038/2000 VUs  00m45.7s/14m00.0s

running (00m46.7s), 0039/2000 VUs, 170 complete and 0 interrupted iterations
default   [   6% ] 0039/2000 VUs  00m46.7s/14m00.0s

running (00m47.7s), 0040/2000 VUs, 177 complete and 0 interrupted iterations
default   [   6% ] 0040/2000 VUs  00m47.7s/14m00.0s

running (00m48.7s), 0041/2000 VUs, 184 complete and 0 interrupted iterations
default   [   6% ] 0041/2000 VUs  00m48.7s/14m00.0s

running (00m49.7s), 0041/2000 VUs, 187 complete and 0 interrupted iterations
default   [   6% ] 0041/2000 VUs  00m49.7s/14m00.0s

running (00m50.7s), 0042/2000 VUs, 195 complete and 0 interrupted iterations
default   [   6% ] 0042/2000 VUs  00m50.7s/14m00.0s

running (00m51.7s), 0043/2000 VUs, 206 complete and 0 interrupted iterations
default   [   6% ] 0043/2000 VUs  00m51.7s/14m00.0s

running (00m52.7s), 0044/2000 VUs, 217 complete and 0 interrupted iterations
default   [   6% ] 0044/2000 VUs  00m52.7s/14m00.0s

running (00m53.7s), 0045/2000 VUs, 225 complete and 0 interrupted iterations
default   [   6% ] 0045/2000 VUs  00m53.7s/14m00.0s

running (00m54.7s), 0046/2000 VUs, 231 complete and 0 interrupted iterations
default   [   7% ] 0046/2000 VUs  00m54.7s/14m00.0s

running (00m55.7s), 0046/2000 VUs, 242 complete and 0 interrupted iterations
default   [   7% ] 0046/2000 VUs  00m55.7s/14m00.0s

running (00m56.7s), 0047/2000 VUs, 251 complete and 0 interrupted iterations
default   [   7% ] 0047/2000 VUs  00m56.7s/14m00.0s

running (00m57.7s), 0048/2000 VUs, 263 complete and 0 interrupted iterations
default   [   7% ] 0048/2000 VUs  00m57.7s/14m00.0s

running (00m58.7s), 0049/2000 VUs, 271 complete and 0 interrupted iterations
default   [   7% ] 0049/2000 VUs  00m58.7s/14m00.0s

running (00m59.7s), 0050/2000 VUs, 279 complete and 0 interrupted iterations
default   [   7% ] 0050/2000 VUs  00m59.7s/14m00.0s

running (01m00.7s), 0051/2000 VUs, 292 complete and 0 interrupted iterations
default   [   7% ] 0051/2000 VUs  01m00.7s/14m00.0s

running (01m01.7s), 0051/2000 VUs, 300 complete and 0 interrupted iterations
default   [   7% ] 0051/2000 VUs  01m01.7s/14m00.0s

running (01m02.7s), 0052/2000 VUs, 313 complete and 0 interrupted iterations
default   [   7% ] 0052/2000 VUs  01m02.7s/14m00.0s

running (01m03.7s), 0053/2000 VUs, 323 complete and 0 interrupted iterations
default   [   8% ] 0053/2000 VUs  01m03.7s/14m00.0s

running (01m04.7s), 0054/2000 VUs, 331 complete and 0 interrupted iterations
default   [   8% ] 0054/2000 VUs  01m04.7s/14m00.0s

running (01m05.7s), 0055/2000 VUs, 344 complete and 0 interrupted iterations
default   [   8% ] 0055/2000 VUs  01m05.7s/14m00.0s

running (01m06.7s), 0056/2000 VUs, 354 complete and 0 interrupted iterations
default   [   8% ] 0056/2000 VUs  01m06.7s/14m00.0s

running (01m07.7s), 0056/2000 VUs, 366 complete and 0 interrupted iterations
default   [   8% ] 0056/2000 VUs  01m07.7s/14m00.0s

running (01m08.7s), 0057/2000 VUs, 377 complete and 0 interrupted iterations
default   [   8% ] 0057/2000 VUs  01m08.7s/14m00.0s

running (01m09.7s), 0058/2000 VUs, 389 complete and 0 interrupted iterations
default   [   8% ] 0058/2000 VUs  01m09.7s/14m00.0s

running (01m10.7s), 0059/2000 VUs, 401 complete and 0 interrupted iterations
default   [   8% ] 0059/2000 VUs  01m10.7s/14m00.0s

running (01m11.7s), 0060/2000 VUs, 413 complete and 0 interrupted iterations
default   [   9% ] 0060/2000 VUs  01m11.7s/14m00.0s

running (01m12.7s), 0060/2000 VUs, 422 complete and 0 interrupted iterations
default   [   9% ] 0060/2000 VUs  01m12.7s/14m00.0s

running (01m13.7s), 0061/2000 VUs, 430 complete and 0 interrupted iterations
default   [   9% ] 0061/2000 VUs  01m13.7s/14m00.0s

running (01m14.7s), 0062/2000 VUs, 446 complete and 0 interrupted iterations
default   [   9% ] 0062/2000 VUs  01m14.7s/14m00.0s

running (01m15.7s), 0063/2000 VUs, 462 complete and 0 interrupted iterations
default   [   9% ] 0063/2000 VUs  01m15.7s/14m00.0s

running (01m16.7s), 0064/2000 VUs, 473 complete and 0 interrupted iterations
default   [   9% ] 0064/2000 VUs  01m16.7s/14m00.0s

running (01m17.7s), 0065/2000 VUs, 480 complete and 0 interrupted iterations
default   [   9% ] 0065/2000 VUs  01m17.7s/14m00.0s

running (01m18.7s), 0065/2000 VUs, 501 complete and 0 interrupted iterations
default   [   9% ] 0065/2000 VUs  01m18.7s/14m00.0s

running (01m19.7s), 0066/2000 VUs, 515 complete and 0 interrupted iterations
default   [   9% ] 0066/2000 VUs  01m19.7s/14m00.0s

running (01m20.7s), 0067/2000 VUs, 529 complete and 0 interrupted iterations
default   [  10% ] 0067/2000 VUs  01m20.7s/14m00.0s

running (01m21.7s), 0068/2000 VUs, 539 complete and 0 interrupted iterations
default   [  10% ] 0068/2000 VUs  01m21.7s/14m00.0s

running (01m22.7s), 0069/2000 VUs, 548 complete and 0 interrupted iterations
default   [  10% ] 0069/2000 VUs  01m22.7s/14m00.0s

running (01m23.7s), 0070/2000 VUs, 563 complete and 0 interrupted iterations
default   [  10% ] 0070/2000 VUs  01m23.7s/14m00.0s

running (01m24.7s), 0070/2000 VUs, 579 complete and 0 interrupted iterations
default   [  10% ] 0070/2000 VUs  01m24.7s/14m00.0s

running (01m25.7s), 0071/2000 VUs, 597 complete and 0 interrupted iterations
default   [  10% ] 0071/2000 VUs  01m25.7s/14m00.0s

running (01m26.7s), 0072/2000 VUs, 609 complete and 0 interrupted iterations
default   [  10% ] 0072/2000 VUs  01m26.7s/14m00.0s

running (01m27.7s), 0073/2000 VUs, 619 complete and 0 interrupted iterations
default   [  10% ] 0073/2000 VUs  01m27.7s/14m00.0s

running (01m28.7s), 0074/2000 VUs, 634 complete and 0 interrupted iterations
default   [  11% ] 0074/2000 VUs  01m28.7s/14m00.0s

running (01m29.7s), 0074/2000 VUs, 651 complete and 0 interrupted iterations
default   [  11% ] 0074/2000 VUs  01m29.7s/14m00.0s

running (01m30.7s), 0075/2000 VUs, 669 complete and 0 interrupted iterations
default   [  11% ] 0075/2000 VUs  01m30.7s/14m00.0s

running (01m31.7s), 0076/2000 VUs, 681 complete and 0 interrupted iterations
default   [  11% ] 0076/2000 VUs  01m31.7s/14m00.0s

running (01m32.7s), 0077/2000 VUs, 691 complete and 0 interrupted iterations
default   [  11% ] 0077/2000 VUs  01m32.7s/14m00.0s

running (01m33.7s), 0078/2000 VUs, 707 complete and 0 interrupted iterations
default   [  11% ] 0078/2000 VUs  01m33.7s/14m00.0s

running (01m34.7s), 0079/2000 VUs, 727 complete and 0 interrupted iterations
default   [  11% ] 0079/2000 VUs  01m34.7s/14m00.0s

running (01m35.7s), 0079/2000 VUs, 743 complete and 0 interrupted iterations
default   [  11% ] 0079/2000 VUs  01m35.7s/14m00.0s

running (01m36.7s), 0080/2000 VUs, 758 complete and 0 interrupted iterations
default   [  12% ] 0080/2000 VUs  01m36.7s/14m00.0s

running (01m37.7s), 0081/2000 VUs, 772 complete and 0 interrupted iterations
default   [  12% ] 0081/2000 VUs  01m37.7s/14m00.0s

running (01m38.7s), 0082/2000 VUs, 788 complete and 0 interrupted iterations
default   [  12% ] 0082/2000 VUs  01m38.7s/14m00.0s

running (01m39.7s), 0083/2000 VUs, 810 complete and 0 interrupted iterations
default   [  12% ] 0083/2000 VUs  01m39.7s/14m00.0s

running (01m40.7s), 0084/2000 VUs, 823 complete and 0 interrupted iterations
default   [  12% ] 0084/2000 VUs  01m40.7s/14m00.0s

running (01m41.7s), 0084/2000 VUs, 838 complete and 0 interrupted iterations
default   [  12% ] 0084/2000 VUs  01m41.7s/14m00.0s

running (01m42.7s), 0085/2000 VUs, 855 complete and 0 interrupted iterations
default   [  12% ] 0085/2000 VUs  01m42.7s/14m00.0s

running (01m43.7s), 0086/2000 VUs, 870 complete and 0 interrupted iterations
default   [  12% ] 0086/2000 VUs  01m43.7s/14m00.0s

running (01m44.7s), 0087/2000 VUs, 888 complete and 0 interrupted iterations
default   [  12% ] 0087/2000 VUs  01m44.7s/14m00.0s

running (01m45.7s), 0088/2000 VUs, 909 complete and 0 interrupted iterations
default   [  13% ] 0088/2000 VUs  01m45.7s/14m00.0s

running (01m46.7s), 0089/2000 VUs, 930 complete and 0 interrupted iterations
default   [  13% ] 0089/2000 VUs  01m46.7s/14m00.0s

running (01m47.7s), 0089/2000 VUs, 943 complete and 0 interrupted iterations
default   [  13% ] 0089/2000 VUs  01m47.7s/14m00.0s

running (01m48.7s), 0090/2000 VUs, 959 complete and 0 interrupted iterations
default   [  13% ] 0090/2000 VUs  01m48.7s/14m00.0s

running (01m49.7s), 0091/2000 VUs, 980 complete and 0 interrupted iterations
default   [  13% ] 0091/2000 VUs  01m49.7s/14m00.0s

running (01m50.7s), 0092/2000 VUs, 1000 complete and 0 interrupted iterations
default   [  13% ] 0092/2000 VUs  01m50.7s/14m00.0s

running (01m51.7s), 0093/2000 VUs, 1019 complete and 0 interrupted iterations
default   [  13% ] 0093/2000 VUs  01m51.7s/14m00.0s

running (01m52.7s), 0093/2000 VUs, 1030 complete and 0 interrupted iterations
default   [  13% ] 0093/2000 VUs  01m52.7s/14m00.0s

running (01m53.7s), 0094/2000 VUs, 1050 complete and 0 interrupted iterations
default   [  14% ] 0094/2000 VUs  01m53.7s/14m00.0s

running (01m54.7s), 0095/2000 VUs, 1071 complete and 0 interrupted iterations
default   [  14% ] 0095/2000 VUs  01m54.7s/14m00.0s

running (01m55.7s), 0096/2000 VUs, 1096 complete and 0 interrupted iterations
default   [  14% ] 0096/2000 VUs  01m55.7s/14m00.0s

running (01m56.7s), 0097/2000 VUs, 1114 complete and 0 interrupted iterations
default   [  14% ] 0097/2000 VUs  01m56.7s/14m00.0s

running (01m57.7s), 0098/2000 VUs, 1127 complete and 0 interrupted iterations
default   [  14% ] 0098/2000 VUs  01m57.7s/14m00.0s

running (01m58.7s), 0098/2000 VUs, 1145 complete and 0 interrupted iterations
default   [  14% ] 0098/2000 VUs  01m58.7s/14m00.0s

running (01m59.7s), 0099/2000 VUs, 1167 complete and 0 interrupted iterations
default   [  14% ] 0099/2000 VUs  01m59.7s/14m00.0s

running (02m00.7s), 0100/2000 VUs, 1196 complete and 0 interrupted iterations
default   [  14% ] 0100/2000 VUs  02m00.7s/14m00.0s

running (02m01.7s), 0101/2000 VUs, 1209 complete and 0 interrupted iterations
default   [  14% ] 0101/2000 VUs  02m01.7s/14m00.0s

running (02m02.7s), 0102/2000 VUs, 1228 complete and 0 interrupted iterations
default   [  15% ] 0102/2000 VUs  02m02.7s/14m00.0s

running (02m03.7s), 0103/2000 VUs, 1246 complete and 0 interrupted iterations
default   [  15% ] 0103/2000 VUs  02m03.7s/14m00.0s

running (02m04.7s), 0103/2000 VUs, 1267 complete and 0 interrupted iterations
default   [  15% ] 0103/2000 VUs  02m04.7s/14m00.0s

running (02m05.7s), 0104/2000 VUs, 1293 complete and 0 interrupted iterations
default   [  15% ] 0104/2000 VUs  02m05.7s/14m00.0s

running (02m06.7s), 0105/2000 VUs, 1316 complete and 0 interrupted iterations
default   [  15% ] 0105/2000 VUs  02m06.7s/14m00.0s

running (02m07.7s), 0106/2000 VUs, 1329 complete and 0 interrupted iterations
default   [  15% ] 0106/2000 VUs  02m07.7s/14m00.0s

running (02m08.7s), 0107/2000 VUs, 1353 complete and 0 interrupted iterations
default   [  15% ] 0107/2000 VUs  02m08.7s/14m00.0s

running (02m09.7s), 0108/2000 VUs, 1374 complete and 0 interrupted iterations
default   [  15% ] 0108/2000 VUs  02m09.7s/14m00.0s

running (02m10.7s), 0108/2000 VUs, 1400 complete and 0 interrupted iterations
default   [  16% ] 0108/2000 VUs  02m10.7s/14m00.0s

running (02m11.7s), 0109/2000 VUs, 1420 complete and 0 interrupted iterations
default   [  16% ] 0109/2000 VUs  02m11.7s/14m00.0s

running (02m12.7s), 0110/2000 VUs, 1434 complete and 0 interrupted iterations
default   [  16% ] 0110/2000 VUs  02m12.7s/14m00.0s

running (02m13.7s), 0111/2000 VUs, 1462 complete and 0 interrupted iterations
default   [  16% ] 0111/2000 VUs  02m13.7s/14m00.0s

running (02m14.7s), 0112/2000 VUs, 1484 complete and 0 interrupted iterations
default   [  16% ] 0112/2000 VUs  02m14.7s/14m00.0s

running (02m15.7s), 0113/2000 VUs, 1508 complete and 0 interrupted iterations
default   [  16% ] 0113/2000 VUs  02m15.7s/14m00.0s

running (02m16.7s), 0113/2000 VUs, 1531 complete and 0 interrupted iterations
default   [  16% ] 0113/2000 VUs  02m16.7s/14m00.0s

running (02m17.7s), 0114/2000 VUs, 1554 complete and 0 interrupted iterations
default   [  16% ] 0114/2000 VUs  02m17.7s/14m00.0s

running (02m18.7s), 0115/2000 VUs, 1574 complete and 0 interrupted iterations
default   [  17% ] 0115/2000 VUs  02m18.7s/14m00.0s

running (02m19.7s), 0116/2000 VUs, 1599 complete and 0 interrupted iterations
default   [  17% ] 0116/2000 VUs  02m19.7s/14m00.0s

running (02m20.7s), 0117/2000 VUs, 1627 complete and 0 interrupted iterations
default   [  17% ] 0117/2000 VUs  02m20.7s/14m00.0s

running (02m21.7s), 0118/2000 VUs, 1651 complete and 0 interrupted iterations
default   [  17% ] 0118/2000 VUs  02m21.7s/14m00.0s

running (02m22.7s), 0118/2000 VUs, 1670 complete and 0 interrupted iterations
default   [  17% ] 0118/2000 VUs  02m22.7s/14m00.0s

running (02m23.7s), 0119/2000 VUs, 1691 complete and 0 interrupted iterations
default   [  17% ] 0119/2000 VUs  02m23.7s/14m00.0s

running (02m24.7s), 0120/2000 VUs, 1718 complete and 0 interrupted iterations
default   [  17% ] 0120/2000 VUs  02m24.7s/14m00.0s

running (02m25.7s), 0121/2000 VUs, 1740 complete and 0 interrupted iterations
default   [  17% ] 0121/2000 VUs  02m25.7s/14m00.0s

running (02m26.7s), 0122/2000 VUs, 1765 complete and 0 interrupted iterations
default   [  17% ] 0122/2000 VUs  02m26.7s/14m00.0s

running (02m27.7s), 0123/2000 VUs, 1789 complete and 0 interrupted iterations
default   [  18% ] 0123/2000 VUs  02m27.7s/14m00.0s

running (02m28.7s), 0123/2000 VUs, 1816 complete and 0 interrupted iterations
default   [  18% ] 0123/2000 VUs  02m28.7s/14m00.0s

running (02m29.7s), 0124/2000 VUs, 1836 complete and 0 interrupted iterations
default   [  18% ] 0124/2000 VUs  02m29.7s/14m00.0s

running (02m30.7s), 0125/2000 VUs, 1864 complete and 0 interrupted iterations
default   [  18% ] 0125/2000 VUs  02m30.7s/14m00.0s

running (02m31.7s), 0126/2000 VUs, 1887 complete and 0 interrupted iterations
default   [  18% ] 0126/2000 VUs  02m31.7s/14m00.0s

running (02m32.7s), 0127/2000 VUs, 1907 complete and 0 interrupted iterations
default   [  18% ] 0127/2000 VUs  02m32.7s/14m00.0s

running (02m33.7s), 0128/2000 VUs, 1939 complete and 0 interrupted iterations
default   [  18% ] 0128/2000 VUs  02m33.7s/14m00.0s

running (02m34.7s), 0128/2000 VUs, 1956 complete and 0 interrupted iterations
default   [  18% ] 0128/2000 VUs  02m34.7s/14m00.0s

running (02m35.7s), 0129/2000 VUs, 1985 complete and 0 interrupted iterations
default   [  19% ] 0129/2000 VUs  02m35.7s/14m00.0s

running (02m36.7s), 0130/2000 VUs, 2011 complete and 0 interrupted iterations
default   [  19% ] 0130/2000 VUs  02m36.7s/14m00.0s

running (02m37.7s), 0131/2000 VUs, 2038 complete and 0 interrupted iterations
default   [  19% ] 0131/2000 VUs  02m37.7s/14m00.0s

running (02m38.7s), 0132/2000 VUs, 2059 complete and 0 interrupted iterations
default   [  19% ] 0132/2000 VUs  02m38.7s/14m00.0s

running (02m39.7s), 0133/2000 VUs, 2085 complete and 0 interrupted iterations
default   [  19% ] 0133/2000 VUs  02m39.7s/14m00.0s

running (02m40.7s), 0133/2000 VUs, 2106 complete and 0 interrupted iterations
default   [  19% ] 0133/2000 VUs  02m40.7s/14m00.0s

running (02m41.7s), 0134/2000 VUs, 2132 complete and 0 interrupted iterations
default   [  19% ] 0134/2000 VUs  02m41.7s/14m00.0s

running (02m42.7s), 0135/2000 VUs, 2168 complete and 0 interrupted iterations
default   [  19% ] 0135/2000 VUs  02m42.7s/14m00.0s

running (02m43.7s), 0136/2000 VUs, 2194 complete and 0 interrupted iterations
default   [  19% ] 0136/2000 VUs  02m43.7s/14m00.0s

running (02m44.7s), 0137/2000 VUs, 2215 complete and 0 interrupted iterations
default   [  20% ] 0137/2000 VUs  02m44.7s/14m00.0s

running (02m45.7s), 0138/2000 VUs, 2239 complete and 0 interrupted iterations
default   [  20% ] 0138/2000 VUs  02m45.7s/14m00.0s

running (02m46.7s), 0138/2000 VUs, 2274 complete and 0 interrupted iterations
default   [  20% ] 0138/2000 VUs  02m46.7s/14m00.0s

running (02m47.7s), 0139/2000 VUs, 2296 complete and 0 interrupted iterations
default   [  20% ] 0139/2000 VUs  02m47.7s/14m00.0s

running (02m48.7s), 0140/2000 VUs, 2327 complete and 0 interrupted iterations
default   [  20% ] 0140/2000 VUs  02m48.7s/14m00.0s

running (02m49.7s), 0141/2000 VUs, 2356 complete and 0 interrupted iterations
default   [  20% ] 0141/2000 VUs  02m49.7s/14m00.0s

running (02m50.7s), 0142/2000 VUs, 2374 complete and 0 interrupted iterations
default   [  20% ] 0142/2000 VUs  02m50.7s/14m00.0s

running (02m51.7s), 0143/2000 VUs, 2408 complete and 0 interrupted iterations
default   [  20% ] 0143/2000 VUs  02m51.7s/14m00.0s

running (02m52.7s), 0143/2000 VUs, 2432 complete and 0 interrupted iterations
default   [  21% ] 0143/2000 VUs  02m52.7s/14m00.0s

running (02m53.7s), 0144/2000 VUs, 2467 complete and 0 interrupted iterations
default   [  21% ] 0144/2000 VUs  02m53.7s/14m00.0s

running (02m54.7s), 0145/2000 VUs, 2489 complete and 0 interrupted iterations
default   [  21% ] 0145/2000 VUs  02m54.7s/14m00.0s

running (02m55.7s), 0146/2000 VUs, 2513 complete and 0 interrupted iterations
default   [  21% ] 0146/2000 VUs  02m55.7s/14m00.0s

running (02m56.7s), 0147/2000 VUs, 2534 complete and 0 interrupted iterations
default   [  21% ] 0147/2000 VUs  02m56.7s/14m00.0s

running (02m57.7s), 0148/2000 VUs, 2569 complete and 0 interrupted iterations
default   [  21% ] 0148/2000 VUs  02m57.7s/14m00.0s

running (02m58.7s), 0148/2000 VUs, 2595 complete and 0 interrupted iterations
default   [  21% ] 0148/2000 VUs  02m58.7s/14m00.0s

running (02m59.7s), 0149/2000 VUs, 2627 complete and 0 interrupted iterations
default   [  21% ] 0149/2000 VUs  02m59.7s/14m00.0s

running (03m00.7s), 0150/2000 VUs, 2654 complete and 0 interrupted iterations
default   [  22% ] 0150/2000 VUs  03m00.7s/14m00.0s

running (03m01.7s), 0151/2000 VUs, 2677 complete and 0 interrupted iterations
default   [  22% ] 0151/2000 VUs  03m01.7s/14m00.0s

running (03m02.7s), 0152/2000 VUs, 2709 complete and 0 interrupted iterations
default   [  22% ] 0152/2000 VUs  03m02.7s/14m00.0s

running (03m03.7s), 0153/2000 VUs, 2742 complete and 0 interrupted iterations
default   [  22% ] 0153/2000 VUs  03m03.7s/14m00.0s

running (03m04.7s), 0153/2000 VUs, 2774 complete and 0 interrupted iterations
default   [  22% ] 0153/2000 VUs  03m04.7s/14m00.0s

running (03m05.7s), 0154/2000 VUs, 2801 complete and 0 interrupted iterations
default   [  22% ] 0154/2000 VUs  03m05.7s/14m00.0s

running (03m06.7s), 0155/2000 VUs, 2831 complete and 0 interrupted iterations
default   [  22% ] 0155/2000 VUs  03m06.7s/14m00.0s

running (03m07.7s), 0156/2000 VUs, 2857 complete and 0 interrupted iterations
default   [  22% ] 0156/2000 VUs  03m07.7s/14m00.0s

running (03m08.7s), 0157/2000 VUs, 2882 complete and 0 interrupted iterations
default   [  22% ] 0157/2000 VUs  03m08.7s/14m00.0s

running (03m09.7s), 0158/2000 VUs, 2906 complete and 0 interrupted iterations
default   [  23% ] 0158/2000 VUs  03m09.7s/14m00.0s

running (03m10.7s), 0158/2000 VUs, 2940 complete and 0 interrupted iterations
default   [  23% ] 0158/2000 VUs  03m10.7s/14m00.0s

running (03m11.7s), 0159/2000 VUs, 2978 complete and 0 interrupted iterations
default   [  23% ] 0159/2000 VUs  03m11.7s/14m00.0s

running (03m12.7s), 0160/2000 VUs, 3003 complete and 0 interrupted iterations
default   [  23% ] 0160/2000 VUs  03m12.7s/14m00.0s

running (03m13.7s), 0161/2000 VUs, 3035 complete and 0 interrupted iterations
default   [  23% ] 0161/2000 VUs  03m13.7s/14m00.0s

running (03m14.7s), 0162/2000 VUs, 3058 complete and 0 interrupted iterations
default   [  23% ] 0162/2000 VUs  03m14.7s/14m00.0s

running (03m15.7s), 0163/2000 VUs, 3082 complete and 0 interrupted iterations
default   [  23% ] 0163/2000 VUs  03m15.7s/14m00.0s

running (03m16.7s), 0163/2000 VUs, 3114 complete and 0 interrupted iterations
default   [  23% ] 0163/2000 VUs  03m16.7s/14m00.0s

running (03m17.7s), 0164/2000 VUs, 3155 complete and 0 interrupted iterations
default   [  24% ] 0164/2000 VUs  03m17.7s/14m00.0s

running (03m18.7s), 0165/2000 VUs, 3191 complete and 0 interrupted iterations
default   [  24% ] 0165/2000 VUs  03m18.7s/14m00.0s

running (03m19.7s), 0166/2000 VUs, 3214 complete and 0 interrupted iterations
default   [  24% ] 0166/2000 VUs  03m19.7s/14m00.0s

running (03m20.7s), 0167/2000 VUs, 3233 complete and 0 interrupted iterations
default   [  24% ] 0167/2000 VUs  03m20.7s/14m00.0s

running (03m21.7s), 0168/2000 VUs, 3251 complete and 0 interrupted iterations
default   [  24% ] 0168/2000 VUs  03m21.7s/14m00.0s

running (03m22.7s), 0168/2000 VUs, 3279 complete and 0 interrupted iterations
default   [  24% ] 0168/2000 VUs  03m22.7s/14m00.0s

running (03m23.7s), 0169/2000 VUs, 3327 complete and 0 interrupted iterations
default   [  24% ] 0169/2000 VUs  03m23.7s/14m00.0s

running (03m24.7s), 0170/2000 VUs, 3370 complete and 0 interrupted iterations
default   [  24% ] 0170/2000 VUs  03m24.7s/14m00.0s

running (03m25.7s), 0171/2000 VUs, 3393 complete and 0 interrupted iterations
default   [  24% ] 0171/2000 VUs  03m25.7s/14m00.0s

running (03m26.7s), 0172/2000 VUs, 3416 complete and 0 interrupted iterations
default   [  25% ] 0172/2000 VUs  03m26.7s/14m00.0s

running (03m27.7s), 0173/2000 VUs, 3433 complete and 0 interrupted iterations
default   [  25% ] 0173/2000 VUs  03m27.7s/14m00.0s

running (03m28.7s), 0173/2000 VUs, 3461 complete and 0 interrupted iterations
default   [  25% ] 0173/2000 VUs  03m28.7s/14m00.0s

running (03m29.7s), 0174/2000 VUs, 3492 complete and 0 interrupted iterations
default   [  25% ] 0174/2000 VUs  03m29.7s/14m00.0s

running (03m30.7s), 0175/2000 VUs, 3530 complete and 0 interrupted iterations
default   [  25% ] 0175/2000 VUs  03m30.7s/14m00.0s

running (03m31.7s), 0176/2000 VUs, 3562 complete and 0 interrupted iterations
default   [  25% ] 0176/2000 VUs  03m31.7s/14m00.0s

running (03m32.7s), 0177/2000 VUs, 3594 complete and 0 interrupted iterations
default   [  25% ] 0177/2000 VUs  03m32.7s/14m00.0s

running (03m33.7s), 0178/2000 VUs, 3624 complete and 0 interrupted iterations
default   [  25% ] 0178/2000 VUs  03m33.7s/14m00.0s

running (03m34.7s), 0178/2000 VUs, 3652 complete and 0 interrupted iterations
default   [  26% ] 0178/2000 VUs  03m34.7s/14m00.0s

running (03m35.7s), 0179/2000 VUs, 3676 complete and 0 interrupted iterations
default   [  26% ] 0179/2000 VUs  03m35.7s/14m00.0s

running (03m36.7s), 0180/2000 VUs, 3713 complete and 0 interrupted iterations
default   [  26% ] 0180/2000 VUs  03m36.7s/14m00.0s

running (03m37.7s), 0181/2000 VUs, 3743 complete and 0 interrupted iterations
default   [  26% ] 0181/2000 VUs  03m37.7s/14m00.0s
