
         /\      Grafana   /‾‾/  
    /\  /  \     |\  __   /  /   
   /  \/    \    | |/ /  /   ‾‾\ 
  /          \   |   (  |  (‾)  |
 / __________ \  |_|\_\  \_____/ 

time="2026-06-16T12:08:08-03:00" level=warning msg="SSLKEYLOGFILE was specified, logging TLS connection keys to '\\\\.\\nllMonFltProxy\\FFFFE68C2C8D3500'..." test_path="file:///C:/GitHub/poleras-store-k6/tests/auth/auth.test.js"
     execution: local
        script: tests/auth/auth.test.js
 web dashboard: http://127.0.0.1:5665
        output: json (results/2026-06-16_stress_auth/raw.json)

     scenarios: (100.00%) 1 scenario, 2000 max VUs, 12m30s max duration (incl. graceful stop):
              * default: Up to 2000 looping VUs for 12m0s over 6 stages (gracefulRampDown: 30s, gracefulStop: 30s)


running (00m00.7s), 0001/2000 VUs, 0 complete and 0 interrupted iterations
default   [   0% ] 0001/2000 VUs  00m00.7s/12m00.0s

running (00m01.7s), 0002/2000 VUs, 0 complete and 0 interrupted iterations
default   [   0% ] 0002/2000 VUs  00m01.7s/12m00.0s

running (00m02.7s), 0003/2000 VUs, 0 complete and 0 interrupted iterations
default   [   0% ] 0003/2000 VUs  00m02.7s/12m00.0s

running (00m03.7s), 0004/2000 VUs, 2 complete and 0 interrupted iterations
default   [   1% ] 0004/2000 VUs  00m03.7s/12m00.0s

running (00m04.7s), 0004/2000 VUs, 4 complete and 0 interrupted iterations
default   [   1% ] 0004/2000 VUs  00m04.7s/12m00.0s

running (00m05.7s), 0005/2000 VUs, 7 complete and 0 interrupted iterations
default   [   1% ] 0005/2000 VUs  00m05.7s/12m00.0s

running (00m06.7s), 0006/2000 VUs, 11 complete and 0 interrupted iterations
default   [   1% ] 0006/2000 VUs  00m06.7s/12m00.0s

running (00m07.7s), 0007/2000 VUs, 13 complete and 0 interrupted iterations
default   [   1% ] 0007/2000 VUs  00m07.7s/12m00.0s

running (00m08.7s), 0008/2000 VUs, 16 complete and 0 interrupted iterations
default   [   1% ] 0008/2000 VUs  00m08.7s/12m00.0s

running (00m09.7s), 0008/2000 VUs, 21 complete and 0 interrupted iterations
default   [   1% ] 0008/2000 VUs  00m09.7s/12m00.0s

running (00m10.7s), 0009/2000 VUs, 25 complete and 0 interrupted iterations
default   [   1% ] 0009/2000 VUs  00m10.7s/12m00.0s

running (00m11.7s), 0010/2000 VUs, 29 complete and 0 interrupted iterations
default   [   2% ] 0010/2000 VUs  00m11.7s/12m00.0s

running (00m12.7s), 0011/2000 VUs, 34 complete and 0 interrupted iterations
default   [   2% ] 0011/2000 VUs  00m12.7s/12m00.0s

running (00m13.7s), 0012/2000 VUs, 39 complete and 0 interrupted iterations
default   [   2% ] 0012/2000 VUs  00m13.7s/12m00.0s

running (00m14.7s), 0013/2000 VUs, 41 complete and 0 interrupted iterations
default   [   2% ] 0013/2000 VUs  00m14.7s/12m00.0s

running (00m15.7s), 0013/2000 VUs, 50 complete and 0 interrupted iterations
default   [   2% ] 0013/2000 VUs  00m15.7s/12m00.0s

running (00m16.7s), 0014/2000 VUs, 55 complete and 0 interrupted iterations
default   [   2% ] 0014/2000 VUs  00m16.7s/12m00.0s

running (00m17.7s), 0015/2000 VUs, 64 complete and 0 interrupted iterations
default   [   2% ] 0015/2000 VUs  00m17.7s/12m00.0s

running (00m18.7s), 0016/2000 VUs, 68 complete and 0 interrupted iterations
default   [   3% ] 0016/2000 VUs  00m18.7s/12m00.0s

running (00m19.7s), 0017/2000 VUs, 74 complete and 0 interrupted iterations
default   [   3% ] 0017/2000 VUs  00m19.7s/12m00.0s

running (00m20.7s), 0018/2000 VUs, 84 complete and 0 interrupted iterations
default   [   3% ] 0018/2000 VUs  00m20.7s/12m00.0s

running (00m21.7s), 0018/2000 VUs, 90 complete and 0 interrupted iterations
default   [   3% ] 0018/2000 VUs  00m21.7s/12m00.0s

running (00m22.7s), 0019/2000 VUs, 102 complete and 0 interrupted iterations
default   [   3% ] 0019/2000 VUs  00m22.7s/12m00.0s

running (00m23.7s), 0020/2000 VUs, 111 complete and 0 interrupted iterations
default   [   3% ] 0020/2000 VUs  00m23.7s/12m00.0s

running (00m24.7s), 0021/2000 VUs, 120 complete and 0 interrupted iterations
default   [   3% ] 0021/2000 VUs  00m24.7s/12m00.0s

running (00m25.7s), 0022/2000 VUs, 129 complete and 0 interrupted iterations
default   [   4% ] 0022/2000 VUs  00m25.7s/12m00.0s

running (00m26.7s), 0023/2000 VUs, 141 complete and 0 interrupted iterations
default   [   4% ] 0023/2000 VUs  00m26.7s/12m00.0s

running (00m27.7s), 0023/2000 VUs, 150 complete and 0 interrupted iterations
default   [   4% ] 0023/2000 VUs  00m27.7s/12m00.0s

running (00m28.7s), 0024/2000 VUs, 161 complete and 0 interrupted iterations
default   [   4% ] 0024/2000 VUs  00m28.7s/12m00.0s

running (00m29.7s), 0025/2000 VUs, 174 complete and 0 interrupted iterations
default   [   4% ] 0025/2000 VUs  00m29.7s/12m00.0s

running (00m30.7s), 0026/2000 VUs, 184 complete and 0 interrupted iterations
default   [   4% ] 0026/2000 VUs  00m30.7s/12m00.0s

running (00m31.7s), 0027/2000 VUs, 196 complete and 0 interrupted iterations
default   [   4% ] 0027/2000 VUs  00m31.7s/12m00.0s

running (00m32.7s), 0027/2000 VUs, 208 complete and 0 interrupted iterations
default   [   5% ] 0027/2000 VUs  00m32.7s/12m00.0s

running (00m33.7s), 0028/2000 VUs, 219 complete and 0 interrupted iterations
default   [   5% ] 0028/2000 VUs  00m33.7s/12m00.0s

running (00m34.7s), 0029/2000 VUs, 236 complete and 0 interrupted iterations
default   [   5% ] 0029/2000 VUs  00m34.7s/12m00.0s

running (00m35.7s), 0030/2000 VUs, 244 complete and 0 interrupted iterations
default   [   5% ] 0030/2000 VUs  00m35.7s/12m00.0s

running (00m36.7s), 0031/2000 VUs, 264 complete and 0 interrupted iterations
default   [   5% ] 0031/2000 VUs  00m36.7s/12m00.0s

running (00m37.7s), 0032/2000 VUs, 279 complete and 0 interrupted iterations
default   [   5% ] 0032/2000 VUs  00m37.7s/12m00.0s

running (00m38.7s), 0032/2000 VUs, 293 complete and 0 interrupted iterations
default   [   5% ] 0032/2000 VUs  00m38.7s/12m00.0s

running (00m39.7s), 0033/2000 VUs, 310 complete and 0 interrupted iterations
default   [   6% ] 0033/2000 VUs  00m39.7s/12m00.0s

running (00m40.7s), 0034/2000 VUs, 323 complete and 0 interrupted iterations
default   [   6% ] 0034/2000 VUs  00m40.7s/12m00.0s

running (00m41.7s), 0035/2000 VUs, 344 complete and 0 interrupted iterations
default   [   6% ] 0035/2000 VUs  00m41.7s/12m00.0s

running (00m42.7s), 0036/2000 VUs, 357 complete and 0 interrupted iterations
default   [   6% ] 0036/2000 VUs  00m42.7s/12m00.0s

running (00m43.7s), 0037/2000 VUs, 376 complete and 0 interrupted iterations
default   [   6% ] 0037/2000 VUs  00m43.7s/12m00.0s

running (00m44.7s), 0037/2000 VUs, 391 complete and 0 interrupted iterations
default   [   6% ] 0037/2000 VUs  00m44.7s/12m00.0s

running (00m45.7s), 0038/2000 VUs, 412 complete and 0 interrupted iterations
default   [   6% ] 0038/2000 VUs  00m45.7s/12m00.0s

running (00m46.7s), 0039/2000 VUs, 427 complete and 0 interrupted iterations
default   [   6% ] 0039/2000 VUs  00m46.7s/12m00.0s

running (00m47.7s), 0040/2000 VUs, 442 complete and 0 interrupted iterations
default   [   7% ] 0040/2000 VUs  00m47.7s/12m00.0s

running (00m48.7s), 0041/2000 VUs, 465 complete and 0 interrupted iterations
default   [   7% ] 0041/2000 VUs  00m48.7s/12m00.0s

running (00m49.7s), 0042/2000 VUs, 483 complete and 0 interrupted iterations
default   [   7% ] 0042/2000 VUs  00m49.7s/12m00.0s

running (00m50.7s), 0042/2000 VUs, 502 complete and 0 interrupted iterations
default   [   7% ] 0042/2000 VUs  00m50.7s/12m00.0s

running (00m51.7s), 0043/2000 VUs, 522 complete and 0 interrupted iterations
default   [   7% ] 0043/2000 VUs  00m51.7s/12m00.0s

running (00m52.7s), 0044/2000 VUs, 544 complete and 0 interrupted iterations
default   [   7% ] 0044/2000 VUs  00m52.7s/12m00.0s

running (00m53.7s), 0045/2000 VUs, 568 complete and 0 interrupted iterations
default   [   7% ] 0045/2000 VUs  00m53.7s/12m00.0s

running (00m54.7s), 0046/2000 VUs, 587 complete and 0 interrupted iterations
default   [   8% ] 0046/2000 VUs  00m54.7s/12m00.0s

running (00m55.7s), 0046/2000 VUs, 607 complete and 0 interrupted iterations
default   [   8% ] 0046/2000 VUs  00m55.7s/12m00.0s

running (00m56.7s), 0047/2000 VUs, 631 complete and 0 interrupted iterations
default   [   8% ] 0047/2000 VUs  00m56.7s/12m00.0s

running (00m57.7s), 0048/2000 VUs, 656 complete and 0 interrupted iterations
default   [   8% ] 0048/2000 VUs  00m57.7s/12m00.0s

running (00m58.7s), 0049/2000 VUs, 682 complete and 0 interrupted iterations
default   [   8% ] 0049/2000 VUs  00m58.7s/12m00.0s

running (00m59.7s), 0050/2000 VUs, 705 complete and 0 interrupted iterations
default   [   8% ] 0050/2000 VUs  00m59.7s/12m00.0s

running (01m00.7s), 0051/2000 VUs, 734 complete and 0 interrupted iterations
default   [   8% ] 0051/2000 VUs  01m00.7s/12m00.0s

running (01m01.7s), 0051/2000 VUs, 761 complete and 0 interrupted iterations
default   [   9% ] 0051/2000 VUs  01m01.7s/12m00.0s

running (01m02.7s), 0052/2000 VUs, 780 complete and 0 interrupted iterations
default   [   9% ] 0052/2000 VUs  01m02.7s/12m00.0s

running (01m03.7s), 0053/2000 VUs, 810 complete and 0 interrupted iterations
default   [   9% ] 0053/2000 VUs  01m03.7s/12m00.0s

running (01m04.7s), 0054/2000 VUs, 831 complete and 0 interrupted iterations
default   [   9% ] 0054/2000 VUs  01m04.7s/12m00.0s

running (01m05.7s), 0055/2000 VUs, 857 complete and 0 interrupted iterations
default   [   9% ] 0055/2000 VUs  01m05.7s/12m00.0s

running (01m06.7s), 0056/2000 VUs, 882 complete and 0 interrupted iterations
default   [   9% ] 0056/2000 VUs  01m06.7s/12m00.0s

running (01m07.7s), 0056/2000 VUs, 909 complete and 0 interrupted iterations
default   [   9% ] 0056/2000 VUs  01m07.7s/12m00.0s

running (01m08.7s), 0057/2000 VUs, 936 complete and 0 interrupted iterations
default   [  10% ] 0057/2000 VUs  01m08.7s/12m00.0s

running (01m09.7s), 0058/2000 VUs, 964 complete and 0 interrupted iterations
default   [  10% ] 0058/2000 VUs  01m09.7s/12m00.0s

running (01m10.7s), 0059/2000 VUs, 990 complete and 0 interrupted iterations
default   [  10% ] 0059/2000 VUs  01m10.7s/12m00.0s

running (01m11.7s), 0060/2000 VUs, 1019 complete and 0 interrupted iterations
default   [  10% ] 0060/2000 VUs  01m11.7s/12m00.0s

running (01m12.7s), 0060/2000 VUs, 1048 complete and 0 interrupted iterations
default   [  10% ] 0060/2000 VUs  01m12.7s/12m00.0s

running (01m13.7s), 0061/2000 VUs, 1079 complete and 0 interrupted iterations
default   [  10% ] 0061/2000 VUs  01m13.7s/12m00.0s

running (01m14.7s), 0062/2000 VUs, 1107 complete and 0 interrupted iterations
default   [  10% ] 0062/2000 VUs  01m14.7s/12m00.0s

running (01m15.7s), 0063/2000 VUs, 1136 complete and 0 interrupted iterations
default   [  11% ] 0063/2000 VUs  01m15.7s/12m00.0s

running (01m16.7s), 0064/2000 VUs, 1164 complete and 0 interrupted iterations
default   [  11% ] 0064/2000 VUs  01m16.7s/12m00.0s

running (01m17.7s), 0065/2000 VUs, 1199 complete and 0 interrupted iterations
default   [  11% ] 0065/2000 VUs  01m17.7s/12m00.0s

running (01m18.7s), 0065/2000 VUs, 1222 complete and 0 interrupted iterations
default   [  11% ] 0065/2000 VUs  01m18.7s/12m00.0s

running (01m19.7s), 0066/2000 VUs, 1257 complete and 0 interrupted iterations
default   [  11% ] 0066/2000 VUs  01m19.7s/12m00.0s

running (01m20.7s), 0067/2000 VUs, 1290 complete and 0 interrupted iterations
default   [  11% ] 0067/2000 VUs  01m20.7s/12m00.0s

running (01m21.7s), 0068/2000 VUs, 1319 complete and 0 interrupted iterations
default   [  11% ] 0068/2000 VUs  01m21.7s/12m00.0s

running (01m22.7s), 0069/2000 VUs, 1361 complete and 0 interrupted iterations
default   [  11% ] 0069/2000 VUs  01m22.7s/12m00.0s

running (01m23.7s), 0070/2000 VUs, 1386 complete and 0 interrupted iterations
default   [  12% ] 0070/2000 VUs  01m23.7s/12m00.0s

running (01m24.7s), 0070/2000 VUs, 1424 complete and 0 interrupted iterations
default   [  12% ] 0070/2000 VUs  01m24.7s/12m00.0s

running (01m25.7s), 0071/2000 VUs, 1458 complete and 0 interrupted iterations
default   [  12% ] 0071/2000 VUs  01m25.7s/12m00.0s

running (01m26.7s), 0072/2000 VUs, 1494 complete and 0 interrupted iterations
default   [  12% ] 0072/2000 VUs  01m26.7s/12m00.0s

running (01m27.7s), 0073/2000 VUs, 1534 complete and 0 interrupted iterations
default   [  12% ] 0073/2000 VUs  01m27.7s/12m00.0s

running (01m28.7s), 0074/2000 VUs, 1565 complete and 0 interrupted iterations
default   [  12% ] 0074/2000 VUs  01m28.7s/12m00.0s

running (01m29.7s), 0075/2000 VUs, 1608 complete and 0 interrupted iterations
default   [  12% ] 0075/2000 VUs  01m29.7s/12m00.0s

running (01m30.7s), 0075/2000 VUs, 1638 complete and 0 interrupted iterations
default   [  13% ] 0075/2000 VUs  01m30.7s/12m00.0s

running (01m31.7s), 0076/2000 VUs, 1669 complete and 0 interrupted iterations
default   [  13% ] 0076/2000 VUs  01m31.7s/12m00.0s

running (01m32.7s), 0077/2000 VUs, 1713 complete and 0 interrupted iterations
default   [  13% ] 0077/2000 VUs  01m32.7s/12m00.0s

running (01m33.7s), 0078/2000 VUs, 1745 complete and 0 interrupted iterations
default   [  13% ] 0078/2000 VUs  01m33.7s/12m00.0s

running (01m34.7s), 0079/2000 VUs, 1778 complete and 0 interrupted iterations
default   [  13% ] 0079/2000 VUs  01m34.7s/12m00.0s

running (01m35.7s), 0079/2000 VUs, 1814 complete and 0 interrupted iterations
default   [  13% ] 0079/2000 VUs  01m35.7s/12m00.0s

running (01m36.7s), 0080/2000 VUs, 1849 complete and 0 interrupted iterations
default   [  13% ] 0080/2000 VUs  01m36.7s/12m00.0s

running (01m37.7s), 0081/2000 VUs, 1895 complete and 0 interrupted iterations
default   [  14% ] 0081/2000 VUs  01m37.7s/12m00.0s

running (01m38.7s), 0082/2000 VUs, 1930 complete and 0 interrupted iterations
default   [  14% ] 0082/2000 VUs  01m38.7s/12m00.0s

running (01m39.7s), 0083/2000 VUs, 1972 complete and 0 interrupted iterations
default   [  14% ] 0083/2000 VUs  01m39.7s/12m00.0s

running (01m40.7s), 0084/2000 VUs, 2011 complete and 0 interrupted iterations
default   [  14% ] 0084/2000 VUs  01m40.7s/12m00.0s

running (01m41.7s), 0084/2000 VUs, 2060 complete and 0 interrupted iterations
default   [  14% ] 0084/2000 VUs  01m41.7s/12m00.0s

running (01m42.7s), 0085/2000 VUs, 2091 complete and 0 interrupted iterations
default   [  14% ] 0085/2000 VUs  01m42.7s/12m00.0s

running (01m43.7s), 0086/2000 VUs, 2134 complete and 0 interrupted iterations
default   [  14% ] 0086/2000 VUs  01m43.7s/12m00.0s

running (01m44.7s), 0087/2000 VUs, 2175 complete and 0 interrupted iterations
default   [  15% ] 0087/2000 VUs  01m44.7s/12m00.0s

running (01m45.7s), 0088/2000 VUs, 2214 complete and 0 interrupted iterations
default   [  15% ] 0088/2000 VUs  01m45.7s/12m00.0s

running (01m46.7s), 0089/2000 VUs, 2267 complete and 0 interrupted iterations
default   [  15% ] 0089/2000 VUs  01m46.7s/12m00.0s

running (01m47.7s), 0089/2000 VUs, 2301 complete and 0 interrupted iterations
default   [  15% ] 0089/2000 VUs  01m47.7s/12m00.0s

running (01m48.7s), 0090/2000 VUs, 2346 complete and 0 interrupted iterations
default   [  15% ] 0090/2000 VUs  01m48.7s/12m00.0s

running (01m49.7s), 0091/2000 VUs, 2388 complete and 0 interrupted iterations
default   [  15% ] 0091/2000 VUs  01m49.7s/12m00.0s

running (01m50.7s), 0092/2000 VUs, 2438 complete and 0 interrupted iterations
default   [  15% ] 0092/2000 VUs  01m50.7s/12m00.0s

running (01m51.7s), 0093/2000 VUs, 2481 complete and 0 interrupted iterations
default   [  16% ] 0093/2000 VUs  01m51.7s/12m00.0s

running (01m52.7s), 0093/2000 VUs, 2526 complete and 0 interrupted iterations
default   [  16% ] 0093/2000 VUs  01m52.7s/12m00.0s

running (01m53.7s), 0094/2000 VUs, 2577 complete and 0 interrupted iterations
default   [  16% ] 0094/2000 VUs  01m53.7s/12m00.0s

running (01m54.7s), 0095/2000 VUs, 2623 complete and 0 interrupted iterations
default   [  16% ] 0095/2000 VUs  01m54.7s/12m00.0s

running (01m55.7s), 0096/2000 VUs, 2662 complete and 0 interrupted iterations
default   [  16% ] 0096/2000 VUs  01m55.7s/12m00.0s

running (01m56.7s), 0097/2000 VUs, 2715 complete and 0 interrupted iterations
default   [  16% ] 0097/2000 VUs  01m56.7s/12m00.0s

running (01m57.7s), 0098/2000 VUs, 2761 complete and 0 interrupted iterations
default   [  16% ] 0098/2000 VUs  01m57.7s/12m00.0s

running (01m58.7s), 0098/2000 VUs, 2799 complete and 0 interrupted iterations
default   [  16% ] 0098/2000 VUs  01m58.7s/12m00.0s

running (01m59.7s), 0099/2000 VUs, 2850 complete and 0 interrupted iterations
default   [  17% ] 0099/2000 VUs  01m59.7s/12m00.0s

running (02m00.7s), 0100/2000 VUs, 2894 complete and 0 interrupted iterations
default   [  17% ] 0100/2000 VUs  02m00.7s/12m00.0s

running (02m01.7s), 0101/2000 VUs, 2940 complete and 0 interrupted iterations
default   [  17% ] 0101/2000 VUs  02m01.7s/12m00.0s

running (02m02.7s), 0102/2000 VUs, 2985 complete and 0 interrupted iterations
default   [  17% ] 0102/2000 VUs  02m02.7s/12m00.0s

running (02m03.7s), 0103/2000 VUs, 3036 complete and 0 interrupted iterations
default   [  17% ] 0103/2000 VUs  02m03.7s/12m00.0s

running (02m04.7s), 0103/2000 VUs, 3088 complete and 0 interrupted iterations
default   [  17% ] 0103/2000 VUs  02m04.7s/12m00.0s

running (02m05.7s), 0104/2000 VUs, 3136 complete and 0 interrupted iterations
default   [  17% ] 0104/2000 VUs  02m05.7s/12m00.0s

running (02m06.7s), 0105/2000 VUs, 3182 complete and 0 interrupted iterations
default   [  18% ] 0105/2000 VUs  02m06.7s/12m00.0s

running (02m07.7s), 0106/2000 VUs, 3242 complete and 0 interrupted iterations
default   [  18% ] 0106/2000 VUs  02m07.7s/12m00.0s

running (02m08.7s), 0107/2000 VUs, 3286 complete and 0 interrupted iterations
default   [  18% ] 0107/2000 VUs  02m08.7s/12m00.0s

running (02m09.7s), 0108/2000 VUs, 3343 complete and 0 interrupted iterations
default   [  18% ] 0108/2000 VUs  02m09.7s/12m00.0s

running (02m10.7s), 0108/2000 VUs, 3392 complete and 0 interrupted iterations
default   [  18% ] 0108/2000 VUs  02m10.7s/12m00.0s

running (02m11.7s), 0109/2000 VUs, 3438 complete and 0 interrupted iterations
default   [  18% ] 0109/2000 VUs  02m11.7s/12m00.0s

running (02m12.7s), 0110/2000 VUs, 3488 complete and 0 interrupted iterations
default   [  18% ] 0110/2000 VUs  02m12.7s/12m00.0s

running (02m13.7s), 0111/2000 VUs, 3539 complete and 0 interrupted iterations
default   [  19% ] 0111/2000 VUs  02m13.7s/12m00.0s

running (02m14.7s), 0112/2000 VUs, 3590 complete and 0 interrupted iterations
default   [  19% ] 0112/2000 VUs  02m14.7s/12m00.0s

running (02m15.7s), 0113/2000 VUs, 3650 complete and 0 interrupted iterations
default   [  19% ] 0113/2000 VUs  02m15.7s/12m00.0s

running (02m16.7s), 0113/2000 VUs, 3696 complete and 0 interrupted iterations
default   [  19% ] 0113/2000 VUs  02m16.7s/12m00.0s

running (02m17.7s), 0114/2000 VUs, 3752 complete and 0 interrupted iterations
default   [  19% ] 0114/2000 VUs  02m17.7s/12m00.0s

running (02m18.7s), 0115/2000 VUs, 3808 complete and 0 interrupted iterations
default   [  19% ] 0115/2000 VUs  02m18.7s/12m00.0s

running (02m19.7s), 0116/2000 VUs, 3857 complete and 0 interrupted iterations
default   [  19% ] 0116/2000 VUs  02m19.7s/12m00.0s

running (02m20.7s), 0117/2000 VUs, 3916 complete and 0 interrupted iterations
default   [  20% ] 0117/2000 VUs  02m20.7s/12m00.0s

running (02m21.7s), 0118/2000 VUs, 3968 complete and 0 interrupted iterations
default   [  20% ] 0118/2000 VUs  02m21.7s/12m00.0s

running (02m22.7s), 0118/2000 VUs, 4022 complete and 0 interrupted iterations
default   [  20% ] 0118/2000 VUs  02m22.7s/12m00.0s

running (02m23.7s), 0119/2000 VUs, 4078 complete and 0 interrupted iterations
default   [  20% ] 0119/2000 VUs  02m23.7s/12m00.0s

running (02m24.7s), 0120/2000 VUs, 4129 complete and 0 interrupted iterations
default   [  20% ] 0120/2000 VUs  02m24.7s/12m00.0s

running (02m25.7s), 0121/2000 VUs, 4185 complete and 0 interrupted iterations
default   [  20% ] 0121/2000 VUs  02m25.7s/12m00.0s

running (02m26.7s), 0122/2000 VUs, 4234 complete and 0 interrupted iterations
default   [  20% ] 0122/2000 VUs  02m26.7s/12m00.0s

running (02m27.7s), 0123/2000 VUs, 4296 complete and 0 interrupted iterations
default   [  21% ] 0123/2000 VUs  02m27.7s/12m00.0s

running (02m28.7s), 0123/2000 VUs, 4345 complete and 0 interrupted iterations
default   [  21% ] 0123/2000 VUs  02m28.7s/12m00.0s

running (02m29.7s), 0124/2000 VUs, 4399 complete and 0 interrupted iterations
default   [  21% ] 0124/2000 VUs  02m29.7s/12m00.0s

running (02m30.7s), 0125/2000 VUs, 4440 complete and 0 interrupted iterations
default   [  21% ] 0125/2000 VUs  02m30.7s/12m00.0s

running (02m31.7s), 0126/2000 VUs, 4495 complete and 0 interrupted iterations
default   [  21% ] 0126/2000 VUs  02m31.7s/12m00.0s

running (02m32.7s), 0127/2000 VUs, 4546 complete and 0 interrupted iterations
default   [  21% ] 0127/2000 VUs  02m32.7s/12m00.0s

running (02m33.7s), 0128/2000 VUs, 4600 complete and 0 interrupted iterations
default   [  21% ] 0128/2000 VUs  02m33.7s/12m00.0s

running (02m34.7s), 0128/2000 VUs, 4643 complete and 0 interrupted iterations
default   [  21% ] 0128/2000 VUs  02m34.7s/12m00.0s

running (02m35.7s), 0129/2000 VUs, 4698 complete and 0 interrupted iterations
default   [  22% ] 0129/2000 VUs  02m35.7s/12m00.0s

running (02m36.7s), 0130/2000 VUs, 4744 complete and 0 interrupted iterations
default   [  22% ] 0130/2000 VUs  02m36.7s/12m00.0s

running (02m37.7s), 0131/2000 VUs, 4797 complete and 0 interrupted iterations
default   [  22% ] 0131/2000 VUs  02m37.7s/12m00.0s

running (02m38.7s), 0132/2000 VUs, 4840 complete and 0 interrupted iterations
default   [  22% ] 0132/2000 VUs  02m38.7s/12m00.0s

running (02m39.7s), 0133/2000 VUs, 4888 complete and 0 interrupted iterations
default   [  22% ] 0133/2000 VUs  02m39.7s/12m00.0s

running (02m40.7s), 0133/2000 VUs, 4936 complete and 0 interrupted iterations
default   [  22% ] 0133/2000 VUs  02m40.7s/12m00.0s

running (02m41.7s), 0134/2000 VUs, 4986 complete and 0 interrupted iterations
default   [  22% ] 0134/2000 VUs  02m41.7s/12m00.0s

running (02m42.7s), 0135/2000 VUs, 5025 complete and 0 interrupted iterations
default   [  23% ] 0135/2000 VUs  02m42.7s/12m00.0s

running (02m43.7s), 0136/2000 VUs, 5074 complete and 0 interrupted iterations
default   [  23% ] 0136/2000 VUs  02m43.7s/12m00.0s

running (02m44.7s), 0137/2000 VUs, 5114 complete and 0 interrupted iterations
default   [  23% ] 0137/2000 VUs  02m44.7s/12m00.0s

running (02m45.7s), 0138/2000 VUs, 5165 complete and 0 interrupted iterations
default   [  23% ] 0138/2000 VUs  02m45.7s/12m00.0s

running (02m46.7s), 0138/2000 VUs, 5216 complete and 0 interrupted iterations
default   [  23% ] 0138/2000 VUs  02m46.7s/12m00.0s

running (02m47.7s), 0139/2000 VUs, 5266 complete and 0 interrupted iterations
default   [  23% ] 0139/2000 VUs  02m47.7s/12m00.0s

running (02m48.7s), 0140/2000 VUs, 5306 complete and 0 interrupted iterations
default   [  23% ] 0140/2000 VUs  02m48.7s/12m00.0s

running (02m49.7s), 0141/2000 VUs, 5354 complete and 0 interrupted iterations
default   [  24% ] 0141/2000 VUs  02m49.7s/12m00.0s

running (02m50.7s), 0142/2000 VUs, 5393 complete and 0 interrupted iterations
default   [  24% ] 0142/2000 VUs  02m50.7s/12m00.0s

running (02m51.7s), 0143/2000 VUs, 5441 complete and 0 interrupted iterations
default   [  24% ] 0143/2000 VUs  02m51.7s/12m00.0s

running (02m52.7s), 0143/2000 VUs, 5483 complete and 0 interrupted iterations
default   [  24% ] 0143/2000 VUs  02m52.7s/12m00.0s

running (02m53.7s), 0144/2000 VUs, 5518 complete and 0 interrupted iterations
default   [  24% ] 0144/2000 VUs  02m53.7s/12m00.0s

running (02m54.7s), 0145/2000 VUs, 5565 complete and 0 interrupted iterations
default   [  24% ] 0145/2000 VUs  02m54.7s/12m00.0s

running (02m55.7s), 0146/2000 VUs, 5613 complete and 0 interrupted iterations
default   [  24% ] 0146/2000 VUs  02m55.7s/12m00.0s

running (02m56.7s), 0147/2000 VUs, 5656 complete and 0 interrupted iterations
default   [  25% ] 0147/2000 VUs  02m56.7s/12m00.0s

running (02m57.7s), 0148/2000 VUs, 5689 complete and 0 interrupted iterations
default   [  25% ] 0148/2000 VUs  02m57.7s/12m00.0s

running (02m58.7s), 0148/2000 VUs, 5732 complete and 0 interrupted iterations
default   [  25% ] 0148/2000 VUs  02m58.7s/12m00.0s

running (02m59.7s), 0149/2000 VUs, 5771 complete and 0 interrupted iterations
default   [  25% ] 0149/2000 VUs  02m59.7s/12m00.0s

running (03m00.7s), 0150/2000 VUs, 5812 complete and 0 interrupted iterations
default   [  25% ] 0150/2000 VUs  03m00.7s/12m00.0s

running (03m01.7s), 0151/2000 VUs, 5851 complete and 0 interrupted iterations
default   [  25% ] 0151/2000 VUs  03m01.7s/12m00.0s

running (03m02.7s), 0152/2000 VUs, 5898 complete and 0 interrupted iterations
default   [  25% ] 0152/2000 VUs  03m02.7s/12m00.0s

running (03m03.7s), 0153/2000 VUs, 5942 complete and 0 interrupted iterations
default   [  26% ] 0153/2000 VUs  03m03.7s/12m00.0s

running (03m04.7s), 0153/2000 VUs, 5975 complete and 0 interrupted iterations
default   [  26% ] 0153/2000 VUs  03m04.7s/12m00.0s

running (03m05.7s), 0154/2000 VUs, 6021 complete and 0 interrupted iterations
default   [  26% ] 0154/2000 VUs  03m05.7s/12m00.0s

running (03m06.7s), 0155/2000 VUs, 6059 complete and 0 interrupted iterations
default   [  26% ] 0155/2000 VUs  03m06.7s/12m00.0s

running (03m07.7s), 0156/2000 VUs, 6099 complete and 0 interrupted iterations
default   [  26% ] 0156/2000 VUs  03m07.7s/12m00.0s

running (03m08.7s), 0157/2000 VUs, 6129 complete and 0 interrupted iterations
default   [  26% ] 0157/2000 VUs  03m08.7s/12m00.0s

running (03m09.7s), 0158/2000 VUs, 6172 complete and 0 interrupted iterations
default   [  26% ] 0158/2000 VUs  03m09.7s/12m00.0s

running (03m10.7s), 0158/2000 VUs, 6222 complete and 0 interrupted iterations
default   [  26% ] 0158/2000 VUs  03m10.7s/12m00.0s

running (03m11.7s), 0159/2000 VUs, 6260 complete and 0 interrupted iterations
default   [  27% ] 0159/2000 VUs  03m11.7s/12m00.0s

running (03m12.7s), 0160/2000 VUs, 6297 complete and 0 interrupted iterations
default   [  27% ] 0160/2000 VUs  03m12.7s/12m00.0s

running (03m13.7s), 0161/2000 VUs, 6339 complete and 0 interrupted iterations
default   [  27% ] 0161/2000 VUs  03m13.7s/12m00.0s

running (03m14.7s), 0162/2000 VUs, 6376 complete and 0 interrupted iterations
default   [  27% ] 0162/2000 VUs  03m14.7s/12m00.0s

running (03m15.7s), 0163/2000 VUs, 6410 complete and 0 interrupted iterations
default   [  27% ] 0163/2000 VUs  03m15.7s/12m00.0s

running (03m16.7s), 0163/2000 VUs, 6455 complete and 0 interrupted iterations
default   [  27% ] 0163/2000 VUs  03m16.7s/12m00.0s

running (03m17.7s), 0164/2000 VUs, 6486 complete and 0 interrupted iterations
default   [  27% ] 0164/2000 VUs  03m17.7s/12m00.0s

running (03m18.7s), 0165/2000 VUs, 6524 complete and 0 interrupted iterations
default   [  28% ] 0165/2000 VUs  03m18.7s/12m00.0s

running (03m19.7s), 0166/2000 VUs, 6565 complete and 0 interrupted iterations
default   [  28% ] 0166/2000 VUs  03m19.7s/12m00.0s

running (03m20.7s), 0167/2000 VUs, 6596 complete and 0 interrupted iterations
default   [  28% ] 0167/2000 VUs  03m20.7s/12m00.0s

running (03m21.7s), 0168/2000 VUs, 6633 complete and 0 interrupted iterations
default   [  28% ] 0168/2000 VUs  03m21.7s/12m00.0s

running (03m22.7s), 0168/2000 VUs, 6664 complete and 0 interrupted iterations
default   [  28% ] 0168/2000 VUs  03m22.7s/12m00.0s

running (03m23.7s), 0169/2000 VUs, 6710 complete and 0 interrupted iterations
default   [  28% ] 0169/2000 VUs  03m23.7s/12m00.0s

running (03m24.7s), 0170/2000 VUs, 6755 complete and 0 interrupted iterations
default   [  28% ] 0170/2000 VUs  03m24.7s/12m00.0s

running (03m25.7s), 0171/2000 VUs, 6790 complete and 0 interrupted iterations
default   [  29% ] 0171/2000 VUs  03m25.7s/12m00.0s

running (03m26.7s), 0172/2000 VUs, 6821 complete and 0 interrupted iterations
default   [  29% ] 0172/2000 VUs  03m26.7s/12m00.0s

running (03m27.7s), 0173/2000 VUs, 6856 complete and 0 interrupted iterations
default   [  29% ] 0173/2000 VUs  03m27.7s/12m00.0s

running (03m28.7s), 0173/2000 VUs, 6894 complete and 0 interrupted iterations
default   [  29% ] 0173/2000 VUs  03m28.7s/12m00.0s

running (03m29.7s), 0174/2000 VUs, 6930 complete and 0 interrupted iterations
default   [  29% ] 0174/2000 VUs  03m29.7s/12m00.0s

running (03m30.7s), 0175/2000 VUs, 6967 complete and 0 interrupted iterations
default   [  29% ] 0175/2000 VUs  03m30.7s/12m00.0s

running (03m31.7s), 0176/2000 VUs, 6997 complete and 0 interrupted iterations
default   [  29% ] 0176/2000 VUs  03m31.7s/12m00.0s

running (03m32.7s), 0177/2000 VUs, 7035 complete and 0 interrupted iterations
default   [  30% ] 0177/2000 VUs  03m32.7s/12m00.0s

running (03m33.7s), 0178/2000 VUs, 7076 complete and 0 interrupted iterations
default   [  30% ] 0178/2000 VUs  03m33.7s/12m00.0s

running (03m34.7s), 0178/2000 VUs, 7105 complete and 0 interrupted iterations
default   [  30% ] 0178/2000 VUs  03m34.7s/12m00.0s

running (03m35.7s), 0179/2000 VUs, 7150 complete and 0 interrupted iterations
default   [  30% ] 0179/2000 VUs  03m35.7s/12m00.0s

running (03m36.7s), 0180/2000 VUs, 7182 complete and 0 interrupted iterations
default   [  30% ] 0180/2000 VUs  03m36.7s/12m00.0s

running (03m37.7s), 0181/2000 VUs, 7214 complete and 0 interrupted iterations
default   [  30% ] 0181/2000 VUs  03m37.7s/12m00.0s

running (03m38.7s), 0182/2000 VUs, 7247 complete and 0 interrupted iterations
default   [  30% ] 0182/2000 VUs  03m38.7s/12m00.0s

running (03m39.7s), 0183/2000 VUs, 7292 complete and 0 interrupted iterations
default   [  31% ] 0183/2000 VUs  03m39.7s/12m00.0s

running (03m40.7s), 0183/2000 VUs, 7328 complete and 0 interrupted iterations
default   [  31% ] 0183/2000 VUs  03m40.7s/12m00.0s

running (03m41.7s), 0184/2000 VUs, 7356 complete and 0 interrupted iterations
default   [  31% ] 0184/2000 VUs  03m41.7s/12m00.0s

running (03m42.7s), 0185/2000 VUs, 7394 complete and 0 interrupted iterations
default   [  31% ] 0185/2000 VUs  03m42.7s/12m00.0s

running (03m43.7s), 0186/2000 VUs, 7421 complete and 0 interrupted iterations
default   [  31% ] 0186/2000 VUs  03m43.7s/12m00.0s

running (03m44.7s), 0187/2000 VUs, 7454 complete and 0 interrupted iterations
default   [  31% ] 0187/2000 VUs  03m44.7s/12m00.0s

running (03m45.7s), 0188/2000 VUs, 7502 complete and 0 interrupted iterations
default   [  31% ] 0188/2000 VUs  03m45.7s/12m00.0s

running (03m46.7s), 0188/2000 VUs, 7533 complete and 0 interrupted iterations
default   [  31% ] 0188/2000 VUs  03m46.7s/12m00.0s

running (03m47.7s), 0189/2000 VUs, 7563 complete and 0 interrupted iterations
default   [  32% ] 0189/2000 VUs  03m47.7s/12m00.0s

running (03m48.7s), 0190/2000 VUs, 7596 complete and 0 interrupted iterations
default   [  32% ] 0190/2000 VUs  03m48.7s/12m00.0s

running (03m49.7s), 0191/2000 VUs, 7625 complete and 0 interrupted iterations
default   [  32% ] 0191/2000 VUs  03m49.7s/12m00.0s

running (03m50.7s), 0192/2000 VUs, 7666 complete and 0 interrupted iterations
default   [  32% ] 0192/2000 VUs  03m50.7s/12m00.0s

running (03m51.7s), 0193/2000 VUs, 7704 complete and 0 interrupted iterations
default   [  32% ] 0193/2000 VUs  03m51.7s/12m00.0s

running (03m52.7s), 0193/2000 VUs, 7738 complete and 0 interrupted iterations
default   [  32% ] 0193/2000 VUs  03m52.7s/12m00.0s

running (03m53.7s), 0194/2000 VUs, 7767 complete and 0 interrupted iterations
default   [  32% ] 0194/2000 VUs  03m53.7s/12m00.0s

running (03m54.7s), 0195/2000 VUs, 7800 complete and 0 interrupted iterations
default   [  33% ] 0195/2000 VUs  03m54.7s/12m00.0s

running (03m55.7s), 0196/2000 VUs, 7831 complete and 0 interrupted iterations
default   [  33% ] 0196/2000 VUs  03m55.7s/12m00.0s

running (03m56.7s), 0197/2000 VUs, 7869 complete and 0 interrupted iterations
default   [  33% ] 0197/2000 VUs  03m56.7s/12m00.0s

running (03m57.7s), 0198/2000 VUs, 7900 complete and 0 interrupted iterations
default   [  33% ] 0198/2000 VUs  03m57.7s/12m00.0s

running (03m58.7s), 0198/2000 VUs, 7939 complete and 0 interrupted iterations
default   [  33% ] 0198/2000 VUs  03m58.7s/12m00.0s

running (03m59.7s), 0199/2000 VUs, 7970 complete and 0 interrupted iterations
default   [  33% ] 0199/2000 VUs  03m59.7s/12m00.0s

running (04m00.7s), 0201/2000 VUs, 8001 complete and 0 interrupted iterations
default   [  33% ] 0201/2000 VUs  04m00.7s/12m00.0s

running (04m01.7s), 0202/2000 VUs, 8034 complete and 0 interrupted iterations
default   [  34% ] 0202/2000 VUs  04m01.7s/12m00.0s

running (04m02.7s), 0204/2000 VUs, 8073 complete and 0 interrupted iterations
default   [  34% ] 0204/2000 VUs  04m02.7s/12m00.0s

running (04m03.7s), 0206/2000 VUs, 8099 complete and 0 interrupted iterations
default   [  34% ] 0206/2000 VUs  04m03.7s/12m00.0s

running (04m04.7s), 0207/2000 VUs, 8132 complete and 0 interrupted iterations
default   [  34% ] 0207/2000 VUs  04m04.7s/12m00.0s

running (04m05.7s), 0209/2000 VUs, 8171 complete and 0 interrupted iterations
default   [  34% ] 0209/2000 VUs  04m05.7s/12m00.0s

running (04m06.7s), 0211/2000 VUs, 8201 complete and 0 interrupted iterations
default   [  34% ] 0211/2000 VUs  04m06.7s/12m00.0s

running (04m07.7s), 0212/2000 VUs, 8232 complete and 0 interrupted iterations
default   [  34% ] 0212/2000 VUs  04m07.7s/12m00.0s

running (04m08.7s), 0214/2000 VUs, 8271 complete and 0 interrupted iterations
default   [  35% ] 0214/2000 VUs  04m08.7s/12m00.0s

running (04m09.7s), 0216/2000 VUs, 8293 complete and 0 interrupted iterations
default   [  35% ] 0216/2000 VUs  04m09.7s/12m00.0s

running (04m10.7s), 0217/2000 VUs, 8330 complete and 0 interrupted iterations
default   [  35% ] 0217/2000 VUs  04m10.7s/12m00.0s

running (04m11.7s), 0219/2000 VUs, 8358 complete and 0 interrupted iterations
default   [  35% ] 0219/2000 VUs  04m11.7s/12m00.0s

running (04m12.7s), 0221/2000 VUs, 8385 complete and 0 interrupted iterations
default   [  35% ] 0221/2000 VUs  04m12.7s/12m00.0s

running (04m13.7s), 0222/2000 VUs, 8422 complete and 0 interrupted iterations
default   [  35% ] 0222/2000 VUs  04m13.7s/12m00.0s

running (04m14.7s), 0224/2000 VUs, 8448 complete and 0 interrupted iterations
default   [  35% ] 0224/2000 VUs  04m14.7s/12m00.0s

running (04m15.7s), 0226/2000 VUs, 8486 complete and 0 interrupted iterations
default   [  36% ] 0226/2000 VUs  04m15.7s/12m00.0s

running (04m16.7s), 0227/2000 VUs, 8523 complete and 0 interrupted iterations
default   [  36% ] 0227/2000 VUs  04m16.7s/12m00.0s

running (04m17.7s), 0229/2000 VUs, 8554 complete and 0 interrupted iterations
default   [  36% ] 0229/2000 VUs  04m17.7s/12m00.0s

running (04m18.7s), 0231/2000 VUs, 8577 complete and 0 interrupted iterations
default   [  36% ] 0231/2000 VUs  04m18.7s/12m00.0s

running (04m19.7s), 0232/2000 VUs, 8609 complete and 0 interrupted iterations
default   [  36% ] 0232/2000 VUs  04m19.7s/12m00.0s

running (04m20.7s), 0234/2000 VUs, 8641 complete and 0 interrupted iterations
default   [  36% ] 0234/2000 VUs  04m20.7s/12m00.0s

running (04m21.7s), 0236/2000 VUs, 8664 complete and 0 interrupted iterations
default   [  36% ] 0236/2000 VUs  04m21.7s/12m00.0s

running (04m22.7s), 0237/2000 VUs, 8695 complete and 0 interrupted iterations
default   [  36% ] 0237/2000 VUs  04m22.7s/12m00.0s

running (04m23.7s), 0239/2000 VUs, 8727 complete and 0 interrupted iterations
default   [  37% ] 0239/2000 VUs  04m23.7s/12m00.0s

running (04m24.7s), 0241/2000 VUs, 8759 complete and 0 interrupted iterations
default   [  37% ] 0241/2000 VUs  04m24.7s/12m00.0s

running (04m25.7s), 0242/2000 VUs, 8790 complete and 0 interrupted iterations
default   [  37% ] 0242/2000 VUs  04m25.7s/12m00.0s

running (04m26.7s), 0244/2000 VUs, 8822 complete and 0 interrupted iterations
default   [  37% ] 0244/2000 VUs  04m26.7s/12m00.0s

running (04m27.7s), 0246/2000 VUs, 8852 complete and 0 interrupted iterations
default   [  37% ] 0246/2000 VUs  04m27.7s/12m00.0s

running (04m28.7s), 0247/2000 VUs, 8875 complete and 0 interrupted iterations
default   [  37% ] 0247/2000 VUs  04m28.7s/12m00.0s

running (04m29.7s), 0249/2000 VUs, 8903 complete and 0 interrupted iterations
default   [  37% ] 0249/2000 VUs  04m29.7s/12m00.0s

running (04m30.7s), 0251/2000 VUs, 8939 complete and 0 interrupted iterations
default   [  38% ] 0251/2000 VUs  04m30.7s/12m00.0s

running (04m31.7s), 0252/2000 VUs, 8966 complete and 0 interrupted iterations
default   [  38% ] 0252/2000 VUs  04m31.7s/12m00.0s

running (04m32.7s), 0254/2000 VUs, 9003 complete and 0 interrupted iterations
default   [  38% ] 0254/2000 VUs  04m32.7s/12m00.0s

running (04m33.7s), 0256/2000 VUs, 9030 complete and 0 interrupted iterations
default   [  38% ] 0256/2000 VUs  04m33.7s/12m00.0s

running (04m34.7s), 0257/2000 VUs, 9052 complete and 0 interrupted iterations
default   [  38% ] 0257/2000 VUs  04m34.7s/12m00.0s

running (04m35.7s), 0259/2000 VUs, 9082 complete and 0 interrupted iterations
default   [  38% ] 0259/2000 VUs  04m35.7s/12m00.0s

running (04m36.7s), 0261/2000 VUs, 9115 complete and 0 interrupted iterations
default   [  38% ] 0261/2000 VUs  04m36.7s/12m00.0s

running (04m37.7s), 0262/2000 VUs, 9140 complete and 0 interrupted iterations
default   [  39% ] 0262/2000 VUs  04m37.7s/12m00.0s

running (04m38.7s), 0264/2000 VUs, 9170 complete and 0 interrupted iterations
default   [  39% ] 0264/2000 VUs  04m38.7s/12m00.0s

running (04m39.7s), 0266/2000 VUs, 9200 complete and 0 interrupted iterations
default   [  39% ] 0266/2000 VUs  04m39.7s/12m00.0s

running (04m40.7s), 0267/2000 VUs, 9234 complete and 0 interrupted iterations
default   [  39% ] 0267/2000 VUs  04m40.7s/12m00.0s

running (04m41.7s), 0269/2000 VUs, 9262 complete and 0 interrupted iterations
default   [  39% ] 0269/2000 VUs  04m41.7s/12m00.0s

running (04m42.7s), 0271/2000 VUs, 9287 complete and 0 interrupted iterations
default   [  39% ] 0271/2000 VUs  04m42.7s/12m00.0s

running (04m43.7s), 0272/2000 VUs, 9313 complete and 0 interrupted iterations
default   [  39% ] 0272/2000 VUs  04m43.7s/12m00.0s

running (04m44.7s), 0274/2000 VUs, 9345 complete and 0 interrupted iterations
default   [  40% ] 0274/2000 VUs  04m44.7s/12m00.0s

running (04m45.7s), 0276/2000 VUs, 9366 complete and 0 interrupted iterations
default   [  40% ] 0276/2000 VUs  04m45.7s/12m00.0s

running (04m46.7s), 0277/2000 VUs, 9395 complete and 0 interrupted iterations
default   [  40% ] 0277/2000 VUs  04m46.7s/12m00.0s

running (04m47.7s), 0279/2000 VUs, 9422 complete and 0 interrupted iterations
default   [  40% ] 0279/2000 VUs  04m47.7s/12m00.0s

running (04m48.7s), 0281/2000 VUs, 9454 complete and 0 interrupted iterations
default   [  40% ] 0281/2000 VUs  04m48.7s/12m00.0s

running (04m49.7s), 0282/2000 VUs, 9480 complete and 0 interrupted iterations
default   [  40% ] 0282/2000 VUs  04m49.7s/12m00.0s

running (04m50.7s), 0284/2000 VUs, 9508 complete and 0 interrupted iterations
default   [  40% ] 0284/2000 VUs  04m50.7s/12m00.0s

running (04m51.7s), 0286/2000 VUs, 9541 complete and 0 interrupted iterations
default   [  41% ] 0286/2000 VUs  04m51.7s/12m00.0s

running (04m52.7s), 0287/2000 VUs, 9560 complete and 0 interrupted iterations
default   [  41% ] 0287/2000 VUs  04m52.7s/12m00.0s

running (04m53.7s), 0289/2000 VUs, 9592 complete and 0 interrupted iterations
default   [  41% ] 0289/2000 VUs  04m53.7s/12m00.0s

running (04m54.7s), 0291/2000 VUs, 9616 complete and 0 interrupted iterations
default   [  41% ] 0291/2000 VUs  04m54.7s/12m00.0s

running (04m55.7s), 0292/2000 VUs, 9647 complete and 0 interrupted iterations
default   [  41% ] 0292/2000 VUs  04m55.7s/12m00.0s

running (04m56.7s), 0294/2000 VUs, 9670 complete and 0 interrupted iterations
default   [  41% ] 0294/2000 VUs  04m56.7s/12m00.0s

running (04m57.7s), 0296/2000 VUs, 9694 complete and 0 interrupted iterations
default   [  41% ] 0296/2000 VUs  04m57.7s/12m00.0s

running (04m58.7s), 0297/2000 VUs, 9721 complete and 0 interrupted iterations
default   [  41% ] 0297/2000 VUs  04m58.7s/12m00.0s

running (04m59.7s), 0299/2000 VUs, 9755 complete and 0 interrupted iterations
default   [  42% ] 0299/2000 VUs  04m59.7s/12m00.0s

running (05m00.7s), 0301/2000 VUs, 9779 complete and 0 interrupted iterations
default   [  42% ] 0301/2000 VUs  05m00.7s/12m00.0s

running (05m01.7s), 0302/2000 VUs, 9803 complete and 0 interrupted iterations
default   [  42% ] 0302/2000 VUs  05m01.7s/12m00.0s

running (05m02.7s), 0304/2000 VUs, 9836 complete and 0 interrupted iterations
default   [  42% ] 0304/2000 VUs  05m02.7s/12m00.0s

running (05m03.7s), 0306/2000 VUs, 9857 complete and 0 interrupted iterations
default   [  42% ] 0306/2000 VUs  05m03.7s/12m00.0s

running (05m04.7s), 0307/2000 VUs, 9887 complete and 0 interrupted iterations
default   [  42% ] 0307/2000 VUs  05m04.7s/12m00.0s

running (05m05.7s), 0309/2000 VUs, 9913 complete and 0 interrupted iterations
default   [  42% ] 0309/2000 VUs  05m05.7s/12m00.0s

running (05m06.7s), 0311/2000 VUs, 9940 complete and 0 interrupted iterations
default   [  43% ] 0311/2000 VUs  05m06.7s/12m00.0s

running (05m07.7s), 0312/2000 VUs, 9961 complete and 0 interrupted iterations
default   [  43% ] 0312/2000 VUs  05m07.7s/12m00.0s

running (05m08.7s), 0314/2000 VUs, 9997 complete and 0 interrupted iterations
default   [  43% ] 0314/2000 VUs  05m08.7s/12m00.0s

running (05m09.7s), 0316/2000 VUs, 10012 complete and 0 interrupted iterations
default   [  43% ] 0316/2000 VUs  05m09.7s/12m00.0s

running (05m10.7s), 0317/2000 VUs, 10044 complete and 0 interrupted iterations
default   [  43% ] 0317/2000 VUs  05m10.7s/12m00.0s

running (05m11.7s), 0319/2000 VUs, 10075 complete and 0 interrupted iterations
default   [  43% ] 0319/2000 VUs  05m11.7s/12m00.0s

running (05m12.7s), 0321/2000 VUs, 10104 complete and 0 interrupted iterations
default   [  43% ] 0321/2000 VUs  05m12.7s/12m00.0s

running (05m13.7s), 0322/2000 VUs, 10131 complete and 0 interrupted iterations
default   [  44% ] 0322/2000 VUs  05m13.7s/12m00.0s

running (05m14.7s), 0324/2000 VUs, 10159 complete and 0 interrupted iterations
default   [  44% ] 0324/2000 VUs  05m14.7s/12m00.0s

running (05m15.7s), 0326/2000 VUs, 10184 complete and 0 interrupted iterations
default   [  44% ] 0326/2000 VUs  05m15.7s/12m00.0s

running (05m16.7s), 0327/2000 VUs, 10209 complete and 0 interrupted iterations
default   [  44% ] 0327/2000 VUs  05m16.7s/12m00.0s

running (05m17.7s), 0329/2000 VUs, 10240 complete and 0 interrupted iterations
default   [  44% ] 0329/2000 VUs  05m17.7s/12m00.0s

running (05m18.7s), 0331/2000 VUs, 10261 complete and 0 interrupted iterations
default   [  44% ] 0331/2000 VUs  05m18.7s/12m00.0s

running (05m19.7s), 0332/2000 VUs, 10289 complete and 0 interrupted iterations
default   [  44% ] 0332/2000 VUs  05m19.7s/12m00.0s

running (05m20.7s), 0334/2000 VUs, 10314 complete and 0 interrupted iterations
default   [  45% ] 0334/2000 VUs  05m20.7s/12m00.0s

running (05m21.7s), 0336/2000 VUs, 10339 complete and 0 interrupted iterations
default   [  45% ] 0336/2000 VUs  05m21.7s/12m00.0s

running (05m22.7s), 0337/2000 VUs, 10368 complete and 0 interrupted iterations
default   [  45% ] 0337/2000 VUs  05m22.7s/12m00.0s

running (05m23.7s), 0339/2000 VUs, 10396 complete and 0 interrupted iterations
default   [  45% ] 0339/2000 VUs  05m23.7s/12m00.0s

running (05m24.7s), 0341/2000 VUs, 10424 complete and 0 interrupted iterations
default   [  45% ] 0341/2000 VUs  05m24.7s/12m00.0s

running (05m25.7s), 0342/2000 VUs, 10456 complete and 0 interrupted iterations
default   [  45% ] 0342/2000 VUs  05m25.7s/12m00.0s

running (05m26.7s), 0344/2000 VUs, 10480 complete and 0 interrupted iterations
default   [  45% ] 0344/2000 VUs  05m26.7s/12m00.0s

running (05m27.7s), 0346/2000 VUs, 10501 complete and 0 interrupted iterations
default   [  46% ] 0346/2000 VUs  05m27.7s/12m00.0s

running (05m28.7s), 0347/2000 VUs, 10535 complete and 0 interrupted iterations
default   [  46% ] 0347/2000 VUs  05m28.7s/12m00.0s

running (05m29.7s), 0349/2000 VUs, 10560 complete and 0 interrupted iterations
default   [  46% ] 0349/2000 VUs  05m29.7s/12m00.0s

running (05m30.7s), 0351/2000 VUs, 10583 complete and 0 interrupted iterations
default   [  46% ] 0351/2000 VUs  05m30.7s/12m00.0s

running (05m31.7s), 0352/2000 VUs, 10610 complete and 0 interrupted iterations
default   [  46% ] 0352/2000 VUs  05m31.7s/12m00.0s

running (05m32.7s), 0354/2000 VUs, 10635 complete and 0 interrupted iterations
default   [  46% ] 0354/2000 VUs  05m32.7s/12m00.0s

running (05m33.7s), 0356/2000 VUs, 10657 complete and 0 interrupted iterations
default   [  46% ] 0356/2000 VUs  05m33.7s/12m00.0s

running (05m34.7s), 0357/2000 VUs, 10688 complete and 0 interrupted iterations
default   [  46% ] 0357/2000 VUs  05m34.7s/12m00.0s

running (05m35.7s), 0359/2000 VUs, 10717 complete and 0 interrupted iterations
default   [  47% ] 0359/2000 VUs  05m35.7s/12m00.0s

running (05m36.7s), 0361/2000 VUs, 10740 complete and 0 interrupted iterations
default   [  47% ] 0361/2000 VUs  05m36.7s/12m00.0s

running (05m37.7s), 0362/2000 VUs, 10771 complete and 0 interrupted iterations
default   [  47% ] 0362/2000 VUs  05m37.7s/12m00.0s

running (05m38.7s), 0364/2000 VUs, 10801 complete and 0 interrupted iterations
default   [  47% ] 0364/2000 VUs  05m38.7s/12m00.0s

running (05m39.7s), 0366/2000 VUs, 10819 complete and 0 interrupted iterations
default   [  47% ] 0366/2000 VUs  05m39.7s/12m00.0s

running (05m40.7s), 0367/2000 VUs, 10844 complete and 0 interrupted iterations
default   [  47% ] 0367/2000 VUs  05m40.7s/12m00.0s

running (05m41.7s), 0369/2000 VUs, 10868 complete and 0 interrupted iterations
default   [  47% ] 0369/2000 VUs  05m41.7s/12m00.0s

running (05m42.7s), 0371/2000 VUs, 10898 complete and 0 interrupted iterations
default   [  48% ] 0371/2000 VUs  05m42.7s/12m00.0s

running (05m43.7s), 0372/2000 VUs, 10918 complete and 0 interrupted iterations
default   [  48% ] 0372/2000 VUs  05m43.7s/12m00.0s

running (05m44.7s), 0374/2000 VUs, 10941 complete and 0 interrupted iterations
default   [  48% ] 0374/2000 VUs  05m44.7s/12m00.0s

running (05m45.7s), 0376/2000 VUs, 10967 complete and 0 interrupted iterations
default   [  48% ] 0376/2000 VUs  05m45.7s/12m00.0s

running (05m46.7s), 0377/2000 VUs, 10991 complete and 0 interrupted iterations
default   [  48% ] 0377/2000 VUs  05m46.7s/12m00.0s

running (05m47.7s), 0379/2000 VUs, 11016 complete and 0 interrupted iterations
default   [  48% ] 0379/2000 VUs  05m47.7s/12m00.0s

running (05m48.7s), 0381/2000 VUs, 11050 complete and 0 interrupted iterations
default   [  48% ] 0381/2000 VUs  05m48.7s/12m00.0s

running (05m49.7s), 0382/2000 VUs, 11071 complete and 0 interrupted iterations
default   [  49% ] 0382/2000 VUs  05m49.7s/12m00.0s

running (05m50.7s), 0384/2000 VUs, 11099 complete and 0 interrupted iterations
default   [  49% ] 0384/2000 VUs  05m50.7s/12m00.0s

running (05m51.7s), 0386/2000 VUs, 11128 complete and 0 interrupted iterations
default   [  49% ] 0386/2000 VUs  05m51.7s/12m00.0s

running (05m52.7s), 0387/2000 VUs, 11151 complete and 0 interrupted iterations
default   [  49% ] 0387/2000 VUs  05m52.7s/12m00.0s

running (05m53.7s), 0389/2000 VUs, 11173 complete and 0 interrupted iterations
default   [  49% ] 0389/2000 VUs  05m53.7s/12m00.0s

running (05m54.7s), 0391/2000 VUs, 11197 complete and 0 interrupted iterations
default   [  49% ] 0391/2000 VUs  05m54.7s/12m00.0s

running (05m55.7s), 0392/2000 VUs, 11223 complete and 0 interrupted iterations
default   [  49% ] 0392/2000 VUs  05m55.7s/12m00.0s

running (05m56.7s), 0394/2000 VUs, 11252 complete and 0 interrupted iterations
default   [  50% ] 0394/2000 VUs  05m56.7s/12m00.0s

running (05m57.7s), 0396/2000 VUs, 11273 complete and 0 interrupted iterations
default   [  50% ] 0396/2000 VUs  05m57.7s/12m00.0s

running (05m58.7s), 0397/2000 VUs, 11298 complete and 0 interrupted iterations
default   [  50% ] 0397/2000 VUs  05m58.7s/12m00.0s

running (05m59.7s), 0399/2000 VUs, 11324 complete and 0 interrupted iterations
default   [  50% ] 0399/2000 VUs  05m59.7s/12m00.0s

running (06m00.7s), 0402/2000 VUs, 11349 complete and 0 interrupted iterations
default   [  50% ] 0402/2000 VUs  06m00.7s/12m00.0s

running (06m01.7s), 0405/2000 VUs, 11373 complete and 0 interrupted iterations
default   [  50% ] 0405/2000 VUs  06m01.7s/12m00.0s

running (06m02.7s), 0408/2000 VUs, 11401 complete and 0 interrupted iterations
default   [  50% ] 0408/2000 VUs  06m02.7s/12m00.0s

running (06m03.7s), 0412/2000 VUs, 11430 complete and 0 interrupted iterations
default   [  51% ] 0412/2000 VUs  06m03.7s/12m00.0s

running (06m04.7s), 0415/2000 VUs, 11451 complete and 0 interrupted iterations
default   [  51% ] 0415/2000 VUs  06m04.7s/12m00.0s

running (06m05.7s), 0418/2000 VUs, 11483 complete and 0 interrupted iterations
default   [  51% ] 0418/2000 VUs  06m05.7s/12m00.0s

running (06m06.7s), 0422/2000 VUs, 11505 complete and 0 interrupted iterations
default   [  51% ] 0422/2000 VUs  06m06.7s/12m00.0s

running (06m07.7s), 0425/2000 VUs, 11532 complete and 0 interrupted iterations
default   [  51% ] 0425/2000 VUs  06m07.7s/12m00.0s

running (06m08.7s), 0428/2000 VUs, 11556 complete and 0 interrupted iterations
default   [  51% ] 0428/2000 VUs  06m08.7s/12m00.0s

running (06m09.7s), 0432/2000 VUs, 11581 complete and 0 interrupted iterations
default   [  51% ] 0432/2000 VUs  06m09.7s/12m00.0s

running (06m10.7s), 0435/2000 VUs, 11608 complete and 0 interrupted iterations
default   [  51% ] 0435/2000 VUs  06m10.7s/12m00.0s

running (06m11.7s), 0438/2000 VUs, 11631 complete and 0 interrupted iterations
default   [  52% ] 0438/2000 VUs  06m11.7s/12m00.0s

running (06m12.7s), 0442/2000 VUs, 11654 complete and 0 interrupted iterations
default   [  52% ] 0442/2000 VUs  06m12.7s/12m00.0s

running (06m13.7s), 0445/2000 VUs, 11679 complete and 0 interrupted iterations
default   [  52% ] 0445/2000 VUs  06m13.7s/12m00.0s

running (06m14.7s), 0448/2000 VUs, 11702 complete and 0 interrupted iterations
default   [  52% ] 0448/2000 VUs  06m14.7s/12m00.0s

running (06m15.7s), 0452/2000 VUs, 11731 complete and 0 interrupted iterations
default   [  52% ] 0452/2000 VUs  06m15.7s/12m00.0s

running (06m16.7s), 0455/2000 VUs, 11754 complete and 0 interrupted iterations
default   [  52% ] 0455/2000 VUs  06m16.7s/12m00.0s

running (06m17.7s), 0458/2000 VUs, 11778 complete and 0 interrupted iterations
default   [  52% ] 0458/2000 VUs  06m17.7s/12m00.0s

running (06m18.7s), 0462/2000 VUs, 11808 complete and 0 interrupted iterations
default   [  53% ] 0462/2000 VUs  06m18.7s/12m00.0s

running (06m19.7s), 0465/2000 VUs, 11840 complete and 0 interrupted iterations
default   [  53% ] 0465/2000 VUs  06m19.7s/12m00.0s
