
         /\      Grafana   /‾‾/  
    /\  /  \     |\  __   /  /   
   /  \/    \    | |/ /  /   ‾‾\ 
  /          \   |   (  |  (‾)  |
 / __________ \  |_|\_\  \_____/ 

     execution: local
        script: tests/e2e/e2e.test.js
        output: -

     scenarios: (100.00%) 1 scenario, 100 max VUs, 10m30s max duration (incl. graceful stop):
              * default: Up to 100 looping VUs for 10m0s over 3 stages (gracefulRampDown: 30s, gracefulStop: 30s)


running (00m01.0s), 001/100 VUs, 0 complete and 0 interrupted iterations
default   [   0% ] 001/100 VUs  00m00.9s/10m00.0s

running (00m02.0s), 002/100 VUs, 0 complete and 0 interrupted iterations
default   [   0% ] 002/100 VUs  00m01.9s/10m00.0s

running (00m03.0s), 003/100 VUs, 0 complete and 0 interrupted iterations
default   [   0% ] 003/100 VUs  00m02.9s/10m00.0s

running (00m04.0s), 004/100 VUs, 0 complete and 0 interrupted iterations
default   [   1% ] 004/100 VUs  00m03.9s/10m00.0s

running (00m05.0s), 005/100 VUs, 0 complete and 0 interrupted iterations
default   [   1% ] 005/100 VUs  00m04.9s/10m00.0s

running (00m06.0s), 005/100 VUs, 0 complete and 0 interrupted iterations
default   [   1% ] 005/100 VUs  00m05.9s/10m00.0s

running (00m07.0s), 006/100 VUs, 0 complete and 0 interrupted iterations
default   [   1% ] 006/100 VUs  00m06.9s/10m00.0s

running (00m08.0s), 007/100 VUs, 0 complete and 0 interrupted iterations
default   [   1% ] 007/100 VUs  00m07.9s/10m00.0s

running (00m09.0s), 008/100 VUs, 0 complete and 0 interrupted iterations
default   [   1% ] 008/100 VUs  00m08.9s/10m00.0s

running (00m10.0s), 009/100 VUs, 0 complete and 0 interrupted iterations
default   [   2% ] 009/100 VUs  00m09.9s/10m00.0s

running (00m11.0s), 010/100 VUs, 0 complete and 0 interrupted iterations
default   [   2% ] 010/100 VUs  00m10.9s/10m00.0s

running (00m12.0s), 010/100 VUs, 1 complete and 0 interrupted iterations
default   [   2% ] 010/100 VUs  00m11.9s/10m00.0s

running (00m13.0s), 011/100 VUs, 2 complete and 0 interrupted iterations
default   [   2% ] 011/100 VUs  00m12.9s/10m00.0s

running (00m14.0s), 012/100 VUs, 4 complete and 0 interrupted iterations
default   [   2% ] 012/100 VUs  00m13.9s/10m00.0s

running (00m15.0s), 013/100 VUs, 4 complete and 0 interrupted iterations
default   [   2% ] 013/100 VUs  00m14.9s/10m00.0s

running (00m16.0s), 014/100 VUs, 4 complete and 0 interrupted iterations
default   [   3% ] 014/100 VUs  00m15.9s/10m00.0s

running (00m17.0s), 014/100 VUs, 5 complete and 0 interrupted iterations
default   [   3% ] 014/100 VUs  00m16.9s/10m00.0s

running (00m18.0s), 015/100 VUs, 7 complete and 0 interrupted iterations
default   [   3% ] 015/100 VUs  00m17.9s/10m00.0s

running (00m19.0s), 016/100 VUs, 7 complete and 0 interrupted iterations
default   [   3% ] 016/100 VUs  00m18.9s/10m00.0s

running (00m20.0s), 017/100 VUs, 8 complete and 0 interrupted iterations
default   [   3% ] 017/100 VUs  00m19.9s/10m00.0s

running (00m21.0s), 018/100 VUs, 9 complete and 0 interrupted iterations
default   [   3% ] 018/100 VUs  00m20.9s/10m00.0s

running (00m22.0s), 019/100 VUs, 10 complete and 0 interrupted iterations
default   [   4% ] 019/100 VUs  00m21.9s/10m00.0s

running (00m23.0s), 019/100 VUs, 11 complete and 0 interrupted iterations
default   [   4% ] 019/100 VUs  00m22.9s/10m00.0s

running (00m24.0s), 020/100 VUs, 12 complete and 0 interrupted iterations
default   [   4% ] 020/100 VUs  00m23.9s/10m00.0s

running (00m25.0s), 021/100 VUs, 16 complete and 0 interrupted iterations
default   [   4% ] 021/100 VUs  00m24.9s/10m00.0s

running (00m26.0s), 022/100 VUs, 16 complete and 0 interrupted iterations
default   [   4% ] 022/100 VUs  00m25.9s/10m00.0s

running (00m27.0s), 023/100 VUs, 18 complete and 0 interrupted iterations
default   [   4% ] 023/100 VUs  00m26.9s/10m00.0s

running (00m28.0s), 024/100 VUs, 20 complete and 0 interrupted iterations
default   [   5% ] 024/100 VUs  00m27.9s/10m00.0s

running (00m29.0s), 024/100 VUs, 22 complete and 0 interrupted iterations
default   [   5% ] 024/100 VUs  00m28.9s/10m00.0s

running (00m30.0s), 025/100 VUs, 24 complete and 0 interrupted iterations
default   [   5% ] 025/100 VUs  00m29.9s/10m00.0s

running (00m31.0s), 026/100 VUs, 25 complete and 0 interrupted iterations
default   [   5% ] 026/100 VUs  00m30.9s/10m00.0s

running (00m32.0s), 027/100 VUs, 27 complete and 0 interrupted iterations
default   [   5% ] 027/100 VUs  00m31.9s/10m00.0s

running (00m33.0s), 028/100 VUs, 29 complete and 0 interrupted iterations
default   [   5% ] 028/100 VUs  00m32.9s/10m00.0s

running (00m34.0s), 029/100 VUs, 30 complete and 0 interrupted iterations
default   [   6% ] 029/100 VUs  00m33.9s/10m00.0s

running (00m35.0s), 029/100 VUs, 32 complete and 0 interrupted iterations
default   [   6% ] 029/100 VUs  00m34.9s/10m00.0s

running (00m36.0s), 030/100 VUs, 37 complete and 0 interrupted iterations
default   [   6% ] 030/100 VUs  00m35.9s/10m00.0s

running (00m37.0s), 031/100 VUs, 39 complete and 0 interrupted iterations
default   [   6% ] 031/100 VUs  00m36.9s/10m00.0s

running (00m38.0s), 032/100 VUs, 41 complete and 0 interrupted iterations
default   [   6% ] 032/100 VUs  00m37.9s/10m00.0s

running (00m39.0s), 033/100 VUs, 42 complete and 0 interrupted iterations
default   [   6% ] 033/100 VUs  00m38.9s/10m00.0s

running (00m40.0s), 033/100 VUs, 44 complete and 0 interrupted iterations
default   [   7% ] 033/100 VUs  00m39.9s/10m00.0s

running (00m41.0s), 034/100 VUs, 46 complete and 0 interrupted iterations
default   [   7% ] 034/100 VUs  00m40.9s/10m00.0s

running (00m42.0s), 035/100 VUs, 49 complete and 0 interrupted iterations
default   [   7% ] 035/100 VUs  00m41.9s/10m00.0s

running (00m43.0s), 036/100 VUs, 53 complete and 0 interrupted iterations
default   [   7% ] 036/100 VUs  00m42.9s/10m00.0s

running (00m44.0s), 037/100 VUs, 55 complete and 0 interrupted iterations
default   [   7% ] 037/100 VUs  00m43.9s/10m00.0s

running (00m45.0s), 038/100 VUs, 58 complete and 0 interrupted iterations
default   [   7% ] 038/100 VUs  00m44.9s/10m00.0s

running (00m46.0s), 038/100 VUs, 64 complete and 0 interrupted iterations
default   [   8% ] 038/100 VUs  00m45.9s/10m00.0s

running (00m47.0s), 039/100 VUs, 66 complete and 0 interrupted iterations
default   [   8% ] 039/100 VUs  00m46.9s/10m00.0s

running (00m48.0s), 040/100 VUs, 70 complete and 0 interrupted iterations
default   [   8% ] 040/100 VUs  00m47.9s/10m00.0s

running (00m49.0s), 041/100 VUs, 73 complete and 0 interrupted iterations
default   [   8% ] 041/100 VUs  00m48.9s/10m00.0s

running (00m50.0s), 042/100 VUs, 75 complete and 0 interrupted iterations
default   [   8% ] 042/100 VUs  00m49.9s/10m00.0s

running (00m51.0s), 043/100 VUs, 77 complete and 0 interrupted iterations
default   [   8% ] 043/100 VUs  00m50.9s/10m00.0s

running (00m52.0s), 043/100 VUs, 81 complete and 0 interrupted iterations
default   [   9% ] 043/100 VUs  00m51.9s/10m00.0s

running (00m53.0s), 044/100 VUs, 85 complete and 0 interrupted iterations
default   [   9% ] 044/100 VUs  00m52.9s/10m00.0s

running (00m54.0s), 045/100 VUs, 88 complete and 0 interrupted iterations
default   [   9% ] 045/100 VUs  00m53.9s/10m00.0s

running (00m55.0s), 046/100 VUs, 91 complete and 0 interrupted iterations
default   [   9% ] 046/100 VUs  00m54.9s/10m00.0s

running (00m56.0s), 047/100 VUs, 98 complete and 0 interrupted iterations
default   [   9% ] 047/100 VUs  00m55.9s/10m00.0s

running (00m57.0s), 047/100 VUs, 103 complete and 0 interrupted iterations
default   [   9% ] 047/100 VUs  00m56.9s/10m00.0s

running (00m58.0s), 048/100 VUs, 105 complete and 0 interrupted iterations
default   [  10% ] 048/100 VUs  00m57.9s/10m00.0s

running (00m59.0s), 049/100 VUs, 106 complete and 0 interrupted iterations
default   [  10% ] 049/100 VUs  00m58.9s/10m00.0s

running (01m00.0s), 050/100 VUs, 113 complete and 0 interrupted iterations
default   [  10% ] 050/100 VUs  00m59.9s/10m00.0s

running (01m01.0s), 051/100 VUs, 118 complete and 0 interrupted iterations
default   [  10% ] 051/100 VUs  01m00.9s/10m00.0s

running (01m02.0s), 052/100 VUs, 123 complete and 0 interrupted iterations
default   [  10% ] 052/100 VUs  01m01.9s/10m00.0s

running (01m03.0s), 052/100 VUs, 124 complete and 0 interrupted iterations
default   [  10% ] 052/100 VUs  01m02.9s/10m00.0s

running (01m04.0s), 053/100 VUs, 126 complete and 0 interrupted iterations
default   [  11% ] 053/100 VUs  01m03.9s/10m00.0s

running (01m05.0s), 054/100 VUs, 130 complete and 0 interrupted iterations
default   [  11% ] 054/100 VUs  01m04.9s/10m00.0s

running (01m06.0s), 055/100 VUs, 139 complete and 0 interrupted iterations
default   [  11% ] 055/100 VUs  01m05.9s/10m00.0s

running (01m07.0s), 056/100 VUs, 144 complete and 0 interrupted iterations
default   [  11% ] 056/100 VUs  01m06.9s/10m00.0s

running (01m08.0s), 057/100 VUs, 148 complete and 0 interrupted iterations
default   [  11% ] 057/100 VUs  01m07.9s/10m00.0s

running (01m09.0s), 057/100 VUs, 153 complete and 0 interrupted iterations
default   [  11% ] 057/100 VUs  01m08.9s/10m00.0s

running (01m10.0s), 058/100 VUs, 156 complete and 0 interrupted iterations
default   [  12% ] 058/100 VUs  01m09.9s/10m00.0s

running (01m11.0s), 059/100 VUs, 163 complete and 0 interrupted iterations
default   [  12% ] 059/100 VUs  01m10.9s/10m00.0s

running (01m12.0s), 060/100 VUs, 168 complete and 0 interrupted iterations
default   [  12% ] 060/100 VUs  01m11.9s/10m00.0s

running (01m13.0s), 061/100 VUs, 172 complete and 0 interrupted iterations
default   [  12% ] 061/100 VUs  01m12.9s/10m00.0s

running (01m14.0s), 062/100 VUs, 176 complete and 0 interrupted iterations
default   [  12% ] 062/100 VUs  01m13.9s/10m00.0s

running (01m15.0s), 062/100 VUs, 178 complete and 0 interrupted iterations
default   [  12% ] 062/100 VUs  01m14.9s/10m00.0s

running (01m16.0s), 063/100 VUs, 188 complete and 0 interrupted iterations
default   [  13% ] 063/100 VUs  01m15.9s/10m00.0s

running (01m17.0s), 064/100 VUs, 193 complete and 0 interrupted iterations
default   [  13% ] 064/100 VUs  01m16.9s/10m00.0s

running (01m18.0s), 065/100 VUs, 201 complete and 0 interrupted iterations
default   [  13% ] 065/100 VUs  01m17.9s/10m00.0s

running (01m19.0s), 066/100 VUs, 205 complete and 0 interrupted iterations
default   [  13% ] 066/100 VUs  01m18.9s/10m00.0s

running (01m20.0s), 066/100 VUs, 212 complete and 0 interrupted iterations
default   [  13% ] 066/100 VUs  01m19.9s/10m00.0s

running (01m21.0s), 067/100 VUs, 218 complete and 0 interrupted iterations
default   [  13% ] 067/100 VUs  01m20.9s/10m00.0s

running (01m22.0s), 068/100 VUs, 224 complete and 0 interrupted iterations
default   [  14% ] 068/100 VUs  01m21.9s/10m00.0s

running (01m23.0s), 069/100 VUs, 229 complete and 0 interrupted iterations
default   [  14% ] 069/100 VUs  01m22.9s/10m00.0s

running (01m24.0s), 070/100 VUs, 234 complete and 0 interrupted iterations
default   [  14% ] 070/100 VUs  01m23.9s/10m00.0s

running (01m25.0s), 071/100 VUs, 239 complete and 0 interrupted iterations
default   [  14% ] 071/100 VUs  01m24.9s/10m00.0s

running (01m26.0s), 071/100 VUs, 243 complete and 0 interrupted iterations
default   [  14% ] 071/100 VUs  01m25.9s/10m00.0s

running (01m27.0s), 072/100 VUs, 248 complete and 0 interrupted iterations
default   [  14% ] 072/100 VUs  01m26.9s/10m00.0s

running (01m28.0s), 073/100 VUs, 254 complete and 0 interrupted iterations
default   [  15% ] 073/100 VUs  01m27.9s/10m00.0s

running (01m29.0s), 074/100 VUs, 262 complete and 0 interrupted iterations
default   [  15% ] 074/100 VUs  01m28.9s/10m00.0s

running (01m30.0s), 075/100 VUs, 273 complete and 0 interrupted iterations
default   [  15% ] 075/100 VUs  01m29.9s/10m00.0s

running (01m31.0s), 076/100 VUs, 278 complete and 0 interrupted iterations
default   [  15% ] 076/100 VUs  01m30.9s/10m00.0s

running (01m32.0s), 076/100 VUs, 282 complete and 0 interrupted iterations
default   [  15% ] 076/100 VUs  01m31.9s/10m00.0s

running (01m33.0s), 077/100 VUs, 291 complete and 0 interrupted iterations
default   [  15% ] 077/100 VUs  01m32.9s/10m00.0s

running (01m34.0s), 078/100 VUs, 296 complete and 0 interrupted iterations
default   [  16% ] 078/100 VUs  01m33.9s/10m00.0s

running (01m35.0s), 079/100 VUs, 303 complete and 0 interrupted iterations
default   [  16% ] 079/100 VUs  01m34.9s/10m00.0s

running (01m36.0s), 080/100 VUs, 308 complete and 0 interrupted iterations
default   [  16% ] 080/100 VUs  01m35.9s/10m00.0s

running (01m37.0s), 080/100 VUs, 313 complete and 0 interrupted iterations
default   [  16% ] 080/100 VUs  01m36.9s/10m00.0s

running (01m38.0s), 081/100 VUs, 318 complete and 0 interrupted iterations
default   [  16% ] 081/100 VUs  01m37.9s/10m00.0s

running (01m39.0s), 082/100 VUs, 325 complete and 0 interrupted iterations
default   [  16% ] 082/100 VUs  01m38.9s/10m00.0s

running (01m40.0s), 083/100 VUs, 335 complete and 0 interrupted iterations
default   [  17% ] 083/100 VUs  01m39.9s/10m00.0s

running (01m41.0s), 084/100 VUs, 339 complete and 0 interrupted iterations
default   [  17% ] 084/100 VUs  01m40.9s/10m00.0s

running (01m42.0s), 085/100 VUs, 350 complete and 0 interrupted iterations
default   [  17% ] 085/100 VUs  01m41.9s/10m00.0s

running (01m43.0s), 085/100 VUs, 358 complete and 0 interrupted iterations
default   [  17% ] 085/100 VUs  01m42.9s/10m00.0s

running (01m44.0s), 086/100 VUs, 367 complete and 0 interrupted iterations
default   [  17% ] 086/100 VUs  01m43.9s/10m00.0s

running (01m45.0s), 087/100 VUs, 372 complete and 0 interrupted iterations
default   [  17% ] 087/100 VUs  01m44.9s/10m00.0s

running (01m46.0s), 088/100 VUs, 384 complete and 0 interrupted iterations
default   [  18% ] 088/100 VUs  01m45.9s/10m00.0s

running (01m47.0s), 089/100 VUs, 390 complete and 0 interrupted iterations
default   [  18% ] 089/100 VUs  01m46.9s/10m00.0s

running (01m48.0s), 090/100 VUs, 393 complete and 0 interrupted iterations
default   [  18% ] 090/100 VUs  01m47.9s/10m00.0s

running (01m49.0s), 090/100 VUs, 399 complete and 0 interrupted iterations
default   [  18% ] 090/100 VUs  01m48.9s/10m00.0s

running (01m50.0s), 091/100 VUs, 406 complete and 0 interrupted iterations
default   [  18% ] 091/100 VUs  01m49.9s/10m00.0s

running (01m51.0s), 092/100 VUs, 419 complete and 0 interrupted iterations
default   [  18% ] 092/100 VUs  01m50.9s/10m00.0s

running (01m52.0s), 093/100 VUs, 426 complete and 0 interrupted iterations
default   [  19% ] 093/100 VUs  01m51.9s/10m00.0s

running (01m53.0s), 094/100 VUs, 432 complete and 0 interrupted iterations
default   [  19% ] 094/100 VUs  01m52.9s/10m00.0s

running (01m54.0s), 095/100 VUs, 439 complete and 0 interrupted iterations
default   [  19% ] 095/100 VUs  01m53.9s/10m00.0s

running (01m55.0s), 095/100 VUs, 452 complete and 0 interrupted iterations
default   [  19% ] 095/100 VUs  01m54.9s/10m00.0s

running (01m56.0s), 096/100 VUs, 464 complete and 0 interrupted iterations
default   [  19% ] 096/100 VUs  01m55.9s/10m00.0s

running (01m57.0s), 097/100 VUs, 469 complete and 0 interrupted iterations
default   [  19% ] 097/100 VUs  01m56.9s/10m00.0s

running (01m58.0s), 098/100 VUs, 480 complete and 0 interrupted iterations
default   [  20% ] 098/100 VUs  01m57.9s/10m00.0s

running (01m59.0s), 099/100 VUs, 486 complete and 0 interrupted iterations
default   [  20% ] 099/100 VUs  01m58.9s/10m00.0s

running (02m00.0s), 099/100 VUs, 492 complete and 0 interrupted iterations
default   [  20% ] 099/100 VUs  01m59.9s/10m00.0s

running (02m01.0s), 100/100 VUs, 496 complete and 0 interrupted iterations
default   [  20% ] 100/100 VUs  02m00.9s/10m00.0s

running (02m02.0s), 100/100 VUs, 503 complete and 0 interrupted iterations
default   [  20% ] 100/100 VUs  02m01.9s/10m00.0s

running (02m03.0s), 100/100 VUs, 515 complete and 0 interrupted iterations
default   [  20% ] 100/100 VUs  02m02.9s/10m00.0s

running (02m04.0s), 100/100 VUs, 525 complete and 0 interrupted iterations
default   [  21% ] 100/100 VUs  02m03.9s/10m00.0s

running (02m05.0s), 100/100 VUs, 537 complete and 0 interrupted iterations
default   [  21% ] 100/100 VUs  02m04.9s/10m00.0s

running (02m06.0s), 100/100 VUs, 548 complete and 0 interrupted iterations
default   [  21% ] 100/100 VUs  02m05.9s/10m00.0s

running (02m07.0s), 100/100 VUs, 555 complete and 0 interrupted iterations
default   [  21% ] 100/100 VUs  02m06.9s/10m00.0s

running (02m08.0s), 100/100 VUs, 564 complete and 0 interrupted iterations
default   [  21% ] 100/100 VUs  02m07.9s/10m00.0s

running (02m09.0s), 100/100 VUs, 576 complete and 0 interrupted iterations
default   [  21% ] 100/100 VUs  02m08.9s/10m00.0s

running (02m10.0s), 100/100 VUs, 583 complete and 0 interrupted iterations
default   [  22% ] 100/100 VUs  02m09.9s/10m00.0s

running (02m11.0s), 100/100 VUs, 589 complete and 0 interrupted iterations
default   [  22% ] 100/100 VUs  02m10.9s/10m00.0s

running (02m12.0s), 100/100 VUs, 596 complete and 0 interrupted iterations
default   [  22% ] 100/100 VUs  02m11.9s/10m00.0s

running (02m13.0s), 100/100 VUs, 604 complete and 0 interrupted iterations
default   [  22% ] 100/100 VUs  02m12.9s/10m00.0s

running (02m14.0s), 100/100 VUs, 616 complete and 0 interrupted iterations
default   [  22% ] 100/100 VUs  02m13.9s/10m00.0s

running (02m15.0s), 100/100 VUs, 624 complete and 0 interrupted iterations
default   [  22% ] 100/100 VUs  02m14.9s/10m00.0s

running (02m16.0s), 100/100 VUs, 635 complete and 0 interrupted iterations
default   [  23% ] 100/100 VUs  02m15.9s/10m00.0s

running (02m17.0s), 100/100 VUs, 645 complete and 0 interrupted iterations
default   [  23% ] 100/100 VUs  02m16.9s/10m00.0s

running (02m18.0s), 100/100 VUs, 657 complete and 0 interrupted iterations
default   [  23% ] 100/100 VUs  02m17.9s/10m00.0s

running (02m19.0s), 100/100 VUs, 666 complete and 0 interrupted iterations
default   [  23% ] 100/100 VUs  02m18.9s/10m00.0s

running (02m20.0s), 100/100 VUs, 674 complete and 0 interrupted iterations
default   [  23% ] 100/100 VUs  02m19.9s/10m00.0s

running (02m21.0s), 100/100 VUs, 680 complete and 0 interrupted iterations
default   [  23% ] 100/100 VUs  02m20.9s/10m00.0s

running (02m22.0s), 100/100 VUs, 685 complete and 0 interrupted iterations
default   [  24% ] 100/100 VUs  02m21.9s/10m00.0s

running (02m23.0s), 100/100 VUs, 696 complete and 0 interrupted iterations
default   [  24% ] 100/100 VUs  02m22.9s/10m00.0s

running (02m24.0s), 100/100 VUs, 708 complete and 0 interrupted iterations
default   [  24% ] 100/100 VUs  02m23.9s/10m00.0s

running (02m25.0s), 100/100 VUs, 717 complete and 0 interrupted iterations
default   [  24% ] 100/100 VUs  02m24.9s/10m00.0s

running (02m26.0s), 100/100 VUs, 729 complete and 0 interrupted iterations
default   [  24% ] 100/100 VUs  02m25.9s/10m00.0s

running (02m27.0s), 100/100 VUs, 736 complete and 0 interrupted iterations
default   [  24% ] 100/100 VUs  02m26.9s/10m00.0s

running (02m28.0s), 100/100 VUs, 747 complete and 0 interrupted iterations
default   [  25% ] 100/100 VUs  02m27.9s/10m00.0s

running (02m29.0s), 100/100 VUs, 757 complete and 0 interrupted iterations
default   [  25% ] 100/100 VUs  02m28.9s/10m00.0s

running (02m30.0s), 100/100 VUs, 764 complete and 0 interrupted iterations
default   [  25% ] 100/100 VUs  02m29.9s/10m00.0s

running (02m31.0s), 100/100 VUs, 772 complete and 0 interrupted iterations
default   [  25% ] 100/100 VUs  02m30.9s/10m00.0s

running (02m32.0s), 100/100 VUs, 780 complete and 0 interrupted iterations
default   [  25% ] 100/100 VUs  02m31.9s/10m00.0s

running (02m33.0s), 100/100 VUs, 788 complete and 0 interrupted iterations
default   [  25% ] 100/100 VUs  02m32.9s/10m00.0s

running (02m34.0s), 100/100 VUs, 797 complete and 0 interrupted iterations
default   [  26% ] 100/100 VUs  02m33.9s/10m00.0s

running (02m35.0s), 100/100 VUs, 809 complete and 0 interrupted iterations
default   [  26% ] 100/100 VUs  02m34.9s/10m00.0s

running (02m36.0s), 100/100 VUs, 817 complete and 0 interrupted iterations
default   [  26% ] 100/100 VUs  02m35.9s/10m00.0s

running (02m37.0s), 100/100 VUs, 827 complete and 0 interrupted iterations
default   [  26% ] 100/100 VUs  02m36.9s/10m00.0s

running (02m38.0s), 100/100 VUs, 839 complete and 0 interrupted iterations
default   [  26% ] 100/100 VUs  02m37.9s/10m00.0s

running (02m39.0s), 100/100 VUs, 847 complete and 0 interrupted iterations
default   [  26% ] 100/100 VUs  02m38.9s/10m00.0s

running (02m40.0s), 100/100 VUs, 858 complete and 0 interrupted iterations
default   [  27% ] 100/100 VUs  02m39.9s/10m00.0s

running (02m41.0s), 100/100 VUs, 863 complete and 0 interrupted iterations
default   [  27% ] 100/100 VUs  02m40.9s/10m00.0s

running (02m42.0s), 100/100 VUs, 870 complete and 0 interrupted iterations
default   [  27% ] 100/100 VUs  02m41.9s/10m00.0s

running (02m43.0s), 100/100 VUs, 879 complete and 0 interrupted iterations
default   [  27% ] 100/100 VUs  02m42.9s/10m00.0s

running (02m44.0s), 100/100 VUs, 892 complete and 0 interrupted iterations
default   [  27% ] 100/100 VUs  02m43.9s/10m00.0s

running (02m45.0s), 100/100 VUs, 899 complete and 0 interrupted iterations
default   [  27% ] 100/100 VUs  02m44.9s/10m00.0s

running (02m46.0s), 100/100 VUs, 904 complete and 0 interrupted iterations
default   [  28% ] 100/100 VUs  02m45.9s/10m00.0s

running (02m47.0s), 100/100 VUs, 910 complete and 0 interrupted iterations
default   [  28% ] 100/100 VUs  02m46.9s/10m00.0s

running (02m48.0s), 100/100 VUs, 925 complete and 0 interrupted iterations
default   [  28% ] 100/100 VUs  02m47.9s/10m00.0s

running (02m49.0s), 100/100 VUs, 937 complete and 0 interrupted iterations
default   [  28% ] 100/100 VUs  02m48.9s/10m00.0s

running (02m50.0s), 100/100 VUs, 944 complete and 0 interrupted iterations
default   [  28% ] 100/100 VUs  02m49.9s/10m00.0s

running (02m51.0s), 100/100 VUs, 954 complete and 0 interrupted iterations
default   [  28% ] 100/100 VUs  02m50.9s/10m00.0s

running (02m52.0s), 100/100 VUs, 963 complete and 0 interrupted iterations
default   [  29% ] 100/100 VUs  02m51.9s/10m00.0s

running (02m53.0s), 100/100 VUs, 972 complete and 0 interrupted iterations
default   [  29% ] 100/100 VUs  02m52.9s/10m00.0s

running (02m54.0s), 100/100 VUs, 983 complete and 0 interrupted iterations
default   [  29% ] 100/100 VUs  02m53.9s/10m00.0s

running (02m55.0s), 100/100 VUs, 990 complete and 0 interrupted iterations
default   [  29% ] 100/100 VUs  02m54.9s/10m00.0s

running (02m56.0s), 100/100 VUs, 995 complete and 0 interrupted iterations
default   [  29% ] 100/100 VUs  02m55.9s/10m00.0s

running (02m57.0s), 100/100 VUs, 999 complete and 0 interrupted iterations
default   [  29% ] 100/100 VUs  02m56.9s/10m00.0s

running (02m58.0s), 100/100 VUs, 1014 complete and 0 interrupted iterations
default   [  30% ] 100/100 VUs  02m57.9s/10m00.0s

running (02m59.0s), 100/100 VUs, 1026 complete and 0 interrupted iterations
default   [  30% ] 100/100 VUs  02m58.9s/10m00.0s

running (03m00.0s), 100/100 VUs, 1030 complete and 0 interrupted iterations
default   [  30% ] 100/100 VUs  02m59.9s/10m00.0s

running (03m01.0s), 100/100 VUs, 1044 complete and 0 interrupted iterations
default   [  30% ] 100/100 VUs  03m00.9s/10m00.0s

running (03m02.0s), 100/100 VUs, 1053 complete and 0 interrupted iterations
default   [  30% ] 100/100 VUs  03m01.9s/10m00.0s

running (03m03.0s), 100/100 VUs, 1065 complete and 0 interrupted iterations
default   [  30% ] 100/100 VUs  03m02.9s/10m00.0s

running (03m04.0s), 100/100 VUs, 1074 complete and 0 interrupted iterations
default   [  31% ] 100/100 VUs  03m03.9s/10m00.0s

running (03m05.0s), 100/100 VUs, 1080 complete and 0 interrupted iterations
default   [  31% ] 100/100 VUs  03m04.9s/10m00.0s

running (03m06.0s), 100/100 VUs, 1090 complete and 0 interrupted iterations
default   [  31% ] 100/100 VUs  03m05.9s/10m00.0s

running (03m07.0s), 100/100 VUs, 1095 complete and 0 interrupted iterations
default   [  31% ] 100/100 VUs  03m06.9s/10m00.0s

running (03m08.0s), 100/100 VUs, 1104 complete and 0 interrupted iterations
default   [  31% ] 100/100 VUs  03m07.9s/10m00.0s

running (03m09.0s), 100/100 VUs, 1113 complete and 0 interrupted iterations
default   [  31% ] 100/100 VUs  03m08.9s/10m00.0s

running (03m10.0s), 100/100 VUs, 1122 complete and 0 interrupted iterations
default   [  32% ] 100/100 VUs  03m09.9s/10m00.0s

running (03m11.0s), 100/100 VUs, 1130 complete and 0 interrupted iterations
default   [  32% ] 100/100 VUs  03m10.9s/10m00.0s

running (03m12.0s), 100/100 VUs, 1140 complete and 0 interrupted iterations
default   [  32% ] 100/100 VUs  03m11.9s/10m00.0s

running (03m13.0s), 100/100 VUs, 1151 complete and 0 interrupted iterations
default   [  32% ] 100/100 VUs  03m12.9s/10m00.0s

running (03m14.0s), 100/100 VUs, 1161 complete and 0 interrupted iterations
default   [  32% ] 100/100 VUs  03m13.9s/10m00.0s

running (03m15.0s), 100/100 VUs, 1169 complete and 0 interrupted iterations
default   [  32% ] 100/100 VUs  03m14.9s/10m00.0s

running (03m16.0s), 100/100 VUs, 1183 complete and 0 interrupted iterations
default   [  33% ] 100/100 VUs  03m15.9s/10m00.0s

running (03m17.0s), 100/100 VUs, 1187 complete and 0 interrupted iterations
default   [  33% ] 100/100 VUs  03m16.9s/10m00.0s

running (03m18.0s), 100/100 VUs, 1199 complete and 0 interrupted iterations
default   [  33% ] 100/100 VUs  03m17.9s/10m00.0s

running (03m19.0s), 100/100 VUs, 1205 complete and 0 interrupted iterations
default   [  33% ] 100/100 VUs  03m18.9s/10m00.0s

running (03m20.0s), 100/100 VUs, 1212 complete and 0 interrupted iterations
default   [  33% ] 100/100 VUs  03m19.9s/10m00.0s

running (03m21.0s), 100/100 VUs, 1221 complete and 0 interrupted iterations
default   [  33% ] 100/100 VUs  03m20.9s/10m00.0s

running (03m22.0s), 100/100 VUs, 1233 complete and 0 interrupted iterations
default   [  34% ] 100/100 VUs  03m21.9s/10m00.0s

running (03m23.0s), 100/100 VUs, 1241 complete and 0 interrupted iterations
default   [  34% ] 100/100 VUs  03m22.9s/10m00.0s

running (03m24.0s), 100/100 VUs, 1247 complete and 0 interrupted iterations
default   [  34% ] 100/100 VUs  03m23.9s/10m00.0s

running (03m25.0s), 100/100 VUs, 1257 complete and 0 interrupted iterations
default   [  34% ] 100/100 VUs  03m24.9s/10m00.0s

running (03m26.0s), 100/100 VUs, 1272 complete and 0 interrupted iterations
default   [  34% ] 100/100 VUs  03m25.9s/10m00.0s

running (03m27.0s), 100/100 VUs, 1280 complete and 0 interrupted iterations
default   [  34% ] 100/100 VUs  03m26.9s/10m00.0s

running (03m28.0s), 100/100 VUs, 1287 complete and 0 interrupted iterations
default   [  35% ] 100/100 VUs  03m27.9s/10m00.0s

running (03m29.0s), 100/100 VUs, 1299 complete and 0 interrupted iterations
default   [  35% ] 100/100 VUs  03m28.9s/10m00.0s

running (03m30.0s), 100/100 VUs, 1306 complete and 0 interrupted iterations
default   [  35% ] 100/100 VUs  03m29.9s/10m00.0s

running (03m31.0s), 100/100 VUs, 1315 complete and 0 interrupted iterations
default   [  35% ] 100/100 VUs  03m30.9s/10m00.0s

running (03m32.0s), 100/100 VUs, 1322 complete and 0 interrupted iterations
default   [  35% ] 100/100 VUs  03m31.9s/10m00.0s

running (03m33.0s), 100/100 VUs, 1335 complete and 0 interrupted iterations
default   [  35% ] 100/100 VUs  03m32.9s/10m00.0s

running (03m34.0s), 100/100 VUs, 1341 complete and 0 interrupted iterations
default   [  36% ] 100/100 VUs  03m33.9s/10m00.0s

running (03m35.0s), 100/100 VUs, 1348 complete and 0 interrupted iterations
default   [  36% ] 100/100 VUs  03m34.9s/10m00.0s

running (03m36.0s), 100/100 VUs, 1362 complete and 0 interrupted iterations
default   [  36% ] 100/100 VUs  03m35.9s/10m00.0s

running (03m37.0s), 100/100 VUs, 1369 complete and 0 interrupted iterations
default   [  36% ] 100/100 VUs  03m36.9s/10m00.0s

running (03m38.0s), 100/100 VUs, 1379 complete and 0 interrupted iterations
default   [  36% ] 100/100 VUs  03m37.9s/10m00.0s

running (03m39.0s), 100/100 VUs, 1384 complete and 0 interrupted iterations
default   [  36% ] 100/100 VUs  03m38.9s/10m00.0s

running (03m40.0s), 100/100 VUs, 1398 complete and 0 interrupted iterations
default   [  37% ] 100/100 VUs  03m39.9s/10m00.0s

running (03m41.0s), 100/100 VUs, 1406 complete and 0 interrupted iterations
default   [  37% ] 100/100 VUs  03m40.9s/10m00.0s

running (03m42.0s), 100/100 VUs, 1417 complete and 0 interrupted iterations
default   [  37% ] 100/100 VUs  03m41.9s/10m00.0s

running (03m43.0s), 100/100 VUs, 1424 complete and 0 interrupted iterations
default   [  37% ] 100/100 VUs  03m42.9s/10m00.0s

running (03m44.0s), 100/100 VUs, 1432 complete and 0 interrupted iterations
default   [  37% ] 100/100 VUs  03m43.9s/10m00.0s

running (03m45.0s), 100/100 VUs, 1442 complete and 0 interrupted iterations
default   [  37% ] 100/100 VUs  03m44.9s/10m00.0s

running (03m46.0s), 100/100 VUs, 1452 complete and 0 interrupted iterations
default   [  38% ] 100/100 VUs  03m45.9s/10m00.0s

running (03m47.0s), 100/100 VUs, 1461 complete and 0 interrupted iterations
default   [  38% ] 100/100 VUs  03m46.9s/10m00.0s

running (03m48.0s), 100/100 VUs, 1470 complete and 0 interrupted iterations
default   [  38% ] 100/100 VUs  03m47.9s/10m00.0s

running (03m49.0s), 100/100 VUs, 1478 complete and 0 interrupted iterations
default   [  38% ] 100/100 VUs  03m48.9s/10m00.0s

running (03m50.0s), 100/100 VUs, 1486 complete and 0 interrupted iterations
default   [  38% ] 100/100 VUs  03m49.9s/10m00.0s

running (03m51.0s), 100/100 VUs, 1497 complete and 0 interrupted iterations
default   [  38% ] 100/100 VUs  03m50.9s/10m00.0s

running (03m52.0s), 100/100 VUs, 1504 complete and 0 interrupted iterations
default   [  39% ] 100/100 VUs  03m51.9s/10m00.0s

running (03m53.0s), 100/100 VUs, 1516 complete and 0 interrupted iterations
default   [  39% ] 100/100 VUs  03m52.9s/10m00.0s

running (03m54.0s), 100/100 VUs, 1523 complete and 0 interrupted iterations
default   [  39% ] 100/100 VUs  03m53.9s/10m00.0s

running (03m55.0s), 100/100 VUs, 1535 complete and 0 interrupted iterations
default   [  39% ] 100/100 VUs  03m54.9s/10m00.0s

running (03m56.0s), 100/100 VUs, 1543 complete and 0 interrupted iterations
default   [  39% ] 100/100 VUs  03m55.9s/10m00.0s

running (03m57.0s), 100/100 VUs, 1550 complete and 0 interrupted iterations
default   [  39% ] 100/100 VUs  03m56.9s/10m00.0s

running (03m58.0s), 100/100 VUs, 1563 complete and 0 interrupted iterations
default   [  40% ] 100/100 VUs  03m57.9s/10m00.0s

running (03m59.0s), 100/100 VUs, 1569 complete and 0 interrupted iterations
default   [  40% ] 100/100 VUs  03m58.9s/10m00.0s

running (04m00.0s), 100/100 VUs, 1577 complete and 0 interrupted iterations
default   [  40% ] 100/100 VUs  03m59.9s/10m00.0s

running (04m01.0s), 100/100 VUs, 1589 complete and 0 interrupted iterations
default   [  40% ] 100/100 VUs  04m00.9s/10m00.0s

running (04m02.0s), 100/100 VUs, 1597 complete and 0 interrupted iterations
default   [  40% ] 100/100 VUs  04m01.9s/10m00.0s

running (04m03.0s), 100/100 VUs, 1605 complete and 0 interrupted iterations
default   [  40% ] 100/100 VUs  04m02.9s/10m00.0s

running (04m04.0s), 100/100 VUs, 1612 complete and 0 interrupted iterations
default   [  41% ] 100/100 VUs  04m03.9s/10m00.0s

running (04m05.0s), 100/100 VUs, 1623 complete and 0 interrupted iterations
default   [  41% ] 100/100 VUs  04m04.9s/10m00.0s

running (04m06.0s), 100/100 VUs, 1631 complete and 0 interrupted iterations
default   [  41% ] 100/100 VUs  04m05.9s/10m00.0s

running (04m07.0s), 100/100 VUs, 1645 complete and 0 interrupted iterations
default   [  41% ] 100/100 VUs  04m06.9s/10m00.0s

running (04m08.0s), 100/100 VUs, 1654 complete and 0 interrupted iterations
default   [  41% ] 100/100 VUs  04m07.9s/10m00.0s

running (04m09.0s), 100/100 VUs, 1660 complete and 0 interrupted iterations
default   [  41% ] 100/100 VUs  04m08.9s/10m00.0s

running (04m10.0s), 100/100 VUs, 1668 complete and 0 interrupted iterations
default   [  42% ] 100/100 VUs  04m09.9s/10m00.0s

running (04m11.0s), 100/100 VUs, 1679 complete and 0 interrupted iterations
default   [  42% ] 100/100 VUs  04m10.9s/10m00.0s

running (04m12.0s), 100/100 VUs, 1688 complete and 0 interrupted iterations
default   [  42% ] 100/100 VUs  04m11.9s/10m00.0s

running (04m13.0s), 100/100 VUs, 1696 complete and 0 interrupted iterations
default   [  42% ] 100/100 VUs  04m12.9s/10m00.0s

running (04m14.0s), 100/100 VUs, 1707 complete and 0 interrupted iterations
default   [  42% ] 100/100 VUs  04m13.9s/10m00.0s

running (04m15.0s), 100/100 VUs, 1710 complete and 0 interrupted iterations
default   [  42% ] 100/100 VUs  04m14.9s/10m00.0s

running (04m16.0s), 100/100 VUs, 1721 complete and 0 interrupted iterations
default   [  43% ] 100/100 VUs  04m15.9s/10m00.0s

running (04m17.0s), 100/100 VUs, 1733 complete and 0 interrupted iterations
default   [  43% ] 100/100 VUs  04m16.9s/10m00.0s

running (04m18.0s), 100/100 VUs, 1745 complete and 0 interrupted iterations
default   [  43% ] 100/100 VUs  04m17.9s/10m00.0s

running (04m19.0s), 100/100 VUs, 1756 complete and 0 interrupted iterations
default   [  43% ] 100/100 VUs  04m18.9s/10m00.0s

running (04m20.0s), 100/100 VUs, 1763 complete and 0 interrupted iterations
default   [  43% ] 100/100 VUs  04m19.9s/10m00.0s

running (04m21.0s), 100/100 VUs, 1767 complete and 0 interrupted iterations
default   [  43% ] 100/100 VUs  04m20.9s/10m00.0s

running (04m22.0s), 100/100 VUs, 1776 complete and 0 interrupted iterations
default   [  44% ] 100/100 VUs  04m21.9s/10m00.0s

running (04m23.0s), 100/100 VUs, 1789 complete and 0 interrupted iterations
default   [  44% ] 100/100 VUs  04m22.9s/10m00.0s

running (04m24.0s), 100/100 VUs, 1793 complete and 0 interrupted iterations
default   [  44% ] 100/100 VUs  04m23.9s/10m00.0s

running (04m25.0s), 100/100 VUs, 1804 complete and 0 interrupted iterations
default   [  44% ] 100/100 VUs  04m24.9s/10m00.0s

running (04m26.0s), 100/100 VUs, 1814 complete and 0 interrupted iterations
default   [  44% ] 100/100 VUs  04m25.9s/10m00.0s

running (04m27.0s), 100/100 VUs, 1819 complete and 0 interrupted iterations
default   [  44% ] 100/100 VUs  04m26.9s/10m00.0s

running (04m28.0s), 100/100 VUs, 1828 complete and 0 interrupted iterations
default   [  45% ] 100/100 VUs  04m27.9s/10m00.0s

running (04m29.0s), 100/100 VUs, 1843 complete and 0 interrupted iterations
default   [  45% ] 100/100 VUs  04m28.9s/10m00.0s

running (04m30.0s), 100/100 VUs, 1852 complete and 0 interrupted iterations
default   [  45% ] 100/100 VUs  04m29.9s/10m00.0s

running (04m31.0s), 100/100 VUs, 1862 complete and 0 interrupted iterations
default   [  45% ] 100/100 VUs  04m30.9s/10m00.0s

running (04m32.0s), 100/100 VUs, 1868 complete and 0 interrupted iterations
default   [  45% ] 100/100 VUs  04m31.9s/10m00.0s

running (04m33.0s), 100/100 VUs, 1875 complete and 0 interrupted iterations
default   [  45% ] 100/100 VUs  04m32.9s/10m00.0s

running (04m34.0s), 100/100 VUs, 1885 complete and 0 interrupted iterations
default   [  46% ] 100/100 VUs  04m33.9s/10m00.0s

running (04m35.0s), 100/100 VUs, 1897 complete and 0 interrupted iterations
default   [  46% ] 100/100 VUs  04m34.9s/10m00.0s

running (04m36.0s), 100/100 VUs, 1902 complete and 0 interrupted iterations
default   [  46% ] 100/100 VUs  04m35.9s/10m00.0s

running (04m37.0s), 100/100 VUs, 1909 complete and 0 interrupted iterations
default   [  46% ] 100/100 VUs  04m36.9s/10m00.0s

running (04m38.0s), 100/100 VUs, 1921 complete and 0 interrupted iterations
default   [  46% ] 100/100 VUs  04m37.9s/10m00.0s

running (04m39.0s), 100/100 VUs, 1931 complete and 0 interrupted iterations
default   [  46% ] 100/100 VUs  04m38.9s/10m00.0s

running (04m40.0s), 100/100 VUs, 1941 complete and 0 interrupted iterations
default   [  47% ] 100/100 VUs  04m39.9s/10m00.0s

running (04m41.0s), 100/100 VUs, 1952 complete and 0 interrupted iterations
default   [  47% ] 100/100 VUs  04m40.9s/10m00.0s

running (04m42.0s), 100/100 VUs, 1961 complete and 0 interrupted iterations
default   [  47% ] 100/100 VUs  04m41.9s/10m00.0s

running (04m43.0s), 100/100 VUs, 1968 complete and 0 interrupted iterations
default   [  47% ] 100/100 VUs  04m42.9s/10m00.0s

running (04m44.0s), 100/100 VUs, 1973 complete and 0 interrupted iterations
default   [  47% ] 100/100 VUs  04m43.9s/10m00.0s

running (04m45.0s), 100/100 VUs, 1982 complete and 0 interrupted iterations
default   [  47% ] 100/100 VUs  04m44.9s/10m00.0s

running (04m46.0s), 100/100 VUs, 1995 complete and 0 interrupted iterations
default   [  48% ] 100/100 VUs  04m45.9s/10m00.0s

running (04m47.0s), 100/100 VUs, 1998 complete and 0 interrupted iterations
default   [  48% ] 100/100 VUs  04m46.9s/10m00.0s

running (04m48.0s), 100/100 VUs, 2007 complete and 0 interrupted iterations
default   [  48% ] 100/100 VUs  04m47.9s/10m00.0s

running (04m49.0s), 100/100 VUs, 2018 complete and 0 interrupted iterations
default   [  48% ] 100/100 VUs  04m48.9s/10m00.0s

running (04m50.0s), 100/100 VUs, 2028 complete and 0 interrupted iterations
default   [  48% ] 100/100 VUs  04m49.9s/10m00.0s

running (04m51.0s), 100/100 VUs, 2041 complete and 0 interrupted iterations
default   [  48% ] 100/100 VUs  04m50.9s/10m00.0s

running (04m52.0s), 100/100 VUs, 2051 complete and 0 interrupted iterations
default   [  49% ] 100/100 VUs  04m51.9s/10m00.0s

running (04m53.0s), 100/100 VUs, 2061 complete and 0 interrupted iterations
default   [  49% ] 100/100 VUs  04m52.9s/10m00.0s

running (04m54.0s), 100/100 VUs, 2069 complete and 0 interrupted iterations
default   [  49% ] 100/100 VUs  04m53.9s/10m00.0s

running (04m55.0s), 100/100 VUs, 2073 complete and 0 interrupted iterations
default   [  49% ] 100/100 VUs  04m54.9s/10m00.0s

running (04m56.0s), 100/100 VUs, 2079 complete and 0 interrupted iterations
default   [  49% ] 100/100 VUs  04m55.9s/10m00.0s

running (04m57.0s), 100/100 VUs, 2090 complete and 0 interrupted iterations
default   [  49% ] 100/100 VUs  04m56.9s/10m00.0s

running (04m58.0s), 100/100 VUs, 2096 complete and 0 interrupted iterations
default   [  50% ] 100/100 VUs  04m57.9s/10m00.0s

running (04m59.0s), 100/100 VUs, 2104 complete and 0 interrupted iterations
default   [  50% ] 100/100 VUs  04m58.9s/10m00.0s

running (05m00.0s), 100/100 VUs, 2116 complete and 0 interrupted iterations
default   [  50% ] 100/100 VUs  04m59.9s/10m00.0s

running (05m01.0s), 100/100 VUs, 2130 complete and 0 interrupted iterations
default   [  50% ] 100/100 VUs  05m00.9s/10m00.0s

running (05m02.0s), 100/100 VUs, 2137 complete and 0 interrupted iterations
default   [  50% ] 100/100 VUs  05m01.9s/10m00.0s

running (05m03.0s), 100/100 VUs, 2148 complete and 0 interrupted iterations
default   [  50% ] 100/100 VUs  05m02.9s/10m00.0s

running (05m04.0s), 100/100 VUs, 2159 complete and 0 interrupted iterations
default   [  51% ] 100/100 VUs  05m03.9s/10m00.0s

running (05m05.0s), 100/100 VUs, 2166 complete and 0 interrupted iterations
default   [  51% ] 100/100 VUs  05m04.9s/10m00.0s

running (05m06.0s), 100/100 VUs, 2171 complete and 0 interrupted iterations
default   [  51% ] 100/100 VUs  05m05.9s/10m00.0s

running (05m07.0s), 100/100 VUs, 2180 complete and 0 interrupted iterations
default   [  51% ] 100/100 VUs  05m06.9s/10m00.0s

running (05m08.0s), 100/100 VUs, 2190 complete and 0 interrupted iterations
default   [  51% ] 100/100 VUs  05m07.9s/10m00.0s

running (05m09.0s), 100/100 VUs, 2198 complete and 0 interrupted iterations
default   [  51% ] 100/100 VUs  05m08.9s/10m00.0s

running (05m10.0s), 100/100 VUs, 2204 complete and 0 interrupted iterations
default   [  52% ] 100/100 VUs  05m09.9s/10m00.0s

running (05m11.0s), 100/100 VUs, 2213 complete and 0 interrupted iterations
default   [  52% ] 100/100 VUs  05m10.9s/10m00.0s

running (05m12.0s), 100/100 VUs, 2228 complete and 0 interrupted iterations
default   [  52% ] 100/100 VUs  05m11.9s/10m00.0s

running (05m13.0s), 100/100 VUs, 2240 complete and 0 interrupted iterations
default   [  52% ] 100/100 VUs  05m12.9s/10m00.0s

running (05m14.0s), 100/100 VUs, 2248 complete and 0 interrupted iterations
default   [  52% ] 100/100 VUs  05m13.9s/10m00.0s

running (05m15.0s), 100/100 VUs, 2258 complete and 0 interrupted iterations
default   [  52% ] 100/100 VUs  05m14.9s/10m00.0s

running (05m16.0s), 100/100 VUs, 2267 complete and 0 interrupted iterations
default   [  53% ] 100/100 VUs  05m15.9s/10m00.0s

running (05m17.0s), 100/100 VUs, 2273 complete and 0 interrupted iterations
default   [  53% ] 100/100 VUs  05m16.9s/10m00.0s

running (05m18.0s), 100/100 VUs, 2283 complete and 0 interrupted iterations
default   [  53% ] 100/100 VUs  05m17.9s/10m00.0s

running (05m19.0s), 100/100 VUs, 2290 complete and 0 interrupted iterations
default   [  53% ] 100/100 VUs  05m18.9s/10m00.0s

running (05m20.0s), 100/100 VUs, 2297 complete and 0 interrupted iterations
default   [  53% ] 100/100 VUs  05m19.9s/10m00.0s

running (05m21.0s), 100/100 VUs, 2307 complete and 0 interrupted iterations
default   [  53% ] 100/100 VUs  05m20.9s/10m00.0s

running (05m22.0s), 100/100 VUs, 2317 complete and 0 interrupted iterations
default   [  54% ] 100/100 VUs  05m21.9s/10m00.0s

running (05m23.0s), 100/100 VUs, 2330 complete and 0 interrupted iterations
default   [  54% ] 100/100 VUs  05m22.9s/10m00.0s

running (05m24.0s), 100/100 VUs, 2340 complete and 0 interrupted iterations
default   [  54% ] 100/100 VUs  05m23.9s/10m00.0s

running (05m25.0s), 100/100 VUs, 2349 complete and 0 interrupted iterations
default   [  54% ] 100/100 VUs  05m24.9s/10m00.0s

running (05m26.0s), 100/100 VUs, 2359 complete and 0 interrupted iterations
default   [  54% ] 100/100 VUs  05m25.9s/10m00.0s

running (05m27.0s), 100/100 VUs, 2367 complete and 0 interrupted iterations
default   [  54% ] 100/100 VUs  05m26.9s/10m00.0s

running (05m28.0s), 100/100 VUs, 2378 complete and 0 interrupted iterations
default   [  55% ] 100/100 VUs  05m27.9s/10m00.0s

running (05m29.0s), 100/100 VUs, 2383 complete and 0 interrupted iterations
default   [  55% ] 100/100 VUs  05m28.9s/10m00.0s

running (05m30.0s), 100/100 VUs, 2389 complete and 0 interrupted iterations
default   [  55% ] 100/100 VUs  05m29.9s/10m00.0s

running (05m31.0s), 100/100 VUs, 2399 complete and 0 interrupted iterations
default   [  55% ] 100/100 VUs  05m30.9s/10m00.0s

running (05m32.0s), 100/100 VUs, 2409 complete and 0 interrupted iterations
default   [  55% ] 100/100 VUs  05m31.9s/10m00.0s

running (05m33.0s), 100/100 VUs, 2420 complete and 0 interrupted iterations
default   [  55% ] 100/100 VUs  05m32.9s/10m00.0s

running (05m34.0s), 100/100 VUs, 2434 complete and 0 interrupted iterations
default   [  56% ] 100/100 VUs  05m33.9s/10m00.0s

running (05m35.0s), 100/100 VUs, 2445 complete and 0 interrupted iterations
default   [  56% ] 100/100 VUs  05m34.9s/10m00.0s

running (05m36.0s), 100/100 VUs, 2451 complete and 0 interrupted iterations
default   [  56% ] 100/100 VUs  05m35.9s/10m00.0s

running (05m37.0s), 100/100 VUs, 2457 complete and 0 interrupted iterations
default   [  56% ] 100/100 VUs  05m36.9s/10m00.0s

running (05m38.0s), 100/100 VUs, 2464 complete and 0 interrupted iterations
default   [  56% ] 100/100 VUs  05m37.9s/10m00.0s

running (05m39.0s), 100/100 VUs, 2475 complete and 0 interrupted iterations
default   [  56% ] 100/100 VUs  05m38.9s/10m00.0s

running (05m40.0s), 100/100 VUs, 2483 complete and 0 interrupted iterations
default   [  57% ] 100/100 VUs  05m39.9s/10m00.0s

running (05m41.0s), 100/100 VUs, 2492 complete and 0 interrupted iterations
default   [  57% ] 100/100 VUs  05m40.9s/10m00.0s

running (05m42.0s), 100/100 VUs, 2501 complete and 0 interrupted iterations
default   [  57% ] 100/100 VUs  05m41.9s/10m00.0s

running (05m43.0s), 100/100 VUs, 2511 complete and 0 interrupted iterations
default   [  57% ] 100/100 VUs  05m42.9s/10m00.0s

running (05m44.0s), 100/100 VUs, 2518 complete and 0 interrupted iterations
default   [  57% ] 100/100 VUs  05m43.9s/10m00.0s

running (05m45.0s), 100/100 VUs, 2524 complete and 0 interrupted iterations
default   [  57% ] 100/100 VUs  05m44.9s/10m00.0s

running (05m46.0s), 100/100 VUs, 2538 complete and 0 interrupted iterations
default   [  58% ] 100/100 VUs  05m45.9s/10m00.0s

running (05m47.0s), 100/100 VUs, 2547 complete and 0 interrupted iterations
default   [  58% ] 100/100 VUs  05m46.9s/10m00.0s

running (05m48.0s), 100/100 VUs, 2559 complete and 0 interrupted iterations
default   [  58% ] 100/100 VUs  05m47.9s/10m00.0s

running (05m49.0s), 100/100 VUs, 2567 complete and 0 interrupted iterations
default   [  58% ] 100/100 VUs  05m48.9s/10m00.0s

running (05m50.0s), 100/100 VUs, 2572 complete and 0 interrupted iterations
default   [  58% ] 100/100 VUs  05m49.9s/10m00.0s

running (05m51.0s), 100/100 VUs, 2582 complete and 0 interrupted iterations
default   [  58% ] 100/100 VUs  05m50.9s/10m00.0s

running (05m52.0s), 100/100 VUs, 2593 complete and 0 interrupted iterations
default   [  59% ] 100/100 VUs  05m51.9s/10m00.0s

running (05m53.0s), 100/100 VUs, 2601 complete and 0 interrupted iterations
default   [  59% ] 100/100 VUs  05m52.9s/10m00.0s

running (05m54.0s), 100/100 VUs, 2609 complete and 0 interrupted iterations
default   [  59% ] 100/100 VUs  05m53.9s/10m00.0s

running (05m55.0s), 100/100 VUs, 2620 complete and 0 interrupted iterations
default   [  59% ] 100/100 VUs  05m54.9s/10m00.0s

running (05m56.0s), 100/100 VUs, 2628 complete and 0 interrupted iterations
default   [  59% ] 100/100 VUs  05m55.9s/10m00.0s

running (05m57.0s), 100/100 VUs, 2633 complete and 0 interrupted iterations
default   [  59% ] 100/100 VUs  05m56.9s/10m00.0s

running (05m58.0s), 100/100 VUs, 2645 complete and 0 interrupted iterations
default   [  60% ] 100/100 VUs  05m57.9s/10m00.0s

running (05m59.0s), 100/100 VUs, 2659 complete and 0 interrupted iterations
default   [  60% ] 100/100 VUs  05m58.9s/10m00.0s

running (06m00.0s), 100/100 VUs, 2665 complete and 0 interrupted iterations
default   [  60% ] 100/100 VUs  05m59.9s/10m00.0s

running (06m01.0s), 100/100 VUs, 2673 complete and 0 interrupted iterations
default   [  60% ] 100/100 VUs  06m00.9s/10m00.0s

running (06m02.0s), 100/100 VUs, 2682 complete and 0 interrupted iterations
default   [  60% ] 100/100 VUs  06m01.9s/10m00.0s

running (06m03.0s), 100/100 VUs, 2692 complete and 0 interrupted iterations
default   [  60% ] 100/100 VUs  06m02.9s/10m00.0s

running (06m04.0s), 100/100 VUs, 2701 complete and 0 interrupted iterations
default   [  61% ] 100/100 VUs  06m03.9s/10m00.0s

running (06m05.0s), 100/100 VUs, 2707 complete and 0 interrupted iterations
default   [  61% ] 100/100 VUs  06m04.9s/10m00.0s

running (06m06.0s), 100/100 VUs, 2718 complete and 0 interrupted iterations
default   [  61% ] 100/100 VUs  06m05.9s/10m00.0s

running (06m07.0s), 100/100 VUs, 2728 complete and 0 interrupted iterations
default   [  61% ] 100/100 VUs  06m06.9s/10m00.0s

running (06m08.0s), 100/100 VUs, 2738 complete and 0 interrupted iterations
default   [  61% ] 100/100 VUs  06m07.9s/10m00.0s

running (06m09.0s), 100/100 VUs, 2746 complete and 0 interrupted iterations
default   [  61% ] 100/100 VUs  06m08.9s/10m00.0s

running (06m10.0s), 100/100 VUs, 2754 complete and 0 interrupted iterations
default   [  62% ] 100/100 VUs  06m09.9s/10m00.0s

running (06m11.0s), 100/100 VUs, 2765 complete and 0 interrupted iterations
default   [  62% ] 100/100 VUs  06m10.9s/10m00.0s

running (06m12.0s), 100/100 VUs, 2773 complete and 0 interrupted iterations
default   [  62% ] 100/100 VUs  06m12.0s/10m00.0s

running (06m13.0s), 100/100 VUs, 2783 complete and 0 interrupted iterations
default   [  62% ] 100/100 VUs  06m12.9s/10m00.0s

running (06m14.0s), 100/100 VUs, 2789 complete and 0 interrupted iterations
default   [  62% ] 100/100 VUs  06m13.9s/10m00.0s

running (06m15.0s), 100/100 VUs, 2802 complete and 0 interrupted iterations
default   [  62% ] 100/100 VUs  06m14.9s/10m00.0s

running (06m16.0s), 100/100 VUs, 2810 complete and 0 interrupted iterations
default   [  63% ] 100/100 VUs  06m15.9s/10m00.0s

running (06m17.0s), 100/100 VUs, 2816 complete and 0 interrupted iterations
default   [  63% ] 100/100 VUs  06m16.9s/10m00.0s

running (06m18.0s), 100/100 VUs, 2828 complete and 0 interrupted iterations
default   [  63% ] 100/100 VUs  06m17.9s/10m00.0s

running (06m19.0s), 100/100 VUs, 2837 complete and 0 interrupted iterations
default   [  63% ] 100/100 VUs  06m18.9s/10m00.0s

running (06m20.0s), 100/100 VUs, 2847 complete and 0 interrupted iterations
default   [  63% ] 100/100 VUs  06m19.9s/10m00.0s

running (06m21.0s), 100/100 VUs, 2855 complete and 0 interrupted iterations
default   [  63% ] 100/100 VUs  06m20.9s/10m00.0s

running (06m22.0s), 100/100 VUs, 2864 complete and 0 interrupted iterations
default   [  64% ] 100/100 VUs  06m21.9s/10m00.0s

running (06m23.0s), 100/100 VUs, 2868 complete and 0 interrupted iterations
default   [  64% ] 100/100 VUs  06m22.9s/10m00.0s

running (06m24.0s), 100/100 VUs, 2881 complete and 0 interrupted iterations
default   [  64% ] 100/100 VUs  06m23.9s/10m00.0s

running (06m25.0s), 100/100 VUs, 2892 complete and 0 interrupted iterations
default   [  64% ] 100/100 VUs  06m24.9s/10m00.0s

running (06m26.0s), 100/100 VUs, 2899 complete and 0 interrupted iterations
default   [  64% ] 100/100 VUs  06m25.9s/10m00.0s

running (06m27.0s), 100/100 VUs, 2909 complete and 0 interrupted iterations
default   [  64% ] 100/100 VUs  06m26.9s/10m00.0s

running (06m28.0s), 100/100 VUs, 2916 complete and 0 interrupted iterations
default   [  65% ] 100/100 VUs  06m27.9s/10m00.0s

running (06m29.0s), 100/100 VUs, 2928 complete and 0 interrupted iterations
default   [  65% ] 100/100 VUs  06m28.9s/10m00.0s

running (06m30.0s), 100/100 VUs, 2934 complete and 0 interrupted iterations
default   [  65% ] 100/100 VUs  06m29.9s/10m00.0s

running (06m31.0s), 100/100 VUs, 2942 complete and 0 interrupted iterations
default   [  65% ] 100/100 VUs  06m30.9s/10m00.0s

running (06m32.0s), 100/100 VUs, 2948 complete and 0 interrupted iterations
default   [  65% ] 100/100 VUs  06m31.9s/10m00.0s

running (06m33.0s), 100/100 VUs, 2964 complete and 0 interrupted iterations
default   [  65% ] 100/100 VUs  06m32.9s/10m00.0s

running (06m34.0s), 100/100 VUs, 2972 complete and 0 interrupted iterations
default   [  66% ] 100/100 VUs  06m33.9s/10m00.0s

running (06m35.0s), 100/100 VUs, 2982 complete and 0 interrupted iterations
default   [  66% ] 100/100 VUs  06m34.9s/10m00.0s

running (06m36.0s), 100/100 VUs, 2989 complete and 0 interrupted iterations
default   [  66% ] 100/100 VUs  06m35.9s/10m00.0s

running (06m37.0s), 100/100 VUs, 2996 complete and 0 interrupted iterations
default   [  66% ] 100/100 VUs  06m36.9s/10m00.0s

running (06m38.0s), 100/100 VUs, 3007 complete and 0 interrupted iterations
default   [  66% ] 100/100 VUs  06m37.9s/10m00.0s

running (06m39.0s), 100/100 VUs, 3019 complete and 0 interrupted iterations
default   [  66% ] 100/100 VUs  06m38.9s/10m00.0s

running (06m40.0s), 100/100 VUs, 3025 complete and 0 interrupted iterations
default   [  67% ] 100/100 VUs  06m39.9s/10m00.0s

running (06m41.0s), 100/100 VUs, 3036 complete and 0 interrupted iterations
default   [  67% ] 100/100 VUs  06m40.9s/10m00.0s

running (06m42.0s), 100/100 VUs, 3041 complete and 0 interrupted iterations
default   [  67% ] 100/100 VUs  06m41.9s/10m00.0s

running (06m43.0s), 100/100 VUs, 3053 complete and 0 interrupted iterations
default   [  67% ] 100/100 VUs  06m42.9s/10m00.0s

running (06m44.0s), 100/100 VUs, 3063 complete and 0 interrupted iterations
default   [  67% ] 100/100 VUs  06m43.9s/10m00.0s

running (06m45.0s), 100/100 VUs, 3072 complete and 0 interrupted iterations
default   [  67% ] 100/100 VUs  06m44.9s/10m00.0s

running (06m46.0s), 100/100 VUs, 3079 complete and 0 interrupted iterations
default   [  68% ] 100/100 VUs  06m45.9s/10m00.0s

running (06m47.0s), 100/100 VUs, 3087 complete and 0 interrupted iterations
default   [  68% ] 100/100 VUs  06m46.9s/10m00.0s

running (06m48.0s), 100/100 VUs, 3096 complete and 0 interrupted iterations
default   [  68% ] 100/100 VUs  06m47.9s/10m00.0s

running (06m49.0s), 100/100 VUs, 3108 complete and 0 interrupted iterations
default   [  68% ] 100/100 VUs  06m48.9s/10m00.0s

running (06m50.0s), 100/100 VUs, 3113 complete and 0 interrupted iterations
default   [  68% ] 100/100 VUs  06m49.9s/10m00.0s

running (06m51.0s), 100/100 VUs, 3124 complete and 0 interrupted iterations
default   [  68% ] 100/100 VUs  06m50.9s/10m00.0s

running (06m52.0s), 100/100 VUs, 3132 complete and 0 interrupted iterations
default   [  69% ] 100/100 VUs  06m51.9s/10m00.0s

running (06m53.0s), 100/100 VUs, 3144 complete and 0 interrupted iterations
default   [  69% ] 100/100 VUs  06m52.9s/10m00.0s

running (06m54.0s), 100/100 VUs, 3155 complete and 0 interrupted iterations
default   [  69% ] 100/100 VUs  06m53.9s/10m00.0s

running (06m55.0s), 100/100 VUs, 3162 complete and 0 interrupted iterations
default   [  69% ] 100/100 VUs  06m54.9s/10m00.0s

running (06m56.0s), 100/100 VUs, 3171 complete and 0 interrupted iterations
default   [  69% ] 100/100 VUs  06m55.9s/10m00.0s

running (06m57.0s), 100/100 VUs, 3179 complete and 0 interrupted iterations
default   [  69% ] 100/100 VUs  06m56.9s/10m00.0s

running (06m58.0s), 100/100 VUs, 3187 complete and 0 interrupted iterations
default   [  70% ] 100/100 VUs  06m57.9s/10m00.0s

running (06m59.0s), 100/100 VUs, 3196 complete and 0 interrupted iterations
default   [  70% ] 100/100 VUs  06m58.9s/10m00.0s

running (07m00.0s), 100/100 VUs, 3203 complete and 0 interrupted iterations
default   [  70% ] 100/100 VUs  06m59.9s/10m00.0s

running (07m01.0s), 100/100 VUs, 3216 complete and 0 interrupted iterations
default   [  70% ] 100/100 VUs  07m00.9s/10m00.0s

running (07m02.0s), 100/100 VUs, 3225 complete and 0 interrupted iterations
default   [  70% ] 100/100 VUs  07m01.9s/10m00.0s

running (07m03.0s), 100/100 VUs, 3231 complete and 0 interrupted iterations
default   [  70% ] 100/100 VUs  07m02.9s/10m00.0s

running (07m04.0s), 100/100 VUs, 3243 complete and 0 interrupted iterations
default   [  71% ] 100/100 VUs  07m03.9s/10m00.0s

running (07m05.0s), 100/100 VUs, 3252 complete and 0 interrupted iterations
default   [  71% ] 100/100 VUs  07m04.9s/10m00.0s

running (07m06.0s), 100/100 VUs, 3261 complete and 0 interrupted iterations
default   [  71% ] 100/100 VUs  07m05.9s/10m00.0s

running (07m07.0s), 100/100 VUs, 3273 complete and 0 interrupted iterations
default   [  71% ] 100/100 VUs  07m06.9s/10m00.0s

running (07m08.0s), 100/100 VUs, 3279 complete and 0 interrupted iterations
default   [  71% ] 100/100 VUs  07m07.9s/10m00.0s

running (07m09.0s), 100/100 VUs, 3284 complete and 0 interrupted iterations
default   [  71% ] 100/100 VUs  07m08.9s/10m00.0s

running (07m10.0s), 100/100 VUs, 3297 complete and 0 interrupted iterations
default   [  72% ] 100/100 VUs  07m09.9s/10m00.0s

running (07m11.0s), 100/100 VUs, 3307 complete and 0 interrupted iterations
default   [  72% ] 100/100 VUs  07m10.9s/10m00.0s

running (07m12.0s), 100/100 VUs, 3313 complete and 0 interrupted iterations
default   [  72% ] 100/100 VUs  07m11.9s/10m00.0s

running (07m13.0s), 100/100 VUs, 3324 complete and 0 interrupted iterations
default   [  72% ] 100/100 VUs  07m12.9s/10m00.0s

running (07m14.0s), 100/100 VUs, 3332 complete and 0 interrupted iterations
default   [  72% ] 100/100 VUs  07m13.9s/10m00.0s

running (07m15.0s), 100/100 VUs, 3343 complete and 0 interrupted iterations
default   [  72% ] 100/100 VUs  07m14.9s/10m00.0s

running (07m16.0s), 100/100 VUs, 3352 complete and 0 interrupted iterations
default   [  73% ] 100/100 VUs  07m15.9s/10m00.0s

running (07m17.0s), 100/100 VUs, 3364 complete and 0 interrupted iterations
default   [  73% ] 100/100 VUs  07m16.9s/10m00.0s

running (07m18.0s), 100/100 VUs, 3372 complete and 0 interrupted iterations
default   [  73% ] 100/100 VUs  07m17.9s/10m00.0s

running (07m19.0s), 100/100 VUs, 3381 complete and 0 interrupted iterations
default   [  73% ] 100/100 VUs  07m18.9s/10m00.0s

running (07m20.0s), 100/100 VUs, 3388 complete and 0 interrupted iterations
default   [  73% ] 100/100 VUs  07m19.9s/10m00.0s

running (07m21.0s), 100/100 VUs, 3396 complete and 0 interrupted iterations
default   [  73% ] 100/100 VUs  07m20.9s/10m00.0s

running (07m22.0s), 100/100 VUs, 3408 complete and 0 interrupted iterations
default   [  74% ] 100/100 VUs  07m21.9s/10m00.0s

running (07m23.0s), 100/100 VUs, 3414 complete and 0 interrupted iterations
default   [  74% ] 100/100 VUs  07m22.9s/10m00.0s

running (07m24.0s), 100/100 VUs, 3427 complete and 0 interrupted iterations
default   [  74% ] 100/100 VUs  07m23.9s/10m00.0s

running (07m25.0s), 100/100 VUs, 3434 complete and 0 interrupted iterations
default   [  74% ] 100/100 VUs  07m24.9s/10m00.0s

running (07m26.0s), 100/100 VUs, 3440 complete and 0 interrupted iterations
default   [  74% ] 100/100 VUs  07m25.9s/10m00.0s

running (07m27.0s), 100/100 VUs, 3449 complete and 0 interrupted iterations
default   [  74% ] 100/100 VUs  07m26.9s/10m00.0s

running (07m28.0s), 100/100 VUs, 3464 complete and 0 interrupted iterations
default   [  75% ] 100/100 VUs  07m27.9s/10m00.0s

running (07m29.0s), 100/100 VUs, 3473 complete and 0 interrupted iterations
default   [  75% ] 100/100 VUs  07m28.9s/10m00.0s

running (07m30.0s), 100/100 VUs, 3483 complete and 0 interrupted iterations
default   [  75% ] 100/100 VUs  07m29.9s/10m00.0s

running (07m31.0s), 100/100 VUs, 3491 complete and 0 interrupted iterations
default   [  75% ] 100/100 VUs  07m30.9s/10m00.0s

running (07m32.0s), 100/100 VUs, 3498 complete and 0 interrupted iterations
default   [  75% ] 100/100 VUs  07m31.9s/10m00.0s

running (07m33.0s), 100/100 VUs, 3504 complete and 0 interrupted iterations
default   [  75% ] 100/100 VUs  07m32.9s/10m00.0s

running (07m34.0s), 100/100 VUs, 3516 complete and 0 interrupted iterations
default   [  76% ] 100/100 VUs  07m33.9s/10m00.0s

running (07m35.0s), 100/100 VUs, 3527 complete and 0 interrupted iterations
default   [  76% ] 100/100 VUs  07m34.9s/10m00.0s

running (07m36.0s), 100/100 VUs, 3533 complete and 0 interrupted iterations
default   [  76% ] 100/100 VUs  07m35.9s/10m00.0s

running (07m37.0s), 100/100 VUs, 3540 complete and 0 interrupted iterations
default   [  76% ] 100/100 VUs  07m36.9s/10m00.0s

running (07m38.0s), 100/100 VUs, 3549 complete and 0 interrupted iterations
default   [  76% ] 100/100 VUs  07m37.9s/10m00.0s

running (07m39.0s), 100/100 VUs, 3565 complete and 0 interrupted iterations
default   [  76% ] 100/100 VUs  07m38.9s/10m00.0s

running (07m40.0s), 100/100 VUs, 3576 complete and 0 interrupted iterations
default   [  77% ] 100/100 VUs  07m39.9s/10m00.0s

running (07m41.0s), 100/100 VUs, 3586 complete and 0 interrupted iterations
default   [  77% ] 100/100 VUs  07m40.9s/10m00.0s

running (07m42.0s), 100/100 VUs, 3592 complete and 0 interrupted iterations
default   [  77% ] 100/100 VUs  07m41.9s/10m00.0s

running (07m43.0s), 100/100 VUs, 3598 complete and 0 interrupted iterations
default   [  77% ] 100/100 VUs  07m42.9s/10m00.0s

running (07m44.0s), 100/100 VUs, 3606 complete and 0 interrupted iterations
default   [  77% ] 100/100 VUs  07m43.9s/10m00.0s

running (07m45.0s), 100/100 VUs, 3612 complete and 0 interrupted iterations
default   [  77% ] 100/100 VUs  07m44.9s/10m00.0s

running (07m46.0s), 100/100 VUs, 3626 complete and 0 interrupted iterations
default   [  78% ] 100/100 VUs  07m45.9s/10m00.0s

running (07m47.0s), 100/100 VUs, 3632 complete and 0 interrupted iterations
default   [  78% ] 100/100 VUs  07m46.9s/10m00.0s

running (07m48.0s), 100/100 VUs, 3640 complete and 0 interrupted iterations
default   [  78% ] 100/100 VUs  07m47.9s/10m00.0s

running (07m49.0s), 100/100 VUs, 3652 complete and 0 interrupted iterations
default   [  78% ] 100/100 VUs  07m48.9s/10m00.0s

running (07m50.0s), 100/100 VUs, 3661 complete and 0 interrupted iterations
default   [  78% ] 100/100 VUs  07m49.9s/10m00.0s

running (07m51.0s), 100/100 VUs, 3675 complete and 0 interrupted iterations
default   [  78% ] 100/100 VUs  07m50.9s/10m00.0s

running (07m52.0s), 100/100 VUs, 3684 complete and 0 interrupted iterations
default   [  79% ] 100/100 VUs  07m51.9s/10m00.0s

running (07m53.0s), 100/100 VUs, 3691 complete and 0 interrupted iterations
default   [  79% ] 100/100 VUs  07m52.9s/10m00.0s

running (07m54.0s), 100/100 VUs, 3696 complete and 0 interrupted iterations
default   [  79% ] 100/100 VUs  07m53.9s/10m00.0s

running (07m55.0s), 100/100 VUs, 3705 complete and 0 interrupted iterations
default   [  79% ] 100/100 VUs  07m54.9s/10m00.0s

running (07m56.0s), 100/100 VUs, 3717 complete and 0 interrupted iterations
default   [  79% ] 100/100 VUs  07m55.9s/10m00.0s

running (07m57.0s), 100/100 VUs, 3721 complete and 0 interrupted iterations
default   [  79% ] 100/100 VUs  07m56.9s/10m00.0s

running (07m58.0s), 100/100 VUs, 3730 complete and 0 interrupted iterations
default   [  80% ] 100/100 VUs  07m57.9s/10m00.0s

running (07m59.0s), 100/100 VUs, 3739 complete and 0 interrupted iterations
default   [  80% ] 100/100 VUs  07m58.9s/10m00.0s

running (08m00.0s), 100/100 VUs, 3754 complete and 0 interrupted iterations
default   [  80% ] 100/100 VUs  07m59.9s/10m00.0s

running (08m01.0s), 100/100 VUs, 3762 complete and 0 interrupted iterations
default   [  80% ] 100/100 VUs  08m00.9s/10m00.0s

running (08m02.0s), 100/100 VUs, 3770 complete and 0 interrupted iterations
default   [  80% ] 100/100 VUs  08m01.9s/10m00.0s

running (08m03.0s), 100/100 VUs, 3781 complete and 0 interrupted iterations
default   [  80% ] 100/100 VUs  08m02.9s/10m00.0s

running (08m04.0s), 100/100 VUs, 3791 complete and 0 interrupted iterations
default   [  81% ] 100/100 VUs  08m03.9s/10m00.0s

running (08m05.0s), 100/100 VUs, 3802 complete and 0 interrupted iterations
default   [  81% ] 100/100 VUs  08m04.9s/10m00.0s

running (08m06.0s), 100/100 VUs, 3807 complete and 0 interrupted iterations
default   [  81% ] 100/100 VUs  08m05.9s/10m00.0s

running (08m07.0s), 097/100 VUs, 3818 complete and 0 interrupted iterations
default   [  81% ] 097/100 VUs  08m06.9s/10m00.0s

running (08m08.0s), 097/100 VUs, 3823 complete and 0 interrupted iterations
default   [  81% ] 097/100 VUs  08m07.9s/10m00.0s

running (08m09.0s), 097/100 VUs, 3828 complete and 0 interrupted iterations
default   [  81% ] 097/100 VUs  08m08.9s/10m00.0s

running (08m10.0s), 095/100 VUs, 3842 complete and 0 interrupted iterations
default   [  82% ] 095/100 VUs  08m09.9s/10m00.0s

running (08m11.0s), 095/100 VUs, 3854 complete and 0 interrupted iterations
default   [  82% ] 095/100 VUs  08m10.9s/10m00.0s

running (08m12.0s), 095/100 VUs, 3865 complete and 0 interrupted iterations
default   [  82% ] 095/100 VUs  08m11.9s/10m00.0s

running (08m13.0s), 095/100 VUs, 3874 complete and 0 interrupted iterations
default   [  82% ] 095/100 VUs  08m12.9s/10m00.0s

running (08m14.0s), 093/100 VUs, 3883 complete and 0 interrupted iterations
default   [  82% ] 093/100 VUs  08m13.9s/10m00.0s

running (08m15.0s), 093/100 VUs, 3890 complete and 0 interrupted iterations
default   [  82% ] 093/100 VUs  08m14.9s/10m00.0s

running (08m16.0s), 091/100 VUs, 3898 complete and 0 interrupted iterations
default   [  83% ] 091/100 VUs  08m15.9s/10m00.0s

running (08m17.0s), 090/100 VUs, 3905 complete and 0 interrupted iterations
default   [  83% ] 090/100 VUs  08m16.9s/10m00.0s

running (08m18.0s), 090/100 VUs, 3909 complete and 0 interrupted iterations
default   [  83% ] 090/100 VUs  08m17.9s/10m00.0s

running (08m19.0s), 089/100 VUs, 3921 complete and 0 interrupted iterations
default   [  83% ] 089/100 VUs  08m18.9s/10m00.0s

running (08m20.0s), 088/100 VUs, 3930 complete and 0 interrupted iterations
default   [  83% ] 088/100 VUs  08m19.9s/10m00.0s

running (08m21.0s), 087/100 VUs, 3938 complete and 0 interrupted iterations
default   [  83% ] 087/100 VUs  08m20.9s/10m00.0s

running (08m22.0s), 086/100 VUs, 3946 complete and 0 interrupted iterations
default   [  84% ] 086/100 VUs  08m21.9s/10m00.0s

running (08m23.0s), 086/100 VUs, 3957 complete and 0 interrupted iterations
default   [  84% ] 086/100 VUs  08m22.9s/10m00.0s

running (08m24.0s), 084/100 VUs, 3970 complete and 0 interrupted iterations
default   [  84% ] 084/100 VUs  08m23.9s/10m00.0s

running (08m25.0s), 082/100 VUs, 3977 complete and 0 interrupted iterations
default   [  84% ] 082/100 VUs  08m24.9s/10m00.0s

running (08m26.0s), 082/100 VUs, 3983 complete and 0 interrupted iterations
default   [  84% ] 082/100 VUs  08m25.9s/10m00.0s

running (08m27.0s), 082/100 VUs, 3986 complete and 0 interrupted iterations
default   [  84% ] 082/100 VUs  08m26.9s/10m00.0s

running (08m28.0s), 081/100 VUs, 3993 complete and 0 interrupted iterations
default   [  85% ] 081/100 VUs  08m27.9s/10m00.0s

running (08m29.0s), 080/100 VUs, 3999 complete and 0 interrupted iterations
default   [  85% ] 080/100 VUs  08m28.9s/10m00.0s

running (08m30.0s), 080/100 VUs, 4004 complete and 0 interrupted iterations
default   [  85% ] 080/100 VUs  08m29.9s/10m00.0s

running (08m31.0s), 078/100 VUs, 4016 complete and 0 interrupted iterations
default   [  85% ] 078/100 VUs  08m30.9s/10m00.0s

running (08m32.0s), 078/100 VUs, 4022 complete and 0 interrupted iterations
default   [  85% ] 078/100 VUs  08m31.9s/10m00.0s

running (08m33.0s), 077/100 VUs, 4032 complete and 0 interrupted iterations
default   [  85% ] 077/100 VUs  08m32.9s/10m00.0s

running (08m34.0s), 075/100 VUs, 4038 complete and 0 interrupted iterations
default   [  86% ] 075/100 VUs  08m33.9s/10m00.0s

running (08m35.0s), 073/100 VUs, 4052 complete and 0 interrupted iterations
default   [  86% ] 073/100 VUs  08m34.9s/10m00.0s

running (08m36.0s), 073/100 VUs, 4058 complete and 0 interrupted iterations
default   [  86% ] 073/100 VUs  08m35.9s/10m00.0s

running (08m37.0s), 071/100 VUs, 4064 complete and 0 interrupted iterations
default   [  86% ] 071/100 VUs  08m36.9s/10m00.0s

running (08m38.0s), 071/100 VUs, 4069 complete and 0 interrupted iterations
default   [  86% ] 071/100 VUs  08m37.9s/10m00.0s

running (08m39.0s), 071/100 VUs, 4074 complete and 0 interrupted iterations
default   [  86% ] 071/100 VUs  08m38.9s/10m00.0s

running (08m40.0s), 070/100 VUs, 4079 complete and 0 interrupted iterations
default   [  87% ] 070/100 VUs  08m39.9s/10m00.0s

running (08m41.0s), 069/100 VUs, 4092 complete and 0 interrupted iterations
default   [  87% ] 069/100 VUs  08m40.9s/10m00.0s

running (08m42.0s), 068/100 VUs, 4096 complete and 0 interrupted iterations
default   [  87% ] 068/100 VUs  08m41.9s/10m00.0s

running (08m43.0s), 068/100 VUs, 4103 complete and 0 interrupted iterations
default   [  87% ] 068/100 VUs  08m42.9s/10m00.0s

running (08m44.0s), 067/100 VUs, 4110 complete and 0 interrupted iterations
default   [  87% ] 067/100 VUs  08m43.9s/10m00.0s

running (08m45.0s), 067/100 VUs, 4116 complete and 0 interrupted iterations
default   [  87% ] 067/100 VUs  08m44.9s/10m00.0s

running (08m46.0s), 066/100 VUs, 4122 complete and 0 interrupted iterations
default   [  88% ] 066/100 VUs  08m45.9s/10m00.0s

running (08m47.0s), 066/100 VUs, 4128 complete and 0 interrupted iterations
default   [  88% ] 066/100 VUs  08m46.9s/10m00.0s

running (08m48.0s), 065/100 VUs, 4136 complete and 0 interrupted iterations
default   [  88% ] 065/100 VUs  08m47.9s/10m00.0s

running (08m49.0s), 065/100 VUs, 4140 complete and 0 interrupted iterations
default   [  88% ] 065/100 VUs  08m48.9s/10m00.0s

running (08m50.0s), 064/100 VUs, 4144 complete and 0 interrupted iterations
default   [  88% ] 064/100 VUs  08m49.9s/10m00.0s

running (08m51.0s), 064/100 VUs, 4150 complete and 0 interrupted iterations
default   [  88% ] 064/100 VUs  08m50.9s/10m00.0s

running (08m52.0s), 061/100 VUs, 4159 complete and 0 interrupted iterations
default   [  89% ] 061/100 VUs  08m51.9s/10m00.0s

running (08m53.0s), 060/100 VUs, 4166 complete and 0 interrupted iterations
default   [  89% ] 060/100 VUs  08m52.9s/10m00.0s

running (08m54.0s), 060/100 VUs, 4172 complete and 0 interrupted iterations
default   [  89% ] 060/100 VUs  08m53.9s/10m00.0s

running (08m55.0s), 060/100 VUs, 4178 complete and 0 interrupted iterations
default   [  89% ] 060/100 VUs  08m54.9s/10m00.0s

running (08m56.0s), 060/100 VUs, 4183 complete and 0 interrupted iterations
default   [  89% ] 060/100 VUs  08m55.9s/10m00.0s

running (08m57.0s), 060/100 VUs, 4188 complete and 0 interrupted iterations
default   [  89% ] 060/100 VUs  08m56.9s/10m00.0s

running (08m58.0s), 057/100 VUs, 4192 complete and 0 interrupted iterations
default   [  90% ] 057/100 VUs  08m57.9s/10m00.0s

running (08m59.0s), 057/100 VUs, 4199 complete and 0 interrupted iterations
default   [  90% ] 057/100 VUs  08m58.9s/10m00.0s

running (09m00.0s), 056/100 VUs, 4201 complete and 0 interrupted iterations
default   [  90% ] 056/100 VUs  08m59.9s/10m00.0s

running (09m01.0s), 055/100 VUs, 4208 complete and 0 interrupted iterations
default   [  90% ] 055/100 VUs  09m00.9s/10m00.0s

running (09m02.0s), 054/100 VUs, 4216 complete and 0 interrupted iterations
default   [  90% ] 054/100 VUs  09m01.9s/10m00.0s

running (09m03.0s), 053/100 VUs, 4222 complete and 0 interrupted iterations
default   [  90% ] 053/100 VUs  09m02.9s/10m00.0s

running (09m04.0s), 050/100 VUs, 4227 complete and 0 interrupted iterations
default   [  91% ] 050/100 VUs  09m03.9s/10m00.0s

running (09m05.0s), 050/100 VUs, 4229 complete and 0 interrupted iterations
default   [  91% ] 050/100 VUs  09m04.9s/10m00.0s

running (09m06.0s), 049/100 VUs, 4234 complete and 0 interrupted iterations
default   [  91% ] 049/100 VUs  09m05.9s/10m00.0s

running (09m07.0s), 049/100 VUs, 4237 complete and 0 interrupted iterations
default   [  91% ] 049/100 VUs  09m06.9s/10m00.0s

running (09m08.0s), 049/100 VUs, 4245 complete and 0 interrupted iterations
default   [  91% ] 049/100 VUs  09m07.9s/10m00.0s

running (09m09.0s), 047/100 VUs, 4249 complete and 0 interrupted iterations
default   [  91% ] 047/100 VUs  09m08.9s/10m00.0s

running (09m10.0s), 046/100 VUs, 4253 complete and 0 interrupted iterations
default   [  92% ] 046/100 VUs  09m09.9s/10m00.0s

running (09m11.0s), 045/100 VUs, 4260 complete and 0 interrupted iterations
default   [  92% ] 045/100 VUs  09m10.9s/10m00.0s

running (09m12.0s), 045/100 VUs, 4265 complete and 0 interrupted iterations
default   [  92% ] 045/100 VUs  09m11.9s/10m00.0s

running (09m13.0s), 044/100 VUs, 4269 complete and 0 interrupted iterations
default   [  92% ] 044/100 VUs  09m12.9s/10m00.0s

running (09m14.0s), 043/100 VUs, 4273 complete and 0 interrupted iterations
default   [  92% ] 043/100 VUs  09m13.9s/10m00.0s

running (09m15.0s), 042/100 VUs, 4277 complete and 0 interrupted iterations
default   [  92% ] 042/100 VUs  09m14.9s/10m00.0s

running (09m16.0s), 041/100 VUs, 4281 complete and 0 interrupted iterations
default   [  93% ] 041/100 VUs  09m15.9s/10m00.0s

running (09m17.0s), 041/100 VUs, 4285 complete and 0 interrupted iterations
default   [  93% ] 041/100 VUs  09m16.9s/10m00.0s

running (09m18.0s), 040/100 VUs, 4287 complete and 0 interrupted iterations
default   [  93% ] 040/100 VUs  09m17.9s/10m00.0s

running (09m19.0s), 039/100 VUs, 4293 complete and 0 interrupted iterations
default   [  93% ] 039/100 VUs  09m18.9s/10m00.0s

running (09m20.0s), 038/100 VUs, 4296 complete and 0 interrupted iterations
default   [  93% ] 038/100 VUs  09m19.9s/10m00.0s

running (09m21.0s), 038/100 VUs, 4297 complete and 0 interrupted iterations
default   [  93% ] 038/100 VUs  09m20.9s/10m00.0s

running (09m22.0s), 037/100 VUs, 4304 complete and 0 interrupted iterations
default   [  94% ] 037/100 VUs  09m21.9s/10m00.0s

running (09m23.0s), 035/100 VUs, 4308 complete and 0 interrupted iterations
default   [  94% ] 035/100 VUs  09m22.9s/10m00.0s

running (09m24.0s), 033/100 VUs, 4312 complete and 0 interrupted iterations
default   [  94% ] 033/100 VUs  09m23.9s/10m00.0s

running (09m25.0s), 033/100 VUs, 4316 complete and 0 interrupted iterations
default   [  94% ] 033/100 VUs  09m24.9s/10m00.0s

running (09m26.0s), 033/100 VUs, 4319 complete and 0 interrupted iterations
default   [  94% ] 033/100 VUs  09m25.9s/10m00.0s

running (09m27.0s), 033/100 VUs, 4322 complete and 0 interrupted iterations
default   [  94% ] 033/100 VUs  09m26.9s/10m00.0s

running (09m28.0s), 032/100 VUs, 4325 complete and 0 interrupted iterations
default   [  95% ] 032/100 VUs  09m27.9s/10m00.0s

running (09m29.0s), 032/100 VUs, 4328 complete and 0 interrupted iterations
default   [  95% ] 032/100 VUs  09m28.9s/10m00.0s

running (09m30.0s), 031/100 VUs, 4332 complete and 0 interrupted iterations
default   [  95% ] 031/100 VUs  09m29.9s/10m00.0s

running (09m31.0s), 031/100 VUs, 4333 complete and 0 interrupted iterations
default   [  95% ] 031/100 VUs  09m30.9s/10m00.0s

running (09m32.0s), 030/100 VUs, 4337 complete and 0 interrupted iterations
default   [  95% ] 030/100 VUs  09m31.9s/10m00.0s

running (09m33.0s), 030/100 VUs, 4340 complete and 0 interrupted iterations
default   [  95% ] 030/100 VUs  09m32.9s/10m00.0s

running (09m34.0s), 030/100 VUs, 4342 complete and 0 interrupted iterations
default   [  96% ] 030/100 VUs  09m33.9s/10m00.0s

running (09m35.0s), 030/100 VUs, 4344 complete and 0 interrupted iterations
default   [  96% ] 030/100 VUs  09m34.9s/10m00.0s

running (09m36.0s), 027/100 VUs, 4349 complete and 0 interrupted iterations
default   [  96% ] 027/100 VUs  09m35.9s/10m00.0s

running (09m37.0s), 025/100 VUs, 4353 complete and 0 interrupted iterations
default   [  96% ] 025/100 VUs  09m36.9s/10m00.0s

running (09m38.0s), 023/100 VUs, 4355 complete and 0 interrupted iterations
default   [  96% ] 023/100 VUs  09m37.9s/10m00.0s

running (09m39.0s), 022/100 VUs, 4360 complete and 0 interrupted iterations
default   [  96% ] 022/100 VUs  09m38.9s/10m00.0s

running (09m40.0s), 022/100 VUs, 4362 complete and 0 interrupted iterations
default   [  97% ] 022/100 VUs  09m39.9s/10m00.0s

running (09m41.0s), 022/100 VUs, 4364 complete and 0 interrupted iterations
default   [  97% ] 022/100 VUs  09m40.9s/10m00.0s

running (09m42.0s), 022/100 VUs, 4364 complete and 0 interrupted iterations
default   [  97% ] 022/100 VUs  09m41.9s/10m00.0s

running (09m43.0s), 021/100 VUs, 4365 complete and 0 interrupted iterations
default   [  97% ] 021/100 VUs  09m42.9s/10m00.0s

running (09m44.0s), 017/100 VUs, 4371 complete and 0 interrupted iterations
default   [  97% ] 017/100 VUs  09m43.9s/10m00.0s

running (09m45.0s), 016/100 VUs, 4374 complete and 0 interrupted iterations
default   [  97% ] 016/100 VUs  09m44.9s/10m00.0s

running (09m46.0s), 016/100 VUs, 4375 complete and 0 interrupted iterations
default   [  98% ] 016/100 VUs  09m45.9s/10m00.0s

running (09m47.0s), 015/100 VUs, 4378 complete and 0 interrupted iterations
default   [  98% ] 015/100 VUs  09m46.9s/10m00.0s

running (09m48.0s), 015/100 VUs, 4378 complete and 0 interrupted iterations
default   [  98% ] 015/100 VUs  09m47.9s/10m00.0s

running (09m49.0s), 014/100 VUs, 4379 complete and 0 interrupted iterations
default   [  98% ] 014/100 VUs  09m48.9s/10m00.0s

running (09m50.0s), 013/100 VUs, 4383 complete and 0 interrupted iterations
default   [  98% ] 013/100 VUs  09m49.9s/10m00.0s

running (09m51.0s), 013/100 VUs, 4384 complete and 0 interrupted iterations
default   [  98% ] 013/100 VUs  09m50.9s/10m00.0s

running (09m52.0s), 012/100 VUs, 4385 complete and 0 interrupted iterations
default   [  99% ] 012/100 VUs  09m51.9s/10m00.0s

running (09m53.0s), 011/100 VUs, 4387 complete and 0 interrupted iterations
default   [  99% ] 011/100 VUs  09m52.9s/10m00.0s

running (09m54.0s), 011/100 VUs, 4387 complete and 0 interrupted iterations
default   [  99% ] 011/100 VUs  09m53.9s/10m00.0s

running (09m55.0s), 010/100 VUs, 4388 complete and 0 interrupted iterations
default   [  99% ] 010/100 VUs  09m54.9s/10m00.0s

running (09m56.0s), 008/100 VUs, 4390 complete and 0 interrupted iterations
default   [  99% ] 008/100 VUs  09m55.9s/10m00.0s

running (09m57.0s), 008/100 VUs, 4390 complete and 0 interrupted iterations
default   [  99% ] 008/100 VUs  09m56.9s/10m00.0s

running (09m58.0s), 006/100 VUs, 4393 complete and 0 interrupted iterations
default   [ 100% ] 006/100 VUs  09m57.9s/10m00.0s

running (09m59.0s), 006/100 VUs, 4393 complete and 0 interrupted iterations
default   [ 100% ] 006/100 VUs  09m58.9s/10m00.0s

running (10m00.0s), 006/100 VUs, 4394 complete and 0 interrupted iterations
default   [ 100% ] 006/100 VUs  09m59.9s/10m00.0s

running (10m01.0s), 004/100 VUs, 4396 complete and 0 interrupted iterations
default ↓ [ 100% ] 006/100 VUs  10m0s

running (10m02.0s), 003/100 VUs, 4397 complete and 0 interrupted iterations
default ↓ [ 100% ] 006/100 VUs  10m0s

running (10m03.0s), 002/100 VUs, 4398 complete and 0 interrupted iterations
default ↓ [ 100% ] 006/100 VUs  10m0s

running (10m04.0s), 002/100 VUs, 4398 complete and 0 interrupted iterations
default ↓ [ 100% ] 006/100 VUs  10m0s

running (10m05.0s), 002/100 VUs, 4398 complete and 0 interrupted iterations
default ↓ [ 100% ] 006/100 VUs  10m0s

running (10m06.0s), 002/100 VUs, 4398 complete and 0 interrupted iterations
default ↓ [ 100% ] 006/100 VUs  10m0s

running (10m07.0s), 002/100 VUs, 4398 complete and 0 interrupted iterations
default ↓ [ 100% ] 006/100 VUs  10m0s

running (10m08.0s), 001/100 VUs, 4399 complete and 0 interrupted iterations
default ↓ [ 100% ] 006/100 VUs  10m0s

running (10m09.0s), 001/100 VUs, 4399 complete and 0 interrupted iterations
default ↓ [ 100% ] 006/100 VUs  10m0s
     █ setup

[32m       ✓ users-api: health ok[0m
[32m       ✓ products-service: health ok[0m
[32m       ✓ cart-service: health ok[0m
[32m       ✓ orders-service: health ok[0m
[32m       ✓ payments-service: health ok[0m

     █ 1 - auth

[32m       ✓ auth: login ok[0m

     █ 2 - products

[32m       ✓ products list: status 200[0m
[32m       ✓ products list: has data[0m
[32m       ✓ product detail: status 200[0m
[32m       ✓ product detail: has slug[0m

     █ 3 - cart

[32m       ✓ cart: item added 201[0m
[32m       ✓ cart: has items[0m

     █ 4 - orders

[32m       ✓ create order: status 201[0m
[32m       ✓ create order: has id[0m
[32m       ✓ create order: has number[0m

     █ 5 - payments

[32m       ✓ payment: 201 approved or 402 rejected[0m
[32m       ✓ payment: has payment_id[0m
[32m       ✓ payment status: 200[0m
[32m       ✓ payment status: final state[0m

     checks[2m.........................:[0m [36m100.00%[0m [36;2m✓ 61605[0m     [36;2m✗ 0[0m    
     data_received[2m..................:[0m [36m53 MB[0m   [36;2m87 kB/s[0m
     data_sent[2m......................:[0m [36m12 MB[0m   [36;2m19 kB/s[0m
     group_duration[2m.................:[0m avg=[36m2.2s[0m     min=[36m544.94ms[0m med=[36m1.9s[0m    max=[36m6s[0m      p(90)=[36m4s[0m       p(95)=[36m4.6s[0m    
     http_req_blocked[2m...............:[0m avg=[36m490.31µs[0m min=[36m0s[0m       med=[36m523.5µs[0m max=[36m17.48ms[0m p(90)=[36m1.09ms[0m   p(95)=[36m1.13ms[0m  
     http_req_connecting[2m............:[0m avg=[36m465.95µs[0m min=[36m0s[0m       med=[36m522.4µs[0m max=[36m16.92ms[0m p(90)=[36m1.08ms[0m   p(95)=[36m1.12ms[0m  
   [32m✓[0m http_req_duration[2m..............:[0m avg=[36m100.27ms[0m min=[36m1.7ms[0m    med=[36m21.66ms[0m max=[36m1.11s[0m   p(90)=[36m404.03ms[0m p(95)=[36m674.74ms[0m
       { expected_response:true }[2m...:[0m avg=[36m100.27ms[0m min=[36m1.7ms[0m    med=[36m21.66ms[0m max=[36m1.11s[0m   p(90)=[36m404.03ms[0m p(95)=[36m674.74ms[0m
   [32m✓[0m http_req_failed[2m................:[0m [36m0.00%[0m   [36;2m✓ 0[0m         [36;2m✗ 35205[0m
     http_req_receiving[2m.............:[0m avg=[36m102.34µs[0m min=[36m0s[0m       med=[36m0s[0m      max=[36m6.75ms[0m  p(90)=[36m532.1µs[0m  p(95)=[36m548.4µs[0m 
     http_req_sending[2m...............:[0m avg=[36m46.79µs[0m  min=[36m0s[0m       med=[36m0s[0m      max=[36m5.38ms[0m  p(90)=[36m0s[0m       p(95)=[36m538.6µs[0m 
     http_req_tls_handshaking[2m.......:[0m avg=[36m0s[0m       min=[36m0s[0m       med=[36m0s[0m      max=[36m0s[0m      p(90)=[36m0s[0m       p(95)=[36m0s[0m      
     http_req_waiting[2m...............:[0m avg=[36m100.12ms[0m min=[36m1.7ms[0m    med=[36m21.57ms[0m max=[36m1.11s[0m   p(90)=[36m403.88ms[0m p(95)=[36m674.69ms[0m
     http_reqs[2m......................:[0m [36m35205[0m   [36;2m57.725609/s[0m
     iteration_duration[2m.............:[0m avg=[36m11.04s[0m   min=[36m7.56s[0m    med=[36m11.02s[0m  max=[36m14.87s[0m  p(90)=[36m12.42s[0m   p(95)=[36m12.79s[0m  
     iterations[2m.....................:[0m [36m4400[0m    [36;2m7.214676/s[0m
     vus[2m............................:[0m [36m1[0m       [36;2mmin=1[0m       [36;2mmax=100[0m
     vus_max[2m........................:[0m [36m100[0m     [36;2mmin=100[0m     [36;2mmax=100[0m
running (10m09.9s), 000/100 VUs, 4400 complete and 0 interrupted iterations
default ✓ [ 100% ] 000/100 VUs  10m0s
