
         /\      Grafana   /‾‾/  
    /\  /  \     |\  __   /  /   
   /  \/    \    | |/ /  /   ‾‾\ 
  /          \   |   (  |  (‾)  |
 / __________ \  |_|\_\  \_____/ 

time="2026-06-18T10:51:00-03:00" level=warning msg="SSLKEYLOGFILE was specified, logging TLS connection keys to '\\\\.\\nllMonFltProxy\\FFFFE68C4EBD4E80'..." test_path="file:///C:/GitHub/poleras-store-k6/tests/cart/cart.test.js"
     execution: local
        script: tests/cart/cart.test.js
        output: json (results/2026-06-18_stress_cart_run2/raw.json)

     scenarios: (100.00%) 1 scenario, 2000 max VUs, 14m30s max duration (incl. graceful stop):
              * default: Up to 2000 looping VUs for 14m0s over 7 stages (gracefulRampDown: 30s, gracefulStop: 30s)


running (00m00.6s), 0001/2000 VUs, 0 complete and 0 interrupted iterations
default   [   0% ] 0001/2000 VUs  00m00.6s/14m00.0s

running (00m01.6s), 0002/2000 VUs, 0 complete and 0 interrupted iterations
default   [   0% ] 0002/2000 VUs  00m01.6s/14m00.0s

running (00m02.6s), 0003/2000 VUs, 0 complete and 0 interrupted iterations
default   [   0% ] 0003/2000 VUs  00m02.6s/14m00.0s

running (00m03.6s), 0003/2000 VUs, 0 complete and 0 interrupted iterations
default   [   0% ] 0003/2000 VUs  00m03.6s/14m00.0s

running (00m04.6s), 0004/2000 VUs, 1 complete and 0 interrupted iterations
default   [   1% ] 0004/2000 VUs  00m04.6s/14m00.0s

running (00m05.6s), 0005/2000 VUs, 2 complete and 0 interrupted iterations
default   [   1% ] 0005/2000 VUs  00m05.6s/14m00.0s

running (00m06.6s), 0006/2000 VUs, 2 complete and 0 interrupted iterations
default   [   1% ] 0006/2000 VUs  00m06.6s/14m00.0s

running (00m07.6s), 0007/2000 VUs, 3 complete and 0 interrupted iterations
default   [   1% ] 0007/2000 VUs  00m07.6s/14m00.0s

running (00m08.6s), 0008/2000 VUs, 4 complete and 0 interrupted iterations
default   [   1% ] 0008/2000 VUs  00m08.6s/14m00.0s

running (00m09.6s), 0008/2000 VUs, 7 complete and 0 interrupted iterations
default   [   1% ] 0008/2000 VUs  00m09.6s/14m00.0s

running (00m10.6s), 0009/2000 VUs, 8 complete and 0 interrupted iterations
default   [   1% ] 0009/2000 VUs  00m10.6s/14m00.0s

running (00m11.6s), 0010/2000 VUs, 9 complete and 0 interrupted iterations
default   [   1% ] 0010/2000 VUs  00m11.6s/14m00.0s

running (00m12.6s), 0011/2000 VUs, 11 complete and 0 interrupted iterations
default   [   2% ] 0011/2000 VUs  00m12.6s/14m00.0s

running (00m13.6s), 0012/2000 VUs, 14 complete and 0 interrupted iterations
default   [   2% ] 0012/2000 VUs  00m13.6s/14m00.0s

running (00m14.6s), 0013/2000 VUs, 15 complete and 0 interrupted iterations
default   [   2% ] 0013/2000 VUs  00m14.6s/14m00.0s

running (00m15.6s), 0013/2000 VUs, 18 complete and 0 interrupted iterations
default   [   2% ] 0013/2000 VUs  00m15.6s/14m00.0s

running (00m16.6s), 0014/2000 VUs, 20 complete and 0 interrupted iterations
default   [   2% ] 0014/2000 VUs  00m16.6s/14m00.0s

running (00m17.6s), 0015/2000 VUs, 24 complete and 0 interrupted iterations
default   [   2% ] 0015/2000 VUs  00m17.6s/14m00.0s

running (00m18.6s), 0016/2000 VUs, 26 complete and 0 interrupted iterations
default   [   2% ] 0016/2000 VUs  00m18.6s/14m00.0s

running (00m19.6s), 0017/2000 VUs, 32 complete and 0 interrupted iterations
default   [   2% ] 0017/2000 VUs  00m19.6s/14m00.0s

running (00m20.6s), 0018/2000 VUs, 36 complete and 0 interrupted iterations
default   [   2% ] 0018/2000 VUs  00m20.6s/14m00.0s

running (00m21.6s), 0018/2000 VUs, 38 complete and 0 interrupted iterations
default   [   3% ] 0018/2000 VUs  00m21.6s/14m00.0s

running (00m22.6s), 0019/2000 VUs, 43 complete and 0 interrupted iterations
default   [   3% ] 0019/2000 VUs  00m22.6s/14m00.0s

running (00m23.6s), 0020/2000 VUs, 48 complete and 0 interrupted iterations
default   [   3% ] 0020/2000 VUs  00m23.6s/14m00.0s

running (00m24.6s), 0021/2000 VUs, 54 complete and 0 interrupted iterations
default   [   3% ] 0021/2000 VUs  00m24.6s/14m00.0s

running (00m25.6s), 0022/2000 VUs, 56 complete and 0 interrupted iterations
default   [   3% ] 0022/2000 VUs  00m25.6s/14m00.0s

running (00m26.6s), 0022/2000 VUs, 60 complete and 0 interrupted iterations
default   [   3% ] 0022/2000 VUs  00m26.6s/14m00.0s

running (00m27.6s), 0023/2000 VUs, 67 complete and 0 interrupted iterations
default   [   3% ] 0023/2000 VUs  00m27.6s/14m00.0s

running (00m28.6s), 0024/2000 VUs, 73 complete and 0 interrupted iterations
default   [   3% ] 0024/2000 VUs  00m28.6s/14m00.0s

running (00m29.6s), 0025/2000 VUs, 77 complete and 0 interrupted iterations
default   [   4% ] 0025/2000 VUs  00m29.6s/14m00.0s

running (00m30.6s), 0026/2000 VUs, 84 complete and 0 interrupted iterations
default   [   4% ] 0026/2000 VUs  00m30.6s/14m00.0s

running (00m31.6s), 0027/2000 VUs, 86 complete and 0 interrupted iterations
default   [   4% ] 0027/2000 VUs  00m31.6s/14m00.0s

running (00m32.6s), 0027/2000 VUs, 93 complete and 0 interrupted iterations
default   [   4% ] 0027/2000 VUs  00m32.6s/14m00.0s

running (00m33.6s), 0028/2000 VUs, 100 complete and 0 interrupted iterations
default   [   4% ] 0028/2000 VUs  00m33.6s/14m00.0s

running (00m34.6s), 0029/2000 VUs, 105 complete and 0 interrupted iterations
default   [   4% ] 0029/2000 VUs  00m34.6s/14m00.0s

running (00m35.6s), 0030/2000 VUs, 111 complete and 0 interrupted iterations
default   [   4% ] 0030/2000 VUs  00m35.6s/14m00.0s

running (00m36.6s), 0031/2000 VUs, 116 complete and 0 interrupted iterations
default   [   4% ] 0031/2000 VUs  00m36.6s/14m00.0s

running (00m37.6s), 0032/2000 VUs, 129 complete and 0 interrupted iterations
default   [   4% ] 0032/2000 VUs  00m37.6s/14m00.0s

running (00m38.6s), 0032/2000 VUs, 137 complete and 0 interrupted iterations
default   [   5% ] 0032/2000 VUs  00m38.6s/14m00.0s

running (00m39.6s), 0033/2000 VUs, 142 complete and 0 interrupted iterations
default   [   5% ] 0033/2000 VUs  00m39.6s/14m00.0s

running (00m40.6s), 0034/2000 VUs, 153 complete and 0 interrupted iterations
default   [   5% ] 0034/2000 VUs  00m40.6s/14m00.0s

running (00m41.6s), 0035/2000 VUs, 162 complete and 0 interrupted iterations
default   [   5% ] 0035/2000 VUs  00m41.6s/14m00.0s

running (00m42.6s), 0036/2000 VUs, 168 complete and 0 interrupted iterations
default   [   5% ] 0036/2000 VUs  00m42.6s/14m00.0s

running (00m43.6s), 0036/2000 VUs, 172 complete and 0 interrupted iterations
default   [   5% ] 0036/2000 VUs  00m43.6s/14m00.0s

running (00m44.6s), 0037/2000 VUs, 183 complete and 0 interrupted iterations
default   [   5% ] 0037/2000 VUs  00m44.6s/14m00.0s

running (00m45.6s), 0038/2000 VUs, 196 complete and 0 interrupted iterations
default   [   5% ] 0038/2000 VUs  00m45.6s/14m00.0s

running (00m46.6s), 0039/2000 VUs, 205 complete and 0 interrupted iterations
default   [   6% ] 0039/2000 VUs  00m46.6s/14m00.0s

running (00m47.6s), 0040/2000 VUs, 209 complete and 0 interrupted iterations
default   [   6% ] 0040/2000 VUs  00m47.6s/14m00.0s

running (00m48.6s), 0041/2000 VUs, 220 complete and 0 interrupted iterations
default   [   6% ] 0041/2000 VUs  00m48.6s/14m00.0s

running (00m49.6s), 0041/2000 VUs, 229 complete and 0 interrupted iterations
default   [   6% ] 0041/2000 VUs  00m49.6s/14m00.0s

running (00m50.6s), 0042/2000 VUs, 240 complete and 0 interrupted iterations
default   [   6% ] 0042/2000 VUs  00m50.6s/14m00.0s

running (00m51.6s), 0043/2000 VUs, 251 complete and 0 interrupted iterations
default   [   6% ] 0043/2000 VUs  00m51.6s/14m00.0s

running (00m52.6s), 0044/2000 VUs, 260 complete and 0 interrupted iterations
default   [   6% ] 0044/2000 VUs  00m52.6s/14m00.0s

running (00m53.6s), 0045/2000 VUs, 269 complete and 0 interrupted iterations
default   [   6% ] 0045/2000 VUs  00m53.6s/14m00.0s

running (00m54.6s), 0046/2000 VUs, 279 complete and 0 interrupted iterations
default   [   7% ] 0046/2000 VUs  00m54.6s/14m00.0s

running (00m55.6s), 0046/2000 VUs, 292 complete and 0 interrupted iterations
default   [   7% ] 0046/2000 VUs  00m55.6s/14m00.0s

running (00m56.6s), 0047/2000 VUs, 303 complete and 0 interrupted iterations
default   [   7% ] 0047/2000 VUs  00m56.6s/14m00.0s

running (00m57.6s), 0048/2000 VUs, 311 complete and 0 interrupted iterations
default   [   7% ] 0048/2000 VUs  00m57.6s/14m00.0s

running (00m58.6s), 0049/2000 VUs, 323 complete and 0 interrupted iterations
default   [   7% ] 0049/2000 VUs  00m58.6s/14m00.0s

running (00m59.6s), 0050/2000 VUs, 335 complete and 0 interrupted iterations
default   [   7% ] 0050/2000 VUs  00m59.6s/14m00.0s

running (01m00.6s), 0051/2000 VUs, 348 complete and 0 interrupted iterations
default   [   7% ] 0051/2000 VUs  01m00.6s/14m00.0s

running (01m01.6s), 0051/2000 VUs, 359 complete and 0 interrupted iterations
default   [   7% ] 0051/2000 VUs  01m01.6s/14m00.0s

running (01m02.6s), 0052/2000 VUs, 369 complete and 0 interrupted iterations
default   [   7% ] 0052/2000 VUs  01m02.6s/14m00.0s

running (01m03.6s), 0053/2000 VUs, 387 complete and 0 interrupted iterations
default   [   8% ] 0053/2000 VUs  01m03.6s/14m00.0s

running (01m04.6s), 0054/2000 VUs, 396 complete and 0 interrupted iterations
default   [   8% ] 0054/2000 VUs  01m04.6s/14m00.0s

running (01m05.6s), 0055/2000 VUs, 408 complete and 0 interrupted iterations
default   [   8% ] 0055/2000 VUs  01m05.6s/14m00.0s

running (01m06.6s), 0055/2000 VUs, 421 complete and 0 interrupted iterations
default   [   8% ] 0055/2000 VUs  01m06.6s/14m00.0s

running (01m07.6s), 0056/2000 VUs, 435 complete and 0 interrupted iterations
default   [   8% ] 0056/2000 VUs  01m07.6s/14m00.0s

running (01m08.6s), 0057/2000 VUs, 452 complete and 0 interrupted iterations
default   [   8% ] 0057/2000 VUs  01m08.6s/14m00.0s

running (01m09.6s), 0058/2000 VUs, 462 complete and 0 interrupted iterations
default   [   8% ] 0058/2000 VUs  01m09.6s/14m00.0s

running (01m10.6s), 0059/2000 VUs, 475 complete and 0 interrupted iterations
default   [   8% ] 0059/2000 VUs  01m10.6s/14m00.0s

running (01m11.6s), 0060/2000 VUs, 485 complete and 0 interrupted iterations
default   [   9% ] 0060/2000 VUs  01m11.6s/14m00.0s

running (01m12.6s), 0060/2000 VUs, 506 complete and 0 interrupted iterations
default   [   9% ] 0060/2000 VUs  01m12.6s/14m00.0s

running (01m13.6s), 0061/2000 VUs, 521 complete and 0 interrupted iterations
default   [   9% ] 0061/2000 VUs  01m13.6s/14m00.0s

running (01m14.6s), 0062/2000 VUs, 533 complete and 0 interrupted iterations
default   [   9% ] 0062/2000 VUs  01m14.6s/14m00.0s

running (01m15.6s), 0063/2000 VUs, 550 complete and 0 interrupted iterations
default   [   9% ] 0063/2000 VUs  01m15.6s/14m00.0s

running (01m16.6s), 0064/2000 VUs, 569 complete and 0 interrupted iterations
default   [   9% ] 0064/2000 VUs  01m16.6s/14m00.0s

running (01m17.6s), 0065/2000 VUs, 579 complete and 0 interrupted iterations
default   [   9% ] 0065/2000 VUs  01m17.6s/14m00.0s

running (01m18.6s), 0065/2000 VUs, 591 complete and 0 interrupted iterations
default   [   9% ] 0065/2000 VUs  01m18.6s/14m00.0s

running (01m19.6s), 0066/2000 VUs, 607 complete and 0 interrupted iterations
default   [   9% ] 0066/2000 VUs  01m19.6s/14m00.0s

running (01m20.6s), 0067/2000 VUs, 625 complete and 0 interrupted iterations
default   [  10% ] 0067/2000 VUs  01m20.6s/14m00.0s

running (01m21.6s), 0068/2000 VUs, 639 complete and 0 interrupted iterations
default   [  10% ] 0068/2000 VUs  01m21.6s/14m00.0s

running (01m22.6s), 0069/2000 VUs, 654 complete and 0 interrupted iterations
default   [  10% ] 0069/2000 VUs  01m22.6s/14m00.0s

running (01m23.6s), 0069/2000 VUs, 672 complete and 0 interrupted iterations
default   [  10% ] 0069/2000 VUs  01m23.6s/14m00.0s

running (01m24.6s), 0070/2000 VUs, 691 complete and 0 interrupted iterations
default   [  10% ] 0070/2000 VUs  01m24.6s/14m00.0s

running (01m25.6s), 0071/2000 VUs, 711 complete and 0 interrupted iterations
default   [  10% ] 0071/2000 VUs  01m25.6s/14m00.0s

running (01m26.6s), 0072/2000 VUs, 718 complete and 0 interrupted iterations
default   [  10% ] 0072/2000 VUs  01m26.6s/14m00.0s

running (01m27.6s), 0073/2000 VUs, 740 complete and 0 interrupted iterations
default   [  10% ] 0073/2000 VUs  01m27.6s/14m00.0s

running (01m28.6s), 0074/2000 VUs, 762 complete and 0 interrupted iterations
default   [  11% ] 0074/2000 VUs  01m28.6s/14m00.0s

running (01m29.6s), 0074/2000 VUs, 779 complete and 0 interrupted iterations
default   [  11% ] 0074/2000 VUs  01m29.6s/14m00.0s

running (01m30.6s), 0075/2000 VUs, 789 complete and 0 interrupted iterations
default   [  11% ] 0075/2000 VUs  01m30.6s/14m00.0s

running (01m31.6s), 0076/2000 VUs, 811 complete and 0 interrupted iterations
default   [  11% ] 0076/2000 VUs  01m31.6s/14m00.0s

running (01m32.6s), 0077/2000 VUs, 834 complete and 0 interrupted iterations
default   [  11% ] 0077/2000 VUs  01m32.6s/14m00.0s

running (01m33.6s), 0078/2000 VUs, 847 complete and 0 interrupted iterations
default   [  11% ] 0078/2000 VUs  01m33.6s/14m00.0s

running (01m34.6s), 0079/2000 VUs, 862 complete and 0 interrupted iterations
default   [  11% ] 0079/2000 VUs  01m34.6s/14m00.0s

running (01m35.6s), 0079/2000 VUs, 885 complete and 0 interrupted iterations
default   [  11% ] 0079/2000 VUs  01m35.6s/14m00.0s

running (01m36.6s), 0080/2000 VUs, 904 complete and 0 interrupted iterations
default   [  12% ] 0080/2000 VUs  01m36.6s/14m00.0s

running (01m37.6s), 0081/2000 VUs, 920 complete and 0 interrupted iterations
default   [  12% ] 0081/2000 VUs  01m37.6s/14m00.0s

running (01m38.6s), 0082/2000 VUs, 943 complete and 0 interrupted iterations
default   [  12% ] 0082/2000 VUs  01m38.6s/14m00.0s

running (01m39.6s), 0083/2000 VUs, 960 complete and 0 interrupted iterations
default   [  12% ] 0083/2000 VUs  01m39.6s/14m00.0s

running (01m40.6s), 0084/2000 VUs, 980 complete and 0 interrupted iterations
default   [  12% ] 0084/2000 VUs  01m40.6s/14m00.0s

running (01m41.6s), 0084/2000 VUs, 1000 complete and 0 interrupted iterations
default   [  12% ] 0084/2000 VUs  01m41.6s/14m00.0s

running (01m42.6s), 0085/2000 VUs, 1018 complete and 0 interrupted iterations
default   [  12% ] 0085/2000 VUs  01m42.6s/14m00.0s

running (01m43.6s), 0086/2000 VUs, 1038 complete and 0 interrupted iterations
default   [  12% ] 0086/2000 VUs  01m43.6s/14m00.0s

running (01m44.6s), 0087/2000 VUs, 1057 complete and 0 interrupted iterations
default   [  12% ] 0087/2000 VUs  01m44.6s/14m00.0s

running (01m45.6s), 0088/2000 VUs, 1087 complete and 0 interrupted iterations
default   [  13% ] 0088/2000 VUs  01m45.6s/14m00.0s

running (01m46.6s), 0088/2000 VUs, 1103 complete and 0 interrupted iterations
default   [  13% ] 0088/2000 VUs  01m46.6s/14m00.0s

running (01m47.6s), 0089/2000 VUs, 1121 complete and 0 interrupted iterations
default   [  13% ] 0089/2000 VUs  01m47.6s/14m00.0s

running (01m48.6s), 0090/2000 VUs, 1141 complete and 0 interrupted iterations
default   [  13% ] 0090/2000 VUs  01m48.6s/14m00.0s

running (01m49.6s), 0091/2000 VUs, 1172 complete and 0 interrupted iterations
default   [  13% ] 0091/2000 VUs  01m49.6s/14m00.0s

running (01m50.6s), 0092/2000 VUs, 1190 complete and 0 interrupted iterations
default   [  13% ] 0092/2000 VUs  01m50.6s/14m00.0s

running (01m51.6s), 0093/2000 VUs, 1211 complete and 0 interrupted iterations
default   [  13% ] 0093/2000 VUs  01m51.6s/14m00.0s

running (01m52.6s), 0093/2000 VUs, 1233 complete and 0 interrupted iterations
default   [  13% ] 0093/2000 VUs  01m52.6s/14m00.0s

running (01m53.6s), 0094/2000 VUs, 1254 complete and 0 interrupted iterations
default   [  14% ] 0094/2000 VUs  01m53.6s/14m00.0s

running (01m54.6s), 0095/2000 VUs, 1275 complete and 0 interrupted iterations
default   [  14% ] 0095/2000 VUs  01m54.6s/14m00.0s

running (01m55.6s), 0096/2000 VUs, 1299 complete and 0 interrupted iterations
default   [  14% ] 0096/2000 VUs  01m55.6s/14m00.0s

running (01m56.6s), 0097/2000 VUs, 1328 complete and 0 interrupted iterations
default   [  14% ] 0097/2000 VUs  01m56.6s/14m00.0s

running (01m57.6s), 0098/2000 VUs, 1348 complete and 0 interrupted iterations
default   [  14% ] 0098/2000 VUs  01m57.6s/14m00.0s

running (01m58.6s), 0098/2000 VUs, 1369 complete and 0 interrupted iterations
default   [  14% ] 0098/2000 VUs  01m58.6s/14m00.0s

running (01m59.6s), 0099/2000 VUs, 1389 complete and 0 interrupted iterations
default   [  14% ] 0099/2000 VUs  01m59.6s/14m00.0s

running (02m00.6s), 0100/2000 VUs, 1418 complete and 0 interrupted iterations
default   [  14% ] 0100/2000 VUs  02m00.6s/14m00.0s

running (02m01.6s), 0101/2000 VUs, 1443 complete and 0 interrupted iterations
default   [  14% ] 0101/2000 VUs  02m01.6s/14m00.0s

running (02m02.6s), 0102/2000 VUs, 1463 complete and 0 interrupted iterations
default   [  15% ] 0102/2000 VUs  02m02.6s/14m00.0s

running (02m03.6s), 0103/2000 VUs, 1482 complete and 0 interrupted iterations
default   [  15% ] 0103/2000 VUs  02m03.6s/14m00.0s

running (02m04.6s), 0103/2000 VUs, 1507 complete and 0 interrupted iterations
default   [  15% ] 0103/2000 VUs  02m04.6s/14m00.0s

running (02m05.6s), 0104/2000 VUs, 1535 complete and 0 interrupted iterations
default   [  15% ] 0104/2000 VUs  02m05.6s/14m00.0s

running (02m06.6s), 0105/2000 VUs, 1559 complete and 0 interrupted iterations
default   [  15% ] 0105/2000 VUs  02m06.6s/14m00.0s

running (02m07.6s), 0106/2000 VUs, 1584 complete and 0 interrupted iterations
default   [  15% ] 0106/2000 VUs  02m07.6s/14m00.0s

running (02m08.6s), 0107/2000 VUs, 1608 complete and 0 interrupted iterations
default   [  15% ] 0107/2000 VUs  02m08.6s/14m00.0s

running (02m09.6s), 0108/2000 VUs, 1634 complete and 0 interrupted iterations
default   [  15% ] 0108/2000 VUs  02m09.6s/14m00.0s

running (02m10.6s), 0108/2000 VUs, 1657 complete and 0 interrupted iterations
default   [  16% ] 0108/2000 VUs  02m10.6s/14m00.0s

running (02m11.6s), 0109/2000 VUs, 1689 complete and 0 interrupted iterations
default   [  16% ] 0109/2000 VUs  02m11.6s/14m00.0s

running (02m12.6s), 0110/2000 VUs, 1707 complete and 0 interrupted iterations
default   [  16% ] 0110/2000 VUs  02m12.6s/14m00.0s

running (02m13.6s), 0111/2000 VUs, 1737 complete and 0 interrupted iterations
default   [  16% ] 0111/2000 VUs  02m13.6s/14m00.0s

running (02m14.6s), 0112/2000 VUs, 1760 complete and 0 interrupted iterations
default   [  16% ] 0112/2000 VUs  02m14.6s/14m00.0s

running (02m15.6s), 0113/2000 VUs, 1780 complete and 0 interrupted iterations
default   [  16% ] 0113/2000 VUs  02m15.6s/14m00.0s

running (02m16.6s), 0113/2000 VUs, 1815 complete and 0 interrupted iterations
default   [  16% ] 0113/2000 VUs  02m16.6s/14m00.0s

running (02m17.6s), 0114/2000 VUs, 1845 complete and 0 interrupted iterations
default   [  16% ] 0114/2000 VUs  02m17.6s/14m00.0s

running (02m18.6s), 0115/2000 VUs, 1860 complete and 0 interrupted iterations
default   [  17% ] 0115/2000 VUs  02m18.6s/14m00.0s

running (02m19.6s), 0116/2000 VUs, 1889 complete and 0 interrupted iterations
default   [  17% ] 0116/2000 VUs  02m19.6s/14m00.0s

running (02m20.6s), 0117/2000 VUs, 1917 complete and 0 interrupted iterations
default   [  17% ] 0117/2000 VUs  02m20.6s/14m00.0s

running (02m21.6s), 0118/2000 VUs, 1949 complete and 0 interrupted iterations
default   [  17% ] 0118/2000 VUs  02m21.6s/14m00.0s

running (02m22.6s), 0118/2000 VUs, 1973 complete and 0 interrupted iterations
default   [  17% ] 0118/2000 VUs  02m22.6s/14m00.0s

running (02m23.6s), 0119/2000 VUs, 2001 complete and 0 interrupted iterations
default   [  17% ] 0119/2000 VUs  02m23.6s/14m00.0s

running (02m24.6s), 0120/2000 VUs, 2031 complete and 0 interrupted iterations
default   [  17% ] 0120/2000 VUs  02m24.6s/14m00.0s

running (02m25.6s), 0121/2000 VUs, 2057 complete and 0 interrupted iterations
default   [  17% ] 0121/2000 VUs  02m25.6s/14m00.0s

running (02m26.6s), 0122/2000 VUs, 2088 complete and 0 interrupted iterations
default   [  17% ] 0122/2000 VUs  02m26.6s/14m00.0s

running (02m27.6s), 0123/2000 VUs, 2110 complete and 0 interrupted iterations
default   [  18% ] 0123/2000 VUs  02m27.6s/14m00.0s

running (02m28.6s), 0123/2000 VUs, 2134 complete and 0 interrupted iterations
default   [  18% ] 0123/2000 VUs  02m28.6s/14m00.0s

running (02m29.6s), 0124/2000 VUs, 2167 complete and 0 interrupted iterations
default   [  18% ] 0124/2000 VUs  02m29.6s/14m00.0s

running (02m30.6s), 0125/2000 VUs, 2199 complete and 0 interrupted iterations
default   [  18% ] 0125/2000 VUs  02m30.6s/14m00.0s

running (02m31.6s), 0126/2000 VUs, 2230 complete and 0 interrupted iterations
default   [  18% ] 0126/2000 VUs  02m31.6s/14m00.0s

running (02m32.6s), 0127/2000 VUs, 2251 complete and 0 interrupted iterations
default   [  18% ] 0127/2000 VUs  02m32.6s/14m00.0s

running (02m33.6s), 0128/2000 VUs, 2276 complete and 0 interrupted iterations
default   [  18% ] 0128/2000 VUs  02m33.6s/14m00.0s

running (02m34.6s), 0128/2000 VUs, 2307 complete and 0 interrupted iterations
default   [  18% ] 0128/2000 VUs  02m34.6s/14m00.0s

running (02m35.6s), 0129/2000 VUs, 2342 complete and 0 interrupted iterations
default   [  19% ] 0129/2000 VUs  02m35.6s/14m00.0s

running (02m36.6s), 0130/2000 VUs, 2366 complete and 0 interrupted iterations
default   [  19% ] 0130/2000 VUs  02m36.6s/14m00.0s

running (02m37.6s), 0131/2000 VUs, 2390 complete and 0 interrupted iterations
default   [  19% ] 0131/2000 VUs  02m37.6s/14m00.0s

running (02m38.6s), 0132/2000 VUs, 2422 complete and 0 interrupted iterations
default   [  19% ] 0132/2000 VUs  02m38.6s/14m00.0s

running (02m39.6s), 0133/2000 VUs, 2454 complete and 0 interrupted iterations
default   [  19% ] 0133/2000 VUs  02m39.6s/14m00.0s

running (02m40.6s), 0133/2000 VUs, 2487 complete and 0 interrupted iterations
default   [  19% ] 0133/2000 VUs  02m40.6s/14m00.0s

running (02m41.6s), 0134/2000 VUs, 2510 complete and 0 interrupted iterations
default   [  19% ] 0134/2000 VUs  02m41.6s/14m00.0s

running (02m42.6s), 0135/2000 VUs, 2546 complete and 0 interrupted iterations
default   [  19% ] 0135/2000 VUs  02m42.6s/14m00.0s

running (02m43.6s), 0136/2000 VUs, 2573 complete and 0 interrupted iterations
default   [  19% ] 0136/2000 VUs  02m43.6s/14m00.0s

running (02m44.6s), 0137/2000 VUs, 2609 complete and 0 interrupted iterations
default   [  20% ] 0137/2000 VUs  02m44.6s/14m00.0s

running (02m45.6s), 0138/2000 VUs, 2635 complete and 0 interrupted iterations
default   [  20% ] 0138/2000 VUs  02m45.6s/14m00.0s

running (02m46.6s), 0138/2000 VUs, 2665 complete and 0 interrupted iterations
default   [  20% ] 0138/2000 VUs  02m46.6s/14m00.0s

running (02m47.6s), 0139/2000 VUs, 2691 complete and 0 interrupted iterations
default   [  20% ] 0139/2000 VUs  02m47.6s/14m00.0s

running (02m48.6s), 0140/2000 VUs, 2729 complete and 0 interrupted iterations
default   [  20% ] 0140/2000 VUs  02m48.6s/14m00.0s

running (02m49.6s), 0141/2000 VUs, 2766 complete and 0 interrupted iterations
default   [  20% ] 0141/2000 VUs  02m49.6s/14m00.0s

running (02m50.6s), 0142/2000 VUs, 2793 complete and 0 interrupted iterations
default   [  20% ] 0142/2000 VUs  02m50.6s/14m00.0s

running (02m51.6s), 0143/2000 VUs, 2825 complete and 0 interrupted iterations
default   [  20% ] 0143/2000 VUs  02m51.6s/14m00.0s

running (02m52.6s), 0143/2000 VUs, 2862 complete and 0 interrupted iterations
default   [  21% ] 0143/2000 VUs  02m52.6s/14m00.0s

running (02m53.6s), 0144/2000 VUs, 2896 complete and 0 interrupted iterations
default   [  21% ] 0144/2000 VUs  02m53.6s/14m00.0s

running (02m54.6s), 0145/2000 VUs, 2924 complete and 0 interrupted iterations
default   [  21% ] 0145/2000 VUs  02m54.6s/14m00.0s

running (02m55.6s), 0146/2000 VUs, 2959 complete and 0 interrupted iterations
default   [  21% ] 0146/2000 VUs  02m55.6s/14m00.0s

running (02m56.6s), 0147/2000 VUs, 2991 complete and 0 interrupted iterations
default   [  21% ] 0147/2000 VUs  02m56.6s/14m00.0s

running (02m57.6s), 0148/2000 VUs, 3023 complete and 0 interrupted iterations
default   [  21% ] 0148/2000 VUs  02m57.6s/14m00.0s

running (02m58.6s), 0148/2000 VUs, 3045 complete and 0 interrupted iterations
default   [  21% ] 0148/2000 VUs  02m58.6s/14m00.0s

running (02m59.6s), 0149/2000 VUs, 3084 complete and 0 interrupted iterations
default   [  21% ] 0149/2000 VUs  02m59.6s/14m00.0s

running (03m00.6s), 0150/2000 VUs, 3117 complete and 0 interrupted iterations
default   [  22% ] 0150/2000 VUs  03m00.6s/14m00.0s

running (03m01.6s), 0151/2000 VUs, 3159 complete and 0 interrupted iterations
default   [  22% ] 0151/2000 VUs  03m01.6s/14m00.0s

running (03m02.6s), 0152/2000 VUs, 3184 complete and 0 interrupted iterations
default   [  22% ] 0152/2000 VUs  03m02.6s/14m00.0s

running (03m03.6s), 0153/2000 VUs, 3218 complete and 0 interrupted iterations
default   [  22% ] 0153/2000 VUs  03m03.6s/14m00.0s

running (03m04.6s), 0153/2000 VUs, 3249 complete and 0 interrupted iterations
default   [  22% ] 0153/2000 VUs  03m04.6s/14m00.0s

running (03m05.6s), 0154/2000 VUs, 3277 complete and 0 interrupted iterations
default   [  22% ] 0154/2000 VUs  03m05.6s/14m00.0s

running (03m06.6s), 0155/2000 VUs, 3310 complete and 0 interrupted iterations
default   [  22% ] 0155/2000 VUs  03m06.6s/14m00.0s

running (03m07.6s), 0156/2000 VUs, 3338 complete and 0 interrupted iterations
default   [  22% ] 0156/2000 VUs  03m07.6s/14m00.0s

running (03m08.6s), 0157/2000 VUs, 3376 complete and 0 interrupted iterations
default   [  22% ] 0157/2000 VUs  03m08.6s/14m00.0s

running (03m09.6s), 0158/2000 VUs, 3402 complete and 0 interrupted iterations
default   [  23% ] 0158/2000 VUs  03m09.6s/14m00.0s

running (03m10.6s), 0158/2000 VUs, 3446 complete and 0 interrupted iterations
default   [  23% ] 0158/2000 VUs  03m10.6s/14m00.0s

running (03m11.6s), 0159/2000 VUs, 3478 complete and 0 interrupted iterations
default   [  23% ] 0159/2000 VUs  03m11.6s/14m00.0s

running (03m12.6s), 0160/2000 VUs, 3506 complete and 0 interrupted iterations
default   [  23% ] 0160/2000 VUs  03m12.6s/14m00.0s

running (03m13.6s), 0161/2000 VUs, 3542 complete and 0 interrupted iterations
default   [  23% ] 0161/2000 VUs  03m13.6s/14m00.0s

running (03m14.6s), 0162/2000 VUs, 3572 complete and 0 interrupted iterations
default   [  23% ] 0162/2000 VUs  03m14.6s/14m00.0s

running (03m15.6s), 0163/2000 VUs, 3605 complete and 0 interrupted iterations
default   [  23% ] 0163/2000 VUs  03m15.6s/14m00.0s

running (03m16.6s), 0163/2000 VUs, 3636 complete and 0 interrupted iterations
default   [  23% ] 0163/2000 VUs  03m16.6s/14m00.0s

running (03m17.6s), 0164/2000 VUs, 3665 complete and 0 interrupted iterations
default   [  24% ] 0164/2000 VUs  03m17.6s/14m00.0s

running (03m18.6s), 0165/2000 VUs, 3689 complete and 0 interrupted iterations
default   [  24% ] 0165/2000 VUs  03m18.6s/14m00.0s

running (03m19.6s), 0166/2000 VUs, 3727 complete and 0 interrupted iterations
default   [  24% ] 0166/2000 VUs  03m19.6s/14m00.0s

running (03m20.6s), 0167/2000 VUs, 3764 complete and 0 interrupted iterations
default   [  24% ] 0167/2000 VUs  03m20.6s/14m00.0s

running (03m21.6s), 0168/2000 VUs, 3788 complete and 0 interrupted iterations
default   [  24% ] 0168/2000 VUs  03m21.6s/14m00.0s

running (03m22.6s), 0168/2000 VUs, 3820 complete and 0 interrupted iterations
default   [  24% ] 0168/2000 VUs  03m22.6s/14m00.0s

running (03m23.6s), 0169/2000 VUs, 3855 complete and 0 interrupted iterations
default   [  24% ] 0169/2000 VUs  03m23.6s/14m00.0s

running (03m24.6s), 0170/2000 VUs, 3889 complete and 0 interrupted iterations
default   [  24% ] 0170/2000 VUs  03m24.6s/14m00.0s

running (03m25.6s), 0171/2000 VUs, 3930 complete and 0 interrupted iterations
default   [  24% ] 0171/2000 VUs  03m25.6s/14m00.0s

running (03m26.6s), 0172/2000 VUs, 3967 complete and 0 interrupted iterations
default   [  25% ] 0172/2000 VUs  03m26.6s/14m00.0s

running (03m27.6s), 0173/2000 VUs, 3986 complete and 0 interrupted iterations
default   [  25% ] 0173/2000 VUs  03m27.6s/14m00.0s

running (03m28.6s), 0173/2000 VUs, 4026 complete and 0 interrupted iterations
default   [  25% ] 0173/2000 VUs  03m28.6s/14m00.0s

running (03m29.6s), 0174/2000 VUs, 4062 complete and 0 interrupted iterations
default   [  25% ] 0174/2000 VUs  03m29.6s/14m00.0s

running (03m30.6s), 0175/2000 VUs, 4101 complete and 0 interrupted iterations
default   [  25% ] 0175/2000 VUs  03m30.6s/14m00.0s

running (03m31.6s), 0176/2000 VUs, 4137 complete and 0 interrupted iterations
default   [  25% ] 0176/2000 VUs  03m31.6s/14m00.0s

running (03m32.6s), 0177/2000 VUs, 4168 complete and 0 interrupted iterations
default   [  25% ] 0177/2000 VUs  03m32.6s/14m00.0s

running (03m33.6s), 0178/2000 VUs, 4199 complete and 0 interrupted iterations
default   [  25% ] 0178/2000 VUs  03m33.6s/14m00.0s

running (03m34.6s), 0178/2000 VUs, 4247 complete and 0 interrupted iterations
default   [  26% ] 0178/2000 VUs  03m34.6s/14m00.0s

running (03m35.6s), 0179/2000 VUs, 4278 complete and 0 interrupted iterations
default   [  26% ] 0179/2000 VUs  03m35.6s/14m00.0s

running (03m36.6s), 0180/2000 VUs, 4318 complete and 0 interrupted iterations
default   [  26% ] 0180/2000 VUs  03m36.6s/14m00.0s

running (03m37.6s), 0181/2000 VUs, 4338 complete and 0 interrupted iterations
default   [  26% ] 0181/2000 VUs  03m37.6s/14m00.0s

running (03m38.6s), 0182/2000 VUs, 4364 complete and 0 interrupted iterations
default   [  26% ] 0182/2000 VUs  03m38.6s/14m00.0s

running (03m39.6s), 0183/2000 VUs, 4401 complete and 0 interrupted iterations
default   [  26% ] 0183/2000 VUs  03m39.6s/14m00.0s

running (03m40.6s), 0183/2000 VUs, 4443 complete and 0 interrupted iterations
default   [  26% ] 0183/2000 VUs  03m40.6s/14m00.0s

running (03m41.6s), 0184/2000 VUs, 4492 complete and 0 interrupted iterations
default   [  26% ] 0184/2000 VUs  03m41.6s/14m00.0s

running (03m42.6s), 0185/2000 VUs, 4518 complete and 0 interrupted iterations
default   [  27% ] 0185/2000 VUs  03m42.6s/14m00.0s

running (03m43.6s), 0186/2000 VUs, 4534 complete and 0 interrupted iterations
default   [  27% ] 0186/2000 VUs  03m43.6s/14m00.0s

running (03m44.6s), 0187/2000 VUs, 4581 complete and 0 interrupted iterations
default   [  27% ] 0187/2000 VUs  03m44.6s/14m00.0s

running (03m45.6s), 0188/2000 VUs, 4609 complete and 0 interrupted iterations
default   [  27% ] 0188/2000 VUs  03m45.6s/14m00.0s

running (03m46.6s), 0188/2000 VUs, 4656 complete and 0 interrupted iterations
default   [  27% ] 0188/2000 VUs  03m46.6s/14m00.0s

running (03m47.6s), 0189/2000 VUs, 4692 complete and 0 interrupted iterations
default   [  27% ] 0189/2000 VUs  03m47.6s/14m00.0s

running (03m48.6s), 0190/2000 VUs, 4711 complete and 0 interrupted iterations
default   [  27% ] 0190/2000 VUs  03m48.6s/14m00.0s

running (03m49.6s), 0191/2000 VUs, 4744 complete and 0 interrupted iterations
default   [  27% ] 0191/2000 VUs  03m49.6s/14m00.0s

running (03m50.6s), 0192/2000 VUs, 4778 complete and 0 interrupted iterations
default   [  27% ] 0192/2000 VUs  03m50.6s/14m00.0s

running (03m51.6s), 0193/2000 VUs, 4828 complete and 0 interrupted iterations
default   [  28% ] 0193/2000 VUs  03m51.6s/14m00.0s

running (03m52.6s), 0193/2000 VUs, 4864 complete and 0 interrupted iterations
default   [  28% ] 0193/2000 VUs  03m52.6s/14m00.0s

running (03m53.6s), 0194/2000 VUs, 4895 complete and 0 interrupted iterations
default   [  28% ] 0194/2000 VUs  03m53.6s/14m00.0s

running (03m54.6s), 0195/2000 VUs, 4920 complete and 0 interrupted iterations
default   [  28% ] 0195/2000 VUs  03m54.6s/14m00.0s

running (03m55.6s), 0196/2000 VUs, 4952 complete and 0 interrupted iterations
default   [  28% ] 0196/2000 VUs  03m55.6s/14m00.0s

running (03m56.6s), 0197/2000 VUs, 4991 complete and 0 interrupted iterations
default   [  28% ] 0197/2000 VUs  03m56.6s/14m00.0s

running (03m57.6s), 0198/2000 VUs, 5019 complete and 0 interrupted iterations
default   [  28% ] 0198/2000 VUs  03m57.6s/14m00.0s

running (03m58.6s), 0198/2000 VUs, 5052 complete and 0 interrupted iterations
default   [  28% ] 0198/2000 VUs  03m58.6s/14m00.0s

running (03m59.6s), 0199/2000 VUs, 5094 complete and 0 interrupted iterations
default   [  29% ] 0199/2000 VUs  03m59.6s/14m00.0s

running (04m00.6s), 0201/2000 VUs, 5112 complete and 0 interrupted iterations
default   [  29% ] 0201/2000 VUs  04m00.6s/14m00.0s

running (04m01.6s), 0202/2000 VUs, 5141 complete and 0 interrupted iterations
default   [  29% ] 0202/2000 VUs  04m01.6s/14m00.0s

running (04m02.6s), 0204/2000 VUs, 5174 complete and 0 interrupted iterations
default   [  29% ] 0204/2000 VUs  04m02.6s/14m00.0s

running (04m03.6s), 0206/2000 VUs, 5212 complete and 0 interrupted iterations
default   [  29% ] 0206/2000 VUs  04m03.6s/14m00.0s

running (04m04.6s), 0207/2000 VUs, 5249 complete and 0 interrupted iterations
default   [  29% ] 0207/2000 VUs  04m04.6s/14m00.0s

running (04m05.6s), 0209/2000 VUs, 5273 complete and 0 interrupted iterations
default   [  29% ] 0209/2000 VUs  04m05.6s/14m00.0s

running (04m06.6s), 0211/2000 VUs, 5303 complete and 0 interrupted iterations
default   [  29% ] 0211/2000 VUs  04m06.6s/14m00.0s

running (04m07.6s), 0212/2000 VUs, 5332 complete and 0 interrupted iterations
default   [  29% ] 0212/2000 VUs  04m07.6s/14m00.0s

running (04m08.6s), 0214/2000 VUs, 5358 complete and 0 interrupted iterations
default   [  30% ] 0214/2000 VUs  04m08.6s/14m00.0s

running (04m09.6s), 0216/2000 VUs, 5403 complete and 0 interrupted iterations
default   [  30% ] 0216/2000 VUs  04m09.6s/14m00.0s

running (04m10.6s), 0217/2000 VUs, 5436 complete and 0 interrupted iterations
default   [  30% ] 0217/2000 VUs  04m10.6s/14m00.0s

running (04m11.6s), 0219/2000 VUs, 5469 complete and 0 interrupted iterations
default   [  30% ] 0219/2000 VUs  04m11.6s/14m00.0s

running (04m12.6s), 0221/2000 VUs, 5502 complete and 0 interrupted iterations
default   [  30% ] 0221/2000 VUs  04m12.6s/14m00.0s

running (04m13.6s), 0222/2000 VUs, 5529 complete and 0 interrupted iterations
default   [  30% ] 0222/2000 VUs  04m13.6s/14m00.0s

running (04m14.6s), 0224/2000 VUs, 5549 complete and 0 interrupted iterations
default   [  30% ] 0224/2000 VUs  04m14.6s/14m00.0s

running (04m15.6s), 0226/2000 VUs, 5586 complete and 0 interrupted iterations
default   [  30% ] 0226/2000 VUs  04m15.6s/14m00.0s

running (04m16.6s), 0227/2000 VUs, 5615 complete and 0 interrupted iterations
default   [  31% ] 0227/2000 VUs  04m16.6s/14m00.0s

running (04m17.6s), 0229/2000 VUs, 5670 complete and 0 interrupted iterations
default   [  31% ] 0229/2000 VUs  04m17.6s/14m00.0s

running (04m18.6s), 0231/2000 VUs, 5694 complete and 0 interrupted iterations
default   [  31% ] 0231/2000 VUs  04m18.6s/14m00.0s

running (04m19.6s), 0232/2000 VUs, 5723 complete and 0 interrupted iterations
default   [  31% ] 0232/2000 VUs  04m19.6s/14m00.0s

running (04m20.6s), 0234/2000 VUs, 5755 complete and 0 interrupted iterations
default   [  31% ] 0234/2000 VUs  04m20.6s/14m00.0s

running (04m21.6s), 0236/2000 VUs, 5780 complete and 0 interrupted iterations
default   [  31% ] 0236/2000 VUs  04m21.6s/14m00.0s

running (04m22.6s), 0237/2000 VUs, 5813 complete and 0 interrupted iterations
default   [  31% ] 0237/2000 VUs  04m22.6s/14m00.0s

running (04m23.6s), 0239/2000 VUs, 5832 complete and 0 interrupted iterations
default   [  31% ] 0239/2000 VUs  04m23.6s/14m00.0s

running (04m24.6s), 0241/2000 VUs, 5876 complete and 0 interrupted iterations
default   [  32% ] 0241/2000 VUs  04m24.6s/14m00.0s

running (04m25.6s), 0242/2000 VUs, 5899 complete and 0 interrupted iterations
default   [  32% ] 0242/2000 VUs  04m25.6s/14m00.0s

running (04m26.6s), 0244/2000 VUs, 5931 complete and 0 interrupted iterations
default   [  32% ] 0244/2000 VUs  04m26.6s/14m00.0s

running (04m27.6s), 0246/2000 VUs, 5946 complete and 0 interrupted iterations
default   [  32% ] 0246/2000 VUs  04m27.6s/14m00.0s

running (04m28.6s), 0247/2000 VUs, 5974 complete and 0 interrupted iterations
default   [  32% ] 0247/2000 VUs  04m28.6s/14m00.0s

running (04m29.6s), 0249/2000 VUs, 6003 complete and 0 interrupted iterations
default   [  32% ] 0249/2000 VUs  04m29.6s/14m00.0s

running (04m30.6s), 0251/2000 VUs, 6024 complete and 0 interrupted iterations
default   [  32% ] 0251/2000 VUs  04m30.6s/14m00.0s

running (04m31.6s), 0252/2000 VUs, 6050 complete and 0 interrupted iterations
default   [  32% ] 0252/2000 VUs  04m31.6s/14m00.0s

running (04m32.6s), 0254/2000 VUs, 6087 complete and 0 interrupted iterations
default   [  32% ] 0254/2000 VUs  04m32.6s/14m00.0s

running (04m33.6s), 0256/2000 VUs, 6128 complete and 0 interrupted iterations
default   [  33% ] 0256/2000 VUs  04m33.6s/14m00.0s

running (04m34.6s), 0257/2000 VUs, 6158 complete and 0 interrupted iterations
default   [  33% ] 0257/2000 VUs  04m34.6s/14m00.0s

running (04m35.6s), 0259/2000 VUs, 6179 complete and 0 interrupted iterations
default   [  33% ] 0259/2000 VUs  04m35.6s/14m00.0s

running (04m36.6s), 0261/2000 VUs, 6210 complete and 0 interrupted iterations
default   [  33% ] 0261/2000 VUs  04m36.6s/14m00.0s

running (04m37.6s), 0262/2000 VUs, 6245 complete and 0 interrupted iterations
default   [  33% ] 0262/2000 VUs  04m37.6s/14m00.0s

running (04m38.6s), 0264/2000 VUs, 6271 complete and 0 interrupted iterations
default   [  33% ] 0264/2000 VUs  04m38.6s/14m00.0s

running (04m39.6s), 0266/2000 VUs, 6306 complete and 0 interrupted iterations
default   [  33% ] 0266/2000 VUs  04m39.6s/14m00.0s

running (04m40.6s), 0267/2000 VUs, 6342 complete and 0 interrupted iterations
default   [  33% ] 0267/2000 VUs  04m40.6s/14m00.0s

running (04m41.6s), 0269/2000 VUs, 6382 complete and 0 interrupted iterations
default   [  34% ] 0269/2000 VUs  04m41.6s/14m00.0s

running (04m42.6s), 0271/2000 VUs, 6418 complete and 0 interrupted iterations
default   [  34% ] 0271/2000 VUs  04m42.6s/14m00.0s

running (04m43.6s), 0272/2000 VUs, 6451 complete and 0 interrupted iterations
default   [  34% ] 0272/2000 VUs  04m43.6s/14m00.0s

running (04m44.6s), 0274/2000 VUs, 6480 complete and 0 interrupted iterations
default   [  34% ] 0274/2000 VUs  04m44.6s/14m00.0s

running (04m45.6s), 0276/2000 VUs, 6499 complete and 0 interrupted iterations
default   [  34% ] 0276/2000 VUs  04m45.6s/14m00.0s

running (04m46.6s), 0277/2000 VUs, 6535 complete and 0 interrupted iterations
default   [  34% ] 0277/2000 VUs  04m46.6s/14m00.0s

running (04m47.6s), 0279/2000 VUs, 6568 complete and 0 interrupted iterations
default   [  34% ] 0279/2000 VUs  04m47.6s/14m00.0s

running (04m48.6s), 0281/2000 VUs, 6600 complete and 0 interrupted iterations
default   [  34% ] 0281/2000 VUs  04m48.6s/14m00.0s

running (04m49.6s), 0282/2000 VUs, 6638 complete and 0 interrupted iterations
default   [  34% ] 0282/2000 VUs  04m49.6s/14m00.0s

running (04m50.6s), 0284/2000 VUs, 6678 complete and 0 interrupted iterations
default   [  35% ] 0284/2000 VUs  04m50.6s/14m00.0s

running (04m51.6s), 0286/2000 VUs, 6717 complete and 0 interrupted iterations
default   [  35% ] 0286/2000 VUs  04m51.6s/14m00.0s

running (04m52.6s), 0287/2000 VUs, 6747 complete and 0 interrupted iterations
default   [  35% ] 0287/2000 VUs  04m52.6s/14m00.0s

running (04m53.6s), 0289/2000 VUs, 6774 complete and 0 interrupted iterations
default   [  35% ] 0289/2000 VUs  04m53.6s/14m00.0s

running (04m54.6s), 0291/2000 VUs, 6810 complete and 0 interrupted iterations
default   [  35% ] 0291/2000 VUs  04m54.6s/14m00.0s

running (04m55.6s), 0292/2000 VUs, 6835 complete and 0 interrupted iterations
default   [  35% ] 0292/2000 VUs  04m55.6s/14m00.0s

running (04m56.6s), 0294/2000 VUs, 6866 complete and 0 interrupted iterations
default   [  35% ] 0294/2000 VUs  04m56.6s/14m00.0s

running (04m57.6s), 0296/2000 VUs, 6898 complete and 0 interrupted iterations
default   [  35% ] 0296/2000 VUs  04m57.6s/14m00.0s

running (04m58.6s), 0297/2000 VUs, 6932 complete and 0 interrupted iterations
default   [  36% ] 0297/2000 VUs  04m58.6s/14m00.0s

running (04m59.6s), 0299/2000 VUs, 6979 complete and 0 interrupted iterations
default   [  36% ] 0299/2000 VUs  04m59.6s/14m00.0s

running (05m00.6s), 0301/2000 VUs, 7004 complete and 0 interrupted iterations
default   [  36% ] 0301/2000 VUs  05m00.6s/14m00.0s

running (05m01.6s), 0302/2000 VUs, 7037 complete and 0 interrupted iterations
default   [  36% ] 0302/2000 VUs  05m01.6s/14m00.0s

running (05m02.6s), 0304/2000 VUs, 7065 complete and 0 interrupted iterations
default   [  36% ] 0304/2000 VUs  05m02.6s/14m00.0s

running (05m03.6s), 0306/2000 VUs, 7108 complete and 0 interrupted iterations
default   [  36% ] 0306/2000 VUs  05m03.6s/14m00.0s

running (05m04.6s), 0307/2000 VUs, 7142 complete and 0 interrupted iterations
default   [  36% ] 0307/2000 VUs  05m04.6s/14m00.0s

running (05m05.6s), 0309/2000 VUs, 7153 complete and 0 interrupted iterations
default   [  36% ] 0309/2000 VUs  05m05.6s/14m00.0s

running (05m06.6s), 0311/2000 VUs, 7188 complete and 0 interrupted iterations
default   [  37% ] 0311/2000 VUs  05m06.6s/14m00.0s

running (05m07.6s), 0312/2000 VUs, 7240 complete and 0 interrupted iterations
default   [  37% ] 0312/2000 VUs  05m07.6s/14m00.0s

running (05m08.6s), 0314/2000 VUs, 7268 complete and 0 interrupted iterations
default   [  37% ] 0314/2000 VUs  05m08.6s/14m00.0s

running (05m09.6s), 0316/2000 VUs, 7304 complete and 0 interrupted iterations
default   [  37% ] 0316/2000 VUs  05m09.6s/14m00.0s

running (05m10.6s), 0317/2000 VUs, 7337 complete and 0 interrupted iterations
default   [  37% ] 0317/2000 VUs  05m10.6s/14m00.0s

running (05m11.6s), 0319/2000 VUs, 7361 complete and 0 interrupted iterations
default   [  37% ] 0319/2000 VUs  05m11.6s/14m00.0s

running (05m12.6s), 0321/2000 VUs, 7407 complete and 0 interrupted iterations
default   [  37% ] 0321/2000 VUs  05m12.6s/14m00.0s

running (05m13.6s), 0322/2000 VUs, 7424 complete and 0 interrupted iterations
default   [  37% ] 0322/2000 VUs  05m13.6s/14m00.0s

running (05m14.6s), 0324/2000 VUs, 7450 complete and 0 interrupted iterations
default   [  37% ] 0324/2000 VUs  05m14.6s/14m00.0s

running (05m15.6s), 0326/2000 VUs, 7478 complete and 0 interrupted iterations
default   [  38% ] 0326/2000 VUs  05m15.6s/14m00.0s

running (05m16.6s), 0327/2000 VUs, 7503 complete and 0 interrupted iterations
default   [  38% ] 0327/2000 VUs  05m16.6s/14m00.0s

running (05m17.6s), 0329/2000 VUs, 7542 complete and 0 interrupted iterations
default   [  38% ] 0329/2000 VUs  05m17.6s/14m00.0s

running (05m18.6s), 0331/2000 VUs, 7588 complete and 0 interrupted iterations
default   [  38% ] 0331/2000 VUs  05m18.6s/14m00.0s

running (05m19.6s), 0332/2000 VUs, 7607 complete and 0 interrupted iterations
default   [  38% ] 0332/2000 VUs  05m19.6s/14m00.0s

running (05m20.6s), 0334/2000 VUs, 7630 complete and 0 interrupted iterations
default   [  38% ] 0334/2000 VUs  05m20.6s/14m00.0s

running (05m21.6s), 0336/2000 VUs, 7679 complete and 0 interrupted iterations
default   [  38% ] 0336/2000 VUs  05m21.6s/14m00.0s

running (05m22.6s), 0337/2000 VUs, 7703 complete and 0 interrupted iterations
default   [  38% ] 0337/2000 VUs  05m22.6s/14m00.0s

running (05m23.6s), 0339/2000 VUs, 7760 complete and 0 interrupted iterations
default   [  39% ] 0339/2000 VUs  05m23.6s/14m00.0s

running (05m24.6s), 0341/2000 VUs, 7781 complete and 0 interrupted iterations
default   [  39% ] 0341/2000 VUs  05m24.6s/14m00.0s

running (05m25.6s), 0342/2000 VUs, 7793 complete and 0 interrupted iterations
default   [  39% ] 0342/2000 VUs  05m25.6s/14m00.0s

running (05m26.6s), 0344/2000 VUs, 7862 complete and 0 interrupted iterations
default   [  39% ] 0344/2000 VUs  05m26.6s/14m00.0s

running (05m27.6s), 0346/2000 VUs, 7883 complete and 0 interrupted iterations
default   [  39% ] 0346/2000 VUs  05m27.6s/14m00.0s

running (05m28.6s), 0347/2000 VUs, 7898 complete and 0 interrupted iterations
default   [  39% ] 0347/2000 VUs  05m28.6s/14m00.0s

running (05m29.6s), 0349/2000 VUs, 7935 complete and 0 interrupted iterations
default   [  39% ] 0349/2000 VUs  05m29.6s/14m00.0s

running (05m30.6s), 0351/2000 VUs, 7955 complete and 0 interrupted iterations
default   [  39% ] 0351/2000 VUs  05m30.6s/14m00.0s

running (05m31.6s), 0352/2000 VUs, 7974 complete and 0 interrupted iterations
default   [  39% ] 0352/2000 VUs  05m31.6s/14m00.0s

running (05m32.6s), 0354/2000 VUs, 8028 complete and 0 interrupted iterations
default   [  40% ] 0354/2000 VUs  05m32.6s/14m00.0s

running (05m33.6s), 0356/2000 VUs, 8057 complete and 0 interrupted iterations
default   [  40% ] 0356/2000 VUs  05m33.6s/14m00.0s

running (05m34.6s), 0357/2000 VUs, 8081 complete and 0 interrupted iterations
default   [  40% ] 0357/2000 VUs  05m34.6s/14m00.0s

running (05m35.6s), 0359/2000 VUs, 8114 complete and 0 interrupted iterations
default   [  40% ] 0359/2000 VUs  05m35.6s/14m00.0s

running (05m36.6s), 0361/2000 VUs, 8134 complete and 0 interrupted iterations
default   [  40% ] 0361/2000 VUs  05m36.6s/14m00.0s

running (05m37.6s), 0362/2000 VUs, 8163 complete and 0 interrupted iterations
default   [  40% ] 0362/2000 VUs  05m37.6s/14m00.0s

running (05m38.6s), 0364/2000 VUs, 8240 complete and 0 interrupted iterations
default   [  40% ] 0364/2000 VUs  05m38.6s/14m00.0s
