
         /\      Grafana   /‾‾/  
    /\  /  \     |\  __   /  /   
   /  \/    \    | |/ /  /   ‾‾\ 
  /          \   |   (  |  (‾)  |
 / __________ \  |_|\_\  \_____/ 

time="2026-06-18T12:56:59-03:00" level=warning msg="SSLKEYLOGFILE was specified, logging TLS connection keys to '\\\\.\\nllMonFltProxy\\FFFFE68C4EBD4E80'..." test_path="file:///C:/GitHub/poleras-store-k6/tests/cart/cart.test.js"
     execution: local
        script: tests/cart/cart.test.js
        output: json (results/2026-06-18_stress_cart_run5/raw.json)

     scenarios: (100.00%) 1 scenario, 2000 max VUs, 14m30s max duration (incl. graceful stop):
              * default: Up to 2000 looping VUs for 14m0s over 7 stages (gracefulRampDown: 30s, gracefulStop: 30s)


running (00m00.7s), 0001/2000 VUs, 0 complete and 0 interrupted iterations
default   [   0% ] 0001/2000 VUs  00m00.6s/14m00.0s

running (00m01.7s), 0002/2000 VUs, 0 complete and 0 interrupted iterations
default   [   0% ] 0002/2000 VUs  00m01.6s/14m00.0s

running (00m02.7s), 0003/2000 VUs, 0 complete and 0 interrupted iterations
default   [   0% ] 0003/2000 VUs  00m02.6s/14m00.0s

running (00m03.7s), 0004/2000 VUs, 0 complete and 0 interrupted iterations
default   [   0% ] 0004/2000 VUs  00m03.6s/14m00.0s

running (00m04.7s), 0004/2000 VUs, 1 complete and 0 interrupted iterations
default   [   1% ] 0004/2000 VUs  00m04.6s/14m00.0s

running (00m05.7s), 0005/2000 VUs, 2 complete and 0 interrupted iterations
default   [   1% ] 0005/2000 VUs  00m05.6s/14m00.0s

running (00m06.7s), 0006/2000 VUs, 2 complete and 0 interrupted iterations
default   [   1% ] 0006/2000 VUs  00m06.6s/14m00.0s

running (00m07.7s), 0007/2000 VUs, 3 complete and 0 interrupted iterations
default   [   1% ] 0007/2000 VUs  00m07.6s/14m00.0s

running (00m08.7s), 0008/2000 VUs, 4 complete and 0 interrupted iterations
default   [   1% ] 0008/2000 VUs  00m08.6s/14m00.0s

running (00m09.7s), 0008/2000 VUs, 7 complete and 0 interrupted iterations
default   [   1% ] 0008/2000 VUs  00m09.6s/14m00.0s

running (00m10.7s), 0009/2000 VUs, 7 complete and 0 interrupted iterations
default   [   1% ] 0009/2000 VUs  00m10.6s/14m00.0s

running (00m11.7s), 0010/2000 VUs, 10 complete and 0 interrupted iterations
default   [   1% ] 0010/2000 VUs  00m11.6s/14m00.0s

running (00m12.7s), 0011/2000 VUs, 12 complete and 0 interrupted iterations
default   [   2% ] 0011/2000 VUs  00m12.6s/14m00.0s

running (00m13.7s), 0012/2000 VUs, 13 complete and 0 interrupted iterations
default   [   2% ] 0012/2000 VUs  00m13.6s/14m00.0s

running (00m14.7s), 0013/2000 VUs, 16 complete and 0 interrupted iterations
default   [   2% ] 0013/2000 VUs  00m14.6s/14m00.0s

running (00m15.7s), 0013/2000 VUs, 18 complete and 0 interrupted iterations
default   [   2% ] 0013/2000 VUs  00m15.6s/14m00.0s

running (00m16.7s), 0014/2000 VUs, 22 complete and 0 interrupted iterations
default   [   2% ] 0014/2000 VUs  00m16.6s/14m00.0s

running (00m17.7s), 0015/2000 VUs, 25 complete and 0 interrupted iterations
default   [   2% ] 0015/2000 VUs  00m17.6s/14m00.0s

running (00m18.7s), 0016/2000 VUs, 29 complete and 0 interrupted iterations
default   [   2% ] 0016/2000 VUs  00m18.6s/14m00.0s

running (00m19.7s), 0017/2000 VUs, 33 complete and 0 interrupted iterations
default   [   2% ] 0017/2000 VUs  00m19.6s/14m00.0s

running (00m20.7s), 0018/2000 VUs, 36 complete and 0 interrupted iterations
default   [   2% ] 0018/2000 VUs  00m20.6s/14m00.0s

running (00m21.7s), 0018/2000 VUs, 41 complete and 0 interrupted iterations
default   [   3% ] 0018/2000 VUs  00m21.6s/14m00.0s

running (00m22.7s), 0019/2000 VUs, 42 complete and 0 interrupted iterations
default   [   3% ] 0019/2000 VUs  00m22.6s/14m00.0s

running (00m23.7s), 0020/2000 VUs, 49 complete and 0 interrupted iterations
default   [   3% ] 0020/2000 VUs  00m23.6s/14m00.0s

running (00m24.7s), 0021/2000 VUs, 54 complete and 0 interrupted iterations
default   [   3% ] 0021/2000 VUs  00m24.6s/14m00.0s

running (00m25.7s), 0022/2000 VUs, 59 complete and 0 interrupted iterations
default   [   3% ] 0022/2000 VUs  00m25.6s/14m00.0s

running (00m26.7s), 0022/2000 VUs, 62 complete and 0 interrupted iterations
default   [   3% ] 0022/2000 VUs  00m26.6s/14m00.0s

running (00m27.7s), 0023/2000 VUs, 69 complete and 0 interrupted iterations
default   [   3% ] 0023/2000 VUs  00m27.6s/14m00.0s

running (00m28.7s), 0024/2000 VUs, 73 complete and 0 interrupted iterations
default   [   3% ] 0024/2000 VUs  00m28.6s/14m00.0s

running (00m29.7s), 0025/2000 VUs, 81 complete and 0 interrupted iterations
default   [   4% ] 0025/2000 VUs  00m29.6s/14m00.0s

running (00m30.7s), 0026/2000 VUs, 83 complete and 0 interrupted iterations
default   [   4% ] 0026/2000 VUs  00m30.6s/14m00.0s

running (00m31.7s), 0027/2000 VUs, 89 complete and 0 interrupted iterations
default   [   4% ] 0027/2000 VUs  00m31.6s/14m00.0s

running (00m32.7s), 0027/2000 VUs, 97 complete and 0 interrupted iterations
default   [   4% ] 0027/2000 VUs  00m32.6s/14m00.0s

running (00m33.7s), 0028/2000 VUs, 106 complete and 0 interrupted iterations
default   [   4% ] 0028/2000 VUs  00m33.6s/14m00.0s

running (00m34.7s), 0029/2000 VUs, 110 complete and 0 interrupted iterations
default   [   4% ] 0029/2000 VUs  00m34.6s/14m00.0s

running (00m35.7s), 0030/2000 VUs, 117 complete and 0 interrupted iterations
default   [   4% ] 0030/2000 VUs  00m35.6s/14m00.0s

running (00m36.7s), 0031/2000 VUs, 122 complete and 0 interrupted iterations
default   [   4% ] 0031/2000 VUs  00m36.6s/14m00.0s

running (00m37.7s), 0032/2000 VUs, 133 complete and 0 interrupted iterations
default   [   4% ] 0032/2000 VUs  00m37.6s/14m00.0s

running (00m38.7s), 0032/2000 VUs, 141 complete and 0 interrupted iterations
default   [   5% ] 0032/2000 VUs  00m38.6s/14m00.0s

running (00m39.7s), 0033/2000 VUs, 148 complete and 0 interrupted iterations
default   [   5% ] 0033/2000 VUs  00m39.6s/14m00.0s

running (00m40.7s), 0034/2000 VUs, 156 complete and 0 interrupted iterations
default   [   5% ] 0034/2000 VUs  00m40.6s/14m00.0s

running (00m41.7s), 0035/2000 VUs, 163 complete and 0 interrupted iterations
default   [   5% ] 0035/2000 VUs  00m41.6s/14m00.0s

running (00m42.7s), 0036/2000 VUs, 171 complete and 0 interrupted iterations
default   [   5% ] 0036/2000 VUs  00m42.6s/14m00.0s

running (00m43.7s), 0037/2000 VUs, 181 complete and 0 interrupted iterations
default   [   5% ] 0037/2000 VUs  00m43.6s/14m00.0s

running (00m44.7s), 0037/2000 VUs, 189 complete and 0 interrupted iterations
default   [   5% ] 0037/2000 VUs  00m44.6s/14m00.0s

running (00m45.7s), 0038/2000 VUs, 198 complete and 0 interrupted iterations
default   [   5% ] 0038/2000 VUs  00m45.6s/14m00.0s

running (00m46.7s), 0039/2000 VUs, 208 complete and 0 interrupted iterations
default   [   6% ] 0039/2000 VUs  00m46.6s/14m00.0s

running (00m47.7s), 0040/2000 VUs, 216 complete and 0 interrupted iterations
default   [   6% ] 0040/2000 VUs  00m47.6s/14m00.0s

running (00m48.7s), 0041/2000 VUs, 227 complete and 0 interrupted iterations
default   [   6% ] 0041/2000 VUs  00m48.6s/14m00.0s

running (00m49.7s), 0041/2000 VUs, 236 complete and 0 interrupted iterations
default   [   6% ] 0041/2000 VUs  00m49.6s/14m00.0s

running (00m50.7s), 0042/2000 VUs, 245 complete and 0 interrupted iterations
default   [   6% ] 0042/2000 VUs  00m50.6s/14m00.0s

running (00m51.7s), 0043/2000 VUs, 255 complete and 0 interrupted iterations
default   [   6% ] 0043/2000 VUs  00m51.6s/14m00.0s

running (00m52.7s), 0044/2000 VUs, 268 complete and 0 interrupted iterations
default   [   6% ] 0044/2000 VUs  00m52.6s/14m00.0s

running (00m53.7s), 0045/2000 VUs, 278 complete and 0 interrupted iterations
default   [   6% ] 0045/2000 VUs  00m53.6s/14m00.0s

running (00m54.7s), 0046/2000 VUs, 285 complete and 0 interrupted iterations
default   [   7% ] 0046/2000 VUs  00m54.6s/14m00.0s

running (00m55.7s), 0046/2000 VUs, 301 complete and 0 interrupted iterations
default   [   7% ] 0046/2000 VUs  00m55.6s/14m00.0s

running (00m56.7s), 0047/2000 VUs, 312 complete and 0 interrupted iterations
default   [   7% ] 0047/2000 VUs  00m56.6s/14m00.0s

running (00m57.7s), 0048/2000 VUs, 322 complete and 0 interrupted iterations
default   [   7% ] 0048/2000 VUs  00m57.6s/14m00.0s

running (00m58.7s), 0049/2000 VUs, 332 complete and 0 interrupted iterations
default   [   7% ] 0049/2000 VUs  00m58.6s/14m00.0s

running (00m59.7s), 0050/2000 VUs, 346 complete and 0 interrupted iterations
default   [   7% ] 0050/2000 VUs  00m59.6s/14m00.0s

running (01m00.7s), 0051/2000 VUs, 363 complete and 0 interrupted iterations
default   [   7% ] 0051/2000 VUs  01m00.6s/14m00.0s

running (01m01.7s), 0051/2000 VUs, 369 complete and 0 interrupted iterations
default   [   7% ] 0051/2000 VUs  01m01.6s/14m00.0s

running (01m02.7s), 0052/2000 VUs, 382 complete and 0 interrupted iterations
default   [   7% ] 0052/2000 VUs  01m02.6s/14m00.0s

running (01m03.7s), 0053/2000 VUs, 398 complete and 0 interrupted iterations
default   [   8% ] 0053/2000 VUs  01m03.6s/14m00.0s

running (01m04.7s), 0054/2000 VUs, 408 complete and 0 interrupted iterations
default   [   8% ] 0054/2000 VUs  01m04.6s/14m00.0s

running (01m05.7s), 0055/2000 VUs, 419 complete and 0 interrupted iterations
default   [   8% ] 0055/2000 VUs  01m05.6s/14m00.0s

running (01m06.7s), 0055/2000 VUs, 434 complete and 0 interrupted iterations
default   [   8% ] 0055/2000 VUs  01m06.6s/14m00.0s

running (01m07.7s), 0056/2000 VUs, 449 complete and 0 interrupted iterations
default   [   8% ] 0056/2000 VUs  01m07.6s/14m00.0s

running (01m08.7s), 0057/2000 VUs, 463 complete and 0 interrupted iterations
default   [   8% ] 0057/2000 VUs  01m08.6s/14m00.0s

running (01m09.7s), 0058/2000 VUs, 474 complete and 0 interrupted iterations
default   [   8% ] 0058/2000 VUs  01m09.6s/14m00.0s

running (01m10.7s), 0059/2000 VUs, 487 complete and 0 interrupted iterations
default   [   8% ] 0059/2000 VUs  01m10.6s/14m00.0s

running (01m11.7s), 0060/2000 VUs, 506 complete and 0 interrupted iterations
default   [   9% ] 0060/2000 VUs  01m11.6s/14m00.0s

running (01m12.7s), 0060/2000 VUs, 521 complete and 0 interrupted iterations
default   [   9% ] 0060/2000 VUs  01m12.6s/14m00.0s

running (01m13.7s), 0061/2000 VUs, 532 complete and 0 interrupted iterations
default   [   9% ] 0061/2000 VUs  01m13.6s/14m00.0s

running (01m14.7s), 0062/2000 VUs, 546 complete and 0 interrupted iterations
default   [   9% ] 0062/2000 VUs  01m14.6s/14m00.0s

running (01m15.7s), 0063/2000 VUs, 564 complete and 0 interrupted iterations
default   [   9% ] 0063/2000 VUs  01m15.6s/14m00.0s

running (01m16.7s), 0064/2000 VUs, 579 complete and 0 interrupted iterations
default   [   9% ] 0064/2000 VUs  01m16.6s/14m00.0s

running (01m17.7s), 0065/2000 VUs, 595 complete and 0 interrupted iterations
default   [   9% ] 0065/2000 VUs  01m17.6s/14m00.0s

running (01m18.7s), 0065/2000 VUs, 609 complete and 0 interrupted iterations
default   [   9% ] 0065/2000 VUs  01m18.6s/14m00.0s

running (01m19.7s), 0066/2000 VUs, 627 complete and 0 interrupted iterations
default   [   9% ] 0066/2000 VUs  01m19.6s/14m00.0s

running (01m20.7s), 0067/2000 VUs, 641 complete and 0 interrupted iterations
default   [  10% ] 0067/2000 VUs  01m20.6s/14m00.0s

running (01m21.7s), 0068/2000 VUs, 657 complete and 0 interrupted iterations
default   [  10% ] 0068/2000 VUs  01m21.6s/14m00.0s

running (01m22.7s), 0069/2000 VUs, 674 complete and 0 interrupted iterations
default   [  10% ] 0069/2000 VUs  01m22.6s/14m00.0s

running (01m23.7s), 0070/2000 VUs, 691 complete and 0 interrupted iterations
default   [  10% ] 0070/2000 VUs  01m23.6s/14m00.0s

running (01m24.7s), 0070/2000 VUs, 709 complete and 0 interrupted iterations
default   [  10% ] 0070/2000 VUs  01m24.6s/14m00.0s

running (01m25.7s), 0071/2000 VUs, 723 complete and 0 interrupted iterations
default   [  10% ] 0071/2000 VUs  01m25.6s/14m00.0s

running (01m26.7s), 0072/2000 VUs, 742 complete and 0 interrupted iterations
default   [  10% ] 0072/2000 VUs  01m26.6s/14m00.0s

running (01m27.7s), 0073/2000 VUs, 761 complete and 0 interrupted iterations
default   [  10% ] 0073/2000 VUs  01m27.6s/14m00.0s

running (01m28.7s), 0074/2000 VUs, 776 complete and 0 interrupted iterations
default   [  11% ] 0074/2000 VUs  01m28.6s/14m00.0s

running (01m29.7s), 0074/2000 VUs, 793 complete and 0 interrupted iterations
default   [  11% ] 0074/2000 VUs  01m29.6s/14m00.0s

running (01m30.7s), 0075/2000 VUs, 810 complete and 0 interrupted iterations
default   [  11% ] 0075/2000 VUs  01m30.6s/14m00.0s

running (01m31.7s), 0076/2000 VUs, 833 complete and 0 interrupted iterations
default   [  11% ] 0076/2000 VUs  01m31.6s/14m00.0s

running (01m32.7s), 0077/2000 VUs, 853 complete and 0 interrupted iterations
default   [  11% ] 0077/2000 VUs  01m32.6s/14m00.0s

running (01m33.7s), 0078/2000 VUs, 871 complete and 0 interrupted iterations
default   [  11% ] 0078/2000 VUs  01m33.6s/14m00.0s

running (01m34.7s), 0079/2000 VUs, 888 complete and 0 interrupted iterations
default   [  11% ] 0079/2000 VUs  01m34.6s/14m00.0s

running (01m35.7s), 0079/2000 VUs, 911 complete and 0 interrupted iterations
default   [  11% ] 0079/2000 VUs  01m35.6s/14m00.0s

running (01m36.7s), 0080/2000 VUs, 927 complete and 0 interrupted iterations
default   [  12% ] 0080/2000 VUs  01m36.6s/14m00.0s

running (01m37.7s), 0081/2000 VUs, 947 complete and 0 interrupted iterations
default   [  12% ] 0081/2000 VUs  01m37.6s/14m00.0s

running (01m38.7s), 0082/2000 VUs, 965 complete and 0 interrupted iterations
default   [  12% ] 0082/2000 VUs  01m38.6s/14m00.0s

running (01m39.7s), 0083/2000 VUs, 988 complete and 0 interrupted iterations
default   [  12% ] 0083/2000 VUs  01m39.6s/14m00.0s

running (01m40.7s), 0084/2000 VUs, 1004 complete and 0 interrupted iterations
default   [  12% ] 0084/2000 VUs  01m40.6s/14m00.0s

running (01m41.7s), 0084/2000 VUs, 1029 complete and 0 interrupted iterations
default   [  12% ] 0084/2000 VUs  01m41.6s/14m00.0s

running (01m42.7s), 0085/2000 VUs, 1051 complete and 0 interrupted iterations
default   [  12% ] 0085/2000 VUs  01m42.6s/14m00.0s

running (01m43.7s), 0086/2000 VUs, 1065 complete and 0 interrupted iterations
default   [  12% ] 0086/2000 VUs  01m43.6s/14m00.0s

running (01m44.7s), 0087/2000 VUs, 1087 complete and 0 interrupted iterations
default   [  12% ] 0087/2000 VUs  01m44.6s/14m00.0s

running (01m45.7s), 0088/2000 VUs, 1113 complete and 0 interrupted iterations
default   [  13% ] 0088/2000 VUs  01m45.6s/14m00.0s

running (01m46.7s), 0088/2000 VUs, 1135 complete and 0 interrupted iterations
default   [  13% ] 0088/2000 VUs  01m46.6s/14m00.0s

running (01m47.7s), 0089/2000 VUs, 1153 complete and 0 interrupted iterations
default   [  13% ] 0089/2000 VUs  01m47.6s/14m00.0s

running (01m48.7s), 0090/2000 VUs, 1168 complete and 0 interrupted iterations
default   [  13% ] 0090/2000 VUs  01m48.6s/14m00.0s

running (01m49.7s), 0091/2000 VUs, 1192 complete and 0 interrupted iterations
default   [  13% ] 0091/2000 VUs  01m49.6s/14m00.0s

running (01m50.7s), 0092/2000 VUs, 1220 complete and 0 interrupted iterations
default   [  13% ] 0092/2000 VUs  01m50.6s/14m00.0s

running (01m51.7s), 0093/2000 VUs, 1241 complete and 0 interrupted iterations
default   [  13% ] 0093/2000 VUs  01m51.6s/14m00.0s

running (01m52.7s), 0093/2000 VUs, 1259 complete and 0 interrupted iterations
default   [  13% ] 0093/2000 VUs  01m52.6s/14m00.0s

running (01m53.7s), 0094/2000 VUs, 1282 complete and 0 interrupted iterations
default   [  14% ] 0094/2000 VUs  01m53.6s/14m00.0s

running (01m54.7s), 0095/2000 VUs, 1308 complete and 0 interrupted iterations
default   [  14% ] 0095/2000 VUs  01m54.6s/14m00.0s

running (01m55.7s), 0096/2000 VUs, 1331 complete and 0 interrupted iterations
default   [  14% ] 0096/2000 VUs  01m55.6s/14m00.0s

running (01m56.7s), 0097/2000 VUs, 1353 complete and 0 interrupted iterations
default   [  14% ] 0097/2000 VUs  01m56.6s/14m00.0s

running (01m57.7s), 0098/2000 VUs, 1377 complete and 0 interrupted iterations
default   [  14% ] 0098/2000 VUs  01m57.6s/14m00.0s

running (01m58.7s), 0098/2000 VUs, 1403 complete and 0 interrupted iterations
default   [  14% ] 0098/2000 VUs  01m58.6s/14m00.0s

running (01m59.7s), 0099/2000 VUs, 1425 complete and 0 interrupted iterations
default   [  14% ] 0099/2000 VUs  01m59.6s/14m00.0s

running (02m00.7s), 0100/2000 VUs, 1451 complete and 0 interrupted iterations
default   [  14% ] 0100/2000 VUs  02m00.6s/14m00.0s

running (02m01.7s), 0101/2000 VUs, 1471 complete and 0 interrupted iterations
default   [  14% ] 0101/2000 VUs  02m01.6s/14m00.0s

running (02m02.7s), 0102/2000 VUs, 1502 complete and 0 interrupted iterations
default   [  15% ] 0102/2000 VUs  02m02.6s/14m00.0s

running (02m03.7s), 0103/2000 VUs, 1522 complete and 0 interrupted iterations
default   [  15% ] 0103/2000 VUs  02m03.6s/14m00.0s

running (02m04.7s), 0103/2000 VUs, 1549 complete and 0 interrupted iterations
default   [  15% ] 0103/2000 VUs  02m04.6s/14m00.0s

running (02m05.7s), 0104/2000 VUs, 1571 complete and 0 interrupted iterations
default   [  15% ] 0104/2000 VUs  02m05.6s/14m00.0s

running (02m06.7s), 0105/2000 VUs, 1599 complete and 0 interrupted iterations
default   [  15% ] 0105/2000 VUs  02m06.6s/14m00.0s

running (02m07.7s), 0106/2000 VUs, 1623 complete and 0 interrupted iterations
default   [  15% ] 0106/2000 VUs  02m07.6s/14m00.0s

running (02m08.7s), 0107/2000 VUs, 1652 complete and 0 interrupted iterations
default   [  15% ] 0107/2000 VUs  02m08.6s/14m00.0s

running (02m09.7s), 0108/2000 VUs, 1674 complete and 0 interrupted iterations
default   [  15% ] 0108/2000 VUs  02m09.6s/14m00.0s

running (02m10.7s), 0108/2000 VUs, 1707 complete and 0 interrupted iterations
default   [  16% ] 0108/2000 VUs  02m10.6s/14m00.0s

running (02m11.7s), 0109/2000 VUs, 1731 complete and 0 interrupted iterations
default   [  16% ] 0109/2000 VUs  02m11.6s/14m00.0s

running (02m12.7s), 0110/2000 VUs, 1757 complete and 0 interrupted iterations
default   [  16% ] 0110/2000 VUs  02m12.6s/14m00.0s

running (02m13.7s), 0111/2000 VUs, 1780 complete and 0 interrupted iterations
default   [  16% ] 0111/2000 VUs  02m13.6s/14m00.0s

running (02m14.7s), 0112/2000 VUs, 1806 complete and 0 interrupted iterations
default   [  16% ] 0112/2000 VUs  02m14.6s/14m00.0s

running (02m15.7s), 0113/2000 VUs, 1843 complete and 0 interrupted iterations
default   [  16% ] 0113/2000 VUs  02m15.6s/14m00.0s

running (02m16.7s), 0113/2000 VUs, 1863 complete and 0 interrupted iterations
default   [  16% ] 0113/2000 VUs  02m16.6s/14m00.0s

running (02m17.7s), 0114/2000 VUs, 1888 complete and 0 interrupted iterations
default   [  16% ] 0114/2000 VUs  02m17.6s/14m00.0s

running (02m18.7s), 0115/2000 VUs, 1912 complete and 0 interrupted iterations
default   [  17% ] 0115/2000 VUs  02m18.6s/14m00.0s

running (02m19.7s), 0116/2000 VUs, 1944 complete and 0 interrupted iterations
default   [  17% ] 0116/2000 VUs  02m19.6s/14m00.0s

running (02m20.7s), 0117/2000 VUs, 1976 complete and 0 interrupted iterations
default   [  17% ] 0117/2000 VUs  02m20.6s/14m00.0s

running (02m21.7s), 0118/2000 VUs, 1999 complete and 0 interrupted iterations
default   [  17% ] 0118/2000 VUs  02m21.6s/14m00.0s

running (02m22.7s), 0118/2000 VUs, 2024 complete and 0 interrupted iterations
default   [  17% ] 0118/2000 VUs  02m22.6s/14m00.0s

running (02m23.7s), 0119/2000 VUs, 2059 complete and 0 interrupted iterations
default   [  17% ] 0119/2000 VUs  02m23.6s/14m00.0s

running (02m24.7s), 0120/2000 VUs, 2093 complete and 0 interrupted iterations
default   [  17% ] 0120/2000 VUs  02m24.6s/14m00.0s

running (02m25.7s), 0121/2000 VUs, 2110 complete and 0 interrupted iterations
default   [  17% ] 0121/2000 VUs  02m25.6s/14m00.0s

running (02m26.7s), 0122/2000 VUs, 2145 complete and 0 interrupted iterations
default   [  17% ] 0122/2000 VUs  02m26.6s/14m00.0s

running (02m27.7s), 0123/2000 VUs, 2180 complete and 0 interrupted iterations
default   [  18% ] 0123/2000 VUs  02m27.6s/14m00.0s

running (02m28.7s), 0123/2000 VUs, 2207 complete and 0 interrupted iterations
default   [  18% ] 0123/2000 VUs  02m28.6s/14m00.0s

running (02m29.7s), 0124/2000 VUs, 2230 complete and 0 interrupted iterations
default   [  18% ] 0124/2000 VUs  02m29.6s/14m00.0s

running (02m30.7s), 0125/2000 VUs, 2262 complete and 0 interrupted iterations
default   [  18% ] 0125/2000 VUs  02m30.6s/14m00.0s

running (02m31.7s), 0126/2000 VUs, 2293 complete and 0 interrupted iterations
default   [  18% ] 0126/2000 VUs  02m31.6s/14m00.0s

running (02m32.7s), 0127/2000 VUs, 2328 complete and 0 interrupted iterations
default   [  18% ] 0127/2000 VUs  02m32.6s/14m00.0s

running (02m33.7s), 0128/2000 VUs, 2349 complete and 0 interrupted iterations
default   [  18% ] 0128/2000 VUs  02m33.6s/14m00.0s

running (02m34.7s), 0128/2000 VUs, 2385 complete and 0 interrupted iterations
default   [  18% ] 0128/2000 VUs  02m34.6s/14m00.0s

running (02m35.7s), 0129/2000 VUs, 2417 complete and 0 interrupted iterations
default   [  19% ] 0129/2000 VUs  02m35.6s/14m00.0s

running (02m36.7s), 0130/2000 VUs, 2448 complete and 0 interrupted iterations
default   [  19% ] 0130/2000 VUs  02m36.6s/14m00.0s

running (02m37.7s), 0131/2000 VUs, 2471 complete and 0 interrupted iterations
default   [  19% ] 0131/2000 VUs  02m37.6s/14m00.0s

running (02m38.7s), 0132/2000 VUs, 2506 complete and 0 interrupted iterations
default   [  19% ] 0132/2000 VUs  02m38.6s/14m00.0s

running (02m39.7s), 0133/2000 VUs, 2538 complete and 0 interrupted iterations
default   [  19% ] 0133/2000 VUs  02m39.6s/14m00.0s

running (02m40.7s), 0133/2000 VUs, 2576 complete and 0 interrupted iterations
default   [  19% ] 0133/2000 VUs  02m40.6s/14m00.0s

running (02m41.7s), 0134/2000 VUs, 2605 complete and 0 interrupted iterations
default   [  19% ] 0134/2000 VUs  02m41.6s/14m00.0s

running (02m42.7s), 0135/2000 VUs, 2634 complete and 0 interrupted iterations
default   [  19% ] 0135/2000 VUs  02m42.6s/14m00.0s

running (02m43.7s), 0136/2000 VUs, 2672 complete and 0 interrupted iterations
default   [  19% ] 0136/2000 VUs  02m43.6s/14m00.0s

running (02m44.7s), 0137/2000 VUs, 2703 complete and 0 interrupted iterations
default   [  20% ] 0137/2000 VUs  02m44.6s/14m00.0s

running (02m45.7s), 0138/2000 VUs, 2731 complete and 0 interrupted iterations
default   [  20% ] 0138/2000 VUs  02m45.6s/14m00.0s

running (02m46.7s), 0138/2000 VUs, 2777 complete and 0 interrupted iterations
default   [  20% ] 0138/2000 VUs  02m46.6s/14m00.0s

running (02m47.7s), 0139/2000 VUs, 2804 complete and 0 interrupted iterations
default   [  20% ] 0139/2000 VUs  02m47.6s/14m00.0s

running (02m48.7s), 0140/2000 VUs, 2837 complete and 0 interrupted iterations
default   [  20% ] 0140/2000 VUs  02m48.6s/14m00.0s

running (02m49.7s), 0141/2000 VUs, 2872 complete and 0 interrupted iterations
default   [  20% ] 0141/2000 VUs  02m49.6s/14m00.0s

running (02m50.7s), 0142/2000 VUs, 2905 complete and 0 interrupted iterations
default   [  20% ] 0142/2000 VUs  02m50.6s/14m00.0s

running (02m51.7s), 0143/2000 VUs, 2938 complete and 0 interrupted iterations
default   [  20% ] 0143/2000 VUs  02m51.6s/14m00.0s

running (02m52.7s), 0143/2000 VUs, 2974 complete and 0 interrupted iterations
default   [  21% ] 0143/2000 VUs  02m52.6s/14m00.0s

running (02m53.7s), 0144/2000 VUs, 3011 complete and 0 interrupted iterations
default   [  21% ] 0144/2000 VUs  02m53.6s/14m00.0s

running (02m54.7s), 0145/2000 VUs, 3040 complete and 0 interrupted iterations
default   [  21% ] 0145/2000 VUs  02m54.6s/14m00.0s

running (02m55.7s), 0146/2000 VUs, 3076 complete and 0 interrupted iterations
default   [  21% ] 0146/2000 VUs  02m55.6s/14m00.0s

running (02m56.7s), 0147/2000 VUs, 3121 complete and 0 interrupted iterations
default   [  21% ] 0147/2000 VUs  02m56.6s/14m00.0s

running (02m57.7s), 0148/2000 VUs, 3148 complete and 0 interrupted iterations
default   [  21% ] 0148/2000 VUs  02m57.6s/14m00.0s

running (02m58.7s), 0148/2000 VUs, 3184 complete and 0 interrupted iterations
default   [  21% ] 0148/2000 VUs  02m58.6s/14m00.0s

running (02m59.7s), 0149/2000 VUs, 3214 complete and 0 interrupted iterations
default   [  21% ] 0149/2000 VUs  02m59.6s/14m00.0s

running (03m00.7s), 0150/2000 VUs, 3257 complete and 0 interrupted iterations
default   [  22% ] 0150/2000 VUs  03m00.6s/14m00.0s

running (03m01.7s), 0151/2000 VUs, 3290 complete and 0 interrupted iterations
default   [  22% ] 0151/2000 VUs  03m01.6s/14m00.0s

running (03m02.7s), 0152/2000 VUs, 3323 complete and 0 interrupted iterations
default   [  22% ] 0152/2000 VUs  03m02.6s/14m00.0s

running (03m03.7s), 0153/2000 VUs, 3362 complete and 0 interrupted iterations
default   [  22% ] 0153/2000 VUs  03m03.6s/14m00.0s

running (03m04.7s), 0153/2000 VUs, 3399 complete and 0 interrupted iterations
default   [  22% ] 0153/2000 VUs  03m04.6s/14m00.0s

running (03m05.7s), 0154/2000 VUs, 3438 complete and 0 interrupted iterations
default   [  22% ] 0154/2000 VUs  03m05.6s/14m00.0s

running (03m06.7s), 0155/2000 VUs, 3475 complete and 0 interrupted iterations
default   [  22% ] 0155/2000 VUs  03m06.6s/14m00.0s

running (03m07.7s), 0156/2000 VUs, 3507 complete and 0 interrupted iterations
default   [  22% ] 0156/2000 VUs  03m07.6s/14m00.0s

running (03m08.7s), 0157/2000 VUs, 3543 complete and 0 interrupted iterations
default   [  22% ] 0157/2000 VUs  03m08.6s/14m00.0s

running (03m09.7s), 0158/2000 VUs, 3579 complete and 0 interrupted iterations
default   [  23% ] 0158/2000 VUs  03m09.6s/14m00.0s

running (03m10.7s), 0158/2000 VUs, 3623 complete and 0 interrupted iterations
default   [  23% ] 0158/2000 VUs  03m10.6s/14m00.0s

running (03m11.7s), 0159/2000 VUs, 3662 complete and 0 interrupted iterations
default   [  23% ] 0159/2000 VUs  03m11.6s/14m00.0s

running (03m12.7s), 0160/2000 VUs, 3698 complete and 0 interrupted iterations
default   [  23% ] 0160/2000 VUs  03m12.6s/14m00.0s

running (03m13.7s), 0161/2000 VUs, 3732 complete and 0 interrupted iterations
default   [  23% ] 0161/2000 VUs  03m13.6s/14m00.0s

running (03m14.7s), 0162/2000 VUs, 3769 complete and 0 interrupted iterations
default   [  23% ] 0162/2000 VUs  03m14.6s/14m00.0s

running (03m15.7s), 0163/2000 VUs, 3820 complete and 0 interrupted iterations
default   [  23% ] 0163/2000 VUs  03m15.6s/14m00.0s

running (03m16.7s), 0163/2000 VUs, 3855 complete and 0 interrupted iterations
default   [  23% ] 0163/2000 VUs  03m16.6s/14m00.0s

running (03m17.7s), 0164/2000 VUs, 3891 complete and 0 interrupted iterations
default   [  24% ] 0164/2000 VUs  03m17.6s/14m00.0s

running (03m18.7s), 0165/2000 VUs, 3930 complete and 0 interrupted iterations
default   [  24% ] 0165/2000 VUs  03m18.6s/14m00.0s

running (03m19.7s), 0166/2000 VUs, 3978 complete and 0 interrupted iterations
default   [  24% ] 0166/2000 VUs  03m19.6s/14m00.0s

running (03m20.7s), 0167/2000 VUs, 4014 complete and 0 interrupted iterations
default   [  24% ] 0167/2000 VUs  03m20.6s/14m00.0s

running (03m21.7s), 0168/2000 VUs, 4047 complete and 0 interrupted iterations
default   [  24% ] 0168/2000 VUs  03m21.6s/14m00.0s

running (03m22.7s), 0168/2000 VUs, 4087 complete and 0 interrupted iterations
default   [  24% ] 0168/2000 VUs  03m22.6s/14m00.0s

running (03m23.7s), 0169/2000 VUs, 4141 complete and 0 interrupted iterations
default   [  24% ] 0169/2000 VUs  03m23.6s/14m00.0s

running (03m24.7s), 0170/2000 VUs, 4176 complete and 0 interrupted iterations
default   [  24% ] 0170/2000 VUs  03m24.6s/14m00.0s

running (03m25.7s), 0171/2000 VUs, 4212 complete and 0 interrupted iterations
default   [  24% ] 0171/2000 VUs  03m25.6s/14m00.0s

running (03m26.7s), 0172/2000 VUs, 4258 complete and 0 interrupted iterations
default   [  25% ] 0172/2000 VUs  03m26.6s/14m00.0s

running (03m27.7s), 0173/2000 VUs, 4302 complete and 0 interrupted iterations
default   [  25% ] 0173/2000 VUs  03m27.6s/14m00.0s

running (03m28.7s), 0173/2000 VUs, 4344 complete and 0 interrupted iterations
default   [  25% ] 0173/2000 VUs  03m28.6s/14m00.0s

running (03m29.7s), 0174/2000 VUs, 4380 complete and 0 interrupted iterations
default   [  25% ] 0174/2000 VUs  03m29.6s/14m00.0s

running (03m30.7s), 0175/2000 VUs, 4424 complete and 0 interrupted iterations
default   [  25% ] 0175/2000 VUs  03m30.6s/14m00.0s

running (03m31.7s), 0176/2000 VUs, 4467 complete and 0 interrupted iterations
default   [  25% ] 0176/2000 VUs  03m31.6s/14m00.0s

running (03m32.7s), 0177/2000 VUs, 4506 complete and 0 interrupted iterations
default   [  25% ] 0177/2000 VUs  03m32.6s/14m00.0s

running (03m33.7s), 0178/2000 VUs, 4552 complete and 0 interrupted iterations
default   [  25% ] 0178/2000 VUs  03m33.6s/14m00.0s

running (03m34.7s), 0178/2000 VUs, 4599 complete and 0 interrupted iterations
default   [  26% ] 0178/2000 VUs  03m34.6s/14m00.0s

running (03m35.7s), 0179/2000 VUs, 4645 complete and 0 interrupted iterations
default   [  26% ] 0179/2000 VUs  03m35.6s/14m00.0s

running (03m36.7s), 0180/2000 VUs, 4685 complete and 0 interrupted iterations
default   [  26% ] 0180/2000 VUs  03m36.6s/14m00.0s

running (03m37.7s), 0181/2000 VUs, 4724 complete and 0 interrupted iterations
default   [  26% ] 0181/2000 VUs  03m37.6s/14m00.0s

running (03m38.7s), 0182/2000 VUs, 4763 complete and 0 interrupted iterations
default   [  26% ] 0182/2000 VUs  03m38.6s/14m00.0s

running (03m39.7s), 0183/2000 VUs, 4816 complete and 0 interrupted iterations
default   [  26% ] 0183/2000 VUs  03m39.6s/14m00.0s

running (03m40.7s), 0183/2000 VUs, 4859 complete and 0 interrupted iterations
default   [  26% ] 0183/2000 VUs  03m40.6s/14m00.0s

running (03m41.7s), 0184/2000 VUs, 4900 complete and 0 interrupted iterations
default   [  26% ] 0184/2000 VUs  03m41.6s/14m00.0s

running (03m42.7s), 0185/2000 VUs, 4945 complete and 0 interrupted iterations
default   [  27% ] 0185/2000 VUs  03m42.6s/14m00.0s

running (03m43.7s), 0186/2000 VUs, 4989 complete and 0 interrupted iterations
default   [  27% ] 0186/2000 VUs  03m43.6s/14m00.0s

running (03m44.7s), 0187/2000 VUs, 5036 complete and 0 interrupted iterations
default   [  27% ] 0187/2000 VUs  03m44.6s/14m00.0s

running (03m45.7s), 0188/2000 VUs, 5077 complete and 0 interrupted iterations
default   [  27% ] 0188/2000 VUs  03m45.6s/14m00.0s

running (03m46.7s), 0188/2000 VUs, 5121 complete and 0 interrupted iterations
default   [  27% ] 0188/2000 VUs  03m46.6s/14m00.0s

running (03m47.7s), 0189/2000 VUs, 5172 complete and 0 interrupted iterations
default   [  27% ] 0189/2000 VUs  03m47.6s/14m00.0s

running (03m48.7s), 0190/2000 VUs, 5215 complete and 0 interrupted iterations
default   [  27% ] 0190/2000 VUs  03m48.6s/14m00.0s

running (03m49.7s), 0191/2000 VUs, 5265 complete and 0 interrupted iterations
default   [  27% ] 0191/2000 VUs  03m49.6s/14m00.0s

running (03m50.7s), 0192/2000 VUs, 5302 complete and 0 interrupted iterations
default   [  27% ] 0192/2000 VUs  03m50.6s/14m00.0s

running (03m51.7s), 0193/2000 VUs, 5354 complete and 0 interrupted iterations
default   [  28% ] 0193/2000 VUs  03m51.6s/14m00.0s

running (03m52.7s), 0193/2000 VUs, 5406 complete and 0 interrupted iterations
default   [  28% ] 0193/2000 VUs  03m52.6s/14m00.0s

running (03m53.7s), 0194/2000 VUs, 5449 complete and 0 interrupted iterations
default   [  28% ] 0194/2000 VUs  03m53.6s/14m00.0s

running (03m54.7s), 0195/2000 VUs, 5491 complete and 0 interrupted iterations
default   [  28% ] 0195/2000 VUs  03m54.6s/14m00.0s

running (03m55.7s), 0196/2000 VUs, 5548 complete and 0 interrupted iterations
default   [  28% ] 0196/2000 VUs  03m55.6s/14m00.0s

running (03m56.7s), 0197/2000 VUs, 5592 complete and 0 interrupted iterations
default   [  28% ] 0197/2000 VUs  03m56.6s/14m00.0s

running (03m57.7s), 0198/2000 VUs, 5634 complete and 0 interrupted iterations
default   [  28% ] 0198/2000 VUs  03m57.6s/14m00.0s

running (03m58.7s), 0198/2000 VUs, 5682 complete and 0 interrupted iterations
default   [  28% ] 0198/2000 VUs  03m58.6s/14m00.0s

running (03m59.7s), 0199/2000 VUs, 5726 complete and 0 interrupted iterations
default   [  29% ] 0199/2000 VUs  03m59.6s/14m00.0s

running (04m00.7s), 0201/2000 VUs, 5784 complete and 0 interrupted iterations
default   [  29% ] 0201/2000 VUs  04m00.6s/14m00.0s

running (04m01.7s), 0202/2000 VUs, 5824 complete and 0 interrupted iterations
default   [  29% ] 0202/2000 VUs  04m01.6s/14m00.0s

running (04m02.7s), 0204/2000 VUs, 5873 complete and 0 interrupted iterations
default   [  29% ] 0204/2000 VUs  04m02.6s/14m00.0s

running (04m03.7s), 0206/2000 VUs, 5925 complete and 0 interrupted iterations
default   [  29% ] 0206/2000 VUs  04m03.6s/14m00.0s

running (04m04.7s), 0207/2000 VUs, 5976 complete and 0 interrupted iterations
default   [  29% ] 0207/2000 VUs  04m04.6s/14m00.0s

running (04m05.7s), 0209/2000 VUs, 6016 complete and 0 interrupted iterations
default   [  29% ] 0209/2000 VUs  04m05.6s/14m00.0s

running (04m06.7s), 0211/2000 VUs, 6060 complete and 0 interrupted iterations
default   [  29% ] 0211/2000 VUs  04m06.6s/14m00.0s

running (04m07.7s), 0212/2000 VUs, 6120 complete and 0 interrupted iterations
default   [  29% ] 0212/2000 VUs  04m07.6s/14m00.0s

running (04m08.7s), 0214/2000 VUs, 6174 complete and 0 interrupted iterations
default   [  30% ] 0214/2000 VUs  04m08.6s/14m00.0s

running (04m09.7s), 0216/2000 VUs, 6215 complete and 0 interrupted iterations
default   [  30% ] 0216/2000 VUs  04m09.6s/14m00.0s

running (04m10.7s), 0217/2000 VUs, 6275 complete and 0 interrupted iterations
default   [  30% ] 0217/2000 VUs  04m10.6s/14m00.0s

running (04m11.7s), 0219/2000 VUs, 6317 complete and 0 interrupted iterations
default   [  30% ] 0219/2000 VUs  04m11.6s/14m00.0s

running (04m12.7s), 0221/2000 VUs, 6373 complete and 0 interrupted iterations
default   [  30% ] 0221/2000 VUs  04m12.6s/14m00.0s

running (04m13.7s), 0222/2000 VUs, 6422 complete and 0 interrupted iterations
default   [  30% ] 0222/2000 VUs  04m13.6s/14m00.0s

running (04m14.7s), 0224/2000 VUs, 6483 complete and 0 interrupted iterations
default   [  30% ] 0224/2000 VUs  04m14.6s/14m00.0s

running (04m15.7s), 0226/2000 VUs, 6535 complete and 0 interrupted iterations
default   [  30% ] 0226/2000 VUs  04m15.6s/14m00.0s

running (04m16.7s), 0227/2000 VUs, 6585 complete and 0 interrupted iterations
default   [  31% ] 0227/2000 VUs  04m16.6s/14m00.0s

running (04m17.7s), 0229/2000 VUs, 6638 complete and 0 interrupted iterations
default   [  31% ] 0229/2000 VUs  04m17.6s/14m00.0s

running (04m18.7s), 0231/2000 VUs, 6701 complete and 0 interrupted iterations
default   [  31% ] 0231/2000 VUs  04m18.6s/14m00.0s

running (04m19.7s), 0232/2000 VUs, 6745 complete and 0 interrupted iterations
default   [  31% ] 0232/2000 VUs  04m19.6s/14m00.0s

running (04m20.7s), 0234/2000 VUs, 6804 complete and 0 interrupted iterations
default   [  31% ] 0234/2000 VUs  04m20.6s/14m00.0s

running (04m21.7s), 0236/2000 VUs, 6853 complete and 0 interrupted iterations
default   [  31% ] 0236/2000 VUs  04m21.6s/14m00.0s

running (04m22.7s), 0237/2000 VUs, 6901 complete and 0 interrupted iterations
default   [  31% ] 0237/2000 VUs  04m22.6s/14m00.0s

running (04m23.7s), 0239/2000 VUs, 6969 complete and 0 interrupted iterations
default   [  31% ] 0239/2000 VUs  04m23.6s/14m00.0s

running (04m24.7s), 0241/2000 VUs, 7018 complete and 0 interrupted iterations
default   [  32% ] 0241/2000 VUs  04m24.6s/14m00.0s

running (04m25.7s), 0242/2000 VUs, 7059 complete and 0 interrupted iterations
default   [  32% ] 0242/2000 VUs  04m25.6s/14m00.0s

running (04m26.7s), 0244/2000 VUs, 7134 complete and 0 interrupted iterations
default   [  32% ] 0244/2000 VUs  04m26.6s/14m00.0s

running (04m27.7s), 0246/2000 VUs, 7188 complete and 0 interrupted iterations
default   [  32% ] 0246/2000 VUs  04m27.6s/14m00.0s

running (04m28.7s), 0247/2000 VUs, 7243 complete and 0 interrupted iterations
default   [  32% ] 0247/2000 VUs  04m28.6s/14m00.0s

running (04m29.7s), 0249/2000 VUs, 7294 complete and 0 interrupted iterations
default   [  32% ] 0249/2000 VUs  04m29.6s/14m00.0s

running (04m30.7s), 0251/2000 VUs, 7358 complete and 0 interrupted iterations
default   [  32% ] 0251/2000 VUs  04m30.6s/14m00.0s

running (04m31.7s), 0252/2000 VUs, 7415 complete and 0 interrupted iterations
default   [  32% ] 0252/2000 VUs  04m31.6s/14m00.0s

running (04m32.7s), 0254/2000 VUs, 7468 complete and 0 interrupted iterations
default   [  32% ] 0254/2000 VUs  04m32.6s/14m00.0s

running (04m33.7s), 0256/2000 VUs, 7523 complete and 0 interrupted iterations
default   [  33% ] 0256/2000 VUs  04m33.6s/14m00.0s

running (04m34.7s), 0257/2000 VUs, 7576 complete and 0 interrupted iterations
default   [  33% ] 0257/2000 VUs  04m34.6s/14m00.0s

running (04m35.7s), 0259/2000 VUs, 7641 complete and 0 interrupted iterations
default   [  33% ] 0259/2000 VUs  04m35.6s/14m00.0s

running (04m36.7s), 0261/2000 VUs, 7716 complete and 0 interrupted iterations
default   [  33% ] 0261/2000 VUs  04m36.6s/14m00.0s

running (04m37.7s), 0262/2000 VUs, 7767 complete and 0 interrupted iterations
default   [  33% ] 0262/2000 VUs  04m37.6s/14m00.0s

running (04m38.7s), 0264/2000 VUs, 7824 complete and 0 interrupted iterations
default   [  33% ] 0264/2000 VUs  04m38.6s/14m00.0s

running (04m39.7s), 0266/2000 VUs, 7887 complete and 0 interrupted iterations
default   [  33% ] 0266/2000 VUs  04m39.6s/14m00.0s

running (04m40.7s), 0267/2000 VUs, 7956 complete and 0 interrupted iterations
default   [  33% ] 0267/2000 VUs  04m40.6s/14m00.0s

running (04m41.7s), 0269/2000 VUs, 8018 complete and 0 interrupted iterations
default   [  34% ] 0269/2000 VUs  04m41.6s/14m00.0s

running (04m42.7s), 0271/2000 VUs, 8062 complete and 0 interrupted iterations
default   [  34% ] 0271/2000 VUs  04m42.6s/14m00.0s

running (04m43.7s), 0272/2000 VUs, 8137 complete and 0 interrupted iterations
default   [  34% ] 0272/2000 VUs  04m43.6s/14m00.0s

running (04m44.7s), 0274/2000 VUs, 8193 complete and 0 interrupted iterations
default   [  34% ] 0274/2000 VUs  04m44.6s/14m00.0s

running (04m45.7s), 0276/2000 VUs, 8260 complete and 0 interrupted iterations
default   [  34% ] 0276/2000 VUs  04m45.6s/14m00.0s

running (04m46.7s), 0277/2000 VUs, 8313 complete and 0 interrupted iterations
default   [  34% ] 0277/2000 VUs  04m46.6s/14m00.0s

running (04m47.7s), 0279/2000 VUs, 8392 complete and 0 interrupted iterations
default   [  34% ] 0279/2000 VUs  04m47.6s/14m00.0s

running (04m48.7s), 0281/2000 VUs, 8464 complete and 0 interrupted iterations
default   [  34% ] 0281/2000 VUs  04m48.6s/14m00.0s

running (04m49.7s), 0282/2000 VUs, 8526 complete and 0 interrupted iterations
default   [  34% ] 0282/2000 VUs  04m49.6s/14m00.0s

running (04m50.7s), 0284/2000 VUs, 8579 complete and 0 interrupted iterations
default   [  35% ] 0284/2000 VUs  04m50.6s/14m00.0s

running (04m51.7s), 0286/2000 VUs, 8648 complete and 0 interrupted iterations
default   [  35% ] 0286/2000 VUs  04m51.6s/14m00.0s

running (04m52.7s), 0287/2000 VUs, 8721 complete and 0 interrupted iterations
default   [  35% ] 0287/2000 VUs  04m52.6s/14m00.0s

running (04m53.7s), 0289/2000 VUs, 8784 complete and 0 interrupted iterations
default   [  35% ] 0289/2000 VUs  04m53.6s/14m00.0s

running (04m54.7s), 0291/2000 VUs, 8848 complete and 0 interrupted iterations
default   [  35% ] 0291/2000 VUs  04m54.6s/14m00.0s

running (04m55.7s), 0292/2000 VUs, 8912 complete and 0 interrupted iterations
default   [  35% ] 0292/2000 VUs  04m55.6s/14m00.0s

running (04m56.7s), 0294/2000 VUs, 8975 complete and 0 interrupted iterations
default   [  35% ] 0294/2000 VUs  04m56.6s/14m00.0s

running (04m57.7s), 0296/2000 VUs, 9040 complete and 0 interrupted iterations
default   [  35% ] 0296/2000 VUs  04m57.6s/14m00.0s

running (04m58.7s), 0297/2000 VUs, 9124 complete and 0 interrupted iterations
default   [  36% ] 0297/2000 VUs  04m58.6s/14m00.0s

running (04m59.7s), 0299/2000 VUs, 9180 complete and 0 interrupted iterations
default   [  36% ] 0299/2000 VUs  04m59.6s/14m00.0s

running (05m00.7s), 0301/2000 VUs, 9248 complete and 0 interrupted iterations
default   [  36% ] 0301/2000 VUs  05m00.6s/14m00.0s

running (05m01.7s), 0302/2000 VUs, 9310 complete and 0 interrupted iterations
default   [  36% ] 0302/2000 VUs  05m01.6s/14m00.0s

running (05m02.7s), 0304/2000 VUs, 9386 complete and 0 interrupted iterations
default   [  36% ] 0304/2000 VUs  05m02.6s/14m00.0s

running (05m03.7s), 0306/2000 VUs, 9446 complete and 0 interrupted iterations
default   [  36% ] 0306/2000 VUs  05m03.6s/14m00.0s

running (05m04.7s), 0307/2000 VUs, 9506 complete and 0 interrupted iterations
default   [  36% ] 0307/2000 VUs  05m04.6s/14m00.0s

running (05m05.7s), 0309/2000 VUs, 9568 complete and 0 interrupted iterations
default   [  36% ] 0309/2000 VUs  05m05.6s/14m00.0s

running (05m06.7s), 0311/2000 VUs, 9628 complete and 0 interrupted iterations
default   [  37% ] 0311/2000 VUs  05m06.6s/14m00.0s

running (05m07.7s), 0312/2000 VUs, 9708 complete and 0 interrupted iterations
default   [  37% ] 0312/2000 VUs  05m07.6s/14m00.0s

running (05m08.7s), 0314/2000 VUs, 9773 complete and 0 interrupted iterations
default   [  37% ] 0314/2000 VUs  05m08.6s/14m00.0s

running (05m09.7s), 0316/2000 VUs, 9839 complete and 0 interrupted iterations
default   [  37% ] 0316/2000 VUs  05m09.6s/14m00.0s

running (05m10.7s), 0317/2000 VUs, 9906 complete and 0 interrupted iterations
default   [  37% ] 0317/2000 VUs  05m10.6s/14m00.0s

running (05m11.7s), 0319/2000 VUs, 9975 complete and 0 interrupted iterations
default   [  37% ] 0319/2000 VUs  05m11.6s/14m00.0s

running (05m12.7s), 0321/2000 VUs, 10061 complete and 0 interrupted iterations
default   [  37% ] 0321/2000 VUs  05m12.6s/14m00.0s

running (05m13.7s), 0322/2000 VUs, 10122 complete and 0 interrupted iterations
default   [  37% ] 0322/2000 VUs  05m13.6s/14m00.0s

running (05m14.7s), 0324/2000 VUs, 10194 complete and 0 interrupted iterations
default   [  37% ] 0324/2000 VUs  05m14.6s/14m00.0s

running (05m15.7s), 0326/2000 VUs, 10257 complete and 0 interrupted iterations
default   [  38% ] 0326/2000 VUs  05m15.6s/14m00.0s

running (05m16.7s), 0327/2000 VUs, 10326 complete and 0 interrupted iterations
default   [  38% ] 0327/2000 VUs  05m16.6s/14m00.0s

running (05m17.7s), 0329/2000 VUs, 10401 complete and 0 interrupted iterations
default   [  38% ] 0329/2000 VUs  05m17.6s/14m00.0s

running (05m18.7s), 0331/2000 VUs, 10467 complete and 0 interrupted iterations
default   [  38% ] 0331/2000 VUs  05m18.6s/14m00.0s

running (05m19.7s), 0332/2000 VUs, 10533 complete and 0 interrupted iterations
default   [  38% ] 0332/2000 VUs  05m19.6s/14m00.0s

running (05m20.7s), 0334/2000 VUs, 10605 complete and 0 interrupted iterations
default   [  38% ] 0334/2000 VUs  05m20.6s/14m00.0s

running (05m21.7s), 0336/2000 VUs, 10681 complete and 0 interrupted iterations
default   [  38% ] 0336/2000 VUs  05m21.6s/14m00.0s

running (05m22.7s), 0337/2000 VUs, 10741 complete and 0 interrupted iterations
default   [  38% ] 0337/2000 VUs  05m22.6s/14m00.0s

running (05m23.7s), 0339/2000 VUs, 10816 complete and 0 interrupted iterations
default   [  39% ] 0339/2000 VUs  05m23.6s/14m00.0s

running (05m24.7s), 0341/2000 VUs, 10872 complete and 0 interrupted iterations
default   [  39% ] 0341/2000 VUs  05m24.6s/14m00.0s

running (05m25.7s), 0342/2000 VUs, 10940 complete and 0 interrupted iterations
default   [  39% ] 0342/2000 VUs  05m25.6s/14m00.0s

running (05m26.7s), 0344/2000 VUs, 11007 complete and 0 interrupted iterations
default   [  39% ] 0344/2000 VUs  05m26.6s/14m00.0s

running (05m27.7s), 0346/2000 VUs, 11082 complete and 0 interrupted iterations
default   [  39% ] 0346/2000 VUs  05m27.6s/14m00.0s

running (05m28.7s), 0347/2000 VUs, 11159 complete and 0 interrupted iterations
default   [  39% ] 0347/2000 VUs  05m28.6s/14m00.0s

running (05m29.7s), 0349/2000 VUs, 11228 complete and 0 interrupted iterations
default   [  39% ] 0349/2000 VUs  05m29.6s/14m00.0s

running (05m30.7s), 0351/2000 VUs, 11312 complete and 0 interrupted iterations
default   [  39% ] 0351/2000 VUs  05m30.6s/14m00.0s

running (05m31.7s), 0352/2000 VUs, 11392 complete and 0 interrupted iterations
default   [  39% ] 0352/2000 VUs  05m31.6s/14m00.0s

running (05m32.7s), 0354/2000 VUs, 11462 complete and 0 interrupted iterations
default   [  40% ] 0354/2000 VUs  05m32.6s/14m00.0s

running (05m33.7s), 0356/2000 VUs, 11536 complete and 0 interrupted iterations
default   [  40% ] 0356/2000 VUs  05m33.6s/14m00.0s

running (05m34.7s), 0357/2000 VUs, 11598 complete and 0 interrupted iterations
default   [  40% ] 0357/2000 VUs  05m34.6s/14m00.0s

running (05m35.7s), 0359/2000 VUs, 11663 complete and 0 interrupted iterations
default   [  40% ] 0359/2000 VUs  05m35.6s/14m00.0s

running (05m36.7s), 0361/2000 VUs, 11743 complete and 0 interrupted iterations
default   [  40% ] 0361/2000 VUs  05m36.6s/14m00.0s

running (05m37.7s), 0362/2000 VUs, 11821 complete and 0 interrupted iterations
default   [  40% ] 0362/2000 VUs  05m37.6s/14m00.0s

running (05m38.7s), 0364/2000 VUs, 11898 complete and 0 interrupted iterations
default   [  40% ] 0364/2000 VUs  05m38.6s/14m00.0s

running (05m39.7s), 0366/2000 VUs, 11965 complete and 0 interrupted iterations
default   [  40% ] 0366/2000 VUs  05m39.6s/14m00.0s

running (05m40.7s), 0367/2000 VUs, 12057 complete and 0 interrupted iterations
default   [  41% ] 0367/2000 VUs  05m40.6s/14m00.0s

running (05m41.7s), 0369/2000 VUs, 12136 complete and 0 interrupted iterations
default   [  41% ] 0369/2000 VUs  05m41.6s/14m00.0s

running (05m42.7s), 0371/2000 VUs, 12220 complete and 0 interrupted iterations
default   [  41% ] 0371/2000 VUs  05m42.6s/14m00.0s

running (05m43.7s), 0372/2000 VUs, 12272 complete and 0 interrupted iterations
default   [  41% ] 0372/2000 VUs  05m43.6s/14m00.0s

running (05m44.7s), 0374/2000 VUs, 12344 complete and 0 interrupted iterations
default   [  41% ] 0374/2000 VUs  05m44.6s/14m00.0s

running (05m45.7s), 0376/2000 VUs, 12416 complete and 0 interrupted iterations
default   [  41% ] 0376/2000 VUs  05m45.6s/14m00.0s

running (05m46.7s), 0377/2000 VUs, 12491 complete and 0 interrupted iterations
default   [  41% ] 0377/2000 VUs  05m46.6s/14m00.0s

running (05m47.7s), 0379/2000 VUs, 12580 complete and 0 interrupted iterations
default   [  41% ] 0379/2000 VUs  05m47.6s/14m00.0s

running (05m48.7s), 0381/2000 VUs, 12634 complete and 0 interrupted iterations
default   [  42% ] 0381/2000 VUs  05m48.6s/14m00.0s

running (05m49.7s), 0382/2000 VUs, 12710 complete and 0 interrupted iterations
default   [  42% ] 0382/2000 VUs  05m49.6s/14m00.0s

running (05m50.7s), 0384/2000 VUs, 12803 complete and 0 interrupted iterations
default   [  42% ] 0384/2000 VUs  05m50.6s/14m00.0s

running (05m51.7s), 0386/2000 VUs, 12897 complete and 0 interrupted iterations
default   [  42% ] 0386/2000 VUs  05m51.6s/14m00.0s

running (05m52.7s), 0387/2000 VUs, 12966 complete and 0 interrupted iterations
default   [  42% ] 0387/2000 VUs  05m52.6s/14m00.0s

running (05m53.7s), 0389/2000 VUs, 13034 complete and 0 interrupted iterations
default   [  42% ] 0389/2000 VUs  05m53.6s/14m00.0s

running (05m54.7s), 0391/2000 VUs, 13110 complete and 0 interrupted iterations
default   [  42% ] 0391/2000 VUs  05m54.6s/14m00.0s

running (05m55.7s), 0392/2000 VUs, 13176 complete and 0 interrupted iterations
default   [  42% ] 0392/2000 VUs  05m55.6s/14m00.0s

running (05m56.7s), 0394/2000 VUs, 13265 complete and 0 interrupted iterations
default   [  42% ] 0394/2000 VUs  05m56.6s/14m00.0s

running (05m57.7s), 0396/2000 VUs, 13333 complete and 0 interrupted iterations
default   [  43% ] 0396/2000 VUs  05m57.6s/14m00.0s

running (05m58.7s), 0397/2000 VUs, 13405 complete and 0 interrupted iterations
default   [  43% ] 0397/2000 VUs  05m58.6s/14m00.0s

running (05m59.7s), 0399/2000 VUs, 13467 complete and 0 interrupted iterations
default   [  43% ] 0399/2000 VUs  05m59.6s/14m00.0s

running (06m00.7s), 0402/2000 VUs, 13555 complete and 0 interrupted iterations
default   [  43% ] 0402/2000 VUs  06m00.6s/14m00.0s

running (06m01.7s), 0405/2000 VUs, 13639 complete and 0 interrupted iterations
default   [  43% ] 0405/2000 VUs  06m01.6s/14m00.0s

running (06m02.7s), 0408/2000 VUs, 13713 complete and 0 interrupted iterations
default   [  43% ] 0408/2000 VUs  06m02.6s/14m00.0s

running (06m03.7s), 0412/2000 VUs, 13783 complete and 0 interrupted iterations
default   [  43% ] 0412/2000 VUs  06m03.6s/14m00.0s

running (06m04.7s), 0415/2000 VUs, 13874 complete and 0 interrupted iterations
default   [  43% ] 0415/2000 VUs  06m04.6s/14m00.0s

running (06m05.7s), 0418/2000 VUs, 13923 complete and 0 interrupted iterations
default   [  44% ] 0418/2000 VUs  06m05.6s/14m00.0s

running (06m06.7s), 0422/2000 VUs, 14004 complete and 0 interrupted iterations
default   [  44% ] 0422/2000 VUs  06m06.6s/14m00.0s

running (06m07.7s), 0425/2000 VUs, 14067 complete and 0 interrupted iterations
default   [  44% ] 0425/2000 VUs  06m07.6s/14m00.0s

running (06m08.7s), 0428/2000 VUs, 14141 complete and 0 interrupted iterations
default   [  44% ] 0428/2000 VUs  06m08.6s/14m00.0s

running (06m09.7s), 0432/2000 VUs, 14204 complete and 0 interrupted iterations
default   [  44% ] 0432/2000 VUs  06m09.6s/14m00.0s

running (06m10.7s), 0435/2000 VUs, 14273 complete and 0 interrupted iterations
default   [  44% ] 0435/2000 VUs  06m10.6s/14m00.0s

running (06m11.7s), 0438/2000 VUs, 14342 complete and 0 interrupted iterations
default   [  44% ] 0438/2000 VUs  06m11.6s/14m00.0s

running (06m12.7s), 0442/2000 VUs, 14431 complete and 0 interrupted iterations
default   [  44% ] 0442/2000 VUs  06m12.6s/14m00.0s

running (06m13.7s), 0445/2000 VUs, 14520 complete and 0 interrupted iterations
default   [  44% ] 0445/2000 VUs  06m13.6s/14m00.0s
