
         /\      Grafana   /‾‾/  
    /\  /  \     |\  __   /  /   
   /  \/    \    | |/ /  /   ‾‾\ 
  /          \   |   (  |  (‾)  |
 / __________ \  |_|\_\  \_____/ 

     execution: local
        script: tests/orders/orders.test.js
        output: -

     scenarios: (100.00%) 1 scenario, 100 max VUs, 10m30s max duration (incl. graceful stop):
              * default: Up to 100 looping VUs for 10m0s over 3 stages (gracefulRampDown: 30s, gracefulStop: 30s)


running (00m01.0s), 001/100 VUs, 0 complete and 0 interrupted iterations
default   [   0% ] 001/100 VUs  00m01.0s/10m00.0s

running (00m02.0s), 002/100 VUs, 0 complete and 0 interrupted iterations
default   [   0% ] 002/100 VUs  00m02.0s/10m00.0s

running (00m03.0s), 003/100 VUs, 0 complete and 0 interrupted iterations
default   [   0% ] 003/100 VUs  00m03.0s/10m00.0s

running (00m04.0s), 004/100 VUs, 0 complete and 0 interrupted iterations
default   [   1% ] 004/100 VUs  00m04.0s/10m00.0s

running (00m05.0s), 005/100 VUs, 0 complete and 0 interrupted iterations
default   [   1% ] 005/100 VUs  00m05.0s/10m00.0s

running (00m06.0s), 005/100 VUs, 1 complete and 0 interrupted iterations
default   [   1% ] 005/100 VUs  00m06.0s/10m00.0s

running (00m07.0s), 006/100 VUs, 1 complete and 0 interrupted iterations
default   [   1% ] 006/100 VUs  00m07.0s/10m00.0s

running (00m08.0s), 007/100 VUs, 3 complete and 0 interrupted iterations
default   [   1% ] 007/100 VUs  00m08.0s/10m00.0s

running (00m09.0s), 008/100 VUs, 3 complete and 0 interrupted iterations
default   [   1% ] 008/100 VUs  00m09.0s/10m00.0s

running (00m10.0s), 009/100 VUs, 6 complete and 0 interrupted iterations
default   [   2% ] 009/100 VUs  00m10.0s/10m00.0s

running (00m11.0s), 010/100 VUs, 6 complete and 0 interrupted iterations
default   [   2% ] 010/100 VUs  00m11.0s/10m00.0s

running (00m12.0s), 010/100 VUs, 7 complete and 0 interrupted iterations
default   [   2% ] 010/100 VUs  00m12.0s/10m00.0s

running (00m13.0s), 011/100 VUs, 10 complete and 0 interrupted iterations
default   [   2% ] 011/100 VUs  00m13.0s/10m00.0s

running (00m14.0s), 012/100 VUs, 11 complete and 0 interrupted iterations
default   [   2% ] 012/100 VUs  00m14.0s/10m00.0s

running (00m15.0s), 013/100 VUs, 14 complete and 0 interrupted iterations
default   [   2% ] 013/100 VUs  00m15.0s/10m00.0s

running (00m16.0s), 014/100 VUs, 16 complete and 0 interrupted iterations
default   [   3% ] 014/100 VUs  00m16.0s/10m00.0s

running (00m17.0s), 014/100 VUs, 20 complete and 0 interrupted iterations
default   [   3% ] 014/100 VUs  00m17.0s/10m00.0s

running (00m18.0s), 015/100 VUs, 20 complete and 0 interrupted iterations
default   [   3% ] 015/100 VUs  00m18.0s/10m00.0s

running (00m19.0s), 016/100 VUs, 22 complete and 0 interrupted iterations
default   [   3% ] 016/100 VUs  00m19.0s/10m00.0s

running (00m20.0s), 017/100 VUs, 28 complete and 0 interrupted iterations
default   [   3% ] 017/100 VUs  00m20.0s/10m00.0s

running (00m21.0s), 018/100 VUs, 31 complete and 0 interrupted iterations
default   [   3% ] 018/100 VUs  00m21.0s/10m00.0s

running (00m22.0s), 019/100 VUs, 33 complete and 0 interrupted iterations
default   [   4% ] 019/100 VUs  00m22.0s/10m00.0s

running (00m23.0s), 019/100 VUs, 37 complete and 0 interrupted iterations
default   [   4% ] 019/100 VUs  00m23.0s/10m00.0s

running (00m24.0s), 020/100 VUs, 40 complete and 0 interrupted iterations
default   [   4% ] 020/100 VUs  00m24.0s/10m00.0s

running (00m25.0s), 021/100 VUs, 46 complete and 0 interrupted iterations
default   [   4% ] 021/100 VUs  00m25.0s/10m00.0s

running (00m26.0s), 022/100 VUs, 49 complete and 0 interrupted iterations
default   [   4% ] 022/100 VUs  00m26.0s/10m00.0s

running (00m27.0s), 023/100 VUs, 53 complete and 0 interrupted iterations
default   [   4% ] 023/100 VUs  00m27.0s/10m00.0s

running (00m28.0s), 024/100 VUs, 56 complete and 0 interrupted iterations
default   [   5% ] 024/100 VUs  00m28.0s/10m00.0s

running (00m29.0s), 024/100 VUs, 59 complete and 0 interrupted iterations
default   [   5% ] 024/100 VUs  00m29.0s/10m00.0s

running (00m30.0s), 025/100 VUs, 67 complete and 0 interrupted iterations
default   [   5% ] 025/100 VUs  00m30.0s/10m00.0s

running (00m31.0s), 026/100 VUs, 71 complete and 0 interrupted iterations
default   [   5% ] 026/100 VUs  00m31.0s/10m00.0s

running (00m32.0s), 027/100 VUs, 75 complete and 0 interrupted iterations
default   [   5% ] 027/100 VUs  00m32.0s/10m00.0s

running (00m33.0s), 028/100 VUs, 84 complete and 0 interrupted iterations
default   [   5% ] 028/100 VUs  00m33.0s/10m00.0s

running (00m34.0s), 029/100 VUs, 85 complete and 0 interrupted iterations
default   [   6% ] 029/100 VUs  00m34.0s/10m00.0s

running (00m35.0s), 029/100 VUs, 89 complete and 0 interrupted iterations
default   [   6% ] 029/100 VUs  00m35.0s/10m00.0s

running (00m36.0s), 030/100 VUs, 98 complete and 0 interrupted iterations
default   [   6% ] 030/100 VUs  00m36.0s/10m00.0s

running (00m37.0s), 031/100 VUs, 102 complete and 0 interrupted iterations
default   [   6% ] 031/100 VUs  00m37.0s/10m00.0s

running (00m38.0s), 032/100 VUs, 109 complete and 0 interrupted iterations
default   [   6% ] 032/100 VUs  00m38.0s/10m00.0s

running (00m39.0s), 033/100 VUs, 114 complete and 0 interrupted iterations
default   [   6% ] 033/100 VUs  00m39.0s/10m00.0s

running (00m40.0s), 033/100 VUs, 120 complete and 0 interrupted iterations
default   [   7% ] 033/100 VUs  00m40.0s/10m00.0s

running (00m41.0s), 034/100 VUs, 129 complete and 0 interrupted iterations
default   [   7% ] 034/100 VUs  00m41.0s/10m00.0s

running (00m42.0s), 035/100 VUs, 133 complete and 0 interrupted iterations
default   [   7% ] 035/100 VUs  00m42.0s/10m00.0s

running (00m43.0s), 036/100 VUs, 141 complete and 0 interrupted iterations
default   [   7% ] 036/100 VUs  00m43.0s/10m00.0s

running (00m44.0s), 037/100 VUs, 147 complete and 0 interrupted iterations
default   [   7% ] 037/100 VUs  00m44.0s/10m00.0s

running (00m45.0s), 038/100 VUs, 156 complete and 0 interrupted iterations
default   [   7% ] 038/100 VUs  00m45.0s/10m00.0s

running (00m46.0s), 038/100 VUs, 162 complete and 0 interrupted iterations
default   [   8% ] 038/100 VUs  00m46.0s/10m00.0s

running (00m47.0s), 039/100 VUs, 173 complete and 0 interrupted iterations
default   [   8% ] 039/100 VUs  00m47.0s/10m00.0s

running (00m48.0s), 040/100 VUs, 178 complete and 0 interrupted iterations
default   [   8% ] 040/100 VUs  00m48.0s/10m00.0s

running (00m49.0s), 041/100 VUs, 185 complete and 0 interrupted iterations
default   [   8% ] 041/100 VUs  00m49.0s/10m00.0s

running (00m50.0s), 042/100 VUs, 195 complete and 0 interrupted iterations
default   [   8% ] 042/100 VUs  00m50.0s/10m00.0s

running (00m51.0s), 043/100 VUs, 202 complete and 0 interrupted iterations
default   [   8% ] 043/100 VUs  00m51.0s/10m00.0s

running (00m52.0s), 043/100 VUs, 210 complete and 0 interrupted iterations
default   [   9% ] 043/100 VUs  00m52.0s/10m00.0s

running (00m53.0s), 044/100 VUs, 216 complete and 0 interrupted iterations
default   [   9% ] 044/100 VUs  00m53.0s/10m00.0s

running (00m54.0s), 045/100 VUs, 226 complete and 0 interrupted iterations
default   [   9% ] 045/100 VUs  00m54.0s/10m00.0s

running (00m55.0s), 046/100 VUs, 235 complete and 0 interrupted iterations
default   [   9% ] 046/100 VUs  00m55.0s/10m00.0s

running (00m56.0s), 047/100 VUs, 245 complete and 0 interrupted iterations
default   [   9% ] 047/100 VUs  00m56.0s/10m00.0s

running (00m57.0s), 047/100 VUs, 258 complete and 0 interrupted iterations
default   [   9% ] 047/100 VUs  00m57.0s/10m00.0s

running (00m58.0s), 048/100 VUs, 264 complete and 0 interrupted iterations
default   [  10% ] 048/100 VUs  00m58.0s/10m00.0s

running (00m59.0s), 049/100 VUs, 276 complete and 0 interrupted iterations
default   [  10% ] 049/100 VUs  00m59.0s/10m00.0s

running (01m00.0s), 050/100 VUs, 283 complete and 0 interrupted iterations
default   [  10% ] 050/100 VUs  01m00.0s/10m00.0s

running (01m01.0s), 051/100 VUs, 291 complete and 0 interrupted iterations
default   [  10% ] 051/100 VUs  01m01.0s/10m00.0s

running (01m02.0s), 052/100 VUs, 305 complete and 0 interrupted iterations
default   [  10% ] 052/100 VUs  01m02.0s/10m00.0s

running (01m03.0s), 052/100 VUs, 310 complete and 0 interrupted iterations
default   [  10% ] 052/100 VUs  01m03.0s/10m00.0s

running (01m04.0s), 053/100 VUs, 321 complete and 0 interrupted iterations
default   [  11% ] 053/100 VUs  01m04.0s/10m00.0s

running (01m05.0s), 054/100 VUs, 334 complete and 0 interrupted iterations
default   [  11% ] 054/100 VUs  01m05.0s/10m00.0s

running (01m06.0s), 055/100 VUs, 343 complete and 0 interrupted iterations
default   [  11% ] 055/100 VUs  01m06.0s/10m00.0s

running (01m07.0s), 056/100 VUs, 357 complete and 0 interrupted iterations
default   [  11% ] 056/100 VUs  01m07.0s/10m00.0s

running (01m08.0s), 057/100 VUs, 365 complete and 0 interrupted iterations
default   [  11% ] 057/100 VUs  01m08.0s/10m00.0s

running (01m09.0s), 057/100 VUs, 376 complete and 0 interrupted iterations
default   [  11% ] 057/100 VUs  01m09.0s/10m00.0s

running (01m10.0s), 058/100 VUs, 387 complete and 0 interrupted iterations
default   [  12% ] 058/100 VUs  01m10.0s/10m00.0s

running (01m11.0s), 059/100 VUs, 402 complete and 0 interrupted iterations
default   [  12% ] 059/100 VUs  01m11.0s/10m00.0s

running (01m12.0s), 060/100 VUs, 414 complete and 0 interrupted iterations
default   [  12% ] 060/100 VUs  01m12.0s/10m00.0s

running (01m13.0s), 061/100 VUs, 423 complete and 0 interrupted iterations
default   [  12% ] 061/100 VUs  01m13.0s/10m00.0s

running (01m14.0s), 062/100 VUs, 434 complete and 0 interrupted iterations
default   [  12% ] 062/100 VUs  01m14.0s/10m00.0s

running (01m15.0s), 062/100 VUs, 450 complete and 0 interrupted iterations
default   [  12% ] 062/100 VUs  01m15.0s/10m00.0s

running (01m16.0s), 063/100 VUs, 467 complete and 0 interrupted iterations
default   [  13% ] 063/100 VUs  01m16.0s/10m00.0s

running (01m17.0s), 064/100 VUs, 477 complete and 0 interrupted iterations
default   [  13% ] 064/100 VUs  01m17.0s/10m00.0s

running (01m18.0s), 065/100 VUs, 485 complete and 0 interrupted iterations
default   [  13% ] 065/100 VUs  01m18.0s/10m00.0s

running (01m19.0s), 066/100 VUs, 494 complete and 0 interrupted iterations
default   [  13% ] 066/100 VUs  01m19.0s/10m00.0s

running (01m20.0s), 066/100 VUs, 513 complete and 0 interrupted iterations
default   [  13% ] 066/100 VUs  01m20.0s/10m00.0s

running (01m21.0s), 067/100 VUs, 528 complete and 0 interrupted iterations
default   [  13% ] 067/100 VUs  01m21.0s/10m00.0s

running (01m22.0s), 068/100 VUs, 538 complete and 0 interrupted iterations
default   [  14% ] 068/100 VUs  01m22.0s/10m00.0s

running (01m23.0s), 069/100 VUs, 551 complete and 0 interrupted iterations
default   [  14% ] 069/100 VUs  01m23.0s/10m00.0s

running (01m24.0s), 070/100 VUs, 562 complete and 0 interrupted iterations
default   [  14% ] 070/100 VUs  01m24.0s/10m00.0s

running (01m25.0s), 071/100 VUs, 583 complete and 0 interrupted iterations
default   [  14% ] 071/100 VUs  01m25.0s/10m00.0s

running (01m26.0s), 071/100 VUs, 596 complete and 0 interrupted iterations
default   [  14% ] 071/100 VUs  01m26.0s/10m00.0s

running (01m27.0s), 072/100 VUs, 606 complete and 0 interrupted iterations
default   [  14% ] 072/100 VUs  01m27.0s/10m00.0s

running (01m28.0s), 073/100 VUs, 620 complete and 0 interrupted iterations
default   [  15% ] 073/100 VUs  01m28.0s/10m00.0s

running (01m29.0s), 074/100 VUs, 631 complete and 0 interrupted iterations
default   [  15% ] 074/100 VUs  01m29.0s/10m00.0s

running (01m30.0s), 075/100 VUs, 655 complete and 0 interrupted iterations
default   [  15% ] 075/100 VUs  01m30.0s/10m00.0s

running (01m31.0s), 076/100 VUs, 669 complete and 0 interrupted iterations
default   [  15% ] 076/100 VUs  01m31.0s/10m00.0s

running (01m32.0s), 076/100 VUs, 681 complete and 0 interrupted iterations
default   [  15% ] 076/100 VUs  01m32.0s/10m00.0s

running (01m33.0s), 077/100 VUs, 697 complete and 0 interrupted iterations
default   [  15% ] 077/100 VUs  01m33.0s/10m00.0s

running (01m34.0s), 078/100 VUs, 707 complete and 0 interrupted iterations
default   [  16% ] 078/100 VUs  01m34.0s/10m00.0s

running (01m35.0s), 079/100 VUs, 729 complete and 0 interrupted iterations
default   [  16% ] 079/100 VUs  01m35.0s/10m00.0s

running (01m36.0s), 080/100 VUs, 745 complete and 0 interrupted iterations
default   [  16% ] 080/100 VUs  01m36.0s/10m00.0s

running (01m37.0s), 080/100 VUs, 757 complete and 0 interrupted iterations
default   [  16% ] 080/100 VUs  01m37.0s/10m00.0s

running (01m38.0s), 081/100 VUs, 771 complete and 0 interrupted iterations
default   [  16% ] 081/100 VUs  01m38.0s/10m00.0s

running (01m39.0s), 082/100 VUs, 791 complete and 0 interrupted iterations
default   [  16% ] 082/100 VUs  01m39.0s/10m00.0s

running (01m40.0s), 083/100 VUs, 812 complete and 0 interrupted iterations
default   [  17% ] 083/100 VUs  01m40.0s/10m00.0s

running (01m41.0s), 084/100 VUs, 829 complete and 0 interrupted iterations
default   [  17% ] 084/100 VUs  01m41.0s/10m00.0s

running (01m42.0s), 085/100 VUs, 840 complete and 0 interrupted iterations
default   [  17% ] 085/100 VUs  01m42.0s/10m00.0s

running (01m43.0s), 085/100 VUs, 855 complete and 0 interrupted iterations
default   [  17% ] 085/100 VUs  01m43.0s/10m00.0s

running (01m44.0s), 086/100 VUs, 880 complete and 0 interrupted iterations
default   [  17% ] 086/100 VUs  01m44.0s/10m00.0s

running (01m45.0s), 087/100 VUs, 897 complete and 0 interrupted iterations
default   [  17% ] 087/100 VUs  01m45.0s/10m00.0s

running (01m46.0s), 088/100 VUs, 913 complete and 0 interrupted iterations
default   [  18% ] 088/100 VUs  01m46.0s/10m00.0s

running (01m47.0s), 089/100 VUs, 930 complete and 0 interrupted iterations
default   [  18% ] 089/100 VUs  01m47.0s/10m00.0s

running (01m48.0s), 090/100 VUs, 948 complete and 0 interrupted iterations
default   [  18% ] 090/100 VUs  01m48.0s/10m00.0s

running (01m49.0s), 090/100 VUs, 965 complete and 0 interrupted iterations
default   [  18% ] 090/100 VUs  01m49.0s/10m00.0s

running (01m50.0s), 091/100 VUs, 985 complete and 0 interrupted iterations
default   [  18% ] 091/100 VUs  01m50.0s/10m00.0s

running (01m51.0s), 092/100 VUs, 1002 complete and 0 interrupted iterations
default   [  18% ] 092/100 VUs  01m51.0s/10m00.0s

running (01m52.0s), 093/100 VUs, 1015 complete and 0 interrupted iterations
default   [  19% ] 093/100 VUs  01m52.0s/10m00.0s

running (01m53.0s), 094/100 VUs, 1041 complete and 0 interrupted iterations
default   [  19% ] 094/100 VUs  01m53.0s/10m00.0s

running (01m54.0s), 095/100 VUs, 1054 complete and 0 interrupted iterations
default   [  19% ] 095/100 VUs  01m54.0s/10m00.0s

running (01m55.0s), 095/100 VUs, 1077 complete and 0 interrupted iterations
default   [  19% ] 095/100 VUs  01m55.0s/10m00.0s

running (01m56.0s), 096/100 VUs, 1092 complete and 0 interrupted iterations
default   [  19% ] 096/100 VUs  01m56.0s/10m00.0s

running (01m57.0s), 097/100 VUs, 1110 complete and 0 interrupted iterations
default   [  19% ] 097/100 VUs  01m57.0s/10m00.0s

running (01m58.0s), 098/100 VUs, 1128 complete and 0 interrupted iterations
default   [  20% ] 098/100 VUs  01m58.0s/10m00.0s

running (01m59.0s), 099/100 VUs, 1152 complete and 0 interrupted iterations
default   [  20% ] 099/100 VUs  01m59.0s/10m00.0s

running (02m00.0s), 099/100 VUs, 1170 complete and 0 interrupted iterations
default   [  20% ] 099/100 VUs  02m00.0s/10m00.0s

running (02m01.0s), 100/100 VUs, 1191 complete and 0 interrupted iterations
default   [  20% ] 100/100 VUs  02m01.0s/10m00.0s

running (02m02.0s), 100/100 VUs, 1212 complete and 0 interrupted iterations
default   [  20% ] 100/100 VUs  02m02.0s/10m00.0s

running (02m03.0s), 100/100 VUs, 1230 complete and 0 interrupted iterations
default   [  20% ] 100/100 VUs  02m03.0s/10m00.0s

running (02m04.0s), 100/100 VUs, 1246 complete and 0 interrupted iterations
default   [  21% ] 100/100 VUs  02m04.0s/10m00.0s

running (02m05.0s), 100/100 VUs, 1267 complete and 0 interrupted iterations
default   [  21% ] 100/100 VUs  02m05.0s/10m00.0s

running (02m06.0s), 100/100 VUs, 1292 complete and 0 interrupted iterations
default   [  21% ] 100/100 VUs  02m06.0s/10m00.0s

running (02m07.0s), 100/100 VUs, 1311 complete and 0 interrupted iterations
default   [  21% ] 100/100 VUs  02m07.0s/10m00.0s

running (02m08.0s), 100/100 VUs, 1329 complete and 0 interrupted iterations
default   [  21% ] 100/100 VUs  02m08.0s/10m00.0s

running (02m09.0s), 100/100 VUs, 1349 complete and 0 interrupted iterations
default   [  21% ] 100/100 VUs  02m09.0s/10m00.0s

running (02m10.0s), 100/100 VUs, 1368 complete and 0 interrupted iterations
default   [  22% ] 100/100 VUs  02m10.0s/10m00.0s

running (02m11.0s), 100/100 VUs, 1393 complete and 0 interrupted iterations
default   [  22% ] 100/100 VUs  02m11.0s/10m00.0s

running (02m12.0s), 100/100 VUs, 1411 complete and 0 interrupted iterations
default   [  22% ] 100/100 VUs  02m12.0s/10m00.0s

running (02m13.0s), 100/100 VUs, 1428 complete and 0 interrupted iterations
default   [  22% ] 100/100 VUs  02m13.0s/10m00.0s

running (02m14.0s), 100/100 VUs, 1449 complete and 0 interrupted iterations
default   [  22% ] 100/100 VUs  02m14.0s/10m00.0s

running (02m15.0s), 100/100 VUs, 1466 complete and 0 interrupted iterations
default   [  22% ] 100/100 VUs  02m15.0s/10m00.0s

running (02m16.0s), 100/100 VUs, 1488 complete and 0 interrupted iterations
default   [  23% ] 100/100 VUs  02m16.0s/10m00.0s

running (02m17.0s), 100/100 VUs, 1510 complete and 0 interrupted iterations
default   [  23% ] 100/100 VUs  02m17.0s/10m00.0s

running (02m18.0s), 100/100 VUs, 1522 complete and 0 interrupted iterations
default   [  23% ] 100/100 VUs  02m18.0s/10m00.0s

running (02m19.0s), 100/100 VUs, 1549 complete and 0 interrupted iterations
default   [  23% ] 100/100 VUs  02m19.0s/10m00.0s

running (02m20.0s), 100/100 VUs, 1569 complete and 0 interrupted iterations
default   [  23% ] 100/100 VUs  02m20.0s/10m00.0s

running (02m21.0s), 100/100 VUs, 1587 complete and 0 interrupted iterations
default   [  23% ] 100/100 VUs  02m21.0s/10m00.0s

running (02m22.0s), 100/100 VUs, 1604 complete and 0 interrupted iterations
default   [  24% ] 100/100 VUs  02m22.0s/10m00.0s

running (02m23.0s), 100/100 VUs, 1622 complete and 0 interrupted iterations
default   [  24% ] 100/100 VUs  02m23.0s/10m00.0s

running (02m24.0s), 100/100 VUs, 1646 complete and 0 interrupted iterations
default   [  24% ] 100/100 VUs  02m24.0s/10m00.0s

running (02m25.0s), 100/100 VUs, 1669 complete and 0 interrupted iterations
default   [  24% ] 100/100 VUs  02m25.0s/10m00.0s

running (02m26.0s), 100/100 VUs, 1686 complete and 0 interrupted iterations
default   [  24% ] 100/100 VUs  02m26.0s/10m00.0s

running (02m27.0s), 100/100 VUs, 1708 complete and 0 interrupted iterations
default   [  24% ] 100/100 VUs  02m27.0s/10m00.0s

running (02m28.0s), 100/100 VUs, 1726 complete and 0 interrupted iterations
default   [  25% ] 100/100 VUs  02m28.0s/10m00.0s

running (02m29.0s), 100/100 VUs, 1746 complete and 0 interrupted iterations
default   [  25% ] 100/100 VUs  02m29.0s/10m00.0s

running (02m30.0s), 100/100 VUs, 1770 complete and 0 interrupted iterations
default   [  25% ] 100/100 VUs  02m30.0s/10m00.0s

running (02m31.0s), 100/100 VUs, 1785 complete and 0 interrupted iterations
default   [  25% ] 100/100 VUs  02m31.0s/10m00.0s

running (02m32.0s), 100/100 VUs, 1807 complete and 0 interrupted iterations
default   [  25% ] 100/100 VUs  02m32.0s/10m00.0s

running (02m33.0s), 100/100 VUs, 1833 complete and 0 interrupted iterations
default   [  25% ] 100/100 VUs  02m33.0s/10m00.0s

running (02m34.0s), 100/100 VUs, 1847 complete and 0 interrupted iterations
default   [  26% ] 100/100 VUs  02m34.0s/10m00.0s

running (02m35.0s), 100/100 VUs, 1872 complete and 0 interrupted iterations
default   [  26% ] 100/100 VUs  02m35.0s/10m00.0s

running (02m36.0s), 100/100 VUs, 1893 complete and 0 interrupted iterations
default   [  26% ] 100/100 VUs  02m36.0s/10m00.0s

running (02m37.0s), 100/100 VUs, 1912 complete and 0 interrupted iterations
default   [  26% ] 100/100 VUs  02m37.0s/10m00.0s

running (02m38.0s), 100/100 VUs, 1932 complete and 0 interrupted iterations
default   [  26% ] 100/100 VUs  02m38.0s/10m00.0s

running (02m39.0s), 100/100 VUs, 1948 complete and 0 interrupted iterations
default   [  26% ] 100/100 VUs  02m39.0s/10m00.0s

running (02m40.0s), 100/100 VUs, 1971 complete and 0 interrupted iterations
default   [  27% ] 100/100 VUs  02m40.0s/10m00.0s

running (02m41.0s), 100/100 VUs, 1991 complete and 0 interrupted iterations
default   [  27% ] 100/100 VUs  02m41.0s/10m00.0s

running (02m42.0s), 100/100 VUs, 2018 complete and 0 interrupted iterations
default   [  27% ] 100/100 VUs  02m42.0s/10m00.0s

running (02m43.0s), 100/100 VUs, 2033 complete and 0 interrupted iterations
default   [  27% ] 100/100 VUs  02m43.0s/10m00.0s

running (02m44.0s), 100/100 VUs, 2054 complete and 0 interrupted iterations
default   [  27% ] 100/100 VUs  02m44.0s/10m00.0s

running (02m45.0s), 100/100 VUs, 2073 complete and 0 interrupted iterations
default   [  27% ] 100/100 VUs  02m45.0s/10m00.0s

running (02m46.0s), 100/100 VUs, 2096 complete and 0 interrupted iterations
default   [  28% ] 100/100 VUs  02m46.0s/10m00.0s

running (02m47.0s), 100/100 VUs, 2117 complete and 0 interrupted iterations
default   [  28% ] 100/100 VUs  02m47.0s/10m00.0s

running (02m48.0s), 100/100 VUs, 2130 complete and 0 interrupted iterations
default   [  28% ] 100/100 VUs  02m48.0s/10m00.0s

running (02m49.0s), 100/100 VUs, 2152 complete and 0 interrupted iterations
default   [  28% ] 100/100 VUs  02m49.0s/10m00.0s

running (02m50.0s), 100/100 VUs, 2174 complete and 0 interrupted iterations
default   [  28% ] 100/100 VUs  02m50.0s/10m00.0s

running (02m51.0s), 100/100 VUs, 2197 complete and 0 interrupted iterations
default   [  28% ] 100/100 VUs  02m51.0s/10m00.0s

running (02m52.0s), 100/100 VUs, 2219 complete and 0 interrupted iterations
default   [  29% ] 100/100 VUs  02m52.0s/10m00.0s

running (02m53.0s), 100/100 VUs, 2234 complete and 0 interrupted iterations
default   [  29% ] 100/100 VUs  02m53.0s/10m00.0s

running (02m54.0s), 100/100 VUs, 2257 complete and 0 interrupted iterations
default   [  29% ] 100/100 VUs  02m54.0s/10m00.0s

running (02m55.0s), 100/100 VUs, 2282 complete and 0 interrupted iterations
default   [  29% ] 100/100 VUs  02m55.0s/10m00.0s

running (02m56.0s), 100/100 VUs, 2301 complete and 0 interrupted iterations
default   [  29% ] 100/100 VUs  02m56.0s/10m00.0s

running (02m57.0s), 100/100 VUs, 2322 complete and 0 interrupted iterations
default   [  29% ] 100/100 VUs  02m57.0s/10m00.0s

running (02m58.0s), 100/100 VUs, 2337 complete and 0 interrupted iterations
default   [  30% ] 100/100 VUs  02m58.0s/10m00.0s

running (02m59.0s), 100/100 VUs, 2356 complete and 0 interrupted iterations
default   [  30% ] 100/100 VUs  02m59.0s/10m00.0s

running (03m00.0s), 100/100 VUs, 2383 complete and 0 interrupted iterations
default   [  30% ] 100/100 VUs  03m00.0s/10m00.0s

running (03m01.0s), 100/100 VUs, 2403 complete and 0 interrupted iterations
default   [  30% ] 100/100 VUs  03m01.0s/10m00.0s

running (03m02.0s), 100/100 VUs, 2420 complete and 0 interrupted iterations
default   [  30% ] 100/100 VUs  03m02.0s/10m00.0s

running (03m03.0s), 100/100 VUs, 2441 complete and 0 interrupted iterations
default   [  30% ] 100/100 VUs  03m03.0s/10m00.0s

running (03m04.0s), 100/100 VUs, 2459 complete and 0 interrupted iterations
default   [  31% ] 100/100 VUs  03m04.0s/10m00.0s

running (03m05.0s), 100/100 VUs, 2480 complete and 0 interrupted iterations
default   [  31% ] 100/100 VUs  03m05.0s/10m00.0s

running (03m06.0s), 100/100 VUs, 2499 complete and 0 interrupted iterations
default   [  31% ] 100/100 VUs  03m06.0s/10m00.0s

running (03m07.0s), 100/100 VUs, 2526 complete and 0 interrupted iterations
default   [  31% ] 100/100 VUs  03m07.0s/10m00.0s

running (03m08.0s), 100/100 VUs, 2543 complete and 0 interrupted iterations
default   [  31% ] 100/100 VUs  03m08.0s/10m00.0s

running (03m09.0s), 100/100 VUs, 2561 complete and 0 interrupted iterations
default   [  31% ] 100/100 VUs  03m09.0s/10m00.0s

running (03m10.0s), 100/100 VUs, 2579 complete and 0 interrupted iterations
default   [  32% ] 100/100 VUs  03m10.0s/10m00.0s

running (03m11.0s), 100/100 VUs, 2603 complete and 0 interrupted iterations
default   [  32% ] 100/100 VUs  03m11.0s/10m00.0s

running (03m12.0s), 100/100 VUs, 2625 complete and 0 interrupted iterations
default   [  32% ] 100/100 VUs  03m12.0s/10m00.0s

running (03m13.0s), 100/100 VUs, 2651 complete and 0 interrupted iterations
default   [  32% ] 100/100 VUs  03m13.0s/10m00.0s

running (03m14.0s), 100/100 VUs, 2666 complete and 0 interrupted iterations
default   [  32% ] 100/100 VUs  03m14.0s/10m00.0s

running (03m15.0s), 100/100 VUs, 2687 complete and 0 interrupted iterations
default   [  32% ] 100/100 VUs  03m15.0s/10m00.0s

running (03m16.0s), 100/100 VUs, 2706 complete and 0 interrupted iterations
default   [  33% ] 100/100 VUs  03m16.0s/10m00.0s

running (03m17.0s), 100/100 VUs, 2726 complete and 0 interrupted iterations
default   [  33% ] 100/100 VUs  03m17.0s/10m00.0s

running (03m18.0s), 100/100 VUs, 2746 complete and 0 interrupted iterations
default   [  33% ] 100/100 VUs  03m18.0s/10m00.0s

running (03m19.0s), 100/100 VUs, 2766 complete and 0 interrupted iterations
default   [  33% ] 100/100 VUs  03m19.0s/10m00.0s

running (03m20.0s), 100/100 VUs, 2780 complete and 0 interrupted iterations
default   [  33% ] 100/100 VUs  03m20.0s/10m00.0s

running (03m21.0s), 100/100 VUs, 2809 complete and 0 interrupted iterations
default   [  33% ] 100/100 VUs  03m21.0s/10m00.0s

running (03m22.0s), 100/100 VUs, 2826 complete and 0 interrupted iterations
default   [  34% ] 100/100 VUs  03m22.0s/10m00.0s

running (03m23.0s), 100/100 VUs, 2841 complete and 0 interrupted iterations
default   [  34% ] 100/100 VUs  03m23.0s/10m00.0s

running (03m24.0s), 100/100 VUs, 2863 complete and 0 interrupted iterations
default   [  34% ] 100/100 VUs  03m24.0s/10m00.0s

running (03m25.0s), 100/100 VUs, 2880 complete and 0 interrupted iterations
default   [  34% ] 100/100 VUs  03m25.0s/10m00.0s

running (03m26.0s), 100/100 VUs, 2909 complete and 0 interrupted iterations
default   [  34% ] 100/100 VUs  03m26.0s/10m00.0s

running (03m27.0s), 100/100 VUs, 2929 complete and 0 interrupted iterations
default   [  34% ] 100/100 VUs  03m27.0s/10m00.0s

running (03m28.0s), 100/100 VUs, 2943 complete and 0 interrupted iterations
default   [  35% ] 100/100 VUs  03m28.0s/10m00.0s

running (03m29.0s), 100/100 VUs, 2962 complete and 0 interrupted iterations
default   [  35% ] 100/100 VUs  03m29.0s/10m00.0s

running (03m30.0s), 100/100 VUs, 2983 complete and 0 interrupted iterations
default   [  35% ] 100/100 VUs  03m30.0s/10m00.0s

running (03m31.0s), 100/100 VUs, 3005 complete and 0 interrupted iterations
default   [  35% ] 100/100 VUs  03m31.0s/10m00.0s

running (03m32.0s), 100/100 VUs, 3026 complete and 0 interrupted iterations
default   [  35% ] 100/100 VUs  03m32.0s/10m00.0s

running (03m33.0s), 100/100 VUs, 3047 complete and 0 interrupted iterations
default   [  35% ] 100/100 VUs  03m33.0s/10m00.0s

running (03m34.0s), 100/100 VUs, 3069 complete and 0 interrupted iterations
default   [  36% ] 100/100 VUs  03m34.0s/10m00.0s

running (03m35.0s), 100/100 VUs, 3089 complete and 0 interrupted iterations
default   [  36% ] 100/100 VUs  03m35.0s/10m00.0s

running (03m36.0s), 100/100 VUs, 3108 complete and 0 interrupted iterations
default   [  36% ] 100/100 VUs  03m36.0s/10m00.0s

running (03m37.0s), 100/100 VUs, 3126 complete and 0 interrupted iterations
default   [  36% ] 100/100 VUs  03m37.0s/10m00.0s

running (03m38.0s), 100/100 VUs, 3149 complete and 0 interrupted iterations
default   [  36% ] 100/100 VUs  03m38.0s/10m00.0s

running (03m39.0s), 100/100 VUs, 3173 complete and 0 interrupted iterations
default   [  36% ] 100/100 VUs  03m39.0s/10m00.0s

running (03m40.0s), 100/100 VUs, 3188 complete and 0 interrupted iterations
default   [  37% ] 100/100 VUs  03m40.0s/10m00.0s

running (03m41.0s), 100/100 VUs, 3205 complete and 0 interrupted iterations
default   [  37% ] 100/100 VUs  03m41.0s/10m00.0s

running (03m42.0s), 100/100 VUs, 3227 complete and 0 interrupted iterations
default   [  37% ] 100/100 VUs  03m42.0s/10m00.0s

running (03m43.0s), 100/100 VUs, 3245 complete and 0 interrupted iterations
default   [  37% ] 100/100 VUs  03m43.0s/10m00.0s

running (03m44.0s), 100/100 VUs, 3270 complete and 0 interrupted iterations
default   [  37% ] 100/100 VUs  03m44.0s/10m00.0s

running (03m45.0s), 100/100 VUs, 3292 complete and 0 interrupted iterations
default   [  37% ] 100/100 VUs  03m45.0s/10m00.0s

running (03m46.0s), 100/100 VUs, 3308 complete and 0 interrupted iterations
default   [  38% ] 100/100 VUs  03m46.0s/10m00.0s

running (03m47.0s), 100/100 VUs, 3325 complete and 0 interrupted iterations
default   [  38% ] 100/100 VUs  03m47.0s/10m00.0s

running (03m48.0s), 100/100 VUs, 3347 complete and 0 interrupted iterations
default   [  38% ] 100/100 VUs  03m48.0s/10m00.0s

running (03m49.0s), 100/100 VUs, 3364 complete and 0 interrupted iterations
default   [  38% ] 100/100 VUs  03m49.0s/10m00.0s

running (03m50.0s), 100/100 VUs, 3391 complete and 0 interrupted iterations
default   [  38% ] 100/100 VUs  03m50.0s/10m00.0s

running (03m51.0s), 100/100 VUs, 3409 complete and 0 interrupted iterations
default   [  38% ] 100/100 VUs  03m51.0s/10m00.0s

running (03m52.0s), 100/100 VUs, 3426 complete and 0 interrupted iterations
default   [  39% ] 100/100 VUs  03m52.0s/10m00.0s

running (03m53.0s), 100/100 VUs, 3450 complete and 0 interrupted iterations
default   [  39% ] 100/100 VUs  03m53.0s/10m00.0s

running (03m54.0s), 100/100 VUs, 3468 complete and 0 interrupted iterations
default   [  39% ] 100/100 VUs  03m54.0s/10m00.0s

running (03m55.0s), 100/100 VUs, 3493 complete and 0 interrupted iterations
default   [  39% ] 100/100 VUs  03m55.0s/10m00.0s

running (03m56.0s), 100/100 VUs, 3509 complete and 0 interrupted iterations
default   [  39% ] 100/100 VUs  03m56.0s/10m00.0s

running (03m57.0s), 100/100 VUs, 3528 complete and 0 interrupted iterations
default   [  39% ] 100/100 VUs  03m57.0s/10m00.0s

running (03m58.0s), 100/100 VUs, 3545 complete and 0 interrupted iterations
default   [  40% ] 100/100 VUs  03m58.0s/10m00.0s

running (03m59.0s), 100/100 VUs, 3568 complete and 0 interrupted iterations
default   [  40% ] 100/100 VUs  03m59.0s/10m00.0s

running (04m00.0s), 100/100 VUs, 3592 complete and 0 interrupted iterations
default   [  40% ] 100/100 VUs  04m00.0s/10m00.0s

running (04m01.0s), 100/100 VUs, 3615 complete and 0 interrupted iterations
default   [  40% ] 100/100 VUs  04m01.0s/10m00.0s

running (04m02.0s), 100/100 VUs, 3627 complete and 0 interrupted iterations
default   [  40% ] 100/100 VUs  04m02.0s/10m00.0s

running (04m03.0s), 100/100 VUs, 3646 complete and 0 interrupted iterations
default   [  40% ] 100/100 VUs  04m03.0s/10m00.0s

running (04m04.0s), 100/100 VUs, 3673 complete and 0 interrupted iterations
default   [  41% ] 100/100 VUs  04m04.0s/10m00.0s

running (04m05.0s), 100/100 VUs, 3687 complete and 0 interrupted iterations
default   [  41% ] 100/100 VUs  04m05.0s/10m00.0s

running (04m06.0s), 100/100 VUs, 3714 complete and 0 interrupted iterations
default   [  41% ] 100/100 VUs  04m06.0s/10m00.0s

running (04m07.0s), 100/100 VUs, 3729 complete and 0 interrupted iterations
default   [  41% ] 100/100 VUs  04m07.0s/10m00.0s

running (04m08.0s), 100/100 VUs, 3753 complete and 0 interrupted iterations
default   [  41% ] 100/100 VUs  04m08.0s/10m00.0s

running (04m09.0s), 100/100 VUs, 3772 complete and 0 interrupted iterations
default   [  41% ] 100/100 VUs  04m09.0s/10m00.0s

running (04m10.0s), 100/100 VUs, 3795 complete and 0 interrupted iterations
default   [  42% ] 100/100 VUs  04m10.0s/10m00.0s

running (04m11.0s), 100/100 VUs, 3808 complete and 0 interrupted iterations
default   [  42% ] 100/100 VUs  04m11.0s/10m00.0s

running (04m12.0s), 100/100 VUs, 3825 complete and 0 interrupted iterations
default   [  42% ] 100/100 VUs  04m12.0s/10m00.0s

running (04m13.0s), 100/100 VUs, 3852 complete and 0 interrupted iterations
default   [  42% ] 100/100 VUs  04m13.0s/10m00.0s

running (04m14.0s), 100/100 VUs, 3870 complete and 0 interrupted iterations
default   [  42% ] 100/100 VUs  04m14.0s/10m00.0s

running (04m15.0s), 100/100 VUs, 3894 complete and 0 interrupted iterations
default   [  42% ] 100/100 VUs  04m15.0s/10m00.0s

running (04m16.0s), 100/100 VUs, 3905 complete and 0 interrupted iterations
default   [  43% ] 100/100 VUs  04m16.0s/10m00.0s

running (04m17.0s), 100/100 VUs, 3921 complete and 0 interrupted iterations
default   [  43% ] 100/100 VUs  04m17.0s/10m00.0s

running (04m18.0s), 100/100 VUs, 3950 complete and 0 interrupted iterations
default   [  43% ] 100/100 VUs  04m18.0s/10m00.0s

running (04m19.0s), 100/100 VUs, 3972 complete and 0 interrupted iterations
default   [  43% ] 100/100 VUs  04m19.0s/10m00.0s

running (04m20.0s), 100/100 VUs, 3992 complete and 0 interrupted iterations
default   [  43% ] 100/100 VUs  04m20.0s/10m00.0s

running (04m21.0s), 100/100 VUs, 4008 complete and 0 interrupted iterations
default   [  43% ] 100/100 VUs  04m21.0s/10m00.0s

running (04m22.0s), 100/100 VUs, 4030 complete and 0 interrupted iterations
default   [  44% ] 100/100 VUs  04m22.0s/10m00.0s

running (04m23.0s), 100/100 VUs, 4055 complete and 0 interrupted iterations
default   [  44% ] 100/100 VUs  04m23.0s/10m00.0s

running (04m24.0s), 100/100 VUs, 4069 complete and 0 interrupted iterations
default   [  44% ] 100/100 VUs  04m24.0s/10m00.0s

running (04m25.0s), 100/100 VUs, 4094 complete and 0 interrupted iterations
default   [  44% ] 100/100 VUs  04m25.0s/10m00.0s

running (04m26.0s), 100/100 VUs, 4112 complete and 0 interrupted iterations
default   [  44% ] 100/100 VUs  04m26.0s/10m00.0s

running (04m27.0s), 100/100 VUs, 4136 complete and 0 interrupted iterations
default   [  44% ] 100/100 VUs  04m27.0s/10m00.0s

running (04m28.0s), 100/100 VUs, 4154 complete and 0 interrupted iterations
default   [  45% ] 100/100 VUs  04m28.0s/10m00.0s

running (04m29.0s), 100/100 VUs, 4169 complete and 0 interrupted iterations
default   [  45% ] 100/100 VUs  04m29.0s/10m00.0s

running (04m30.0s), 100/100 VUs, 4195 complete and 0 interrupted iterations
default   [  45% ] 100/100 VUs  04m30.0s/10m00.0s

running (04m31.0s), 100/100 VUs, 4214 complete and 0 interrupted iterations
default   [  45% ] 100/100 VUs  04m31.0s/10m00.0s

running (04m32.0s), 100/100 VUs, 4231 complete and 0 interrupted iterations
default   [  45% ] 100/100 VUs  04m32.0s/10m00.0s

running (04m33.0s), 100/100 VUs, 4250 complete and 0 interrupted iterations
default   [  45% ] 100/100 VUs  04m33.0s/10m00.0s

running (04m34.0s), 100/100 VUs, 4269 complete and 0 interrupted iterations
default   [  46% ] 100/100 VUs  04m34.0s/10m00.0s

running (04m35.0s), 100/100 VUs, 4295 complete and 0 interrupted iterations
default   [  46% ] 100/100 VUs  04m35.0s/10m00.0s

running (04m36.0s), 100/100 VUs, 4316 complete and 0 interrupted iterations
default   [  46% ] 100/100 VUs  04m36.0s/10m00.0s

running (04m37.0s), 100/100 VUs, 4329 complete and 0 interrupted iterations
default   [  46% ] 100/100 VUs  04m37.0s/10m00.0s

running (04m38.0s), 100/100 VUs, 4354 complete and 0 interrupted iterations
default   [  46% ] 100/100 VUs  04m38.0s/10m00.0s

running (04m39.0s), 100/100 VUs, 4374 complete and 0 interrupted iterations
default   [  46% ] 100/100 VUs  04m39.0s/10m00.0s

running (04m40.0s), 100/100 VUs, 4393 complete and 0 interrupted iterations
default   [  47% ] 100/100 VUs  04m40.0s/10m00.0s

running (04m41.0s), 100/100 VUs, 4415 complete and 0 interrupted iterations
default   [  47% ] 100/100 VUs  04m41.0s/10m00.0s

running (04m42.0s), 100/100 VUs, 4434 complete and 0 interrupted iterations
default   [  47% ] 100/100 VUs  04m42.0s/10m00.0s

running (04m43.0s), 100/100 VUs, 4456 complete and 0 interrupted iterations
default   [  47% ] 100/100 VUs  04m43.0s/10m00.0s

running (04m44.0s), 100/100 VUs, 4477 complete and 0 interrupted iterations
default   [  47% ] 100/100 VUs  04m44.0s/10m00.0s

running (04m45.0s), 100/100 VUs, 4490 complete and 0 interrupted iterations
default   [  47% ] 100/100 VUs  04m45.0s/10m00.0s

running (04m46.0s), 100/100 VUs, 4511 complete and 0 interrupted iterations
default   [  48% ] 100/100 VUs  04m46.0s/10m00.0s

running (04m47.0s), 100/100 VUs, 4534 complete and 0 interrupted iterations
default   [  48% ] 100/100 VUs  04m47.0s/10m00.0s

running (04m48.0s), 100/100 VUs, 4559 complete and 0 interrupted iterations
default   [  48% ] 100/100 VUs  04m48.0s/10m00.0s

running (04m49.0s), 100/100 VUs, 4577 complete and 0 interrupted iterations
default   [  48% ] 100/100 VUs  04m49.0s/10m00.0s

running (04m50.0s), 100/100 VUs, 4589 complete and 0 interrupted iterations
default   [  48% ] 100/100 VUs  04m50.0s/10m00.0s

running (04m51.0s), 100/100 VUs, 4615 complete and 0 interrupted iterations
default   [  48% ] 100/100 VUs  04m51.0s/10m00.0s

running (04m52.0s), 100/100 VUs, 4634 complete and 0 interrupted iterations
default   [  49% ] 100/100 VUs  04m52.0s/10m00.0s

running (04m53.0s), 100/100 VUs, 4660 complete and 0 interrupted iterations
default   [  49% ] 100/100 VUs  04m53.0s/10m00.0s

running (04m54.0s), 100/100 VUs, 4676 complete and 0 interrupted iterations
default   [  49% ] 100/100 VUs  04m54.0s/10m00.0s

running (04m55.0s), 100/100 VUs, 4690 complete and 0 interrupted iterations
default   [  49% ] 100/100 VUs  04m55.0s/10m00.0s

running (04m56.0s), 100/100 VUs, 4711 complete and 0 interrupted iterations
default   [  49% ] 100/100 VUs  04m56.0s/10m00.0s

running (04m57.0s), 100/100 VUs, 4729 complete and 0 interrupted iterations
default   [  49% ] 100/100 VUs  04m57.0s/10m00.0s

running (04m58.0s), 100/100 VUs, 4735 complete and 0 interrupted iterations
default   [  50% ] 100/100 VUs  04m58.0s/10m00.0s

running (04m59.0s), 100/100 VUs, 4735 complete and 0 interrupted iterations
default   [  50% ] 100/100 VUs  04m59.0s/10m00.0s

running (05m00.0s), 100/100 VUs, 4735 complete and 0 interrupted iterations
default   [  50% ] 100/100 VUs  05m00.0s/10m00.0s

running (05m01.0s), 100/100 VUs, 4735 complete and 0 interrupted iterations
default   [  50% ] 100/100 VUs  05m01.0s/10m00.0s

running (05m02.0s), 100/100 VUs, 4735 complete and 0 interrupted iterations
default   [  50% ] 100/100 VUs  05m02.0s/10m00.0s

running (05m03.0s), 100/100 VUs, 4735 complete and 0 interrupted iterations
default   [  50% ] 100/100 VUs  05m03.0s/10m00.0s

running (05m04.0s), 100/100 VUs, 4735 complete and 0 interrupted iterations
default   [  51% ] 100/100 VUs  05m04.0s/10m00.0s

running (05m05.0s), 100/100 VUs, 4735 complete and 0 interrupted iterations
default   [  51% ] 100/100 VUs  05m05.0s/10m00.0s

running (05m06.0s), 100/100 VUs, 4735 complete and 0 interrupted iterations
default   [  51% ] 100/100 VUs  05m06.0s/10m00.0s

running (05m07.0s), 100/100 VUs, 4735 complete and 0 interrupted iterations
default   [  51% ] 100/100 VUs  05m07.0s/10m00.0s

running (05m08.0s), 100/100 VUs, 4735 complete and 0 interrupted iterations
default   [  51% ] 100/100 VUs  05m08.0s/10m00.0s

running (05m09.0s), 100/100 VUs, 4735 complete and 0 interrupted iterations
default   [  51% ] 100/100 VUs  05m09.0s/10m00.0s

running (05m10.0s), 100/100 VUs, 4735 complete and 0 interrupted iterations
default   [  52% ] 100/100 VUs  05m10.0s/10m00.0s

running (05m11.0s), 100/100 VUs, 4735 complete and 0 interrupted iterations
default   [  52% ] 100/100 VUs  05m11.0s/10m00.0s

running (05m12.0s), 100/100 VUs, 4735 complete and 0 interrupted iterations
default   [  52% ] 100/100 VUs  05m12.0s/10m00.0s

running (05m13.0s), 100/100 VUs, 4735 complete and 0 interrupted iterations
default   [  52% ] 100/100 VUs  05m13.0s/10m00.0s

running (05m14.0s), 100/100 VUs, 4735 complete and 0 interrupted iterations
default   [  52% ] 100/100 VUs  05m14.0s/10m00.0s

running (05m15.0s), 100/100 VUs, 4735 complete and 0 interrupted iterations
default   [  52% ] 100/100 VUs  05m15.0s/10m00.0s

running (05m16.0s), 100/100 VUs, 4735 complete and 0 interrupted iterations
default   [  53% ] 100/100 VUs  05m16.0s/10m00.0s

running (05m17.0s), 100/100 VUs, 4735 complete and 0 interrupted iterations
default   [  53% ] 100/100 VUs  05m17.0s/10m00.0s

running (05m18.0s), 100/100 VUs, 4735 complete and 0 interrupted iterations
default   [  53% ] 100/100 VUs  05m18.0s/10m00.0s

running (05m19.0s), 100/100 VUs, 4735 complete and 0 interrupted iterations
default   [  53% ] 100/100 VUs  05m19.0s/10m00.0s

running (05m20.0s), 100/100 VUs, 4735 complete and 0 interrupted iterations
default   [  53% ] 100/100 VUs  05m20.0s/10m00.0s

running (05m21.0s), 100/100 VUs, 4735 complete and 0 interrupted iterations
default   [  53% ] 100/100 VUs  05m21.0s/10m00.0s

running (05m22.0s), 100/100 VUs, 4735 complete and 0 interrupted iterations
default   [  54% ] 100/100 VUs  05m22.0s/10m00.0s

running (05m23.0s), 100/100 VUs, 4735 complete and 0 interrupted iterations
default   [  54% ] 100/100 VUs  05m23.0s/10m00.0s

running (05m24.0s), 100/100 VUs, 4735 complete and 0 interrupted iterations
default   [  54% ] 100/100 VUs  05m24.0s/10m00.0s

running (05m25.0s), 100/100 VUs, 4735 complete and 0 interrupted iterations
default   [  54% ] 100/100 VUs  05m25.0s/10m00.0s

running (05m26.0s), 100/100 VUs, 4735 complete and 0 interrupted iterations
default   [  54% ] 100/100 VUs  05m26.0s/10m00.0s

running (05m27.0s), 100/100 VUs, 4735 complete and 0 interrupted iterations
default   [  54% ] 100/100 VUs  05m27.0s/10m00.0s

running (05m28.0s), 100/100 VUs, 4735 complete and 0 interrupted iterations
default   [  55% ] 100/100 VUs  05m28.0s/10m00.0s

running (05m29.0s), 100/100 VUs, 4735 complete and 0 interrupted iterations
default   [  55% ] 100/100 VUs  05m29.0s/10m00.0s

running (05m30.0s), 100/100 VUs, 4735 complete and 0 interrupted iterations
default   [  55% ] 100/100 VUs  05m30.0s/10m00.0s

running (05m31.0s), 100/100 VUs, 4735 complete and 0 interrupted iterations
default   [  55% ] 100/100 VUs  05m31.0s/10m00.0s

running (05m32.0s), 100/100 VUs, 4735 complete and 0 interrupted iterations
default   [  55% ] 100/100 VUs  05m32.0s/10m00.0s

running (05m33.0s), 100/100 VUs, 4735 complete and 0 interrupted iterations
default   [  55% ] 100/100 VUs  05m33.0s/10m00.0s

running (05m34.0s), 100/100 VUs, 4735 complete and 0 interrupted iterations
default   [  56% ] 100/100 VUs  05m34.0s/10m00.0s

running (05m35.0s), 100/100 VUs, 4735 complete and 0 interrupted iterations
default   [  56% ] 100/100 VUs  05m35.0s/10m00.0s

running (05m36.0s), 100/100 VUs, 4735 complete and 0 interrupted iterations
default   [  56% ] 100/100 VUs  05m36.0s/10m00.0s

running (05m37.0s), 100/100 VUs, 4735 complete and 0 interrupted iterations
default   [  56% ] 100/100 VUs  05m37.0s/10m00.0s

running (05m38.0s), 100/100 VUs, 4735 complete and 0 interrupted iterations
default   [  56% ] 100/100 VUs  05m38.0s/10m00.0s

running (05m39.0s), 100/100 VUs, 4735 complete and 0 interrupted iterations
default   [  56% ] 100/100 VUs  05m39.0s/10m00.0s

running (05m40.0s), 100/100 VUs, 4735 complete and 0 interrupted iterations
default   [  57% ] 100/100 VUs  05m40.0s/10m00.0s

running (05m41.0s), 100/100 VUs, 4735 complete and 0 interrupted iterations
default   [  57% ] 100/100 VUs  05m41.0s/10m00.0s

running (05m42.0s), 100/100 VUs, 4735 complete and 0 interrupted iterations
default   [  57% ] 100/100 VUs  05m42.0s/10m00.0s

running (05m43.0s), 100/100 VUs, 4735 complete and 0 interrupted iterations
default   [  57% ] 100/100 VUs  05m43.0s/10m00.0s

running (05m44.0s), 100/100 VUs, 4735 complete and 0 interrupted iterations
default   [  57% ] 100/100 VUs  05m44.0s/10m00.0s

running (05m45.0s), 100/100 VUs, 4735 complete and 0 interrupted iterations
default   [  57% ] 100/100 VUs  05m45.0s/10m00.0s

running (05m46.0s), 100/100 VUs, 4735 complete and 0 interrupted iterations
default   [  58% ] 100/100 VUs  05m46.0s/10m00.0s

running (05m47.0s), 100/100 VUs, 4735 complete and 0 interrupted iterations
default   [  58% ] 100/100 VUs  05m47.0s/10m00.0s

running (05m48.0s), 100/100 VUs, 4735 complete and 0 interrupted iterations
default   [  58% ] 100/100 VUs  05m48.0s/10m00.0s

running (05m49.0s), 100/100 VUs, 4735 complete and 0 interrupted iterations
default   [  58% ] 100/100 VUs  05m49.0s/10m00.0s

running (05m50.0s), 100/100 VUs, 4735 complete and 0 interrupted iterations
default   [  58% ] 100/100 VUs  05m50.0s/10m00.0s

running (05m51.0s), 100/100 VUs, 4735 complete and 0 interrupted iterations
default   [  58% ] 100/100 VUs  05m51.0s/10m00.0s

running (05m52.0s), 100/100 VUs, 4735 complete and 0 interrupted iterations
default   [  59% ] 100/100 VUs  05m52.0s/10m00.0s

running (05m53.0s), 100/100 VUs, 4735 complete and 0 interrupted iterations
default   [  59% ] 100/100 VUs  05m53.0s/10m00.0s

running (05m54.0s), 100/100 VUs, 4735 complete and 0 interrupted iterations
default   [  59% ] 100/100 VUs  05m54.0s/10m00.0s

running (05m55.0s), 100/100 VUs, 4735 complete and 0 interrupted iterations
default   [  59% ] 100/100 VUs  05m55.0s/10m00.0s

running (05m56.0s), 100/100 VUs, 4745 complete and 0 interrupted iterations
default   [  59% ] 100/100 VUs  05m56.0s/10m00.0s

running (05m57.0s), 100/100 VUs, 4787 complete and 0 interrupted iterations
default   [  59% ] 100/100 VUs  05m57.0s/10m00.0s

running (05m58.0s), 100/100 VUs, 4797 complete and 0 interrupted iterations
default   [  60% ] 100/100 VUs  05m58.0s/10m00.0s

running (05m59.0s), 100/100 VUs, 4820 complete and 0 interrupted iterations
default   [  60% ] 100/100 VUs  05m59.0s/10m00.0s

running (06m00.0s), 100/100 VUs, 4835 complete and 0 interrupted iterations
default   [  60% ] 100/100 VUs  06m00.0s/10m00.0s

running (06m01.0s), 100/100 VUs, 4835 complete and 0 interrupted iterations
default   [  60% ] 100/100 VUs  06m01.0s/10m00.0s

running (06m02.0s), 100/100 VUs, 4835 complete and 0 interrupted iterations
default   [  60% ] 100/100 VUs  06m02.0s/10m00.0s

running (06m03.0s), 100/100 VUs, 4835 complete and 0 interrupted iterations
default   [  60% ] 100/100 VUs  06m03.0s/10m00.0s

running (06m04.0s), 100/100 VUs, 4835 complete and 0 interrupted iterations
default   [  61% ] 100/100 VUs  06m04.0s/10m00.0s

running (06m05.0s), 100/100 VUs, 4835 complete and 0 interrupted iterations
default   [  61% ] 100/100 VUs  06m05.0s/10m00.0s

running (06m06.0s), 100/100 VUs, 4835 complete and 0 interrupted iterations
default   [  61% ] 100/100 VUs  06m06.0s/10m00.0s

running (06m07.0s), 100/100 VUs, 4835 complete and 0 interrupted iterations
default   [  61% ] 100/100 VUs  06m07.0s/10m00.0s

running (06m08.0s), 100/100 VUs, 4835 complete and 0 interrupted iterations
default   [  61% ] 100/100 VUs  06m08.0s/10m00.0s

running (06m09.0s), 100/100 VUs, 4835 complete and 0 interrupted iterations
default   [  61% ] 100/100 VUs  06m09.0s/10m00.0s

running (06m10.0s), 100/100 VUs, 4835 complete and 0 interrupted iterations
default   [  62% ] 100/100 VUs  06m10.0s/10m00.0s

running (06m11.0s), 100/100 VUs, 4835 complete and 0 interrupted iterations
default   [  62% ] 100/100 VUs  06m11.0s/10m00.0s

running (06m12.0s), 100/100 VUs, 4835 complete and 0 interrupted iterations
default   [  62% ] 100/100 VUs  06m12.0s/10m00.0s

running (06m13.0s), 100/100 VUs, 4835 complete and 0 interrupted iterations
default   [  62% ] 100/100 VUs  06m13.0s/10m00.0s

running (06m14.0s), 100/100 VUs, 4835 complete and 0 interrupted iterations
default   [  62% ] 100/100 VUs  06m14.0s/10m00.0s

running (06m15.0s), 100/100 VUs, 4835 complete and 0 interrupted iterations
default   [  62% ] 100/100 VUs  06m15.0s/10m00.0s

running (06m16.0s), 100/100 VUs, 4835 complete and 0 interrupted iterations
default   [  63% ] 100/100 VUs  06m16.0s/10m00.0s

running (06m17.0s), 100/100 VUs, 4835 complete and 0 interrupted iterations
default   [  63% ] 100/100 VUs  06m17.0s/10m00.0s

running (06m18.0s), 100/100 VUs, 4835 complete and 0 interrupted iterations
default   [  63% ] 100/100 VUs  06m18.0s/10m00.0s

running (06m19.0s), 100/100 VUs, 4835 complete and 0 interrupted iterations
default   [  63% ] 100/100 VUs  06m19.0s/10m00.0s

running (06m20.0s), 100/100 VUs, 4835 complete and 0 interrupted iterations
default   [  63% ] 100/100 VUs  06m20.0s/10m00.0s

running (06m21.0s), 100/100 VUs, 4835 complete and 0 interrupted iterations
default   [  63% ] 100/100 VUs  06m21.0s/10m00.0s

running (06m22.0s), 100/100 VUs, 4835 complete and 0 interrupted iterations
default   [  64% ] 100/100 VUs  06m22.0s/10m00.0s

running (06m23.0s), 100/100 VUs, 4835 complete and 0 interrupted iterations
default   [  64% ] 100/100 VUs  06m23.0s/10m00.0s

running (06m24.0s), 100/100 VUs, 4835 complete and 0 interrupted iterations
default   [  64% ] 100/100 VUs  06m24.0s/10m00.0s

running (06m25.0s), 100/100 VUs, 4835 complete and 0 interrupted iterations
default   [  64% ] 100/100 VUs  06m25.0s/10m00.0s

running (06m26.0s), 100/100 VUs, 4835 complete and 0 interrupted iterations
default   [  64% ] 100/100 VUs  06m26.0s/10m00.0s

running (06m27.0s), 100/100 VUs, 4835 complete and 0 interrupted iterations
default   [  64% ] 100/100 VUs  06m27.0s/10m00.0s

running (06m28.0s), 100/100 VUs, 4835 complete and 0 interrupted iterations
default   [  65% ] 100/100 VUs  06m28.0s/10m00.0s

running (06m29.0s), 100/100 VUs, 4835 complete and 0 interrupted iterations
default   [  65% ] 100/100 VUs  06m29.0s/10m00.0s

running (06m30.0s), 100/100 VUs, 4835 complete and 0 interrupted iterations
default   [  65% ] 100/100 VUs  06m30.0s/10m00.0s

running (06m31.0s), 100/100 VUs, 4835 complete and 0 interrupted iterations
default   [  65% ] 100/100 VUs  06m31.0s/10m00.0s

running (06m32.0s), 100/100 VUs, 4835 complete and 0 interrupted iterations
default   [  65% ] 100/100 VUs  06m32.0s/10m00.0s

running (06m33.0s), 100/100 VUs, 4835 complete and 0 interrupted iterations
default   [  65% ] 100/100 VUs  06m33.0s/10m00.0s

running (06m34.0s), 100/100 VUs, 4835 complete and 0 interrupted iterations
default   [  66% ] 100/100 VUs  06m34.0s/10m00.0s

running (06m35.0s), 100/100 VUs, 4835 complete and 0 interrupted iterations
default   [  66% ] 100/100 VUs  06m35.0s/10m00.0s

running (06m36.0s), 100/100 VUs, 4835 complete and 0 interrupted iterations
default   [  66% ] 100/100 VUs  06m36.0s/10m00.0s

running (06m37.0s), 100/100 VUs, 4835 complete and 0 interrupted iterations
default   [  66% ] 100/100 VUs  06m37.0s/10m00.0s

running (06m38.0s), 100/100 VUs, 4835 complete and 0 interrupted iterations
default   [  66% ] 100/100 VUs  06m38.0s/10m00.0s

running (06m39.0s), 100/100 VUs, 4835 complete and 0 interrupted iterations
default   [  66% ] 100/100 VUs  06m39.0s/10m00.0s

running (06m40.0s), 100/100 VUs, 4835 complete and 0 interrupted iterations
default   [  67% ] 100/100 VUs  06m40.0s/10m00.0s

running (06m41.0s), 100/100 VUs, 4835 complete and 0 interrupted iterations
default   [  67% ] 100/100 VUs  06m41.0s/10m00.0s

running (06m42.0s), 100/100 VUs, 4835 complete and 0 interrupted iterations
default   [  67% ] 100/100 VUs  06m42.0s/10m00.0s

running (06m43.0s), 100/100 VUs, 4835 complete and 0 interrupted iterations
default   [  67% ] 100/100 VUs  06m43.0s/10m00.0s

running (06m44.0s), 100/100 VUs, 4835 complete and 0 interrupted iterations
default   [  67% ] 100/100 VUs  06m44.0s/10m00.0s

running (06m45.0s), 100/100 VUs, 4835 complete and 0 interrupted iterations
default   [  67% ] 100/100 VUs  06m45.0s/10m00.0s

running (06m46.0s), 100/100 VUs, 4835 complete and 0 interrupted iterations
default   [  68% ] 100/100 VUs  06m46.0s/10m00.0s

running (06m47.0s), 100/100 VUs, 4835 complete and 0 interrupted iterations
default   [  68% ] 100/100 VUs  06m47.0s/10m00.0s

running (06m48.0s), 100/100 VUs, 4835 complete and 0 interrupted iterations
default   [  68% ] 100/100 VUs  06m48.0s/10m00.0s

running (06m49.0s), 100/100 VUs, 4835 complete and 0 interrupted iterations
default   [  68% ] 100/100 VUs  06m49.0s/10m00.0s

running (06m50.0s), 100/100 VUs, 4835 complete and 0 interrupted iterations
default   [  68% ] 100/100 VUs  06m50.0s/10m00.0s

running (06m51.0s), 100/100 VUs, 4835 complete and 0 interrupted iterations
default   [  68% ] 100/100 VUs  06m51.0s/10m00.0s

running (06m52.0s), 100/100 VUs, 4835 complete and 0 interrupted iterations
default   [  69% ] 100/100 VUs  06m52.0s/10m00.0s

running (06m53.0s), 100/100 VUs, 4835 complete and 0 interrupted iterations
default   [  69% ] 100/100 VUs  06m53.0s/10m00.0s

running (06m54.0s), 100/100 VUs, 4835 complete and 0 interrupted iterations
default   [  69% ] 100/100 VUs  06m54.0s/10m00.0s

running (06m55.0s), 100/100 VUs, 4835 complete and 0 interrupted iterations
default   [  69% ] 100/100 VUs  06m55.0s/10m00.0s

running (06m56.0s), 100/100 VUs, 4835 complete and 0 interrupted iterations
default   [  69% ] 100/100 VUs  06m56.0s/10m00.0s

running (06m57.0s), 100/100 VUs, 4835 complete and 0 interrupted iterations
default   [  69% ] 100/100 VUs  06m57.0s/10m00.0s

running (06m58.0s), 100/100 VUs, 4845 complete and 0 interrupted iterations
default   [  70% ] 100/100 VUs  06m58.0s/10m00.0s

running (06m59.0s), 100/100 VUs, 4883 complete and 0 interrupted iterations
default   [  70% ] 100/100 VUs  06m59.0s/10m00.0s

running (07m00.0s), 100/100 VUs, 4899 complete and 0 interrupted iterations
default   [  70% ] 100/100 VUs  07m00.0s/10m00.0s

running (07m01.0s), 100/100 VUs, 4922 complete and 0 interrupted iterations
default   [  70% ] 100/100 VUs  07m01.0s/10m00.0s

running (07m02.0s), 100/100 VUs, 4935 complete and 0 interrupted iterations
default   [  70% ] 100/100 VUs  07m02.0s/10m00.0s

running (07m03.0s), 100/100 VUs, 4935 complete and 0 interrupted iterations
default   [  70% ] 100/100 VUs  07m03.0s/10m00.0s

running (07m04.0s), 100/100 VUs, 4935 complete and 0 interrupted iterations
default   [  71% ] 100/100 VUs  07m04.0s/10m00.0s

running (07m05.0s), 100/100 VUs, 4935 complete and 0 interrupted iterations
default   [  71% ] 100/100 VUs  07m05.0s/10m00.0s

running (07m06.0s), 100/100 VUs, 4935 complete and 0 interrupted iterations
default   [  71% ] 100/100 VUs  07m06.0s/10m00.0s

running (07m07.0s), 100/100 VUs, 4935 complete and 0 interrupted iterations
default   [  71% ] 100/100 VUs  07m07.0s/10m00.0s

running (07m08.0s), 100/100 VUs, 4935 complete and 0 interrupted iterations
default   [  71% ] 100/100 VUs  07m08.0s/10m00.0s

running (07m09.0s), 100/100 VUs, 4935 complete and 0 interrupted iterations
default   [  71% ] 100/100 VUs  07m09.0s/10m00.0s

running (07m10.0s), 100/100 VUs, 4935 complete and 0 interrupted iterations
default   [  72% ] 100/100 VUs  07m10.0s/10m00.0s

running (07m11.0s), 100/100 VUs, 4935 complete and 0 interrupted iterations
default   [  72% ] 100/100 VUs  07m11.0s/10m00.0s

running (07m12.0s), 100/100 VUs, 4935 complete and 0 interrupted iterations
default   [  72% ] 100/100 VUs  07m12.0s/10m00.0s

running (07m13.0s), 100/100 VUs, 4935 complete and 0 interrupted iterations
default   [  72% ] 100/100 VUs  07m13.0s/10m00.0s

running (07m14.0s), 100/100 VUs, 4935 complete and 0 interrupted iterations
default   [  72% ] 100/100 VUs  07m14.0s/10m00.0s

running (07m15.0s), 100/100 VUs, 4935 complete and 0 interrupted iterations
default   [  72% ] 100/100 VUs  07m15.0s/10m00.0s

running (07m16.0s), 100/100 VUs, 4935 complete and 0 interrupted iterations
default   [  73% ] 100/100 VUs  07m16.0s/10m00.0s

running (07m17.0s), 100/100 VUs, 4935 complete and 0 interrupted iterations
default   [  73% ] 100/100 VUs  07m17.0s/10m00.0s

running (07m18.0s), 100/100 VUs, 4935 complete and 0 interrupted iterations
default   [  73% ] 100/100 VUs  07m18.0s/10m00.0s

running (07m19.0s), 100/100 VUs, 4935 complete and 0 interrupted iterations
default   [  73% ] 100/100 VUs  07m19.0s/10m00.0s

running (07m20.0s), 100/100 VUs, 4935 complete and 0 interrupted iterations
default   [  73% ] 100/100 VUs  07m20.0s/10m00.0s

running (07m21.0s), 100/100 VUs, 4935 complete and 0 interrupted iterations
default   [  73% ] 100/100 VUs  07m21.0s/10m00.0s

running (07m22.0s), 100/100 VUs, 4935 complete and 0 interrupted iterations
default   [  74% ] 100/100 VUs  07m22.0s/10m00.0s

running (07m23.0s), 100/100 VUs, 4935 complete and 0 interrupted iterations
default   [  74% ] 100/100 VUs  07m23.0s/10m00.0s

running (07m24.0s), 100/100 VUs, 4935 complete and 0 interrupted iterations
default   [  74% ] 100/100 VUs  07m24.0s/10m00.0s

running (07m25.0s), 100/100 VUs, 4935 complete and 0 interrupted iterations
default   [  74% ] 100/100 VUs  07m25.0s/10m00.0s

running (07m26.0s), 100/100 VUs, 4935 complete and 0 interrupted iterations
default   [  74% ] 100/100 VUs  07m26.0s/10m00.0s

running (07m27.0s), 100/100 VUs, 4935 complete and 0 interrupted iterations
default   [  74% ] 100/100 VUs  07m27.0s/10m00.0s

running (07m28.0s), 100/100 VUs, 4935 complete and 0 interrupted iterations
default   [  75% ] 100/100 VUs  07m28.0s/10m00.0s

running (07m29.0s), 100/100 VUs, 4935 complete and 0 interrupted iterations
default   [  75% ] 100/100 VUs  07m29.0s/10m00.0s

running (07m30.0s), 100/100 VUs, 4935 complete and 0 interrupted iterations
default   [  75% ] 100/100 VUs  07m30.0s/10m00.0s

running (07m31.0s), 100/100 VUs, 4935 complete and 0 interrupted iterations
default   [  75% ] 100/100 VUs  07m31.0s/10m00.0s

running (07m32.0s), 100/100 VUs, 4935 complete and 0 interrupted iterations
default   [  75% ] 100/100 VUs  07m32.0s/10m00.0s

running (07m33.0s), 100/100 VUs, 4935 complete and 0 interrupted iterations
default   [  75% ] 100/100 VUs  07m33.0s/10m00.0s

running (07m34.0s), 100/100 VUs, 4935 complete and 0 interrupted iterations
default   [  76% ] 100/100 VUs  07m34.0s/10m00.0s

running (07m35.0s), 100/100 VUs, 4935 complete and 0 interrupted iterations
default   [  76% ] 100/100 VUs  07m35.0s/10m00.0s

running (07m36.0s), 100/100 VUs, 4935 complete and 0 interrupted iterations
default   [  76% ] 100/100 VUs  07m36.0s/10m00.0s

running (07m37.0s), 100/100 VUs, 4935 complete and 0 interrupted iterations
default   [  76% ] 100/100 VUs  07m37.0s/10m00.0s

running (07m38.0s), 100/100 VUs, 4935 complete and 0 interrupted iterations
default   [  76% ] 100/100 VUs  07m38.0s/10m00.0s

running (07m39.0s), 100/100 VUs, 4935 complete and 0 interrupted iterations
default   [  76% ] 100/100 VUs  07m39.0s/10m00.0s

running (07m40.0s), 100/100 VUs, 4935 complete and 0 interrupted iterations
default   [  77% ] 100/100 VUs  07m40.0s/10m00.0s

running (07m41.0s), 100/100 VUs, 4935 complete and 0 interrupted iterations
default   [  77% ] 100/100 VUs  07m41.0s/10m00.0s

running (07m42.0s), 100/100 VUs, 4935 complete and 0 interrupted iterations
default   [  77% ] 100/100 VUs  07m42.0s/10m00.0s

running (07m43.0s), 100/100 VUs, 4935 complete and 0 interrupted iterations
default   [  77% ] 100/100 VUs  07m43.0s/10m00.0s

running (07m44.0s), 100/100 VUs, 4935 complete and 0 interrupted iterations
default   [  77% ] 100/100 VUs  07m44.0s/10m00.0s

running (07m45.0s), 100/100 VUs, 4935 complete and 0 interrupted iterations
default   [  77% ] 100/100 VUs  07m45.0s/10m00.0s

running (07m46.0s), 100/100 VUs, 4935 complete and 0 interrupted iterations
default   [  78% ] 100/100 VUs  07m46.0s/10m00.0s

running (07m47.0s), 100/100 VUs, 4935 complete and 0 interrupted iterations
default   [  78% ] 100/100 VUs  07m47.0s/10m00.0s

running (07m48.0s), 100/100 VUs, 4935 complete and 0 interrupted iterations
default   [  78% ] 100/100 VUs  07m48.0s/10m00.0s

running (07m49.0s), 100/100 VUs, 4935 complete and 0 interrupted iterations
default   [  78% ] 100/100 VUs  07m49.0s/10m00.0s

running (07m50.0s), 100/100 VUs, 4935 complete and 0 interrupted iterations
default   [  78% ] 100/100 VUs  07m50.0s/10m00.0s

running (07m51.0s), 100/100 VUs, 4935 complete and 0 interrupted iterations
default   [  78% ] 100/100 VUs  07m51.0s/10m00.0s

running (07m52.0s), 100/100 VUs, 4935 complete and 0 interrupted iterations
default   [  79% ] 100/100 VUs  07m52.0s/10m00.0s

running (07m53.4s), 100/100 VUs, 4935 complete and 0 interrupted iterations
default   [  79% ] 100/100 VUs  07m53.3s/10m00.0s

running (07m54.0s), 100/100 VUs, 4935 complete and 0 interrupted iterations
default   [  79% ] 100/100 VUs  07m54.0s/10m00.0s

running (07m55.0s), 100/100 VUs, 4935 complete and 0 interrupted iterations
default   [  79% ] 100/100 VUs  07m55.0s/10m00.0s

running (07m56.0s), 100/100 VUs, 4935 complete and 0 interrupted iterations
default   [  79% ] 100/100 VUs  07m56.0s/10m00.0s

running (07m57.0s), 100/100 VUs, 4935 complete and 0 interrupted iterations
default   [  79% ] 100/100 VUs  07m57.0s/10m00.0s

running (07m58.0s), 100/100 VUs, 4935 complete and 0 interrupted iterations
default   [  80% ] 100/100 VUs  07m58.0s/10m00.0s

running (07m59.0s), 100/100 VUs, 4938 complete and 0 interrupted iterations
default   [  80% ] 100/100 VUs  07m59.0s/10m00.0s

running (08m00.0s), 100/100 VUs, 4952 complete and 0 interrupted iterations
default   [  80% ] 100/100 VUs  08m00.0s/10m00.0s

running (08m01.0s), 100/100 VUs, 4983 complete and 0 interrupted iterations
default   [  80% ] 100/100 VUs  08m01.0s/10m00.0s

running (08m02.0s), 100/100 VUs, 5001 complete and 0 interrupted iterations
default   [  80% ] 100/100 VUs  08m02.0s/10m00.0s

running (08m03.0s), 100/100 VUs, 5022 complete and 0 interrupted iterations
default   [  80% ] 100/100 VUs  08m03.0s/10m00.0s

running (08m04.0s), 100/100 VUs, 5034 complete and 0 interrupted iterations
default   [  81% ] 100/100 VUs  08m04.0s/10m00.0s

running (08m05.0s), 100/100 VUs, 5035 complete and 0 interrupted iterations
default   [  81% ] 100/100 VUs  08m05.0s/10m00.0s

running (08m06.0s), 100/100 VUs, 5035 complete and 0 interrupted iterations
default   [  81% ] 100/100 VUs  08m06.0s/10m00.0s

running (08m07.0s), 100/100 VUs, 5035 complete and 0 interrupted iterations
default   [  81% ] 100/100 VUs  08m07.0s/10m00.0s

running (08m08.0s), 100/100 VUs, 5035 complete and 0 interrupted iterations
default   [  81% ] 100/100 VUs  08m08.0s/10m00.0s

running (08m09.0s), 100/100 VUs, 5035 complete and 0 interrupted iterations
default   [  81% ] 100/100 VUs  08m09.0s/10m00.0s

running (08m10.0s), 100/100 VUs, 5035 complete and 0 interrupted iterations
default   [  82% ] 100/100 VUs  08m10.0s/10m00.0s

running (08m11.0s), 100/100 VUs, 5035 complete and 0 interrupted iterations
default   [  82% ] 100/100 VUs  08m11.0s/10m00.0s

running (08m12.0s), 100/100 VUs, 5035 complete and 0 interrupted iterations
default   [  82% ] 100/100 VUs  08m12.0s/10m00.0s

running (08m13.0s), 100/100 VUs, 5035 complete and 0 interrupted iterations
default   [  82% ] 100/100 VUs  08m13.0s/10m00.0s

running (08m14.0s), 100/100 VUs, 5035 complete and 0 interrupted iterations
default   [  82% ] 100/100 VUs  08m14.0s/10m00.0s

running (08m15.0s), 100/100 VUs, 5035 complete and 0 interrupted iterations
default   [  82% ] 100/100 VUs  08m15.0s/10m00.0s

running (08m16.0s), 100/100 VUs, 5035 complete and 0 interrupted iterations
default   [  83% ] 100/100 VUs  08m16.0s/10m00.0s

running (08m17.0s), 100/100 VUs, 5035 complete and 0 interrupted iterations
default   [  83% ] 100/100 VUs  08m17.0s/10m00.0s

running (08m18.0s), 100/100 VUs, 5035 complete and 0 interrupted iterations
default   [  83% ] 100/100 VUs  08m18.0s/10m00.0s

running (08m19.0s), 100/100 VUs, 5035 complete and 0 interrupted iterations
default   [  83% ] 100/100 VUs  08m19.0s/10m00.0s

running (08m20.0s), 100/100 VUs, 5035 complete and 0 interrupted iterations
default   [  83% ] 100/100 VUs  08m20.0s/10m00.0s

running (08m21.0s), 100/100 VUs, 5035 complete and 0 interrupted iterations
default   [  83% ] 100/100 VUs  08m21.0s/10m00.0s

running (08m22.0s), 100/100 VUs, 5035 complete and 0 interrupted iterations
default   [  84% ] 100/100 VUs  08m22.0s/10m00.0s

running (08m23.0s), 100/100 VUs, 5035 complete and 0 interrupted iterations
default   [  84% ] 100/100 VUs  08m23.0s/10m00.0s

running (08m24.0s), 100/100 VUs, 5035 complete and 0 interrupted iterations
default   [  84% ] 100/100 VUs  08m24.0s/10m00.0s

running (08m25.0s), 100/100 VUs, 5035 complete and 0 interrupted iterations
default   [  84% ] 100/100 VUs  08m25.0s/10m00.0s

running (08m26.0s), 100/100 VUs, 5035 complete and 0 interrupted iterations
default   [  84% ] 100/100 VUs  08m26.0s/10m00.0s

running (08m27.0s), 100/100 VUs, 5035 complete and 0 interrupted iterations
default   [  84% ] 100/100 VUs  08m27.0s/10m00.0s

running (08m28.0s), 100/100 VUs, 5035 complete and 0 interrupted iterations
default   [  85% ] 100/100 VUs  08m28.0s/10m00.0s

running (08m29.0s), 100/100 VUs, 5035 complete and 0 interrupted iterations
default   [  85% ] 100/100 VUs  08m29.0s/10m00.0s

running (08m30.0s), 100/100 VUs, 5035 complete and 0 interrupted iterations
default   [  85% ] 100/100 VUs  08m30.0s/10m00.0s

running (08m31.0s), 100/100 VUs, 5035 complete and 0 interrupted iterations
default   [  85% ] 100/100 VUs  08m31.0s/10m00.0s

running (08m32.0s), 099/100 VUs, 5035 complete and 1 interrupted iterations
default   [  85% ] 099/100 VUs  08m32.0s/10m00.0s

running (08m33.0s), 098/100 VUs, 5035 complete and 2 interrupted iterations
default   [  85% ] 098/100 VUs  08m33.0s/10m00.0s

running (08m34.0s), 097/100 VUs, 5035 complete and 3 interrupted iterations
default   [  86% ] 097/100 VUs  08m34.0s/10m00.0s

running (08m35.0s), 096/100 VUs, 5035 complete and 4 interrupted iterations
default   [  86% ] 096/100 VUs  08m35.0s/10m00.0s

running (08m36.0s), 096/100 VUs, 5035 complete and 4 interrupted iterations
default   [  86% ] 096/100 VUs  08m36.0s/10m00.0s

running (08m37.0s), 095/100 VUs, 5035 complete and 5 interrupted iterations
default   [  86% ] 095/100 VUs  08m37.0s/10m00.0s

running (08m38.0s), 094/100 VUs, 5035 complete and 6 interrupted iterations
default   [  86% ] 094/100 VUs  08m38.0s/10m00.0s

running (08m39.0s), 093/100 VUs, 5035 complete and 7 interrupted iterations
default   [  86% ] 093/100 VUs  08m39.0s/10m00.0s

running (08m40.0s), 092/100 VUs, 5035 complete and 8 interrupted iterations
default   [  87% ] 092/100 VUs  08m40.0s/10m00.0s

running (08m41.0s), 091/100 VUs, 5035 complete and 9 interrupted iterations
default   [  87% ] 091/100 VUs  08m41.0s/10m00.0s

running (08m42.0s), 091/100 VUs, 5035 complete and 9 interrupted iterations
default   [  87% ] 091/100 VUs  08m42.0s/10m00.0s

running (08m43.0s), 090/100 VUs, 5035 complete and 10 interrupted iterations
default   [  87% ] 090/100 VUs  08m43.0s/10m00.0s

running (08m44.0s), 089/100 VUs, 5035 complete and 11 interrupted iterations
default   [  87% ] 089/100 VUs  08m44.0s/10m00.0s

running (08m45.0s), 088/100 VUs, 5035 complete and 12 interrupted iterations
default   [  87% ] 088/100 VUs  08m45.0s/10m00.0s

running (08m46.0s), 087/100 VUs, 5035 complete and 13 interrupted iterations
default   [  88% ] 087/100 VUs  08m46.0s/10m00.0s

running (08m47.0s), 086/100 VUs, 5035 complete and 14 interrupted iterations
default   [  88% ] 086/100 VUs  08m47.0s/10m00.0s

running (08m48.0s), 086/100 VUs, 5035 complete and 14 interrupted iterations
default   [  88% ] 086/100 VUs  08m48.0s/10m00.0s

running (08m49.0s), 085/100 VUs, 5035 complete and 15 interrupted iterations
default   [  88% ] 085/100 VUs  08m49.0s/10m00.0s

running (08m50.0s), 084/100 VUs, 5035 complete and 16 interrupted iterations
default   [  88% ] 084/100 VUs  08m50.0s/10m00.0s

running (08m51.0s), 083/100 VUs, 5035 complete and 17 interrupted iterations
default   [  88% ] 083/100 VUs  08m51.0s/10m00.0s

running (08m52.0s), 082/100 VUs, 5035 complete and 18 interrupted iterations
default   [  89% ] 082/100 VUs  08m52.0s/10m00.0s

running (08m53.0s), 081/100 VUs, 5035 complete and 19 interrupted iterations
default   [  89% ] 081/100 VUs  08m53.0s/10m00.0s

running (08m54.0s), 081/100 VUs, 5035 complete and 19 interrupted iterations
default   [  89% ] 081/100 VUs  08m54.0s/10m00.0s

running (08m55.0s), 080/100 VUs, 5035 complete and 20 interrupted iterations
default   [  89% ] 080/100 VUs  08m55.0s/10m00.0s

running (08m56.0s), 079/100 VUs, 5035 complete and 21 interrupted iterations
default   [  89% ] 079/100 VUs  08m56.0s/10m00.0s

running (08m57.0s), 078/100 VUs, 5035 complete and 22 interrupted iterations
default   [  89% ] 078/100 VUs  08m57.0s/10m00.0s

running (08m58.0s), 077/100 VUs, 5035 complete and 23 interrupted iterations
default   [  90% ] 077/100 VUs  08m58.0s/10m00.0s

running (08m59.0s), 076/100 VUs, 5035 complete and 24 interrupted iterations
default   [  90% ] 076/100 VUs  08m59.0s/10m00.0s

running (09m00.0s), 076/100 VUs, 5035 complete and 24 interrupted iterations
default   [  90% ] 076/100 VUs  09m00.0s/10m00.0s

running (09m01.0s), 075/100 VUs, 5038 complete and 25 interrupted iterations
default   [  90% ] 075/100 VUs  09m01.0s/10m00.0s

running (09m02.0s), 072/100 VUs, 5049 complete and 26 interrupted iterations
default   [  90% ] 072/100 VUs  09m02.0s/10m00.0s

running (09m03.0s), 062/100 VUs, 5070 complete and 27 interrupted iterations
default   [  90% ] 062/100 VUs  09m03.0s/10m00.0s

running (09m04.0s), 057/100 VUs, 5084 complete and 27 interrupted iterations
default   [  91% ] 057/100 VUs  09m04.0s/10m00.0s

running (09m05.0s), 050/100 VUs, 5099 complete and 27 interrupted iterations
default   [  91% ] 050/100 VUs  09m05.0s/10m00.0s

running (09m06.0s), 049/100 VUs, 5107 complete and 27 interrupted iterations
default   [  91% ] 049/100 VUs  09m06.0s/10m00.0s

running (09m07.0s), 049/100 VUs, 5108 complete and 27 interrupted iterations
default   [  91% ] 049/100 VUs  09m07.0s/10m00.0s

running (09m08.0s), 049/100 VUs, 5108 complete and 27 interrupted iterations
default   [  91% ] 049/100 VUs  09m08.0s/10m00.0s

running (09m09.0s), 049/100 VUs, 5108 complete and 27 interrupted iterations
default   [  91% ] 049/100 VUs  09m09.0s/10m00.0s

running (09m10.0s), 049/100 VUs, 5108 complete and 27 interrupted iterations
default   [  92% ] 049/100 VUs  09m10.0s/10m00.0s

running (09m11.0s), 049/100 VUs, 5108 complete and 27 interrupted iterations
default   [  92% ] 049/100 VUs  09m11.0s/10m00.0s

running (09m12.0s), 049/100 VUs, 5108 complete and 27 interrupted iterations
default   [  92% ] 049/100 VUs  09m12.0s/10m00.0s

running (09m13.0s), 049/100 VUs, 5108 complete and 27 interrupted iterations
default   [  92% ] 049/100 VUs  09m13.0s/10m00.0s

running (09m14.0s), 049/100 VUs, 5108 complete and 27 interrupted iterations
default   [  92% ] 049/100 VUs  09m14.0s/10m00.0s

running (09m15.0s), 049/100 VUs, 5108 complete and 27 interrupted iterations
default   [  92% ] 049/100 VUs  09m15.0s/10m00.0s

running (09m16.0s), 049/100 VUs, 5108 complete and 27 interrupted iterations
default   [  93% ] 049/100 VUs  09m16.0s/10m00.0s

running (09m17.0s), 049/100 VUs, 5108 complete and 27 interrupted iterations
default   [  93% ] 049/100 VUs  09m17.0s/10m00.0s

running (09m18.0s), 049/100 VUs, 5108 complete and 27 interrupted iterations
default   [  93% ] 049/100 VUs  09m18.0s/10m00.0s

running (09m19.0s), 049/100 VUs, 5108 complete and 27 interrupted iterations
default   [  93% ] 049/100 VUs  09m19.0s/10m00.0s

running (09m20.0s), 049/100 VUs, 5108 complete and 27 interrupted iterations
default   [  93% ] 049/100 VUs  09m20.0s/10m00.0s

running (09m21.0s), 049/100 VUs, 5108 complete and 27 interrupted iterations
default   [  93% ] 049/100 VUs  09m21.0s/10m00.0s

running (09m22.0s), 049/100 VUs, 5108 complete and 27 interrupted iterations
default   [  94% ] 049/100 VUs  09m22.0s/10m00.0s

running (09m23.0s), 049/100 VUs, 5108 complete and 27 interrupted iterations
default   [  94% ] 049/100 VUs  09m23.0s/10m00.0s

running (09m24.0s), 049/100 VUs, 5108 complete and 27 interrupted iterations
default   [  94% ] 049/100 VUs  09m24.0s/10m00.0s

running (09m25.0s), 049/100 VUs, 5108 complete and 27 interrupted iterations
default   [  94% ] 049/100 VUs  09m25.0s/10m00.0s

running (09m26.0s), 049/100 VUs, 5108 complete and 27 interrupted iterations
default   [  94% ] 049/100 VUs  09m26.0s/10m00.0s

running (09m27.0s), 049/100 VUs, 5108 complete and 27 interrupted iterations
default   [  94% ] 049/100 VUs  09m27.0s/10m00.0s

running (09m28.0s), 049/100 VUs, 5108 complete and 27 interrupted iterations
default   [  95% ] 049/100 VUs  09m28.0s/10m00.0s

running (09m29.0s), 049/100 VUs, 5108 complete and 27 interrupted iterations
default   [  95% ] 049/100 VUs  09m29.0s/10m00.0s

running (09m30.0s), 049/100 VUs, 5108 complete and 27 interrupted iterations
default   [  95% ] 049/100 VUs  09m30.0s/10m00.0s

running (09m31.0s), 049/100 VUs, 5108 complete and 27 interrupted iterations
default   [  95% ] 049/100 VUs  09m31.0s/10m00.0s

running (09m32.0s), 049/100 VUs, 5108 complete and 27 interrupted iterations
default   [  95% ] 049/100 VUs  09m32.0s/10m00.0s

running (09m33.0s), 048/100 VUs, 5108 complete and 28 interrupted iterations
default   [  95% ] 048/100 VUs  09m33.0s/10m00.0s

running (09m34.0s), 047/100 VUs, 5108 complete and 29 interrupted iterations
default   [  96% ] 047/100 VUs  09m34.0s/10m00.0s

running (09m35.0s), 046/100 VUs, 5108 complete and 30 interrupted iterations
default   [  96% ] 046/100 VUs  09m35.0s/10m00.0s

running (09m36.0s), 046/100 VUs, 5108 complete and 30 interrupted iterations
default   [  96% ] 046/100 VUs  09m36.0s/10m00.0s

running (09m37.0s), 045/100 VUs, 5108 complete and 31 interrupted iterations
default   [  96% ] 045/100 VUs  09m37.0s/10m00.0s

running (09m38.0s), 044/100 VUs, 5108 complete and 32 interrupted iterations
default   [  96% ] 044/100 VUs  09m38.0s/10m00.0s

running (09m39.0s), 043/100 VUs, 5108 complete and 33 interrupted iterations
default   [  96% ] 043/100 VUs  09m39.0s/10m00.0s

running (09m40.0s), 042/100 VUs, 5108 complete and 34 interrupted iterations
default   [  97% ] 042/100 VUs  09m40.0s/10m00.0s

running (09m41.0s), 041/100 VUs, 5108 complete and 35 interrupted iterations
default   [  97% ] 041/100 VUs  09m41.0s/10m00.0s

running (09m42.0s), 041/100 VUs, 5108 complete and 35 interrupted iterations
default   [  97% ] 041/100 VUs  09m42.0s/10m00.0s

running (09m43.0s), 040/100 VUs, 5108 complete and 36 interrupted iterations
default   [  97% ] 040/100 VUs  09m43.0s/10m00.0s

running (09m44.0s), 039/100 VUs, 5108 complete and 37 interrupted iterations
default   [  97% ] 039/100 VUs  09m44.0s/10m00.0s

running (09m45.0s), 038/100 VUs, 5108 complete and 38 interrupted iterations
default   [  97% ] 038/100 VUs  09m45.0s/10m00.0s

running (09m46.0s), 037/100 VUs, 5108 complete and 39 interrupted iterations
default   [  98% ] 037/100 VUs  09m46.0s/10m00.0s

running (09m47.0s), 036/100 VUs, 5108 complete and 40 interrupted iterations
default   [  98% ] 036/100 VUs  09m47.0s/10m00.0s

running (09m48.0s), 036/100 VUs, 5108 complete and 40 interrupted iterations
default   [  98% ] 036/100 VUs  09m48.0s/10m00.0s

running (09m49.0s), 035/100 VUs, 5108 complete and 41 interrupted iterations
default   [  98% ] 035/100 VUs  09m49.0s/10m00.0s

running (09m50.0s), 034/100 VUs, 5108 complete and 42 interrupted iterations
default   [  98% ] 034/100 VUs  09m50.0s/10m00.0s

running (09m51.0s), 033/100 VUs, 5108 complete and 43 interrupted iterations
default   [  98% ] 033/100 VUs  09m51.0s/10m00.0s

running (09m52.0s), 032/100 VUs, 5108 complete and 44 interrupted iterations
default   [  99% ] 032/100 VUs  09m52.0s/10m00.0s

running (09m53.0s), 031/100 VUs, 5108 complete and 45 interrupted iterations
default   [  99% ] 031/100 VUs  09m53.0s/10m00.0s

running (09m54.0s), 031/100 VUs, 5108 complete and 45 interrupted iterations
default   [  99% ] 031/100 VUs  09m54.0s/10m00.0s

running (09m55.0s), 030/100 VUs, 5108 complete and 46 interrupted iterations
default   [  99% ] 030/100 VUs  09m55.0s/10m00.0s

running (09m56.0s), 029/100 VUs, 5108 complete and 47 interrupted iterations
default   [  99% ] 029/100 VUs  09m56.0s/10m00.0s

running (09m57.0s), 028/100 VUs, 5108 complete and 48 interrupted iterations
default   [  99% ] 028/100 VUs  09m57.0s/10m00.0s

running (09m58.0s), 027/100 VUs, 5108 complete and 49 interrupted iterations
default   [ 100% ] 027/100 VUs  09m58.0s/10m00.0s

running (09m59.0s), 026/100 VUs, 5108 complete and 50 interrupted iterations
default   [ 100% ] 026/100 VUs  09m59.0s/10m00.0s

running (10m00.0s), 026/100 VUs, 5108 complete and 50 interrupted iterations
default   [ 100% ] 026/100 VUs  10m00.0s/10m00.0s

running (10m01.0s), 025/100 VUs, 5108 complete and 51 interrupted iterations
default ↓ [ 100% ] 026/100 VUs  10m0s

running (10m02.0s), 024/100 VUs, 5108 complete and 52 interrupted iterations
default ↓ [ 100% ] 026/100 VUs  10m0s

running (10m03.0s), 020/100 VUs, 5111 complete and 53 interrupted iterations
default ↓ [ 100% ] 026/100 VUs  10m0s

running (10m04.0s), 016/100 VUs, 5114 complete and 54 interrupted iterations
default ↓ [ 100% ] 026/100 VUs  10m0s

running (10m05.0s), 009/100 VUs, 5121 complete and 54 interrupted iterations
default ↓ [ 100% ] 026/100 VUs  10m0s

running (10m06.0s), 006/100 VUs, 5124 complete and 54 interrupted iterations
default ↓ [ 100% ] 026/100 VUs  10m0s

running (10m07.0s), 003/100 VUs, 5127 complete and 54 interrupted iterations
default ↓ [ 100% ] 026/100 VUs  10m0s
[31m     ✗ auth: login ok
      ↳  99% — ✓ 5168 / ✗ 16[0m
[32m     ✓ cart: item added 201[0m
[31m     ✗ create order: status 201
      ↳  92% — ✓ 4751 / ✗ 363[0m
[31m     ✗ create order: has id
      ↳  92% — ✓ 4751 / ✗ 363[0m
[32m     ✓ create order: has number[0m
[32m     ✓ create order: has items[0m
[31m     ✗ get order: status 200
      ↳  99% — ✓ 4739 / ✗ 12[0m
[31m     ✗ get order: id matches
      ↳  99% — ✓ 4739 / ✗ 12[0m
[32m     ✓ get order: status pending[0m
[31m     ✗ list orders: status 200
      ↳  99% — ✓ 4719 / ✗ 20[0m
[31m     ✗ list orders: is array
      ↳  99% — ✓ 4719 / ✗ 20[0m

     █ setup

[32m       ✓ orders-service: health ok[0m

     checks[2m.........................:[0m [36m98.50%[0m [36;2m✓ 52996[0m     [36;2m✗ 806[0m  
     data_received[2m..................:[0m [36m34 MB[0m  [36;2m56 kB/s[0m
     data_sent[2m......................:[0m [36m12 MB[0m  [36;2m20 kB/s[0m
     http_req_blocked[2m...............:[0m avg=[36m96.64µs[0m  min=[36m0s[0m     med=[36m0s[0m      max=[36m13.99ms[0m  p(90)=[36m512.48µs[0m p(95)=[36m1.04ms[0m  
     http_req_connecting[2m............:[0m avg=[36m89.31µs[0m  min=[36m0s[0m     med=[36m0s[0m      max=[36m12.93ms[0m  p(90)=[36m0s[0m       p(95)=[36m798.4µs[0m 
     http_req_duration[2m..............:[0m avg=[36m816.88ms[0m min=[36m0s[0m     med=[36m27.84ms[0m max=[36m1m0s[0m     p(90)=[36m71.5ms[0m   p(95)=[36m91.72ms[0m 
       { expected_response:true }[2m...:[0m avg=[36m38.61ms[0m  min=[36m1.62ms[0m med=[36m27.33ms[0m max=[36m704.44ms[0m p(90)=[36m69.76ms[0m  p(95)=[36m83.38ms[0m 
     [32m✓[0m { service:orders }[2m...........:[0m avg=[36m1.65s[0m    min=[36m1.74ms[0m med=[36m16.54ms[0m max=[36m1m0s[0m     p(90)=[36m77.36ms[0m  p(95)=[36m112.59ms[0m
   [32m✓[0m http_req_failed[2m................:[0m [36m1.35%[0m  [36;2m✓ 411[0m       [36;2m✗ 30021[0m
     [31m✗[0m { service:orders }[2m...........:[0m [36m2.70%[0m  [36;2m✓ 395[0m       [36;2m✗ 14209[0m
     http_req_receiving[2m.............:[0m avg=[36m111µs[0m    min=[36m0s[0m     med=[36m0s[0m      max=[36m6.77ms[0m   p(90)=[36m548.79µs[0m p(95)=[36m566.94µs[0m
     http_req_sending[2m...............:[0m avg=[36m18.9µs[0m   min=[36m0s[0m     med=[36m0s[0m      max=[36m51.25ms[0m  p(90)=[36m0s[0m       p(95)=[36m0s[0m      
     http_req_tls_handshaking[2m.......:[0m avg=[36m0s[0m       min=[36m0s[0m     med=[36m0s[0m      max=[36m0s[0m       p(90)=[36m0s[0m       p(95)=[36m0s[0m      
     http_req_waiting[2m...............:[0m avg=[36m816.75ms[0m min=[36m0s[0m     med=[36m27.74ms[0m max=[36m1m0s[0m     p(90)=[36m71.36ms[0m  p(95)=[36m91.53ms[0m 
     http_reqs[2m......................:[0m [36m30432[0m  [36;2m50.070106/s[0m
     iteration_duration[2m.............:[0m avg=[36m9.35s[0m    min=[36m1.07ms[0m med=[36m5.02s[0m   max=[36m1m4s[0m     p(90)=[36m6.11s[0m    p(95)=[36m1m1s[0m    
     iterations[2m.....................:[0m [36m5130[0m   [36;2m8.440446/s[0m
     vus[2m............................:[0m [36m3[0m      [36;2mmin=1[0m       [36;2mmax=100[0m
     vus_max[2m........................:[0m [36m100[0m    [36;2mmin=100[0m     [36;2mmax=100[0m
running (10m07.8s), 000/100 VUs, 5130 complete and 54 interrupted iterations
default ✓ [ 100% ] 000/100 VUs  10m0s
