
         /\      Grafana   /‾‾/  
    /\  /  \     |\  __   /  /   
   /  \/    \    | |/ /  /   ‾‾\ 
  /          \   |   (  |  (‾)  |
 / __________ \  |_|\_\  \_____/ 

time="2026-06-18T13:37:38-03:00" level=warning msg="SSLKEYLOGFILE was specified, logging TLS connection keys to '\\\\.\\nllMonFltProxy\\FFFFE68C4EBD4E80'..." test_path="file:///C:/GitHub/poleras-store-k6/tests/cart/cart.test.js"
     execution: local
        script: tests/cart/cart.test.js
        output: json (results/2026-06-18_stress_cart_run6/raw.json)

     scenarios: (100.00%) 1 scenario, 2000 max VUs, 14m30s max duration (incl. graceful stop):
              * default: Up to 2000 looping VUs for 14m0s over 7 stages (gracefulRampDown: 30s, gracefulStop: 30s)


running (00m00.7s), 0001/2000 VUs, 0 complete and 0 interrupted iterations
default   [   0% ] 0001/2000 VUs  00m00.7s/14m00.0s

running (00m01.7s), 0002/2000 VUs, 0 complete and 0 interrupted iterations
default   [   0% ] 0002/2000 VUs  00m01.7s/14m00.0s

running (00m02.7s), 0003/2000 VUs, 0 complete and 0 interrupted iterations
default   [   0% ] 0003/2000 VUs  00m02.7s/14m00.0s

running (00m03.7s), 0004/2000 VUs, 0 complete and 0 interrupted iterations
default   [   0% ] 0004/2000 VUs  00m03.7s/14m00.0s

running (00m04.7s), 0004/2000 VUs, 1 complete and 0 interrupted iterations
default   [   1% ] 0004/2000 VUs  00m04.7s/14m00.0s

running (00m05.7s), 0005/2000 VUs, 2 complete and 0 interrupted iterations
default   [   1% ] 0005/2000 VUs  00m05.7s/14m00.0s

running (00m06.7s), 0006/2000 VUs, 2 complete and 0 interrupted iterations
default   [   1% ] 0006/2000 VUs  00m06.7s/14m00.0s

running (00m07.7s), 0007/2000 VUs, 3 complete and 0 interrupted iterations
default   [   1% ] 0007/2000 VUs  00m07.7s/14m00.0s

running (00m08.7s), 0008/2000 VUs, 5 complete and 0 interrupted iterations
default   [   1% ] 0008/2000 VUs  00m08.7s/14m00.0s

running (00m09.7s), 0008/2000 VUs, 8 complete and 0 interrupted iterations
default   [   1% ] 0008/2000 VUs  00m09.7s/14m00.0s

running (00m10.7s), 0009/2000 VUs, 9 complete and 0 interrupted iterations
default   [   1% ] 0009/2000 VUs  00m10.7s/14m00.0s

running (00m11.7s), 0010/2000 VUs, 10 complete and 0 interrupted iterations
default   [   1% ] 0010/2000 VUs  00m11.7s/14m00.0s

running (00m12.7s), 0011/2000 VUs, 12 complete and 0 interrupted iterations
default   [   2% ] 0011/2000 VUs  00m12.7s/14m00.0s

running (00m13.7s), 0012/2000 VUs, 16 complete and 0 interrupted iterations
default   [   2% ] 0012/2000 VUs  00m13.7s/14m00.0s

running (00m14.7s), 0013/2000 VUs, 19 complete and 0 interrupted iterations
default   [   2% ] 0013/2000 VUs  00m14.7s/14m00.0s

running (00m15.7s), 0013/2000 VUs, 22 complete and 0 interrupted iterations
default   [   2% ] 0013/2000 VUs  00m15.7s/14m00.0s

running (00m16.7s), 0014/2000 VUs, 25 complete and 0 interrupted iterations
default   [   2% ] 0014/2000 VUs  00m16.7s/14m00.0s

running (00m17.7s), 0015/2000 VUs, 28 complete and 0 interrupted iterations
default   [   2% ] 0015/2000 VUs  00m17.7s/14m00.0s

running (00m18.7s), 0016/2000 VUs, 30 complete and 0 interrupted iterations
default   [   2% ] 0016/2000 VUs  00m18.7s/14m00.0s

running (00m19.7s), 0017/2000 VUs, 36 complete and 0 interrupted iterations
default   [   2% ] 0017/2000 VUs  00m19.7s/14m00.0s

running (00m20.7s), 0018/2000 VUs, 37 complete and 0 interrupted iterations
default   [   2% ] 0018/2000 VUs  00m20.7s/14m00.0s

running (00m21.7s), 0018/2000 VUs, 43 complete and 0 interrupted iterations
default   [   3% ] 0018/2000 VUs  00m21.7s/14m00.0s

running (00m22.7s), 0019/2000 VUs, 47 complete and 0 interrupted iterations
default   [   3% ] 0019/2000 VUs  00m22.7s/14m00.0s

running (00m23.7s), 0020/2000 VUs, 53 complete and 0 interrupted iterations
default   [   3% ] 0020/2000 VUs  00m23.7s/14m00.0s

running (00m24.7s), 0021/2000 VUs, 53 complete and 0 interrupted iterations
default   [   3% ] 0021/2000 VUs  00m24.7s/14m00.0s

running (00m25.7s), 0022/2000 VUs, 59 complete and 0 interrupted iterations
default   [   3% ] 0022/2000 VUs  00m25.7s/14m00.0s

running (00m26.7s), 0023/2000 VUs, 66 complete and 0 interrupted iterations
default   [   3% ] 0023/2000 VUs  00m26.7s/14m00.0s

running (00m27.7s), 0023/2000 VUs, 72 complete and 0 interrupted iterations
default   [   3% ] 0023/2000 VUs  00m27.7s/14m00.0s

running (00m28.7s), 0024/2000 VUs, 75 complete and 0 interrupted iterations
default   [   3% ] 0024/2000 VUs  00m28.7s/14m00.0s

running (00m29.7s), 0025/2000 VUs, 82 complete and 0 interrupted iterations
default   [   4% ] 0025/2000 VUs  00m29.7s/14m00.0s

running (00m30.7s), 0026/2000 VUs, 86 complete and 0 interrupted iterations
default   [   4% ] 0026/2000 VUs  00m30.7s/14m00.0s

running (00m31.7s), 0027/2000 VUs, 95 complete and 0 interrupted iterations
default   [   4% ] 0027/2000 VUs  00m31.7s/14m00.0s

running (00m32.7s), 0027/2000 VUs, 99 complete and 0 interrupted iterations
default   [   4% ] 0027/2000 VUs  00m32.7s/14m00.0s

running (00m33.7s), 0028/2000 VUs, 108 complete and 0 interrupted iterations
default   [   4% ] 0028/2000 VUs  00m33.7s/14m00.0s

running (00m34.7s), 0029/2000 VUs, 112 complete and 0 interrupted iterations
default   [   4% ] 0029/2000 VUs  00m34.7s/14m00.0s

running (00m35.7s), 0030/2000 VUs, 119 complete and 0 interrupted iterations
default   [   4% ] 0030/2000 VUs  00m35.7s/14m00.0s

running (00m36.7s), 0031/2000 VUs, 125 complete and 0 interrupted iterations
default   [   4% ] 0031/2000 VUs  00m36.7s/14m00.0s

running (00m37.7s), 0032/2000 VUs, 136 complete and 0 interrupted iterations
default   [   4% ] 0032/2000 VUs  00m37.7s/14m00.0s

running (00m38.7s), 0032/2000 VUs, 139 complete and 0 interrupted iterations
default   [   5% ] 0032/2000 VUs  00m38.7s/14m00.0s

running (00m39.7s), 0033/2000 VUs, 145 complete and 0 interrupted iterations
default   [   5% ] 0033/2000 VUs  00m39.7s/14m00.0s

running (00m40.7s), 0034/2000 VUs, 159 complete and 0 interrupted iterations
default   [   5% ] 0034/2000 VUs  00m40.7s/14m00.0s

running (00m41.7s), 0035/2000 VUs, 168 complete and 0 interrupted iterations
default   [   5% ] 0035/2000 VUs  00m41.7s/14m00.0s

running (00m42.7s), 0036/2000 VUs, 175 complete and 0 interrupted iterations
default   [   5% ] 0036/2000 VUs  00m42.7s/14m00.0s

running (00m43.7s), 0037/2000 VUs, 183 complete and 0 interrupted iterations
default   [   5% ] 0037/2000 VUs  00m43.7s/14m00.0s

running (00m44.7s), 0037/2000 VUs, 193 complete and 0 interrupted iterations
default   [   5% ] 0037/2000 VUs  00m44.7s/14m00.0s

running (00m45.7s), 0038/2000 VUs, 202 complete and 0 interrupted iterations
default   [   5% ] 0038/2000 VUs  00m45.7s/14m00.0s

running (00m46.7s), 0039/2000 VUs, 209 complete and 0 interrupted iterations
default   [   6% ] 0039/2000 VUs  00m46.7s/14m00.0s

running (00m47.7s), 0040/2000 VUs, 216 complete and 0 interrupted iterations
default   [   6% ] 0040/2000 VUs  00m47.7s/14m00.0s

running (00m48.7s), 0041/2000 VUs, 229 complete and 0 interrupted iterations
default   [   6% ] 0041/2000 VUs  00m48.7s/14m00.0s

running (00m49.7s), 0041/2000 VUs, 237 complete and 0 interrupted iterations
default   [   6% ] 0041/2000 VUs  00m49.7s/14m00.0s

running (00m50.7s), 0042/2000 VUs, 245 complete and 0 interrupted iterations
default   [   6% ] 0042/2000 VUs  00m50.7s/14m00.0s

running (00m51.7s), 0043/2000 VUs, 256 complete and 0 interrupted iterations
default   [   6% ] 0043/2000 VUs  00m51.7s/14m00.0s

running (00m52.7s), 0044/2000 VUs, 265 complete and 0 interrupted iterations
default   [   6% ] 0044/2000 VUs  00m52.7s/14m00.0s

running (00m53.7s), 0045/2000 VUs, 279 complete and 0 interrupted iterations
default   [   6% ] 0045/2000 VUs  00m53.7s/14m00.0s

running (00m54.7s), 0046/2000 VUs, 287 complete and 0 interrupted iterations
default   [   7% ] 0046/2000 VUs  00m54.7s/14m00.0s

running (00m55.7s), 0046/2000 VUs, 296 complete and 0 interrupted iterations
default   [   7% ] 0046/2000 VUs  00m55.7s/14m00.0s

running (00m56.7s), 0047/2000 VUs, 310 complete and 0 interrupted iterations
default   [   7% ] 0047/2000 VUs  00m56.7s/14m00.0s

running (00m57.7s), 0048/2000 VUs, 323 complete and 0 interrupted iterations
default   [   7% ] 0048/2000 VUs  00m57.7s/14m00.0s

running (00m58.7s), 0049/2000 VUs, 331 complete and 0 interrupted iterations
default   [   7% ] 0049/2000 VUs  00m58.7s/14m00.0s

running (00m59.7s), 0050/2000 VUs, 345 complete and 0 interrupted iterations
default   [   7% ] 0050/2000 VUs  00m59.7s/14m00.0s

running (01m00.7s), 0051/2000 VUs, 360 complete and 0 interrupted iterations
default   [   7% ] 0051/2000 VUs  01m00.7s/14m00.0s

running (01m01.7s), 0051/2000 VUs, 371 complete and 0 interrupted iterations
default   [   7% ] 0051/2000 VUs  01m01.7s/14m00.0s

running (01m02.7s), 0052/2000 VUs, 380 complete and 0 interrupted iterations
default   [   7% ] 0052/2000 VUs  01m02.7s/14m00.0s

running (01m03.7s), 0053/2000 VUs, 395 complete and 0 interrupted iterations
default   [   8% ] 0053/2000 VUs  01m03.7s/14m00.0s

running (01m04.7s), 0054/2000 VUs, 409 complete and 0 interrupted iterations
default   [   8% ] 0054/2000 VUs  01m04.7s/14m00.0s

running (01m05.7s), 0055/2000 VUs, 424 complete and 0 interrupted iterations
default   [   8% ] 0055/2000 VUs  01m05.7s/14m00.0s

running (01m06.7s), 0056/2000 VUs, 436 complete and 0 interrupted iterations
default   [   8% ] 0056/2000 VUs  01m06.7s/14m00.0s

running (01m07.7s), 0056/2000 VUs, 447 complete and 0 interrupted iterations
default   [   8% ] 0056/2000 VUs  01m07.7s/14m00.0s

running (01m08.7s), 0057/2000 VUs, 460 complete and 0 interrupted iterations
default   [   8% ] 0057/2000 VUs  01m08.7s/14m00.0s

running (01m09.7s), 0058/2000 VUs, 476 complete and 0 interrupted iterations
default   [   8% ] 0058/2000 VUs  01m09.7s/14m00.0s

running (01m10.7s), 0059/2000 VUs, 488 complete and 0 interrupted iterations
default   [   8% ] 0059/2000 VUs  01m10.7s/14m00.0s

running (01m11.7s), 0060/2000 VUs, 501 complete and 0 interrupted iterations
default   [   9% ] 0060/2000 VUs  01m11.7s/14m00.0s

running (01m12.7s), 0060/2000 VUs, 519 complete and 0 interrupted iterations
default   [   9% ] 0060/2000 VUs  01m12.7s/14m00.0s

running (01m13.7s), 0061/2000 VUs, 532 complete and 0 interrupted iterations
default   [   9% ] 0061/2000 VUs  01m13.7s/14m00.0s

running (01m14.7s), 0062/2000 VUs, 548 complete and 0 interrupted iterations
default   [   9% ] 0062/2000 VUs  01m14.7s/14m00.0s

running (01m15.7s), 0063/2000 VUs, 560 complete and 0 interrupted iterations
default   [   9% ] 0063/2000 VUs  01m15.7s/14m00.0s

running (01m16.7s), 0064/2000 VUs, 577 complete and 0 interrupted iterations
default   [   9% ] 0064/2000 VUs  01m16.7s/14m00.0s

running (01m17.7s), 0065/2000 VUs, 590 complete and 0 interrupted iterations
default   [   9% ] 0065/2000 VUs  01m17.7s/14m00.0s

running (01m18.7s), 0065/2000 VUs, 609 complete and 0 interrupted iterations
default   [   9% ] 0065/2000 VUs  01m18.7s/14m00.0s

running (01m19.7s), 0066/2000 VUs, 627 complete and 0 interrupted iterations
default   [   9% ] 0066/2000 VUs  01m19.7s/14m00.0s

running (01m20.7s), 0067/2000 VUs, 642 complete and 0 interrupted iterations
default   [  10% ] 0067/2000 VUs  01m20.7s/14m00.0s

running (01m21.7s), 0068/2000 VUs, 655 complete and 0 interrupted iterations
default   [  10% ] 0068/2000 VUs  01m21.7s/14m00.0s

running (01m22.7s), 0069/2000 VUs, 674 complete and 0 interrupted iterations
default   [  10% ] 0069/2000 VUs  01m22.7s/14m00.0s

running (01m23.7s), 0070/2000 VUs, 692 complete and 0 interrupted iterations
default   [  10% ] 0070/2000 VUs  01m23.7s/14m00.0s

running (01m24.7s), 0070/2000 VUs, 706 complete and 0 interrupted iterations
default   [  10% ] 0070/2000 VUs  01m24.7s/14m00.0s

running (01m25.7s), 0071/2000 VUs, 725 complete and 0 interrupted iterations
default   [  10% ] 0071/2000 VUs  01m25.7s/14m00.0s

running (01m26.7s), 0072/2000 VUs, 743 complete and 0 interrupted iterations
default   [  10% ] 0072/2000 VUs  01m26.7s/14m00.0s

running (01m27.7s), 0073/2000 VUs, 763 complete and 0 interrupted iterations
default   [  10% ] 0073/2000 VUs  01m27.7s/14m00.0s

running (01m28.7s), 0074/2000 VUs, 778 complete and 0 interrupted iterations
default   [  11% ] 0074/2000 VUs  01m28.7s/14m00.0s

running (01m29.7s), 0074/2000 VUs, 795 complete and 0 interrupted iterations
default   [  11% ] 0074/2000 VUs  01m29.7s/14m00.0s

running (01m30.7s), 0075/2000 VUs, 818 complete and 0 interrupted iterations
default   [  11% ] 0075/2000 VUs  01m30.7s/14m00.0s

running (01m31.7s), 0076/2000 VUs, 834 complete and 0 interrupted iterations
default   [  11% ] 0076/2000 VUs  01m31.7s/14m00.0s

running (01m32.7s), 0077/2000 VUs, 853 complete and 0 interrupted iterations
default   [  11% ] 0077/2000 VUs  01m32.7s/14m00.0s

running (01m33.7s), 0078/2000 VUs, 871 complete and 0 interrupted iterations
default   [  11% ] 0078/2000 VUs  01m33.7s/14m00.0s

running (01m34.7s), 0079/2000 VUs, 891 complete and 0 interrupted iterations
default   [  11% ] 0079/2000 VUs  01m34.7s/14m00.0s

running (01m35.7s), 0079/2000 VUs, 908 complete and 0 interrupted iterations
default   [  11% ] 0079/2000 VUs  01m35.7s/14m00.0s

running (01m36.7s), 0080/2000 VUs, 923 complete and 0 interrupted iterations
default   [  12% ] 0080/2000 VUs  01m36.7s/14m00.0s

running (01m37.7s), 0081/2000 VUs, 949 complete and 0 interrupted iterations
default   [  12% ] 0081/2000 VUs  01m37.7s/14m00.0s

running (01m38.7s), 0082/2000 VUs, 969 complete and 0 interrupted iterations
default   [  12% ] 0082/2000 VUs  01m38.7s/14m00.0s

running (01m39.7s), 0083/2000 VUs, 991 complete and 0 interrupted iterations
default   [  12% ] 0083/2000 VUs  01m39.7s/14m00.0s

running (01m40.7s), 0084/2000 VUs, 1006 complete and 0 interrupted iterations
default   [  12% ] 0084/2000 VUs  01m40.7s/14m00.0s

running (01m41.7s), 0084/2000 VUs, 1029 complete and 0 interrupted iterations
default   [  12% ] 0084/2000 VUs  01m41.7s/14m00.0s

running (01m42.7s), 0085/2000 VUs, 1053 complete and 0 interrupted iterations
default   [  12% ] 0085/2000 VUs  01m42.7s/14m00.0s

running (01m43.7s), 0086/2000 VUs, 1071 complete and 0 interrupted iterations
default   [  12% ] 0086/2000 VUs  01m43.7s/14m00.0s

running (01m44.7s), 0087/2000 VUs, 1087 complete and 0 interrupted iterations
default   [  12% ] 0087/2000 VUs  01m44.7s/14m00.0s

running (01m45.7s), 0088/2000 VUs, 1111 complete and 0 interrupted iterations
default   [  13% ] 0088/2000 VUs  01m45.7s/14m00.0s

running (01m46.7s), 0089/2000 VUs, 1132 complete and 0 interrupted iterations
default   [  13% ] 0089/2000 VUs  01m46.7s/14m00.0s

running (01m47.7s), 0089/2000 VUs, 1154 complete and 0 interrupted iterations
default   [  13% ] 0089/2000 VUs  01m47.7s/14m00.0s

running (01m48.7s), 0090/2000 VUs, 1179 complete and 0 interrupted iterations
default   [  13% ] 0090/2000 VUs  01m48.7s/14m00.0s

running (01m49.7s), 0091/2000 VUs, 1197 complete and 0 interrupted iterations
default   [  13% ] 0091/2000 VUs  01m49.7s/14m00.0s

running (01m50.7s), 0092/2000 VUs, 1216 complete and 0 interrupted iterations
default   [  13% ] 0092/2000 VUs  01m50.7s/14m00.0s

running (01m51.7s), 0093/2000 VUs, 1239 complete and 0 interrupted iterations
default   [  13% ] 0093/2000 VUs  01m51.7s/14m00.0s

running (01m52.7s), 0093/2000 VUs, 1260 complete and 0 interrupted iterations
default   [  13% ] 0093/2000 VUs  01m52.7s/14m00.0s

running (01m53.7s), 0094/2000 VUs, 1286 complete and 0 interrupted iterations
default   [  14% ] 0094/2000 VUs  01m53.7s/14m00.0s

running (01m54.7s), 0095/2000 VUs, 1304 complete and 0 interrupted iterations
default   [  14% ] 0095/2000 VUs  01m54.7s/14m00.0s

running (01m55.7s), 0096/2000 VUs, 1336 complete and 0 interrupted iterations
default   [  14% ] 0096/2000 VUs  01m55.7s/14m00.0s

running (01m56.7s), 0097/2000 VUs, 1355 complete and 0 interrupted iterations
default   [  14% ] 0097/2000 VUs  01m56.7s/14m00.0s

running (01m57.7s), 0098/2000 VUs, 1372 complete and 0 interrupted iterations
default   [  14% ] 0098/2000 VUs  01m57.7s/14m00.0s

running (01m58.7s), 0098/2000 VUs, 1399 complete and 0 interrupted iterations
default   [  14% ] 0098/2000 VUs  01m58.7s/14m00.0s

running (01m59.7s), 0099/2000 VUs, 1430 complete and 0 interrupted iterations
default   [  14% ] 0099/2000 VUs  01m59.7s/14m00.0s

running (02m00.7s), 0100/2000 VUs, 1452 complete and 0 interrupted iterations
default   [  14% ] 0100/2000 VUs  02m00.7s/14m00.0s

running (02m01.7s), 0101/2000 VUs, 1467 complete and 0 interrupted iterations
default   [  14% ] 0101/2000 VUs  02m01.7s/14m00.0s

running (02m02.7s), 0102/2000 VUs, 1498 complete and 0 interrupted iterations
default   [  15% ] 0102/2000 VUs  02m02.7s/14m00.0s

running (02m03.7s), 0103/2000 VUs, 1525 complete and 0 interrupted iterations
default   [  15% ] 0103/2000 VUs  02m03.7s/14m00.0s

running (02m04.7s), 0103/2000 VUs, 1547 complete and 0 interrupted iterations
default   [  15% ] 0103/2000 VUs  02m04.7s/14m00.0s

running (02m05.7s), 0104/2000 VUs, 1565 complete and 0 interrupted iterations
default   [  15% ] 0104/2000 VUs  02m05.7s/14m00.0s

running (02m06.7s), 0105/2000 VUs, 1597 complete and 0 interrupted iterations
default   [  15% ] 0105/2000 VUs  02m06.7s/14m00.0s

running (02m07.7s), 0106/2000 VUs, 1623 complete and 0 interrupted iterations
default   [  15% ] 0106/2000 VUs  02m07.7s/14m00.0s

running (02m08.7s), 0107/2000 VUs, 1646 complete and 0 interrupted iterations
default   [  15% ] 0107/2000 VUs  02m08.7s/14m00.0s

running (02m09.7s), 0108/2000 VUs, 1672 complete and 0 interrupted iterations
default   [  15% ] 0108/2000 VUs  02m09.7s/14m00.0s

running (02m10.7s), 0108/2000 VUs, 1700 complete and 0 interrupted iterations
default   [  16% ] 0108/2000 VUs  02m10.7s/14m00.0s

running (02m11.7s), 0109/2000 VUs, 1728 complete and 0 interrupted iterations
default   [  16% ] 0109/2000 VUs  02m11.7s/14m00.0s

running (02m12.7s), 0110/2000 VUs, 1749 complete and 0 interrupted iterations
default   [  16% ] 0110/2000 VUs  02m12.7s/14m00.0s

running (02m13.7s), 0111/2000 VUs, 1776 complete and 0 interrupted iterations
default   [  16% ] 0111/2000 VUs  02m13.7s/14m00.0s

running (02m14.7s), 0112/2000 VUs, 1806 complete and 0 interrupted iterations
default   [  16% ] 0112/2000 VUs  02m14.7s/14m00.0s

running (02m15.7s), 0113/2000 VUs, 1834 complete and 0 interrupted iterations
default   [  16% ] 0113/2000 VUs  02m15.7s/14m00.0s

running (02m16.7s), 0113/2000 VUs, 1860 complete and 0 interrupted iterations
default   [  16% ] 0113/2000 VUs  02m16.7s/14m00.0s

running (02m17.7s), 0114/2000 VUs, 1887 complete and 0 interrupted iterations
default   [  16% ] 0114/2000 VUs  02m17.7s/14m00.0s

running (02m18.7s), 0115/2000 VUs, 1919 complete and 0 interrupted iterations
default   [  17% ] 0115/2000 VUs  02m18.7s/14m00.0s

running (02m19.7s), 0116/2000 VUs, 1942 complete and 0 interrupted iterations
default   [  17% ] 0116/2000 VUs  02m19.7s/14m00.0s

running (02m20.7s), 0117/2000 VUs, 1971 complete and 0 interrupted iterations
default   [  17% ] 0117/2000 VUs  02m20.7s/14m00.0s

running (02m21.7s), 0118/2000 VUs, 2002 complete and 0 interrupted iterations
default   [  17% ] 0118/2000 VUs  02m21.7s/14m00.0s

running (02m22.7s), 0118/2000 VUs, 2028 complete and 0 interrupted iterations
default   [  17% ] 0118/2000 VUs  02m22.7s/14m00.0s

running (02m23.7s), 0119/2000 VUs, 2053 complete and 0 interrupted iterations
default   [  17% ] 0119/2000 VUs  02m23.7s/14m00.0s

running (02m24.7s), 0120/2000 VUs, 2084 complete and 0 interrupted iterations
default   [  17% ] 0120/2000 VUs  02m24.7s/14m00.0s

running (02m25.7s), 0121/2000 VUs, 2113 complete and 0 interrupted iterations
default   [  17% ] 0121/2000 VUs  02m25.7s/14m00.0s

running (02m26.7s), 0122/2000 VUs, 2147 complete and 0 interrupted iterations
default   [  17% ] 0122/2000 VUs  02m26.7s/14m00.0s

running (02m27.7s), 0123/2000 VUs, 2173 complete and 0 interrupted iterations
default   [  18% ] 0123/2000 VUs  02m27.7s/14m00.0s

running (02m28.7s), 0123/2000 VUs, 2201 complete and 0 interrupted iterations
default   [  18% ] 0123/2000 VUs  02m28.7s/14m00.0s

running (02m29.7s), 0124/2000 VUs, 2233 complete and 0 interrupted iterations
default   [  18% ] 0124/2000 VUs  02m29.7s/14m00.0s

running (02m30.7s), 0125/2000 VUs, 2269 complete and 0 interrupted iterations
default   [  18% ] 0125/2000 VUs  02m30.7s/14m00.0s

running (02m31.7s), 0126/2000 VUs, 2292 complete and 0 interrupted iterations
default   [  18% ] 0126/2000 VUs  02m31.7s/14m00.0s

running (02m32.7s), 0127/2000 VUs, 2318 complete and 0 interrupted iterations
default   [  18% ] 0127/2000 VUs  02m32.7s/14m00.0s

running (02m33.7s), 0128/2000 VUs, 2359 complete and 0 interrupted iterations
default   [  18% ] 0128/2000 VUs  02m33.7s/14m00.0s

running (02m34.7s), 0128/2000 VUs, 2388 complete and 0 interrupted iterations
default   [  18% ] 0128/2000 VUs  02m34.7s/14m00.0s

running (02m35.7s), 0129/2000 VUs, 2415 complete and 0 interrupted iterations
default   [  19% ] 0129/2000 VUs  02m35.7s/14m00.0s

running (02m36.7s), 0130/2000 VUs, 2445 complete and 0 interrupted iterations
default   [  19% ] 0130/2000 VUs  02m36.7s/14m00.0s

running (02m37.7s), 0131/2000 VUs, 2483 complete and 0 interrupted iterations
default   [  19% ] 0131/2000 VUs  02m37.7s/14m00.0s

running (02m38.7s), 0132/2000 VUs, 2516 complete and 0 interrupted iterations
default   [  19% ] 0132/2000 VUs  02m38.7s/14m00.0s

running (02m39.7s), 0133/2000 VUs, 2547 complete and 0 interrupted iterations
default   [  19% ] 0133/2000 VUs  02m39.7s/14m00.0s

running (02m40.7s), 0133/2000 VUs, 2572 complete and 0 interrupted iterations
default   [  19% ] 0133/2000 VUs  02m40.7s/14m00.0s

running (02m41.7s), 0134/2000 VUs, 2609 complete and 0 interrupted iterations
default   [  19% ] 0134/2000 VUs  02m41.7s/14m00.0s

running (02m42.7s), 0135/2000 VUs, 2644 complete and 0 interrupted iterations
default   [  19% ] 0135/2000 VUs  02m42.7s/14m00.0s

running (02m43.7s), 0136/2000 VUs, 2677 complete and 0 interrupted iterations
default   [  19% ] 0136/2000 VUs  02m43.7s/14m00.0s

running (02m44.7s), 0137/2000 VUs, 2704 complete and 0 interrupted iterations
default   [  20% ] 0137/2000 VUs  02m44.7s/14m00.0s

running (02m45.7s), 0138/2000 VUs, 2736 complete and 0 interrupted iterations
default   [  20% ] 0138/2000 VUs  02m45.7s/14m00.0s

running (02m46.7s), 0138/2000 VUs, 2779 complete and 0 interrupted iterations
default   [  20% ] 0138/2000 VUs  02m46.7s/14m00.0s

running (02m47.7s), 0139/2000 VUs, 2807 complete and 0 interrupted iterations
default   [  20% ] 0139/2000 VUs  02m47.7s/14m00.0s

running (02m48.7s), 0140/2000 VUs, 2844 complete and 0 interrupted iterations
default   [  20% ] 0140/2000 VUs  02m48.7s/14m00.0s

running (02m49.7s), 0141/2000 VUs, 2877 complete and 0 interrupted iterations
default   [  20% ] 0141/2000 VUs  02m49.7s/14m00.0s

running (02m50.7s), 0142/2000 VUs, 2913 complete and 0 interrupted iterations
default   [  20% ] 0142/2000 VUs  02m50.7s/14m00.0s

running (02m51.7s), 0143/2000 VUs, 2945 complete and 0 interrupted iterations
default   [  20% ] 0143/2000 VUs  02m51.7s/14m00.0s

running (02m52.7s), 0143/2000 VUs, 2979 complete and 0 interrupted iterations
default   [  21% ] 0143/2000 VUs  02m52.7s/14m00.0s

running (02m53.7s), 0144/2000 VUs, 3016 complete and 0 interrupted iterations
default   [  21% ] 0144/2000 VUs  02m53.7s/14m00.0s

running (02m54.7s), 0145/2000 VUs, 3051 complete and 0 interrupted iterations
default   [  21% ] 0145/2000 VUs  02m54.7s/14m00.0s

running (02m55.7s), 0146/2000 VUs, 3089 complete and 0 interrupted iterations
default   [  21% ] 0146/2000 VUs  02m55.7s/14m00.0s

running (02m56.7s), 0147/2000 VUs, 3120 complete and 0 interrupted iterations
default   [  21% ] 0147/2000 VUs  02m56.7s/14m00.0s

running (02m57.7s), 0148/2000 VUs, 3160 complete and 0 interrupted iterations
default   [  21% ] 0148/2000 VUs  02m57.7s/14m00.0s

running (02m58.7s), 0148/2000 VUs, 3190 complete and 0 interrupted iterations
default   [  21% ] 0148/2000 VUs  02m58.7s/14m00.0s

running (02m59.7s), 0149/2000 VUs, 3230 complete and 0 interrupted iterations
default   [  21% ] 0149/2000 VUs  02m59.7s/14m00.0s

running (03m00.7s), 0150/2000 VUs, 3262 complete and 0 interrupted iterations
default   [  22% ] 0150/2000 VUs  03m00.7s/14m00.0s

running (03m01.7s), 0151/2000 VUs, 3304 complete and 0 interrupted iterations
default   [  22% ] 0151/2000 VUs  03m01.7s/14m00.0s

running (03m02.7s), 0152/2000 VUs, 3338 complete and 0 interrupted iterations
default   [  22% ] 0152/2000 VUs  03m02.7s/14m00.0s

running (03m03.7s), 0153/2000 VUs, 3371 complete and 0 interrupted iterations
default   [  22% ] 0153/2000 VUs  03m03.7s/14m00.0s

running (03m04.7s), 0153/2000 VUs, 3410 complete and 0 interrupted iterations
default   [  22% ] 0153/2000 VUs  03m04.7s/14m00.0s

running (03m05.7s), 0154/2000 VUs, 3449 complete and 0 interrupted iterations
default   [  22% ] 0154/2000 VUs  03m05.7s/14m00.0s

running (03m06.7s), 0155/2000 VUs, 3483 complete and 0 interrupted iterations
default   [  22% ] 0155/2000 VUs  03m06.7s/14m00.0s

running (03m07.7s), 0156/2000 VUs, 3517 complete and 0 interrupted iterations
default   [  22% ] 0156/2000 VUs  03m07.7s/14m00.0s

running (03m08.7s), 0157/2000 VUs, 3556 complete and 0 interrupted iterations
default   [  22% ] 0157/2000 VUs  03m08.7s/14m00.0s

running (03m09.7s), 0158/2000 VUs, 3600 complete and 0 interrupted iterations
default   [  23% ] 0158/2000 VUs  03m09.7s/14m00.0s

running (03m10.7s), 0158/2000 VUs, 3636 complete and 0 interrupted iterations
default   [  23% ] 0158/2000 VUs  03m10.7s/14m00.0s

running (03m11.7s), 0159/2000 VUs, 3671 complete and 0 interrupted iterations
default   [  23% ] 0159/2000 VUs  03m11.7s/14m00.0s

running (03m12.7s), 0160/2000 VUs, 3706 complete and 0 interrupted iterations
default   [  23% ] 0160/2000 VUs  03m12.7s/14m00.0s

running (03m13.7s), 0161/2000 VUs, 3752 complete and 0 interrupted iterations
default   [  23% ] 0161/2000 VUs  03m13.7s/14m00.0s

running (03m14.7s), 0162/2000 VUs, 3793 complete and 0 interrupted iterations
default   [  23% ] 0162/2000 VUs  03m14.7s/14m00.0s

running (03m15.7s), 0163/2000 VUs, 3828 complete and 0 interrupted iterations
default   [  23% ] 0163/2000 VUs  03m15.7s/14m00.0s

running (03m16.7s), 0163/2000 VUs, 3867 complete and 0 interrupted iterations
default   [  23% ] 0163/2000 VUs  03m16.7s/14m00.0s

running (03m17.7s), 0164/2000 VUs, 3907 complete and 0 interrupted iterations
default   [  24% ] 0164/2000 VUs  03m17.7s/14m00.0s

running (03m18.7s), 0165/2000 VUs, 3950 complete and 0 interrupted iterations
default   [  24% ] 0165/2000 VUs  03m18.7s/14m00.0s

running (03m19.7s), 0166/2000 VUs, 3985 complete and 0 interrupted iterations
default   [  24% ] 0166/2000 VUs  03m19.7s/14m00.0s

running (03m20.7s), 0167/2000 VUs, 4026 complete and 0 interrupted iterations
default   [  24% ] 0167/2000 VUs  03m20.7s/14m00.0s

running (03m21.7s), 0168/2000 VUs, 4069 complete and 0 interrupted iterations
default   [  24% ] 0168/2000 VUs  03m21.7s/14m00.0s

running (03m22.7s), 0168/2000 VUs, 4111 complete and 0 interrupted iterations
default   [  24% ] 0168/2000 VUs  03m22.7s/14m00.0s

running (03m23.7s), 0169/2000 VUs, 4144 complete and 0 interrupted iterations
default   [  24% ] 0169/2000 VUs  03m23.7s/14m00.0s

running (03m24.7s), 0170/2000 VUs, 4193 complete and 0 interrupted iterations
default   [  24% ] 0170/2000 VUs  03m24.7s/14m00.0s

running (03m25.7s), 0171/2000 VUs, 4228 complete and 0 interrupted iterations
default   [  24% ] 0171/2000 VUs  03m25.7s/14m00.0s

running (03m26.7s), 0172/2000 VUs, 4272 complete and 0 interrupted iterations
default   [  25% ] 0172/2000 VUs  03m26.7s/14m00.0s

running (03m27.7s), 0173/2000 VUs, 4314 complete and 0 interrupted iterations
default   [  25% ] 0173/2000 VUs  03m27.7s/14m00.0s

running (03m28.7s), 0173/2000 VUs, 4352 complete and 0 interrupted iterations
default   [  25% ] 0173/2000 VUs  03m28.7s/14m00.0s

running (03m29.7s), 0174/2000 VUs, 4391 complete and 0 interrupted iterations
default   [  25% ] 0174/2000 VUs  03m29.7s/14m00.0s

running (03m30.7s), 0175/2000 VUs, 4439 complete and 0 interrupted iterations
default   [  25% ] 0175/2000 VUs  03m30.7s/14m00.0s

running (03m31.7s), 0176/2000 VUs, 4476 complete and 0 interrupted iterations
default   [  25% ] 0176/2000 VUs  03m31.7s/14m00.0s

running (03m32.7s), 0177/2000 VUs, 4525 complete and 0 interrupted iterations
default   [  25% ] 0177/2000 VUs  03m32.7s/14m00.0s

running (03m33.7s), 0178/2000 VUs, 4561 complete and 0 interrupted iterations
default   [  25% ] 0178/2000 VUs  03m33.7s/14m00.0s

running (03m34.7s), 0178/2000 VUs, 4604 complete and 0 interrupted iterations
default   [  26% ] 0178/2000 VUs  03m34.7s/14m00.0s

running (03m35.7s), 0179/2000 VUs, 4649 complete and 0 interrupted iterations
default   [  26% ] 0179/2000 VUs  03m35.7s/14m00.0s

running (03m36.7s), 0180/2000 VUs, 4689 complete and 0 interrupted iterations
default   [  26% ] 0180/2000 VUs  03m36.7s/14m00.0s

running (03m37.7s), 0181/2000 VUs, 4732 complete and 0 interrupted iterations
default   [  26% ] 0181/2000 VUs  03m37.7s/14m00.0s

running (03m38.7s), 0182/2000 VUs, 4776 complete and 0 interrupted iterations
default   [  26% ] 0182/2000 VUs  03m38.7s/14m00.0s

running (03m39.7s), 0183/2000 VUs, 4822 complete and 0 interrupted iterations
default   [  26% ] 0183/2000 VUs  03m39.7s/14m00.0s

running (03m40.7s), 0183/2000 VUs, 4867 complete and 0 interrupted iterations
default   [  26% ] 0183/2000 VUs  03m40.7s/14m00.0s

running (03m41.7s), 0184/2000 VUs, 4915 complete and 0 interrupted iterations
default   [  26% ] 0184/2000 VUs  03m41.7s/14m00.0s

running (03m42.7s), 0185/2000 VUs, 4950 complete and 0 interrupted iterations
default   [  27% ] 0185/2000 VUs  03m42.7s/14m00.0s

running (03m43.7s), 0186/2000 VUs, 4997 complete and 0 interrupted iterations
default   [  27% ] 0186/2000 VUs  03m43.7s/14m00.0s

running (03m44.7s), 0187/2000 VUs, 5045 complete and 0 interrupted iterations
default   [  27% ] 0187/2000 VUs  03m44.7s/14m00.0s

running (03m45.7s), 0188/2000 VUs, 5091 complete and 0 interrupted iterations
default   [  27% ] 0188/2000 VUs  03m45.7s/14m00.0s

running (03m46.7s), 0188/2000 VUs, 5132 complete and 0 interrupted iterations
default   [  27% ] 0188/2000 VUs  03m46.7s/14m00.0s

running (03m47.7s), 0189/2000 VUs, 5175 complete and 0 interrupted iterations
default   [  27% ] 0189/2000 VUs  03m47.7s/14m00.0s

running (03m48.7s), 0190/2000 VUs, 5223 complete and 0 interrupted iterations
default   [  27% ] 0190/2000 VUs  03m48.7s/14m00.0s

running (03m49.7s), 0191/2000 VUs, 5276 complete and 0 interrupted iterations
default   [  27% ] 0191/2000 VUs  03m49.7s/14m00.0s

running (03m50.7s), 0192/2000 VUs, 5321 complete and 0 interrupted iterations
default   [  27% ] 0192/2000 VUs  03m50.7s/14m00.0s

running (03m51.7s), 0193/2000 VUs, 5356 complete and 0 interrupted iterations
default   [  28% ] 0193/2000 VUs  03m51.7s/14m00.0s

running (03m52.7s), 0193/2000 VUs, 5405 complete and 0 interrupted iterations
default   [  28% ] 0193/2000 VUs  03m52.7s/14m00.0s

running (03m53.7s), 0194/2000 VUs, 5464 complete and 0 interrupted iterations
default   [  28% ] 0194/2000 VUs  03m53.7s/14m00.0s

running (03m54.7s), 0195/2000 VUs, 5504 complete and 0 interrupted iterations
default   [  28% ] 0195/2000 VUs  03m54.7s/14m00.0s

running (03m55.7s), 0196/2000 VUs, 5543 complete and 0 interrupted iterations
default   [  28% ] 0196/2000 VUs  03m55.7s/14m00.0s

running (03m56.7s), 0197/2000 VUs, 5588 complete and 0 interrupted iterations
default   [  28% ] 0197/2000 VUs  03m56.7s/14m00.0s

running (03m57.7s), 0198/2000 VUs, 5644 complete and 0 interrupted iterations
default   [  28% ] 0198/2000 VUs  03m57.7s/14m00.0s

running (03m58.7s), 0198/2000 VUs, 5695 complete and 0 interrupted iterations
default   [  28% ] 0198/2000 VUs  03m58.7s/14m00.0s

running (03m59.7s), 0199/2000 VUs, 5732 complete and 0 interrupted iterations
default   [  29% ] 0199/2000 VUs  03m59.7s/14m00.0s

running (04m00.7s), 0201/2000 VUs, 5784 complete and 0 interrupted iterations
default   [  29% ] 0201/2000 VUs  04m00.7s/14m00.0s

running (04m01.7s), 0202/2000 VUs, 5833 complete and 0 interrupted iterations
default   [  29% ] 0202/2000 VUs  04m01.7s/14m00.0s

running (04m02.7s), 0204/2000 VUs, 5884 complete and 0 interrupted iterations
default   [  29% ] 0204/2000 VUs  04m02.7s/14m00.0s

running (04m03.7s), 0206/2000 VUs, 5920 complete and 0 interrupted iterations
default   [  29% ] 0206/2000 VUs  04m03.7s/14m00.0s

running (04m04.7s), 0207/2000 VUs, 5974 complete and 0 interrupted iterations
default   [  29% ] 0207/2000 VUs  04m04.7s/14m00.0s

running (04m05.7s), 0209/2000 VUs, 6034 complete and 0 interrupted iterations
default   [  29% ] 0209/2000 VUs  04m05.7s/14m00.0s

running (04m06.7s), 0211/2000 VUs, 6079 complete and 0 interrupted iterations
default   [  29% ] 0211/2000 VUs  04m06.7s/14m00.0s

running (04m07.7s), 0212/2000 VUs, 6120 complete and 0 interrupted iterations
default   [  29% ] 0212/2000 VUs  04m07.7s/14m00.0s

running (04m08.7s), 0214/2000 VUs, 6169 complete and 0 interrupted iterations
default   [  30% ] 0214/2000 VUs  04m08.7s/14m00.0s

running (04m09.7s), 0216/2000 VUs, 6231 complete and 0 interrupted iterations
default   [  30% ] 0216/2000 VUs  04m09.7s/14m00.0s

running (04m10.7s), 0217/2000 VUs, 6284 complete and 0 interrupted iterations
default   [  30% ] 0217/2000 VUs  04m10.7s/14m00.0s

running (04m11.7s), 0219/2000 VUs, 6326 complete and 0 interrupted iterations
default   [  30% ] 0219/2000 VUs  04m11.7s/14m00.0s

running (04m12.7s), 0221/2000 VUs, 6370 complete and 0 interrupted iterations
default   [  30% ] 0221/2000 VUs  04m12.7s/14m00.0s

running (04m13.7s), 0222/2000 VUs, 6429 complete and 0 interrupted iterations
default   [  30% ] 0222/2000 VUs  04m13.7s/14m00.0s

running (04m14.7s), 0224/2000 VUs, 6486 complete and 0 interrupted iterations
default   [  30% ] 0224/2000 VUs  04m14.7s/14m00.0s

running (04m15.7s), 0226/2000 VUs, 6541 complete and 0 interrupted iterations
default   [  30% ] 0226/2000 VUs  04m15.7s/14m00.0s

running (04m16.7s), 0227/2000 VUs, 6577 complete and 0 interrupted iterations
default   [  31% ] 0227/2000 VUs  04m16.7s/14m00.0s

running (04m17.7s), 0229/2000 VUs, 6635 complete and 0 interrupted iterations
default   [  31% ] 0229/2000 VUs  04m17.7s/14m00.0s

running (04m18.7s), 0231/2000 VUs, 6700 complete and 0 interrupted iterations
default   [  31% ] 0231/2000 VUs  04m18.7s/14m00.0s

running (04m19.7s), 0232/2000 VUs, 6760 complete and 0 interrupted iterations
default   [  31% ] 0232/2000 VUs  04m19.7s/14m00.0s

running (04m20.7s), 0234/2000 VUs, 6802 complete and 0 interrupted iterations
default   [  31% ] 0234/2000 VUs  04m20.7s/14m00.0s

running (04m21.7s), 0236/2000 VUs, 6858 complete and 0 interrupted iterations
default   [  31% ] 0236/2000 VUs  04m21.7s/14m00.0s

running (04m22.7s), 0237/2000 VUs, 6925 complete and 0 interrupted iterations
default   [  31% ] 0237/2000 VUs  04m22.7s/14m00.0s

running (04m23.7s), 0239/2000 VUs, 6982 complete and 0 interrupted iterations
default   [  31% ] 0239/2000 VUs  04m23.7s/14m00.0s

running (04m24.7s), 0241/2000 VUs, 7032 complete and 0 interrupted iterations
default   [  32% ] 0241/2000 VUs  04m24.7s/14m00.0s

running (04m25.7s), 0242/2000 VUs, 7085 complete and 0 interrupted iterations
default   [  32% ] 0242/2000 VUs  04m25.7s/14m00.0s

running (04m26.7s), 0244/2000 VUs, 7148 complete and 0 interrupted iterations
default   [  32% ] 0244/2000 VUs  04m26.7s/14m00.0s

running (04m27.7s), 0246/2000 VUs, 7210 complete and 0 interrupted iterations
default   [  32% ] 0246/2000 VUs  04m27.7s/14m00.0s

running (04m28.7s), 0247/2000 VUs, 7261 complete and 0 interrupted iterations
default   [  32% ] 0247/2000 VUs  04m28.7s/14m00.0s

running (04m29.7s), 0249/2000 VUs, 7314 complete and 0 interrupted iterations
default   [  32% ] 0249/2000 VUs  04m29.7s/14m00.0s

running (04m30.7s), 0251/2000 VUs, 7373 complete and 0 interrupted iterations
default   [  32% ] 0251/2000 VUs  04m30.7s/14m00.0s

running (04m31.7s), 0252/2000 VUs, 7440 complete and 0 interrupted iterations
default   [  32% ] 0252/2000 VUs  04m31.7s/14m00.0s

running (04m32.7s), 0254/2000 VUs, 7504 complete and 0 interrupted iterations
default   [  32% ] 0254/2000 VUs  04m32.7s/14m00.0s

running (04m33.7s), 0256/2000 VUs, 7554 complete and 0 interrupted iterations
default   [  33% ] 0256/2000 VUs  04m33.7s/14m00.0s

running (04m34.7s), 0257/2000 VUs, 7613 complete and 0 interrupted iterations
default   [  33% ] 0257/2000 VUs  04m34.7s/14m00.0s

running (04m35.7s), 0259/2000 VUs, 7672 complete and 0 interrupted iterations
default   [  33% ] 0259/2000 VUs  04m35.7s/14m00.0s

running (04m36.7s), 0261/2000 VUs, 7744 complete and 0 interrupted iterations
default   [  33% ] 0261/2000 VUs  04m36.7s/14m00.0s

running (04m37.7s), 0262/2000 VUs, 7797 complete and 0 interrupted iterations
default   [  33% ] 0262/2000 VUs  04m37.7s/14m00.0s

running (04m38.7s), 0264/2000 VUs, 7851 complete and 0 interrupted iterations
default   [  33% ] 0264/2000 VUs  04m38.7s/14m00.0s

running (04m39.7s), 0266/2000 VUs, 7921 complete and 0 interrupted iterations
default   [  33% ] 0266/2000 VUs  04m39.7s/14m00.0s

running (04m40.7s), 0267/2000 VUs, 7988 complete and 0 interrupted iterations
default   [  33% ] 0267/2000 VUs  04m40.7s/14m00.0s

running (04m41.7s), 0269/2000 VUs, 8042 complete and 0 interrupted iterations
default   [  34% ] 0269/2000 VUs  04m41.7s/14m00.0s

running (04m42.7s), 0271/2000 VUs, 8106 complete and 0 interrupted iterations
default   [  34% ] 0271/2000 VUs  04m42.7s/14m00.0s

running (04m43.7s), 0272/2000 VUs, 8166 complete and 0 interrupted iterations
default   [  34% ] 0272/2000 VUs  04m43.7s/14m00.0s

running (04m44.7s), 0274/2000 VUs, 8231 complete and 0 interrupted iterations
default   [  34% ] 0274/2000 VUs  04m44.7s/14m00.0s

running (04m45.7s), 0276/2000 VUs, 8297 complete and 0 interrupted iterations
default   [  34% ] 0276/2000 VUs  04m45.7s/14m00.0s

running (04m46.7s), 0277/2000 VUs, 8357 complete and 0 interrupted iterations
default   [  34% ] 0277/2000 VUs  04m46.7s/14m00.0s

running (04m47.7s), 0279/2000 VUs, 8422 complete and 0 interrupted iterations
default   [  34% ] 0279/2000 VUs  04m47.7s/14m00.0s

running (04m48.7s), 0281/2000 VUs, 8486 complete and 0 interrupted iterations
default   [  34% ] 0281/2000 VUs  04m48.7s/14m00.0s

running (04m49.7s), 0282/2000 VUs, 8549 complete and 0 interrupted iterations
default   [  34% ] 0282/2000 VUs  04m49.7s/14m00.0s

running (04m50.7s), 0284/2000 VUs, 8612 complete and 0 interrupted iterations
default   [  35% ] 0284/2000 VUs  04m50.7s/14m00.0s

running (04m51.7s), 0286/2000 VUs, 8679 complete and 0 interrupted iterations
default   [  35% ] 0286/2000 VUs  04m51.7s/14m00.0s

running (04m52.7s), 0287/2000 VUs, 8742 complete and 0 interrupted iterations
default   [  35% ] 0287/2000 VUs  04m52.7s/14m00.0s

running (04m53.7s), 0289/2000 VUs, 8811 complete and 0 interrupted iterations
default   [  35% ] 0289/2000 VUs  04m53.7s/14m00.0s

running (04m54.7s), 0291/2000 VUs, 8881 complete and 0 interrupted iterations
default   [  35% ] 0291/2000 VUs  04m54.7s/14m00.0s

running (04m55.7s), 0292/2000 VUs, 8940 complete and 0 interrupted iterations
default   [  35% ] 0292/2000 VUs  04m55.7s/14m00.0s

running (04m56.7s), 0294/2000 VUs, 9012 complete and 0 interrupted iterations
default   [  35% ] 0294/2000 VUs  04m56.7s/14m00.0s

running (04m57.7s), 0296/2000 VUs, 9071 complete and 0 interrupted iterations
default   [  35% ] 0296/2000 VUs  04m57.7s/14m00.0s

running (04m58.7s), 0297/2000 VUs, 9146 complete and 0 interrupted iterations
default   [  36% ] 0297/2000 VUs  04m58.7s/14m00.0s

running (04m59.7s), 0299/2000 VUs, 9214 complete and 0 interrupted iterations
default   [  36% ] 0299/2000 VUs  04m59.7s/14m00.0s

running (05m00.7s), 0301/2000 VUs, 9283 complete and 0 interrupted iterations
default   [  36% ] 0301/2000 VUs  05m00.7s/14m00.0s

running (05m01.7s), 0302/2000 VUs, 9358 complete and 0 interrupted iterations
default   [  36% ] 0302/2000 VUs  05m01.7s/14m00.0s

running (05m02.7s), 0304/2000 VUs, 9421 complete and 0 interrupted iterations
default   [  36% ] 0304/2000 VUs  05m02.7s/14m00.0s

running (05m03.7s), 0306/2000 VUs, 9485 complete and 0 interrupted iterations
default   [  36% ] 0306/2000 VUs  05m03.7s/14m00.0s

running (05m04.7s), 0307/2000 VUs, 9557 complete and 0 interrupted iterations
default   [  36% ] 0307/2000 VUs  05m04.7s/14m00.0s

running (05m05.7s), 0309/2000 VUs, 9622 complete and 0 interrupted iterations
default   [  36% ] 0309/2000 VUs  05m05.7s/14m00.0s

running (05m06.7s), 0311/2000 VUs, 9699 complete and 0 interrupted iterations
default   [  37% ] 0311/2000 VUs  05m06.7s/14m00.0s

running (05m07.7s), 0312/2000 VUs, 9748 complete and 0 interrupted iterations
default   [  37% ] 0312/2000 VUs  05m07.7s/14m00.0s

running (05m08.7s), 0314/2000 VUs, 9798 complete and 0 interrupted iterations
default   [  37% ] 0314/2000 VUs  05m08.7s/14m00.0s

running (05m09.7s), 0316/2000 VUs, 9882 complete and 0 interrupted iterations
default   [  37% ] 0316/2000 VUs  05m09.7s/14m00.0s

running (05m10.7s), 0317/2000 VUs, 9948 complete and 0 interrupted iterations
default   [  37% ] 0317/2000 VUs  05m10.7s/14m00.0s

running (05m11.7s), 0319/2000 VUs, 10034 complete and 0 interrupted iterations
default   [  37% ] 0319/2000 VUs  05m11.7s/14m00.0s

running (05m12.7s), 0321/2000 VUs, 10089 complete and 0 interrupted iterations
default   [  37% ] 0321/2000 VUs  05m12.7s/14m00.0s

running (05m13.7s), 0322/2000 VUs, 10166 complete and 0 interrupted iterations
default   [  37% ] 0322/2000 VUs  05m13.7s/14m00.0s

running (05m14.7s), 0324/2000 VUs, 10240 complete and 0 interrupted iterations
default   [  37% ] 0324/2000 VUs  05m14.7s/14m00.0s

running (05m15.7s), 0326/2000 VUs, 10319 complete and 0 interrupted iterations
default   [  38% ] 0326/2000 VUs  05m15.7s/14m00.0s

running (05m16.7s), 0327/2000 VUs, 10375 complete and 0 interrupted iterations
default   [  38% ] 0327/2000 VUs  05m16.7s/14m00.0s

running (05m17.7s), 0329/2000 VUs, 10438 complete and 0 interrupted iterations
default   [  38% ] 0329/2000 VUs  05m17.7s/14m00.0s

running (05m18.7s), 0331/2000 VUs, 10517 complete and 0 interrupted iterations
default   [  38% ] 0331/2000 VUs  05m18.7s/14m00.0s

running (05m19.7s), 0332/2000 VUs, 10586 complete and 0 interrupted iterations
default   [  38% ] 0332/2000 VUs  05m19.7s/14m00.0s

running (05m20.7s), 0334/2000 VUs, 10665 complete and 0 interrupted iterations
default   [  38% ] 0334/2000 VUs  05m20.7s/14m00.0s

running (05m21.7s), 0336/2000 VUs, 10725 complete and 0 interrupted iterations
default   [  38% ] 0336/2000 VUs  05m21.7s/14m00.0s

running (05m22.7s), 0337/2000 VUs, 10810 complete and 0 interrupted iterations
default   [  38% ] 0337/2000 VUs  05m22.7s/14m00.0s

running (05m23.7s), 0339/2000 VUs, 10891 complete and 0 interrupted iterations
default   [  39% ] 0339/2000 VUs  05m23.7s/14m00.0s

running (05m24.7s), 0341/2000 VUs, 10971 complete and 0 interrupted iterations
default   [  39% ] 0341/2000 VUs  05m24.7s/14m00.0s

running (05m25.7s), 0342/2000 VUs, 11036 complete and 0 interrupted iterations
default   [  39% ] 0342/2000 VUs  05m25.7s/14m00.0s

running (05m26.7s), 0344/2000 VUs, 11101 complete and 0 interrupted iterations
default   [  39% ] 0344/2000 VUs  05m26.7s/14m00.0s

running (05m27.7s), 0346/2000 VUs, 11150 complete and 0 interrupted iterations
default   [  39% ] 0346/2000 VUs  05m27.7s/14m00.0s

running (05m28.7s), 0347/2000 VUs, 11240 complete and 0 interrupted iterations
default   [  39% ] 0347/2000 VUs  05m28.7s/14m00.0s

running (05m29.7s), 0349/2000 VUs, 11317 complete and 0 interrupted iterations
default   [  39% ] 0349/2000 VUs  05m29.7s/14m00.0s

running (05m30.7s), 0351/2000 VUs, 11377 complete and 0 interrupted iterations
default   [  39% ] 0351/2000 VUs  05m30.7s/14m00.0s

running (05m31.7s), 0352/2000 VUs, 11452 complete and 0 interrupted iterations
default   [  39% ] 0352/2000 VUs  05m31.7s/14m00.0s

running (05m32.7s), 0354/2000 VUs, 11530 complete and 0 interrupted iterations
default   [  40% ] 0354/2000 VUs  05m32.7s/14m00.0s

running (05m33.7s), 0356/2000 VUs, 11612 complete and 0 interrupted iterations
default   [  40% ] 0356/2000 VUs  05m33.7s/14m00.0s

running (05m34.7s), 0357/2000 VUs, 11695 complete and 0 interrupted iterations
default   [  40% ] 0357/2000 VUs  05m34.7s/14m00.0s

running (05m35.7s), 0359/2000 VUs, 11755 complete and 0 interrupted iterations
default   [  40% ] 0359/2000 VUs  05m35.7s/14m00.0s

running (05m36.7s), 0361/2000 VUs, 11827 complete and 0 interrupted iterations
default   [  40% ] 0361/2000 VUs  05m36.7s/14m00.0s

running (05m37.7s), 0362/2000 VUs, 11897 complete and 0 interrupted iterations
default   [  40% ] 0362/2000 VUs  05m37.7s/14m00.0s

running (05m38.7s), 0364/2000 VUs, 11959 complete and 0 interrupted iterations
default   [  40% ] 0364/2000 VUs  05m38.7s/14m00.0s

running (05m39.7s), 0366/2000 VUs, 12055 complete and 0 interrupted iterations
default   [  40% ] 0366/2000 VUs  05m39.7s/14m00.0s

running (05m40.7s), 0367/2000 VUs, 12112 complete and 0 interrupted iterations
default   [  41% ] 0367/2000 VUs  05m40.7s/14m00.0s

running (05m41.7s), 0369/2000 VUs, 12201 complete and 0 interrupted iterations
default   [  41% ] 0369/2000 VUs  05m41.7s/14m00.0s

running (05m42.7s), 0371/2000 VUs, 12271 complete and 0 interrupted iterations
default   [  41% ] 0371/2000 VUs  05m42.7s/14m00.0s

running (05m43.7s), 0372/2000 VUs, 12376 complete and 0 interrupted iterations
default   [  41% ] 0372/2000 VUs  05m43.7s/14m00.0s

running (05m44.7s), 0374/2000 VUs, 12442 complete and 0 interrupted iterations
default   [  41% ] 0374/2000 VUs  05m44.7s/14m00.0s

running (05m45.7s), 0376/2000 VUs, 12506 complete and 0 interrupted iterations
default   [  41% ] 0376/2000 VUs  05m45.7s/14m00.0s

running (05m46.7s), 0377/2000 VUs, 12590 complete and 0 interrupted iterations
default   [  41% ] 0377/2000 VUs  05m46.7s/14m00.0s

running (05m47.7s), 0379/2000 VUs, 12649 complete and 0 interrupted iterations
default   [  41% ] 0379/2000 VUs  05m47.7s/14m00.0s

running (05m48.7s), 0381/2000 VUs, 12730 complete and 0 interrupted iterations
default   [  42% ] 0381/2000 VUs  05m48.7s/14m00.0s

running (05m49.7s), 0382/2000 VUs, 12809 complete and 0 interrupted iterations
default   [  42% ] 0382/2000 VUs  05m49.7s/14m00.0s

running (05m50.7s), 0384/2000 VUs, 12867 complete and 0 interrupted iterations
default   [  42% ] 0384/2000 VUs  05m50.7s/14m00.0s

running (05m51.7s), 0386/2000 VUs, 12943 complete and 0 interrupted iterations
default   [  42% ] 0386/2000 VUs  05m51.7s/14m00.0s

running (05m52.7s), 0387/2000 VUs, 13020 complete and 0 interrupted iterations
default   [  42% ] 0387/2000 VUs  05m52.7s/14m00.0s

running (05m53.7s), 0389/2000 VUs, 13104 complete and 0 interrupted iterations
default   [  42% ] 0389/2000 VUs  05m53.7s/14m00.0s

running (05m54.7s), 0391/2000 VUs, 13162 complete and 0 interrupted iterations
default   [  42% ] 0391/2000 VUs  05m54.7s/14m00.0s

running (05m55.7s), 0392/2000 VUs, 13249 complete and 0 interrupted iterations
default   [  42% ] 0392/2000 VUs  05m55.7s/14m00.0s

running (05m56.7s), 0394/2000 VUs, 13316 complete and 0 interrupted iterations
default   [  42% ] 0394/2000 VUs  05m56.7s/14m00.0s

running (05m57.7s), 0396/2000 VUs, 13391 complete and 0 interrupted iterations
default   [  43% ] 0396/2000 VUs  05m57.7s/14m00.0s

running (05m58.7s), 0397/2000 VUs, 13462 complete and 0 interrupted iterations
default   [  43% ] 0397/2000 VUs  05m58.7s/14m00.0s

running (05m59.7s), 0399/2000 VUs, 13529 complete and 0 interrupted iterations
default   [  43% ] 0399/2000 VUs  05m59.7s/14m00.0s

running (06m00.7s), 0402/2000 VUs, 13596 complete and 0 interrupted iterations
default   [  43% ] 0402/2000 VUs  06m00.7s/14m00.0s

running (06m01.7s), 0405/2000 VUs, 13672 complete and 0 interrupted iterations
default   [  43% ] 0405/2000 VUs  06m01.7s/14m00.0s

running (06m02.7s), 0408/2000 VUs, 13743 complete and 0 interrupted iterations
default   [  43% ] 0408/2000 VUs  06m02.7s/14m00.0s

running (06m03.7s), 0412/2000 VUs, 13826 complete and 0 interrupted iterations
default   [  43% ] 0412/2000 VUs  06m03.7s/14m00.0s

running (06m04.7s), 0415/2000 VUs, 13885 complete and 0 interrupted iterations
default   [  43% ] 0415/2000 VUs  06m04.7s/14m00.0s

running (06m05.7s), 0418/2000 VUs, 13964 complete and 0 interrupted iterations
default   [  44% ] 0418/2000 VUs  06m05.7s/14m00.0s

running (06m06.7s), 0422/2000 VUs, 14044 complete and 0 interrupted iterations
default   [  44% ] 0422/2000 VUs  06m06.7s/14m00.0s

running (06m07.7s), 0425/2000 VUs, 14113 complete and 0 interrupted iterations
default   [  44% ] 0425/2000 VUs  06m07.7s/14m00.0s

running (06m08.7s), 0428/2000 VUs, 14182 complete and 0 interrupted iterations
default   [  44% ] 0428/2000 VUs  06m08.7s/14m00.0s

running (06m09.7s), 0432/2000 VUs, 14256 complete and 0 interrupted iterations
default   [  44% ] 0432/2000 VUs  06m09.7s/14m00.0s

running (06m10.7s), 0435/2000 VUs, 14338 complete and 0 interrupted iterations
default   [  44% ] 0435/2000 VUs  06m10.7s/14m00.0s

running (06m11.7s), 0438/2000 VUs, 14381 complete and 0 interrupted iterations
default   [  44% ] 0438/2000 VUs  06m11.7s/14m00.0s

running (06m12.7s), 0442/2000 VUs, 14470 complete and 0 interrupted iterations
default   [  44% ] 0442/2000 VUs  06m12.7s/14m00.0s

running (06m13.7s), 0445/2000 VUs, 14542 complete and 0 interrupted iterations
default   [  44% ] 0445/2000 VUs  06m13.7s/14m00.0s

running (06m14.7s), 0448/2000 VUs, 14608 complete and 0 interrupted iterations
default   [  45% ] 0448/2000 VUs  06m14.7s/14m00.0s

running (06m15.7s), 0452/2000 VUs, 14693 complete and 0 interrupted iterations
default   [  45% ] 0452/2000 VUs  06m15.7s/14m00.0s

running (06m16.7s), 0455/2000 VUs, 14761 complete and 0 interrupted iterations
default   [  45% ] 0455/2000 VUs  06m16.7s/14m00.0s

running (06m17.7s), 0458/2000 VUs, 14824 complete and 0 interrupted iterations
default   [  45% ] 0458/2000 VUs  06m17.7s/14m00.0s

running (06m18.7s), 0462/2000 VUs, 14903 complete and 0 interrupted iterations
default   [  45% ] 0462/2000 VUs  06m18.7s/14m00.0s

running (06m19.7s), 0465/2000 VUs, 14974 complete and 0 interrupted iterations
default   [  45% ] 0465/2000 VUs  06m19.7s/14m00.0s

running (06m20.7s), 0468/2000 VUs, 15062 complete and 0 interrupted iterations
default   [  45% ] 0468/2000 VUs  06m20.7s/14m00.0s
