time="2026-06-11T13:48:50-03:00" level=warning msg="SSLKEYLOGFILE was specified, logging TLS connection keys to '\\\\.\\nllMonFltProxy\\FFFFE68C37EB2A60'..." test_path="file:///C:/GitHub/poleras-store-k6/tests/payments/payments.test.js"
time="2026-06-11T13:50:53-03:00" level=warning msg="Request Failed" error="Post \"http://localhost:3001/api/auth/login\": EOF"
time="2026-06-11T13:50:53-03:00" level=error msg="GoError: the body is null so we can't transform it to JSON - this likely was because of a request error getting the response\n\tat reflect.methodValueCall (native)\n\tat getAuthToken (file:///C:/GitHub/poleras-store-k6/lib/auth.js:25:18(37))\n\tat default (file:///C:/GitHub/poleras-store-k6/tests/payments/payments.test.js:58:29(27))\n" executor=ramping-vus scenario=default source=stacktrace
time="2026-06-11T13:51:00-03:00" level=warning msg="Request Failed" error="Post \"http://localhost:3001/api/auth/login\": EOF"
time="2026-06-11T13:51:00-03:00" level=error msg="GoError: the body is null so we can't transform it to JSON - this likely was because of a request error getting the response\n\tat reflect.methodValueCall (native)\n\tat getAuthToken (file:///C:/GitHub/poleras-store-k6/lib/auth.js:25:18(37))\n\tat default (file:///C:/GitHub/poleras-store-k6/tests/payments/payments.test.js:58:29(27))\n" executor=ramping-vus scenario=default source=stacktrace
time="2026-06-11T13:51:15-03:00" level=warning msg="Request Failed" error="Post \"http://localhost:3001/api/auth/login\": EOF"
time="2026-06-11T13:51:15-03:00" level=error msg="GoError: the body is null so we can't transform it to JSON - this likely was because of a request error getting the response\n\tat reflect.methodValueCall (native)\n\tat getAuthToken (file:///C:/GitHub/poleras-store-k6/lib/auth.js:25:18(37))\n\tat default (file:///C:/GitHub/poleras-store-k6/tests/payments/payments.test.js:58:29(27))\n" executor=ramping-vus scenario=default source=stacktrace
time="2026-06-11T13:51:36-03:00" level=warning msg="Request Failed" error="Post \"http://localhost:3001/api/auth/login\": EOF"
time="2026-06-11T13:51:36-03:00" level=error msg="GoError: the body is null so we can't transform it to JSON - this likely was because of a request error getting the response\n\tat reflect.methodValueCall (native)\n\tat getAuthToken (file:///C:/GitHub/poleras-store-k6/lib/auth.js:25:18(37))\n\tat default (file:///C:/GitHub/poleras-store-k6/tests/payments/payments.test.js:58:29(27))\n" executor=ramping-vus scenario=default source=stacktrace
time="2026-06-11T13:51:39-03:00" level=warning msg="Request Failed" error="Post \"http://localhost:3001/api/auth/login\": EOF"
time="2026-06-11T13:51:39-03:00" level=error msg="GoError: the body is null so we can't transform it to JSON - this likely was because of a request error getting the response\n\tat reflect.methodValueCall (native)\n\tat getAuthToken (file:///C:/GitHub/poleras-store-k6/lib/auth.js:25:18(37))\n\tat default (file:///C:/GitHub/poleras-store-k6/tests/payments/payments.test.js:58:29(27))\n" executor=ramping-vus scenario=default source=stacktrace
time="2026-06-11T13:51:50-03:00" level=warning msg="Request Failed" error="Post \"http://localhost:3004/api/orders\": EOF"
time="2026-06-11T13:51:50-03:00" level=error msg="GoError: the body is null so we can't transform it to JSON - this likely was because of a request error getting the response\n\tat reflect.methodValueCall (native)\n\tat create order: has id (file:///C:/GitHub/poleras-store-k6/tests/payments/payments.test.js:99:46(4))\n\tat go.k6.io/k6/js/modules/k6.(*K6).Check-fm (native)\n\tat default (file:///C:/GitHub/poleras-store-k6/tests/payments/payments.test.js:97:24(183))\n" executor=ramping-vus scenario=default source=stacktrace
time="2026-06-11T13:51:51-03:00" level=warning msg="Request Failed" error="Post \"http://localhost:3004/api/orders\": EOF"
time="2026-06-11T13:51:51-03:00" level=warning msg="Request Failed" error="Post \"http://localhost:3004/api/orders\": EOF"
time="2026-06-11T13:51:51-03:00" level=error msg="GoError: the body is null so we can't transform it to JSON - this likely was because of a request error getting the response\n\tat reflect.methodValueCall (native)\n\tat create order: has id (file:///C:/GitHub/poleras-store-k6/tests/payments/payments.test.js:99:46(4))\n\tat go.k6.io/k6/js/modules/k6.(*K6).Check-fm (native)\n\tat default (file:///C:/GitHub/poleras-store-k6/tests/payments/payments.test.js:97:24(183))\n" executor=ramping-vus scenario=default source=stacktrace
time="2026-06-11T13:51:51-03:00" level=error msg="GoError: the body is null so we can't transform it to JSON - this likely was because of a request error getting the response\n\tat reflect.methodValueCall (native)\n\tat create order: has id (file:///C:/GitHub/poleras-store-k6/tests/payments/payments.test.js:99:46(4))\n\tat go.k6.io/k6/js/modules/k6.(*K6).Check-fm (native)\n\tat default (file:///C:/GitHub/poleras-store-k6/tests/payments/payments.test.js:97:24(183))\n" executor=ramping-vus scenario=default source=stacktrace
time="2026-06-11T13:52:04-03:00" level=warning msg="Request Failed" error="Post \"http://localhost:3001/api/auth/login\": EOF"
time="2026-06-11T13:52:04-03:00" level=error msg="GoError: the body is null so we can't transform it to JSON - this likely was because of a request error getting the response\n\tat reflect.methodValueCall (native)\n\tat getAuthToken (file:///C:/GitHub/poleras-store-k6/lib/auth.js:25:18(37))\n\tat default (file:///C:/GitHub/poleras-store-k6/tests/payments/payments.test.js:58:29(27))\n" executor=ramping-vus scenario=default source=stacktrace
time="2026-06-11T13:52:10-03:00" level=warning msg="Request Failed" error="Post \"http://localhost:3004/api/orders\": EOF"
time="2026-06-11T13:52:10-03:00" level=error msg="GoError: the body is null so we can't transform it to JSON - this likely was because of a request error getting the response\n\tat reflect.methodValueCall (native)\n\tat create order: has id (file:///C:/GitHub/poleras-store-k6/tests/payments/payments.test.js:99:46(4))\n\tat go.k6.io/k6/js/modules/k6.(*K6).Check-fm (native)\n\tat default (file:///C:/GitHub/poleras-store-k6/tests/payments/payments.test.js:97:24(183))\n" executor=ramping-vus scenario=default source=stacktrace
time="2026-06-11T13:52:16-03:00" level=warning msg="Request Failed" error="Post \"http://localhost:3001/api/auth/login\": EOF"
time="2026-06-11T13:52:16-03:00" level=error msg="GoError: the body is null so we can't transform it to JSON - this likely was because of a request error getting the response\n\tat reflect.methodValueCall (native)\n\tat getAuthToken (file:///C:/GitHub/poleras-store-k6/lib/auth.js:25:18(37))\n\tat default (file:///C:/GitHub/poleras-store-k6/tests/payments/payments.test.js:58:29(27))\n" executor=ramping-vus scenario=default source=stacktrace
time="2026-06-11T13:52:28-03:00" level=warning msg="Request Failed" error="Post \"http://localhost:3004/api/orders\": EOF"
time="2026-06-11T13:52:28-03:00" level=error msg="GoError: the body is null so we can't transform it to JSON - this likely was because of a request error getting the response\n\tat reflect.methodValueCall (native)\n\tat create order: has id (file:///C:/GitHub/poleras-store-k6/tests/payments/payments.test.js:99:46(4))\n\tat go.k6.io/k6/js/modules/k6.(*K6).Check-fm (native)\n\tat default (file:///C:/GitHub/poleras-store-k6/tests/payments/payments.test.js:97:24(183))\n" executor=ramping-vus scenario=default source=stacktrace
time="2026-06-11T13:53:03-03:00" level=warning msg="Request Failed" error="Post \"http://localhost:3001/api/auth/login\": EOF"
time="2026-06-11T13:53:03-03:00" level=error msg="GoError: the body is null so we can't transform it to JSON - this likely was because of a request error getting the response\n\tat reflect.methodValueCall (native)\n\tat getAuthToken (file:///C:/GitHub/poleras-store-k6/lib/auth.js:25:18(37))\n\tat default (file:///C:/GitHub/poleras-store-k6/tests/payments/payments.test.js:58:29(27))\n" executor=ramping-vus scenario=default source=stacktrace
time="2026-06-11T13:53:11-03:00" level=warning msg="Request Failed" error="Post \"http://localhost:3004/api/orders\": EOF"
time="2026-06-11T13:53:11-03:00" level=error msg="GoError: the body is null so we can't transform it to JSON - this likely was because of a request error getting the response\n\tat reflect.methodValueCall (native)\n\tat create order: has id (file:///C:/GitHub/poleras-store-k6/tests/payments/payments.test.js:99:46(4))\n\tat go.k6.io/k6/js/modules/k6.(*K6).Check-fm (native)\n\tat default (file:///C:/GitHub/poleras-store-k6/tests/payments/payments.test.js:97:24(183))\n" executor=ramping-vus scenario=default source=stacktrace
time="2026-06-11T13:53:21-03:00" level=warning msg="Request Failed" error="Post \"http://localhost:3001/api/auth/login\": EOF"
time="2026-06-11T13:53:21-03:00" level=error msg="GoError: the body is null so we can't transform it to JSON - this likely was because of a request error getting the response\n\tat reflect.methodValueCall (native)\n\tat getAuthToken (file:///C:/GitHub/poleras-store-k6/lib/auth.js:25:18(37))\n\tat default (file:///C:/GitHub/poleras-store-k6/tests/payments/payments.test.js:58:29(27))\n" executor=ramping-vus scenario=default source=stacktrace
