time="2026-06-11T12:14:25-03:00" level=warning msg="SSLKEYLOGFILE was specified, logging TLS connection keys to '\\\\.\\nllMonFltProxy\\FFFFE68C37EB2A60'..." test_path="file:///C:/GitHub/poleras-store-k6/tests/payments/payments.test.js"
time="2026-06-11T12:15:43-03:00" level=warning msg="Request Failed" error="Post \"http://localhost:3004/api/orders\": EOF"
time="2026-06-11T12:15:43-03:00" level=error msg="GoError: the body is null so we can't transform it to JSON - this likely was because of a request error getting the response\n\tat reflect.methodValueCall (native)\n\tat create order: has id (file:///C:/GitHub/poleras-store-k6/tests/payments/payments.test.js:98:46(4))\n\tat go.k6.io/k6/js/modules/k6.(*K6).Check-fm (native)\n\tat default (file:///C:/GitHub/poleras-store-k6/tests/payments/payments.test.js:96:24(183))\n" executor=ramping-vus scenario=default source=stacktrace
time="2026-06-11T12:16:16-03:00" level=warning msg="Request Failed" error="Post \"http://localhost:3001/api/auth/login\": EOF"
time="2026-06-11T12:16:16-03:00" level=error msg="GoError: the body is null so we can't transform it to JSON - this likely was because of a request error getting the response\n\tat reflect.methodValueCall (native)\n\tat getAuthToken (file:///C:/GitHub/poleras-store-k6/lib/auth.js:25:18(37))\n\tat default (file:///C:/GitHub/poleras-store-k6/tests/payments/payments.test.js:57:29(27))\n" executor=ramping-vus scenario=default source=stacktrace
time="2026-06-11T12:16:52-03:00" level=warning msg="Request Failed" error="Post \"http://localhost:3004/api/orders\": EOF"
time="2026-06-11T12:16:52-03:00" level=error msg="GoError: the body is null so we can't transform it to JSON - this likely was because of a request error getting the response\n\tat reflect.methodValueCall (native)\n\tat create order: has id (file:///C:/GitHub/poleras-store-k6/tests/payments/payments.test.js:98:46(4))\n\tat go.k6.io/k6/js/modules/k6.(*K6).Check-fm (native)\n\tat default (file:///C:/GitHub/poleras-store-k6/tests/payments/payments.test.js:96:24(183))\n" executor=ramping-vus scenario=default source=stacktrace
time="2026-06-11T12:17:06-03:00" level=warning msg="Request Failed" error="Post \"http://localhost:3001/api/auth/login\": EOF"
time="2026-06-11T12:17:06-03:00" level=error msg="GoError: the body is null so we can't transform it to JSON - this likely was because of a request error getting the response\n\tat reflect.methodValueCall (native)\n\tat getAuthToken (file:///C:/GitHub/poleras-store-k6/lib/auth.js:25:18(37))\n\tat default (file:///C:/GitHub/poleras-store-k6/tests/payments/payments.test.js:57:29(27))\n" executor=ramping-vus scenario=default source=stacktrace
time="2026-06-11T12:17:25-03:00" level=warning msg="Request Failed" error="Post \"http://localhost:3004/api/orders\": EOF"
time="2026-06-11T12:17:25-03:00" level=error msg="GoError: the body is null so we can't transform it to JSON - this likely was because of a request error getting the response\n\tat reflect.methodValueCall (native)\n\tat create order: has id (file:///C:/GitHub/poleras-store-k6/tests/payments/payments.test.js:98:46(4))\n\tat go.k6.io/k6/js/modules/k6.(*K6).Check-fm (native)\n\tat default (file:///C:/GitHub/poleras-store-k6/tests/payments/payments.test.js:96:24(183))\n" executor=ramping-vus scenario=default source=stacktrace
time="2026-06-11T12:17:55-03:00" level=warning msg="Request Failed" error="Post \"http://localhost:3001/api/auth/login\": EOF"
time="2026-06-11T12:17:55-03:00" level=error msg="GoError: the body is null so we can't transform it to JSON - this likely was because of a request error getting the response\n\tat reflect.methodValueCall (native)\n\tat getAuthToken (file:///C:/GitHub/poleras-store-k6/lib/auth.js:25:18(37))\n\tat default (file:///C:/GitHub/poleras-store-k6/tests/payments/payments.test.js:57:29(27))\n" executor=ramping-vus scenario=default source=stacktrace
time="2026-06-11T12:18:01-03:00" level=warning msg="Request Failed" error="Post \"http://localhost:3001/api/auth/login\": EOF"
time="2026-06-11T12:18:01-03:00" level=error msg="GoError: the body is null so we can't transform it to JSON - this likely was because of a request error getting the response\n\tat reflect.methodValueCall (native)\n\tat getAuthToken (file:///C:/GitHub/poleras-store-k6/lib/auth.js:25:18(37))\n\tat default (file:///C:/GitHub/poleras-store-k6/tests/payments/payments.test.js:57:29(27))\n" executor=ramping-vus scenario=default source=stacktrace
time="2026-06-11T12:18:34-03:00" level=warning msg="Request Failed" error="Post \"http://localhost:3001/api/auth/login\": EOF"
time="2026-06-11T12:18:34-03:00" level=error msg="GoError: the body is null so we can't transform it to JSON - this likely was because of a request error getting the response\n\tat reflect.methodValueCall (native)\n\tat getAuthToken (file:///C:/GitHub/poleras-store-k6/lib/auth.js:25:18(37))\n\tat default (file:///C:/GitHub/poleras-store-k6/tests/payments/payments.test.js:57:29(27))\n" executor=ramping-vus scenario=default source=stacktrace
time="2026-06-11T12:18:34-03:00" level=warning msg="Request Failed" error="Post \"http://localhost:3004/api/orders\": EOF"
time="2026-06-11T12:18:34-03:00" level=error msg="GoError: the body is null so we can't transform it to JSON - this likely was because of a request error getting the response\n\tat reflect.methodValueCall (native)\n\tat create order: has id (file:///C:/GitHub/poleras-store-k6/tests/payments/payments.test.js:98:46(4))\n\tat go.k6.io/k6/js/modules/k6.(*K6).Check-fm (native)\n\tat default (file:///C:/GitHub/poleras-store-k6/tests/payments/payments.test.js:96:24(183))\n" executor=ramping-vus scenario=default source=stacktrace
time="2026-06-11T12:18:57-03:00" level=warning msg="Request Failed" error="Post \"http://localhost:3001/api/auth/login\": EOF"
time="2026-06-11T12:18:57-03:00" level=error msg="GoError: the body is null so we can't transform it to JSON - this likely was because of a request error getting the response\n\tat reflect.methodValueCall (native)\n\tat getAuthToken (file:///C:/GitHub/poleras-store-k6/lib/auth.js:25:18(37))\n\tat default (file:///C:/GitHub/poleras-store-k6/tests/payments/payments.test.js:57:29(27))\n" executor=ramping-vus scenario=default source=stacktrace
time="2026-06-11T12:19:21-03:00" level=warning msg="Request Failed" error="Post \"http://localhost:3001/api/auth/login\": EOF"
time="2026-06-11T12:19:21-03:00" level=error msg="GoError: the body is null so we can't transform it to JSON - this likely was because of a request error getting the response\n\tat reflect.methodValueCall (native)\n\tat getAuthToken (file:///C:/GitHub/poleras-store-k6/lib/auth.js:25:18(37))\n\tat default (file:///C:/GitHub/poleras-store-k6/tests/payments/payments.test.js:57:29(27))\n" executor=ramping-vus scenario=default source=stacktrace
time="2026-06-11T12:19:26-03:00" level=warning msg="Request Failed" error="Post \"http://localhost:3004/api/orders\": EOF"
time="2026-06-11T12:19:26-03:00" level=error msg="GoError: the body is null so we can't transform it to JSON - this likely was because of a request error getting the response\n\tat reflect.methodValueCall (native)\n\tat create order: has id (file:///C:/GitHub/poleras-store-k6/tests/payments/payments.test.js:98:46(4))\n\tat go.k6.io/k6/js/modules/k6.(*K6).Check-fm (native)\n\tat default (file:///C:/GitHub/poleras-store-k6/tests/payments/payments.test.js:96:24(183))\n" executor=ramping-vus scenario=default source=stacktrace
time="2026-06-11T12:20:48-03:00" level=warning msg="Request Failed" error="Post \"http://localhost:3001/api/auth/login\": EOF"
time="2026-06-11T12:20:48-03:00" level=error msg="GoError: the body is null so we can't transform it to JSON - this likely was because of a request error getting the response\n\tat reflect.methodValueCall (native)\n\tat getAuthToken (file:///C:/GitHub/poleras-store-k6/lib/auth.js:25:18(37))\n\tat default (file:///C:/GitHub/poleras-store-k6/tests/payments/payments.test.js:57:29(27))\n" executor=ramping-vus scenario=default source=stacktrace
time="2026-06-11T12:20:54-03:00" level=warning msg="Request Failed" error="Post \"http://localhost:3001/api/auth/login\": EOF"
time="2026-06-11T12:20:54-03:00" level=error msg="GoError: the body is null so we can't transform it to JSON - this likely was because of a request error getting the response\n\tat reflect.methodValueCall (native)\n\tat getAuthToken (file:///C:/GitHub/poleras-store-k6/lib/auth.js:25:18(37))\n\tat default (file:///C:/GitHub/poleras-store-k6/tests/payments/payments.test.js:57:29(27))\n" executor=ramping-vus scenario=default source=stacktrace
time="2026-06-11T12:20:54-03:00" level=warning msg="Request Failed" error="Post \"http://localhost:3001/api/auth/login\": EOF"
time="2026-06-11T12:20:54-03:00" level=error msg="GoError: the body is null so we can't transform it to JSON - this likely was because of a request error getting the response\n\tat reflect.methodValueCall (native)\n\tat getAuthToken (file:///C:/GitHub/poleras-store-k6/lib/auth.js:25:18(37))\n\tat default (file:///C:/GitHub/poleras-store-k6/tests/payments/payments.test.js:57:29(27))\n" executor=ramping-vus scenario=default source=stacktrace
time="2026-06-11T12:21:07-03:00" level=warning msg="Request Failed" error="Post \"http://localhost:3001/api/auth/login\": EOF"
time="2026-06-11T12:21:07-03:00" level=error msg="GoError: the body is null so we can't transform it to JSON - this likely was because of a request error getting the response\n\tat reflect.methodValueCall (native)\n\tat getAuthToken (file:///C:/GitHub/poleras-store-k6/lib/auth.js:25:18(37))\n\tat default (file:///C:/GitHub/poleras-store-k6/tests/payments/payments.test.js:57:29(27))\n" executor=ramping-vus scenario=default source=stacktrace
time="2026-06-11T12:21:40-03:00" level=warning msg="Request Failed" error="Post \"http://localhost:3001/api/auth/login\": EOF"
time="2026-06-11T12:21:40-03:00" level=error msg="GoError: the body is null so we can't transform it to JSON - this likely was because of a request error getting the response\n\tat reflect.methodValueCall (native)\n\tat getAuthToken (file:///C:/GitHub/poleras-store-k6/lib/auth.js:25:18(37))\n\tat default (file:///C:/GitHub/poleras-store-k6/tests/payments/payments.test.js:57:29(27))\n" executor=ramping-vus scenario=default source=stacktrace
time="2026-06-11T12:22:08-03:00" level=warning msg="Request Failed" error="Post \"http://localhost:3004/api/orders\": EOF"
time="2026-06-11T12:22:08-03:00" level=error msg="GoError: the body is null so we can't transform it to JSON - this likely was because of a request error getting the response\n\tat reflect.methodValueCall (native)\n\tat create order: has id (file:///C:/GitHub/poleras-store-k6/tests/payments/payments.test.js:98:46(4))\n\tat go.k6.io/k6/js/modules/k6.(*K6).Check-fm (native)\n\tat default (file:///C:/GitHub/poleras-store-k6/tests/payments/payments.test.js:96:24(183))\n" executor=ramping-vus scenario=default source=stacktrace
time="2026-06-11T12:22:25-03:00" level=warning msg="Request Failed" error="Post \"http://localhost:3004/api/orders\": EOF"
time="2026-06-11T12:22:25-03:00" level=error msg="GoError: the body is null so we can't transform it to JSON - this likely was because of a request error getting the response\n\tat reflect.methodValueCall (native)\n\tat create order: has id (file:///C:/GitHub/poleras-store-k6/tests/payments/payments.test.js:98:46(4))\n\tat go.k6.io/k6/js/modules/k6.(*K6).Check-fm (native)\n\tat default (file:///C:/GitHub/poleras-store-k6/tests/payments/payments.test.js:96:24(183))\n" executor=ramping-vus scenario=default source=stacktrace
time="2026-06-11T12:22:46-03:00" level=warning msg="Request Failed" error="Post \"http://localhost:3004/api/orders\": EOF"
time="2026-06-11T12:22:46-03:00" level=error msg="GoError: the body is null so we can't transform it to JSON - this likely was because of a request error getting the response\n\tat reflect.methodValueCall (native)\n\tat create order: has id (file:///C:/GitHub/poleras-store-k6/tests/payments/payments.test.js:98:46(4))\n\tat go.k6.io/k6/js/modules/k6.(*K6).Check-fm (native)\n\tat default (file:///C:/GitHub/poleras-store-k6/tests/payments/payments.test.js:96:24(183))\n" executor=ramping-vus scenario=default source=stacktrace
time="2026-06-11T12:23:06-03:00" level=warning msg="Request Failed" error="Post \"http://localhost:3001/api/auth/login\": EOF"
time="2026-06-11T12:23:06-03:00" level=error msg="GoError: the body is null so we can't transform it to JSON - this likely was because of a request error getting the response\n\tat reflect.methodValueCall (native)\n\tat getAuthToken (file:///C:/GitHub/poleras-store-k6/lib/auth.js:25:18(37))\n\tat default (file:///C:/GitHub/poleras-store-k6/tests/payments/payments.test.js:57:29(27))\n" executor=ramping-vus scenario=default source=stacktrace
time="2026-06-11T12:24:27-03:00" level=info msg="[k6-reporter v3.0.4] Generating HTML summary report, with theme: default" source=console
time="2026-06-11T12:24:27-03:00" level=error msg="failed to handle the end-of-test summary" error="Could not save some summary information:\n\t- could not open 'results/2026-06-11_load_payments/payments-report.html': open results/2026-06-11_load_payments/payments-report.html: The system cannot find the path specified."
time="2026-06-11T12:24:27-03:00" level=error msg="thresholds on metrics 'http_req_duration{service:payments}' have been crossed"
