
         /\      Grafana   /‾‾/  
    /\  /  \     |\  __   /  /   
   /  \/    \    | |/ /  /   ‾‾\ 
  /          \   |   (  |  (‾)  |
 / __________ \  |_|\_\  \_____/ 

     execution: local
        script: tests/payments/payments.test.js
        output: -

     scenarios: (100.00%) 1 scenario, 100 max VUs, 10m30s max duration (incl. graceful stop):
              * default: Up to 100 looping VUs for 10m0s over 3 stages (gracefulRampDown: 30s, gracefulStop: 30s)


running (00m01.0s), 001/100 VUs, 0 complete and 0 interrupted iterations
default   [   0% ] 001/100 VUs  00m01.0s/10m00.0s

running (00m02.0s), 002/100 VUs, 0 complete and 0 interrupted iterations
default   [   0% ] 002/100 VUs  00m02.0s/10m00.0s

running (00m03.0s), 003/100 VUs, 0 complete and 0 interrupted iterations
default   [   0% ] 003/100 VUs  00m03.0s/10m00.0s

running (00m04.0s), 004/100 VUs, 0 complete and 0 interrupted iterations
default   [   1% ] 004/100 VUs  00m04.0s/10m00.0s

running (00m05.0s), 005/100 VUs, 1 complete and 0 interrupted iterations
default   [   1% ] 005/100 VUs  00m05.0s/10m00.0s

running (00m06.0s), 005/100 VUs, 2 complete and 0 interrupted iterations
default   [   1% ] 005/100 VUs  00m06.0s/10m00.0s

running (00m07.0s), 006/100 VUs, 3 complete and 0 interrupted iterations
default   [   1% ] 006/100 VUs  00m07.0s/10m00.0s

running (00m08.0s), 007/100 VUs, 3 complete and 0 interrupted iterations
default   [   1% ] 007/100 VUs  00m08.0s/10m00.0s

running (00m09.0s), 008/100 VUs, 4 complete and 0 interrupted iterations
default   [   1% ] 008/100 VUs  00m09.0s/10m00.0s

running (00m10.0s), 009/100 VUs, 6 complete and 0 interrupted iterations
default   [   2% ] 009/100 VUs  00m10.0s/10m00.0s

running (00m11.0s), 010/100 VUs, 7 complete and 0 interrupted iterations
default   [   2% ] 010/100 VUs  00m11.0s/10m00.0s

running (00m12.0s), 010/100 VUs, 10 complete and 0 interrupted iterations
default   [   2% ] 010/100 VUs  00m12.0s/10m00.0s

running (00m13.0s), 011/100 VUs, 11 complete and 0 interrupted iterations
default   [   2% ] 011/100 VUs  00m13.0s/10m00.0s

running (00m14.0s), 012/100 VUs, 13 complete and 0 interrupted iterations
default   [   2% ] 012/100 VUs  00m14.0s/10m00.0s

running (00m15.0s), 013/100 VUs, 15 complete and 0 interrupted iterations
default   [   2% ] 013/100 VUs  00m15.0s/10m00.0s

running (00m16.0s), 014/100 VUs, 19 complete and 0 interrupted iterations
default   [   3% ] 014/100 VUs  00m16.0s/10m00.0s

running (00m17.0s), 014/100 VUs, 21 complete and 0 interrupted iterations
default   [   3% ] 014/100 VUs  00m17.0s/10m00.0s

running (00m18.0s), 015/100 VUs, 23 complete and 0 interrupted iterations
default   [   3% ] 015/100 VUs  00m18.0s/10m00.0s

running (00m19.0s), 016/100 VUs, 25 complete and 0 interrupted iterations
default   [   3% ] 016/100 VUs  00m19.0s/10m00.0s

running (00m20.0s), 017/100 VUs, 30 complete and 0 interrupted iterations
default   [   3% ] 017/100 VUs  00m20.0s/10m00.0s

running (00m21.0s), 018/100 VUs, 33 complete and 0 interrupted iterations
default   [   3% ] 018/100 VUs  00m21.0s/10m00.0s

running (00m22.0s), 019/100 VUs, 36 complete and 0 interrupted iterations
default   [   4% ] 019/100 VUs  00m22.0s/10m00.0s

running (00m23.0s), 019/100 VUs, 36 complete and 0 interrupted iterations
default   [   4% ] 019/100 VUs  00m23.0s/10m00.0s

running (00m24.0s), 020/100 VUs, 42 complete and 0 interrupted iterations
default   [   4% ] 020/100 VUs  00m24.0s/10m00.0s

running (00m25.0s), 021/100 VUs, 48 complete and 0 interrupted iterations
default   [   4% ] 021/100 VUs  00m25.0s/10m00.0s

running (00m26.0s), 022/100 VUs, 53 complete and 0 interrupted iterations
default   [   4% ] 022/100 VUs  00m26.0s/10m00.0s

running (00m27.0s), 023/100 VUs, 55 complete and 0 interrupted iterations
default   [   4% ] 023/100 VUs  00m27.0s/10m00.0s

running (00m28.0s), 024/100 VUs, 57 complete and 0 interrupted iterations
default   [   5% ] 024/100 VUs  00m28.0s/10m00.0s

running (00m29.0s), 024/100 VUs, 64 complete and 0 interrupted iterations
default   [   5% ] 024/100 VUs  00m29.0s/10m00.0s

running (00m30.0s), 025/100 VUs, 70 complete and 0 interrupted iterations
default   [   5% ] 025/100 VUs  00m30.0s/10m00.0s

running (00m31.0s), 026/100 VUs, 75 complete and 0 interrupted iterations
default   [   5% ] 026/100 VUs  00m31.0s/10m00.0s

running (00m32.0s), 027/100 VUs, 79 complete and 0 interrupted iterations
default   [   5% ] 027/100 VUs  00m32.0s/10m00.0s

running (00m33.0s), 028/100 VUs, 84 complete and 0 interrupted iterations
default   [   5% ] 028/100 VUs  00m33.0s/10m00.0s

running (00m34.0s), 029/100 VUs, 93 complete and 0 interrupted iterations
default   [   6% ] 029/100 VUs  00m34.0s/10m00.0s

running (00m35.0s), 029/100 VUs, 96 complete and 0 interrupted iterations
default   [   6% ] 029/100 VUs  00m35.0s/10m00.0s

running (00m36.0s), 030/100 VUs, 103 complete and 0 interrupted iterations
default   [   6% ] 030/100 VUs  00m36.0s/10m00.0s

running (00m37.0s), 031/100 VUs, 108 complete and 0 interrupted iterations
default   [   6% ] 031/100 VUs  00m37.0s/10m00.0s

running (00m38.0s), 032/100 VUs, 114 complete and 0 interrupted iterations
default   [   6% ] 032/100 VUs  00m38.0s/10m00.0s

running (00m39.0s), 033/100 VUs, 121 complete and 0 interrupted iterations
default   [   6% ] 033/100 VUs  00m39.0s/10m00.0s

running (00m40.0s), 033/100 VUs, 125 complete and 0 interrupted iterations
default   [   7% ] 033/100 VUs  00m40.0s/10m00.0s

running (00m41.0s), 034/100 VUs, 134 complete and 0 interrupted iterations
default   [   7% ] 034/100 VUs  00m41.0s/10m00.0s

running (00m42.0s), 035/100 VUs, 139 complete and 0 interrupted iterations
default   [   7% ] 035/100 VUs  00m42.0s/10m00.0s

running (00m43.0s), 036/100 VUs, 148 complete and 0 interrupted iterations
default   [   7% ] 036/100 VUs  00m43.0s/10m00.0s

running (00m44.0s), 037/100 VUs, 153 complete and 0 interrupted iterations
default   [   7% ] 037/100 VUs  00m44.0s/10m00.0s

running (00m45.0s), 038/100 VUs, 162 complete and 0 interrupted iterations
default   [   7% ] 038/100 VUs  00m45.0s/10m00.0s

running (00m46.0s), 038/100 VUs, 170 complete and 0 interrupted iterations
default   [   8% ] 038/100 VUs  00m46.0s/10m00.0s

running (00m47.0s), 039/100 VUs, 179 complete and 0 interrupted iterations
default   [   8% ] 039/100 VUs  00m47.0s/10m00.0s

running (00m48.0s), 040/100 VUs, 183 complete and 0 interrupted iterations
default   [   8% ] 040/100 VUs  00m48.0s/10m00.0s

running (00m49.0s), 041/100 VUs, 188 complete and 0 interrupted iterations
default   [   8% ] 041/100 VUs  00m49.0s/10m00.0s

running (00m50.0s), 042/100 VUs, 202 complete and 0 interrupted iterations
default   [   8% ] 042/100 VUs  00m50.0s/10m00.0s

running (00m51.0s), 043/100 VUs, 211 complete and 0 interrupted iterations
default   [   8% ] 043/100 VUs  00m51.0s/10m00.0s

running (00m52.0s), 043/100 VUs, 220 complete and 0 interrupted iterations
default   [   9% ] 043/100 VUs  00m52.0s/10m00.0s

running (00m53.0s), 044/100 VUs, 226 complete and 0 interrupted iterations
default   [   9% ] 044/100 VUs  00m53.0s/10m00.0s

running (00m54.0s), 045/100 VUs, 232 complete and 0 interrupted iterations
default   [   9% ] 045/100 VUs  00m54.0s/10m00.0s

running (00m55.0s), 046/100 VUs, 245 complete and 0 interrupted iterations
default   [   9% ] 046/100 VUs  00m55.0s/10m00.0s

running (00m56.0s), 047/100 VUs, 254 complete and 0 interrupted iterations
default   [   9% ] 047/100 VUs  00m56.0s/10m00.0s

running (00m57.0s), 047/100 VUs, 267 complete and 0 interrupted iterations
default   [   9% ] 047/100 VUs  00m57.0s/10m00.0s

running (00m58.0s), 048/100 VUs, 272 complete and 0 interrupted iterations
default   [  10% ] 048/100 VUs  00m58.0s/10m00.0s

running (00m59.0s), 049/100 VUs, 281 complete and 0 interrupted iterations
default   [  10% ] 049/100 VUs  00m59.0s/10m00.0s

running (01m00.0s), 050/100 VUs, 296 complete and 0 interrupted iterations
default   [  10% ] 050/100 VUs  01m00.0s/10m00.0s

running (01m01.0s), 051/100 VUs, 304 complete and 0 interrupted iterations
default   [  10% ] 051/100 VUs  01m01.0s/10m00.0s

running (01m02.0s), 052/100 VUs, 313 complete and 0 interrupted iterations
default   [  10% ] 052/100 VUs  01m02.0s/10m00.0s

running (01m03.0s), 052/100 VUs, 324 complete and 0 interrupted iterations
default   [  10% ] 052/100 VUs  01m03.0s/10m00.0s

running (01m04.0s), 053/100 VUs, 332 complete and 0 interrupted iterations
default   [  11% ] 053/100 VUs  01m04.0s/10m00.0s

running (01m05.0s), 054/100 VUs, 349 complete and 0 interrupted iterations
default   [  11% ] 054/100 VUs  01m05.0s/10m00.0s

running (01m06.0s), 055/100 VUs, 360 complete and 0 interrupted iterations
default   [  11% ] 055/100 VUs  01m06.0s/10m00.0s

running (01m07.0s), 056/100 VUs, 363 complete and 0 interrupted iterations
default   [  11% ] 056/100 VUs  01m07.0s/10m00.0s

running (01m08.0s), 057/100 VUs, 380 complete and 0 interrupted iterations
default   [  11% ] 057/100 VUs  01m08.0s/10m00.0s

running (01m09.0s), 057/100 VUs, 388 complete and 0 interrupted iterations
default   [  11% ] 057/100 VUs  01m09.0s/10m00.0s

running (01m10.0s), 058/100 VUs, 406 complete and 0 interrupted iterations
default   [  12% ] 058/100 VUs  01m10.0s/10m00.0s

running (01m11.0s), 059/100 VUs, 418 complete and 0 interrupted iterations
default   [  12% ] 059/100 VUs  01m11.0s/10m00.0s

running (01m12.0s), 060/100 VUs, 425 complete and 0 interrupted iterations
default   [  12% ] 060/100 VUs  01m12.0s/10m00.0s

running (01m13.0s), 061/100 VUs, 440 complete and 0 interrupted iterations
default   [  12% ] 061/100 VUs  01m13.0s/10m00.0s

running (01m14.0s), 062/100 VUs, 450 complete and 0 interrupted iterations
default   [  12% ] 062/100 VUs  01m14.0s/10m00.0s

running (01m15.0s), 062/100 VUs, 470 complete and 0 interrupted iterations
default   [  12% ] 062/100 VUs  01m15.0s/10m00.0s

running (01m16.0s), 063/100 VUs, 478 complete and 0 interrupted iterations
default   [  13% ] 063/100 VUs  01m16.0s/10m00.0s

running (01m17.0s), 064/100 VUs, 487 complete and 0 interrupted iterations
default   [  13% ] 064/100 VUs  01m17.0s/10m00.0s

running (01m18.0s), 065/100 VUs, 500 complete and 0 interrupted iterations
default   [  13% ] 065/100 VUs  01m18.0s/10m00.0s

running (01m19.0s), 066/100 VUs, 517 complete and 0 interrupted iterations
default   [  13% ] 066/100 VUs  01m19.0s/10m00.0s

running (01m20.0s), 066/100 VUs, 535 complete and 0 interrupted iterations
default   [  13% ] 066/100 VUs  01m20.0s/10m00.0s

running (01m21.0s), 067/100 VUs, 541 complete and 0 interrupted iterations
default   [  13% ] 067/100 VUs  01m21.0s/10m00.0s

running (01m22.0s), 068/100 VUs, 557 complete and 0 interrupted iterations
default   [  14% ] 068/100 VUs  01m22.0s/10m00.0s

running (01m23.0s), 069/100 VUs, 572 complete and 0 interrupted iterations
default   [  14% ] 069/100 VUs  01m23.0s/10m00.0s

running (01m24.0s), 070/100 VUs, 583 complete and 0 interrupted iterations
default   [  14% ] 070/100 VUs  01m24.0s/10m00.0s

running (01m25.0s), 071/100 VUs, 603 complete and 0 interrupted iterations
default   [  14% ] 071/100 VUs  01m25.0s/10m00.0s

running (01m26.0s), 071/100 VUs, 613 complete and 0 interrupted iterations
default   [  14% ] 071/100 VUs  01m26.0s/10m00.0s

running (01m27.0s), 072/100 VUs, 629 complete and 0 interrupted iterations
default   [  14% ] 072/100 VUs  01m27.0s/10m00.0s

running (01m28.0s), 073/100 VUs, 640 complete and 0 interrupted iterations
default   [  15% ] 073/100 VUs  01m28.0s/10m00.0s

running (01m29.0s), 074/100 VUs, 656 complete and 0 interrupted iterations
default   [  15% ] 074/100 VUs  01m29.0s/10m00.0s

running (01m30.0s), 075/100 VUs, 673 complete and 0 interrupted iterations
default   [  15% ] 075/100 VUs  01m30.0s/10m00.0s

running (01m31.0s), 076/100 VUs, 687 complete and 0 interrupted iterations
default   [  15% ] 076/100 VUs  01m31.0s/10m00.0s

running (01m32.0s), 076/100 VUs, 704 complete and 0 interrupted iterations
default   [  15% ] 076/100 VUs  01m32.0s/10m00.0s

running (01m33.0s), 077/100 VUs, 716 complete and 0 interrupted iterations
default   [  15% ] 077/100 VUs  01m33.0s/10m00.0s

running (01m34.0s), 078/100 VUs, 736 complete and 0 interrupted iterations
default   [  16% ] 078/100 VUs  01m34.0s/10m00.0s

running (01m35.0s), 079/100 VUs, 752 complete and 0 interrupted iterations
default   [  16% ] 079/100 VUs  01m35.0s/10m00.0s

running (01m36.0s), 080/100 VUs, 764 complete and 0 interrupted iterations
default   [  16% ] 080/100 VUs  01m36.0s/10m00.0s

running (01m37.0s), 080/100 VUs, 782 complete and 0 interrupted iterations
default   [  16% ] 080/100 VUs  01m37.0s/10m00.0s

running (01m38.0s), 081/100 VUs, 798 complete and 0 interrupted iterations
default   [  16% ] 081/100 VUs  01m38.0s/10m00.0s

running (01m39.0s), 082/100 VUs, 816 complete and 0 interrupted iterations
default   [  16% ] 082/100 VUs  01m39.0s/10m00.0s

running (01m40.0s), 083/100 VUs, 835 complete and 0 interrupted iterations
default   [  17% ] 083/100 VUs  01m40.0s/10m00.0s

running (01m41.0s), 084/100 VUs, 844 complete and 0 interrupted iterations
default   [  17% ] 084/100 VUs  01m41.0s/10m00.0s

running (01m42.0s), 085/100 VUs, 866 complete and 0 interrupted iterations
default   [  17% ] 085/100 VUs  01m42.0s/10m00.0s

running (01m43.0s), 085/100 VUs, 885 complete and 0 interrupted iterations
default   [  17% ] 085/100 VUs  01m43.0s/10m00.0s

running (01m44.0s), 086/100 VUs, 906 complete and 0 interrupted iterations
default   [  17% ] 086/100 VUs  01m44.0s/10m00.0s

running (01m45.0s), 087/100 VUs, 920 complete and 0 interrupted iterations
default   [  17% ] 087/100 VUs  01m45.0s/10m00.0s

running (01m46.0s), 088/100 VUs, 930 complete and 0 interrupted iterations
default   [  18% ] 088/100 VUs  01m46.0s/10m00.0s

running (01m47.0s), 089/100 VUs, 951 complete and 0 interrupted iterations
default   [  18% ] 089/100 VUs  01m47.0s/10m00.0s

running (01m48.0s), 090/100 VUs, 967 complete and 0 interrupted iterations
default   [  18% ] 090/100 VUs  01m48.0s/10m00.0s

running (01m49.0s), 090/100 VUs, 995 complete and 0 interrupted iterations
default   [  18% ] 090/100 VUs  01m49.0s/10m00.0s

running (01m50.0s), 091/100 VUs, 1011 complete and 0 interrupted iterations
default   [  18% ] 091/100 VUs  01m50.0s/10m00.0s

running (01m51.0s), 092/100 VUs, 1026 complete and 0 interrupted iterations
default   [  18% ] 092/100 VUs  01m51.0s/10m00.0s

running (01m52.0s), 093/100 VUs, 1043 complete and 0 interrupted iterations
default   [  19% ] 093/100 VUs  01m52.0s/10m00.0s

running (01m53.0s), 094/100 VUs, 1061 complete and 0 interrupted iterations
default   [  19% ] 094/100 VUs  01m53.0s/10m00.0s

running (01m54.0s), 095/100 VUs, 1077 complete and 0 interrupted iterations
default   [  19% ] 095/100 VUs  01m54.0s/10m00.0s

running (01m55.0s), 095/100 VUs, 1099 complete and 0 interrupted iterations
default   [  19% ] 095/100 VUs  01m55.0s/10m00.0s

running (01m56.0s), 096/100 VUs, 1120 complete and 0 interrupted iterations
default   [  19% ] 096/100 VUs  01m56.0s/10m00.0s

running (01m57.0s), 097/100 VUs, 1137 complete and 0 interrupted iterations
default   [  19% ] 097/100 VUs  01m57.0s/10m00.0s

running (01m58.0s), 098/100 VUs, 1156 complete and 0 interrupted iterations
default   [  20% ] 098/100 VUs  01m58.0s/10m00.0s

running (01m59.0s), 099/100 VUs, 1173 complete and 0 interrupted iterations
default   [  20% ] 099/100 VUs  01m59.0s/10m00.0s

running (02m00.0s), 099/100 VUs, 1195 complete and 0 interrupted iterations
default   [  20% ] 099/100 VUs  02m00.0s/10m00.0s

running (02m01.0s), 100/100 VUs, 1216 complete and 0 interrupted iterations
default   [  20% ] 100/100 VUs  02m01.0s/10m00.0s

running (02m02.0s), 100/100 VUs, 1238 complete and 0 interrupted iterations
default   [  20% ] 100/100 VUs  02m02.0s/10m00.0s

running (02m03.0s), 100/100 VUs, 1251 complete and 0 interrupted iterations
default   [  20% ] 100/100 VUs  02m03.0s/10m00.0s

running (02m04.0s), 100/100 VUs, 1274 complete and 0 interrupted iterations
default   [  21% ] 100/100 VUs  02m04.0s/10m00.0s

running (02m05.0s), 100/100 VUs, 1297 complete and 0 interrupted iterations
default   [  21% ] 100/100 VUs  02m05.0s/10m00.0s

running (02m06.0s), 100/100 VUs, 1317 complete and 0 interrupted iterations
default   [  21% ] 100/100 VUs  02m06.0s/10m00.0s

running (02m07.0s), 100/100 VUs, 1340 complete and 0 interrupted iterations
default   [  21% ] 100/100 VUs  02m07.0s/10m00.0s

running (02m08.0s), 100/100 VUs, 1354 complete and 0 interrupted iterations
default   [  21% ] 100/100 VUs  02m08.0s/10m00.0s

running (02m09.0s), 100/100 VUs, 1375 complete and 0 interrupted iterations
default   [  21% ] 100/100 VUs  02m09.0s/10m00.0s

running (02m10.0s), 100/100 VUs, 1403 complete and 0 interrupted iterations
default   [  22% ] 100/100 VUs  02m10.0s/10m00.0s

running (02m11.0s), 100/100 VUs, 1422 complete and 0 interrupted iterations
default   [  22% ] 100/100 VUs  02m11.0s/10m00.0s

running (02m12.0s), 100/100 VUs, 1441 complete and 0 interrupted iterations
default   [  22% ] 100/100 VUs  02m12.0s/10m00.0s

running (02m13.0s), 100/100 VUs, 1456 complete and 0 interrupted iterations
default   [  22% ] 100/100 VUs  02m13.0s/10m00.0s

running (02m14.0s), 100/100 VUs, 1477 complete and 0 interrupted iterations
default   [  22% ] 100/100 VUs  02m14.0s/10m00.0s

running (02m15.0s), 100/100 VUs, 1502 complete and 0 interrupted iterations
default   [  22% ] 100/100 VUs  02m15.0s/10m00.0s

running (02m16.0s), 100/100 VUs, 1524 complete and 0 interrupted iterations
default   [  23% ] 100/100 VUs  02m16.0s/10m00.0s

running (02m17.0s), 100/100 VUs, 1544 complete and 0 interrupted iterations
default   [  23% ] 100/100 VUs  02m17.0s/10m00.0s

running (02m18.0s), 100/100 VUs, 1563 complete and 0 interrupted iterations
default   [  23% ] 100/100 VUs  02m18.0s/10m00.0s

running (02m19.0s), 100/100 VUs, 1577 complete and 0 interrupted iterations
default   [  23% ] 100/100 VUs  02m19.0s/10m00.0s

running (02m20.0s), 100/100 VUs, 1603 complete and 0 interrupted iterations
default   [  23% ] 100/100 VUs  02m20.0s/10m00.0s

running (02m21.0s), 100/100 VUs, 1628 complete and 0 interrupted iterations
default   [  23% ] 100/100 VUs  02m21.0s/10m00.0s

running (02m22.0s), 100/100 VUs, 1644 complete and 0 interrupted iterations
default   [  24% ] 100/100 VUs  02m22.0s/10m00.0s

running (02m23.0s), 100/100 VUs, 1659 complete and 0 interrupted iterations
default   [  24% ] 100/100 VUs  02m23.0s/10m00.0s

running (02m24.0s), 100/100 VUs, 1676 complete and 0 interrupted iterations
default   [  24% ] 100/100 VUs  02m24.0s/10m00.0s

running (02m25.0s), 100/100 VUs, 1706 complete and 0 interrupted iterations
default   [  24% ] 100/100 VUs  02m25.0s/10m00.0s

running (02m26.0s), 100/100 VUs, 1729 complete and 0 interrupted iterations
default   [  24% ] 100/100 VUs  02m26.0s/10m00.0s

running (02m27.0s), 100/100 VUs, 1749 complete and 0 interrupted iterations
default   [  24% ] 100/100 VUs  02m27.0s/10m00.0s

running (02m28.0s), 100/100 VUs, 1764 complete and 0 interrupted iterations
default   [  25% ] 100/100 VUs  02m28.0s/10m00.0s

running (02m29.0s), 100/100 VUs, 1783 complete and 0 interrupted iterations
default   [  25% ] 100/100 VUs  02m29.0s/10m00.0s

running (02m30.0s), 100/100 VUs, 1803 complete and 0 interrupted iterations
default   [  25% ] 100/100 VUs  02m30.0s/10m00.0s

running (02m31.0s), 100/100 VUs, 1833 complete and 0 interrupted iterations
default   [  25% ] 100/100 VUs  02m31.0s/10m00.0s

running (02m32.0s), 100/100 VUs, 1851 complete and 0 interrupted iterations
default   [  25% ] 100/100 VUs  02m32.0s/10m00.0s

running (02m33.0s), 100/100 VUs, 1869 complete and 0 interrupted iterations
default   [  25% ] 100/100 VUs  02m33.0s/10m00.0s

running (02m34.0s), 100/100 VUs, 1887 complete and 0 interrupted iterations
default   [  26% ] 100/100 VUs  02m34.0s/10m00.0s

running (02m35.0s), 100/100 VUs, 1906 complete and 0 interrupted iterations
default   [  26% ] 100/100 VUs  02m35.0s/10m00.0s

running (02m36.0s), 100/100 VUs, 1934 complete and 0 interrupted iterations
default   [  26% ] 100/100 VUs  02m36.0s/10m00.0s

running (02m37.0s), 100/100 VUs, 1954 complete and 0 interrupted iterations
default   [  26% ] 100/100 VUs  02m37.0s/10m00.0s

running (02m38.0s), 100/100 VUs, 1972 complete and 0 interrupted iterations
default   [  26% ] 100/100 VUs  02m38.0s/10m00.0s

running (02m39.0s), 100/100 VUs, 1987 complete and 0 interrupted iterations
default   [  26% ] 100/100 VUs  02m39.0s/10m00.0s

running (02m40.0s), 100/100 VUs, 2009 complete and 0 interrupted iterations
default   [  27% ] 100/100 VUs  02m40.0s/10m00.0s

running (02m41.0s), 100/100 VUs, 2036 complete and 0 interrupted iterations
default   [  27% ] 100/100 VUs  02m41.0s/10m00.0s

running (02m42.0s), 100/100 VUs, 2056 complete and 0 interrupted iterations
default   [  27% ] 100/100 VUs  02m42.0s/10m00.0s

running (02m43.0s), 100/100 VUs, 2070 complete and 0 interrupted iterations
default   [  27% ] 100/100 VUs  02m43.0s/10m00.0s

running (02m44.0s), 100/100 VUs, 2086 complete and 0 interrupted iterations
default   [  27% ] 100/100 VUs  02m44.0s/10m00.0s

running (02m45.0s), 100/100 VUs, 2113 complete and 0 interrupted iterations
default   [  27% ] 100/100 VUs  02m45.0s/10m00.0s

running (02m46.0s), 100/100 VUs, 2141 complete and 0 interrupted iterations
default   [  28% ] 100/100 VUs  02m46.0s/10m00.0s

running (02m47.0s), 100/100 VUs, 2157 complete and 0 interrupted iterations
default   [  28% ] 100/100 VUs  02m47.0s/10m00.0s

running (02m48.0s), 100/100 VUs, 2176 complete and 0 interrupted iterations
default   [  28% ] 100/100 VUs  02m48.0s/10m00.0s

running (02m49.0s), 100/100 VUs, 2191 complete and 0 interrupted iterations
default   [  28% ] 100/100 VUs  02m49.0s/10m00.0s

running (02m50.0s), 100/100 VUs, 2217 complete and 0 interrupted iterations
default   [  28% ] 100/100 VUs  02m50.0s/10m00.0s

running (02m51.0s), 100/100 VUs, 2245 complete and 0 interrupted iterations
default   [  28% ] 100/100 VUs  02m51.0s/10m00.0s

running (02m52.0s), 100/100 VUs, 2262 complete and 0 interrupted iterations
default   [  29% ] 100/100 VUs  02m52.0s/10m00.0s

running (02m53.0s), 100/100 VUs, 2277 complete and 0 interrupted iterations
default   [  29% ] 100/100 VUs  02m53.0s/10m00.0s

running (02m54.0s), 100/100 VUs, 2289 complete and 0 interrupted iterations
default   [  29% ] 100/100 VUs  02m54.0s/10m00.0s

running (02m55.0s), 100/100 VUs, 2323 complete and 0 interrupted iterations
default   [  29% ] 100/100 VUs  02m55.0s/10m00.0s

running (02m56.0s), 100/100 VUs, 2339 complete and 0 interrupted iterations
default   [  29% ] 100/100 VUs  02m56.0s/10m00.0s

running (02m57.0s), 100/100 VUs, 2365 complete and 0 interrupted iterations
default   [  29% ] 100/100 VUs  02m57.0s/10m00.0s

running (02m58.0s), 100/100 VUs, 2379 complete and 0 interrupted iterations
default   [  30% ] 100/100 VUs  02m58.0s/10m00.0s

running (02m59.0s), 100/100 VUs, 2398 complete and 0 interrupted iterations
default   [  30% ] 100/100 VUs  02m59.0s/10m00.0s

running (03m00.0s), 100/100 VUs, 2423 complete and 0 interrupted iterations
default   [  30% ] 100/100 VUs  03m00.0s/10m00.0s

running (03m01.0s), 100/100 VUs, 2443 complete and 0 interrupted iterations
default   [  30% ] 100/100 VUs  03m01.0s/10m00.0s

running (03m02.0s), 100/100 VUs, 2464 complete and 0 interrupted iterations
default   [  30% ] 100/100 VUs  03m02.0s/10m00.0s

running (03m03.0s), 100/100 VUs, 2482 complete and 0 interrupted iterations
default   [  30% ] 100/100 VUs  03m03.0s/10m00.0s

running (03m04.0s), 100/100 VUs, 2498 complete and 0 interrupted iterations
default   [  31% ] 100/100 VUs  03m04.0s/10m00.0s

running (03m05.0s), 100/100 VUs, 2526 complete and 0 interrupted iterations
default   [  31% ] 100/100 VUs  03m05.0s/10m00.0s

running (03m06.0s), 100/100 VUs, 2546 complete and 0 interrupted iterations
default   [  31% ] 100/100 VUs  03m06.0s/10m00.0s

running (03m07.0s), 100/100 VUs, 2567 complete and 0 interrupted iterations
default   [  31% ] 100/100 VUs  03m07.0s/10m00.0s

running (03m08.0s), 100/100 VUs, 2583 complete and 0 interrupted iterations
default   [  31% ] 100/100 VUs  03m08.0s/10m00.0s

running (03m09.0s), 100/100 VUs, 2604 complete and 0 interrupted iterations
default   [  31% ] 100/100 VUs  03m09.0s/10m00.0s

running (03m10.0s), 100/100 VUs, 2627 complete and 0 interrupted iterations
default   [  32% ] 100/100 VUs  03m10.0s/10m00.0s

running (03m11.0s), 100/100 VUs, 2652 complete and 0 interrupted iterations
default   [  32% ] 100/100 VUs  03m11.0s/10m00.0s

running (03m12.0s), 100/100 VUs, 2672 complete and 0 interrupted iterations
default   [  32% ] 100/100 VUs  03m12.0s/10m00.0s

running (03m13.0s), 100/100 VUs, 2689 complete and 0 interrupted iterations
default   [  32% ] 100/100 VUs  03m13.0s/10m00.0s

running (03m14.0s), 100/100 VUs, 2708 complete and 0 interrupted iterations
default   [  32% ] 100/100 VUs  03m14.0s/10m00.0s

running (03m15.0s), 100/100 VUs, 2731 complete and 0 interrupted iterations
default   [  32% ] 100/100 VUs  03m15.0s/10m00.0s

running (03m16.0s), 100/100 VUs, 2756 complete and 0 interrupted iterations
default   [  33% ] 100/100 VUs  03m16.0s/10m00.0s

running (03m17.0s), 100/100 VUs, 2774 complete and 0 interrupted iterations
default   [  33% ] 100/100 VUs  03m17.0s/10m00.0s

running (03m18.0s), 100/100 VUs, 2793 complete and 0 interrupted iterations
default   [  33% ] 100/100 VUs  03m18.0s/10m00.0s

running (03m19.0s), 100/100 VUs, 2816 complete and 0 interrupted iterations
default   [  33% ] 100/100 VUs  03m19.0s/10m00.0s

running (03m20.0s), 100/100 VUs, 2835 complete and 0 interrupted iterations
default   [  33% ] 100/100 VUs  03m20.0s/10m00.0s

running (03m21.0s), 100/100 VUs, 2860 complete and 0 interrupted iterations
default   [  33% ] 100/100 VUs  03m21.0s/10m00.0s

running (03m22.0s), 100/100 VUs, 2879 complete and 0 interrupted iterations
default   [  34% ] 100/100 VUs  03m22.0s/10m00.0s

running (03m23.0s), 100/100 VUs, 2894 complete and 0 interrupted iterations
default   [  34% ] 100/100 VUs  03m23.0s/10m00.0s

running (03m24.0s), 100/100 VUs, 2915 complete and 0 interrupted iterations
default   [  34% ] 100/100 VUs  03m24.0s/10m00.0s

running (03m25.0s), 100/100 VUs, 2941 complete and 0 interrupted iterations
default   [  34% ] 100/100 VUs  03m25.0s/10m00.0s

running (03m26.0s), 100/100 VUs, 2959 complete and 0 interrupted iterations
default   [  34% ] 100/100 VUs  03m26.0s/10m00.0s

running (03m27.0s), 100/100 VUs, 2981 complete and 0 interrupted iterations
default   [  34% ] 100/100 VUs  03m27.0s/10m00.0s

running (03m28.0s), 100/100 VUs, 2998 complete and 0 interrupted iterations
default   [  35% ] 100/100 VUs  03m28.0s/10m00.0s

running (03m29.0s), 100/100 VUs, 3022 complete and 0 interrupted iterations
default   [  35% ] 100/100 VUs  03m29.0s/10m00.0s

running (03m30.0s), 100/100 VUs, 3044 complete and 0 interrupted iterations
default   [  35% ] 100/100 VUs  03m30.0s/10m00.0s

running (03m31.0s), 100/100 VUs, 3059 complete and 0 interrupted iterations
default   [  35% ] 100/100 VUs  03m31.0s/10m00.0s

running (03m32.0s), 100/100 VUs, 3084 complete and 0 interrupted iterations
default   [  35% ] 100/100 VUs  03m32.0s/10m00.0s

running (03m33.0s), 100/100 VUs, 3103 complete and 0 interrupted iterations
default   [  35% ] 100/100 VUs  03m33.0s/10m00.0s

running (03m34.0s), 100/100 VUs, 3121 complete and 0 interrupted iterations
default   [  36% ] 100/100 VUs  03m34.0s/10m00.0s

running (03m35.0s), 100/100 VUs, 3146 complete and 0 interrupted iterations
default   [  36% ] 100/100 VUs  03m35.0s/10m00.0s

running (03m36.0s), 100/100 VUs, 3164 complete and 0 interrupted iterations
default   [  36% ] 100/100 VUs  03m36.0s/10m00.0s

running (03m37.0s), 100/100 VUs, 3187 complete and 0 interrupted iterations
default   [  36% ] 100/100 VUs  03m37.0s/10m00.0s

running (03m38.0s), 100/100 VUs, 3206 complete and 0 interrupted iterations
default   [  36% ] 100/100 VUs  03m38.0s/10m00.0s

running (03m39.0s), 100/100 VUs, 3231 complete and 0 interrupted iterations
default   [  36% ] 100/100 VUs  03m39.0s/10m00.0s

running (03m40.0s), 100/100 VUs, 3255 complete and 0 interrupted iterations
default   [  37% ] 100/100 VUs  03m40.0s/10m00.0s

running (03m41.0s), 100/100 VUs, 3270 complete and 0 interrupted iterations
default   [  37% ] 100/100 VUs  03m41.0s/10m00.0s

running (03m42.0s), 100/100 VUs, 3286 complete and 0 interrupted iterations
default   [  37% ] 100/100 VUs  03m42.0s/10m00.0s

running (03m43.0s), 100/100 VUs, 3308 complete and 0 interrupted iterations
default   [  37% ] 100/100 VUs  03m43.0s/10m00.0s

running (03m44.0s), 100/100 VUs, 3329 complete and 0 interrupted iterations
default   [  37% ] 100/100 VUs  03m44.0s/10m00.0s

running (03m45.0s), 100/100 VUs, 3353 complete and 0 interrupted iterations
default   [  37% ] 100/100 VUs  03m45.0s/10m00.0s

running (03m46.0s), 100/100 VUs, 3371 complete and 0 interrupted iterations
default   [  38% ] 100/100 VUs  03m46.0s/10m00.0s

running (03m47.0s), 100/100 VUs, 3387 complete and 0 interrupted iterations
default   [  38% ] 100/100 VUs  03m47.0s/10m00.0s

running (03m48.0s), 100/100 VUs, 3411 complete and 0 interrupted iterations
default   [  38% ] 100/100 VUs  03m48.0s/10m00.0s

running (03m49.0s), 100/100 VUs, 3435 complete and 0 interrupted iterations
default   [  38% ] 100/100 VUs  03m49.0s/10m00.0s

running (03m50.0s), 100/100 VUs, 3458 complete and 0 interrupted iterations
default   [  38% ] 100/100 VUs  03m50.0s/10m00.0s

running (03m51.0s), 100/100 VUs, 3470 complete and 0 interrupted iterations
default   [  38% ] 100/100 VUs  03m51.0s/10m00.0s

running (03m52.0s), 100/100 VUs, 3490 complete and 0 interrupted iterations
default   [  39% ] 100/100 VUs  03m52.0s/10m00.0s

running (03m53.0s), 100/100 VUs, 3517 complete and 0 interrupted iterations
default   [  39% ] 100/100 VUs  03m53.0s/10m00.0s

running (03m54.0s), 100/100 VUs, 3538 complete and 0 interrupted iterations
default   [  39% ] 100/100 VUs  03m54.0s/10m00.0s

running (03m55.0s), 100/100 VUs, 3556 complete and 0 interrupted iterations
default   [  39% ] 100/100 VUs  03m55.0s/10m00.0s

running (03m56.0s), 100/100 VUs, 3578 complete and 0 interrupted iterations
default   [  39% ] 100/100 VUs  03m56.0s/10m00.0s

running (03m57.0s), 100/100 VUs, 3598 complete and 0 interrupted iterations
default   [  39% ] 100/100 VUs  03m57.0s/10m00.0s

running (03m58.0s), 100/100 VUs, 3622 complete and 0 interrupted iterations
default   [  40% ] 100/100 VUs  03m58.0s/10m00.0s

running (03m59.0s), 100/100 VUs, 3639 complete and 0 interrupted iterations
default   [  40% ] 100/100 VUs  03m59.0s/10m00.0s

running (04m00.0s), 100/100 VUs, 3658 complete and 0 interrupted iterations
default   [  40% ] 100/100 VUs  04m00.0s/10m00.0s

running (04m01.0s), 100/100 VUs, 3681 complete and 0 interrupted iterations
default   [  40% ] 100/100 VUs  04m01.0s/10m00.0s

running (04m02.0s), 100/100 VUs, 3701 complete and 0 interrupted iterations
default   [  40% ] 100/100 VUs  04m02.0s/10m00.0s

running (04m03.0s), 100/100 VUs, 3722 complete and 0 interrupted iterations
default   [  40% ] 100/100 VUs  04m03.0s/10m00.0s

running (04m04.0s), 100/100 VUs, 3740 complete and 0 interrupted iterations
default   [  41% ] 100/100 VUs  04m04.0s/10m00.0s

running (04m05.0s), 100/100 VUs, 3758 complete and 0 interrupted iterations
default   [  41% ] 100/100 VUs  04m05.0s/10m00.0s

running (04m06.0s), 100/100 VUs, 3784 complete and 0 interrupted iterations
default   [  41% ] 100/100 VUs  04m06.0s/10m00.0s

running (04m07.0s), 100/100 VUs, 3801 complete and 0 interrupted iterations
default   [  41% ] 100/100 VUs  04m07.0s/10m00.0s

running (04m08.0s), 100/100 VUs, 3819 complete and 0 interrupted iterations
default   [  41% ] 100/100 VUs  04m08.0s/10m00.0s

running (04m09.0s), 100/100 VUs, 3843 complete and 0 interrupted iterations
default   [  41% ] 100/100 VUs  04m09.0s/10m00.0s

running (04m10.0s), 100/100 VUs, 3863 complete and 0 interrupted iterations
default   [  42% ] 100/100 VUs  04m10.0s/10m00.0s

running (04m11.0s), 100/100 VUs, 3885 complete and 0 interrupted iterations
default   [  42% ] 100/100 VUs  04m11.0s/10m00.0s

running (04m12.0s), 100/100 VUs, 3905 complete and 0 interrupted iterations
default   [  42% ] 100/100 VUs  04m12.0s/10m00.0s

running (04m13.0s), 100/100 VUs, 3927 complete and 0 interrupted iterations
default   [  42% ] 100/100 VUs  04m13.0s/10m00.0s

running (04m14.0s), 100/100 VUs, 3947 complete and 0 interrupted iterations
default   [  42% ] 100/100 VUs  04m14.0s/10m00.0s

running (04m15.0s), 100/100 VUs, 3964 complete and 0 interrupted iterations
default   [  42% ] 100/100 VUs  04m15.0s/10m00.0s

running (04m16.0s), 100/100 VUs, 3991 complete and 0 interrupted iterations
default   [  43% ] 100/100 VUs  04m16.0s/10m00.0s

running (04m17.0s), 100/100 VUs, 4010 complete and 0 interrupted iterations
default   [  43% ] 100/100 VUs  04m17.0s/10m00.0s

running (04m18.0s), 100/100 VUs, 4029 complete and 0 interrupted iterations
default   [  43% ] 100/100 VUs  04m18.0s/10m00.0s

running (04m19.0s), 100/100 VUs, 4049 complete and 0 interrupted iterations
default   [  43% ] 100/100 VUs  04m19.0s/10m00.0s

running (04m20.0s), 100/100 VUs, 4069 complete and 0 interrupted iterations
default   [  43% ] 100/100 VUs  04m20.0s/10m00.0s

running (04m21.0s), 100/100 VUs, 4092 complete and 0 interrupted iterations
default   [  43% ] 100/100 VUs  04m21.0s/10m00.0s

running (04m22.0s), 100/100 VUs, 4114 complete and 0 interrupted iterations
default   [  44% ] 100/100 VUs  04m22.0s/10m00.0s

running (04m23.0s), 100/100 VUs, 4135 complete and 0 interrupted iterations
default   [  44% ] 100/100 VUs  04m23.0s/10m00.0s

running (04m24.0s), 100/100 VUs, 4150 complete and 0 interrupted iterations
default   [  44% ] 100/100 VUs  04m24.0s/10m00.0s

running (04m25.0s), 100/100 VUs, 4175 complete and 0 interrupted iterations
default   [  44% ] 100/100 VUs  04m25.0s/10m00.0s

running (04m26.0s), 100/100 VUs, 4197 complete and 0 interrupted iterations
default   [  44% ] 100/100 VUs  04m26.0s/10m00.0s

running (04m27.0s), 100/100 VUs, 4219 complete and 0 interrupted iterations
default   [  44% ] 100/100 VUs  04m27.0s/10m00.0s

running (04m28.0s), 100/100 VUs, 4237 complete and 0 interrupted iterations
default   [  45% ] 100/100 VUs  04m28.0s/10m00.0s

running (04m29.0s), 100/100 VUs, 4255 complete and 0 interrupted iterations
default   [  45% ] 100/100 VUs  04m29.0s/10m00.0s

running (04m30.0s), 100/100 VUs, 4271 complete and 0 interrupted iterations
default   [  45% ] 100/100 VUs  04m30.0s/10m00.0s

running (04m31.0s), 100/100 VUs, 4302 complete and 0 interrupted iterations
default   [  45% ] 100/100 VUs  04m31.0s/10m00.0s

running (04m32.0s), 100/100 VUs, 4322 complete and 0 interrupted iterations
default   [  45% ] 100/100 VUs  04m32.0s/10m00.0s

running (04m33.0s), 100/100 VUs, 4338 complete and 0 interrupted iterations
default   [  45% ] 100/100 VUs  04m33.0s/10m00.0s

running (04m34.0s), 100/100 VUs, 4356 complete and 0 interrupted iterations
default   [  46% ] 100/100 VUs  04m34.0s/10m00.0s

running (04m35.0s), 100/100 VUs, 4378 complete and 0 interrupted iterations
default   [  46% ] 100/100 VUs  04m35.0s/10m00.0s

running (04m36.0s), 100/100 VUs, 4408 complete and 0 interrupted iterations
default   [  46% ] 100/100 VUs  04m36.0s/10m00.0s

running (04m37.0s), 100/100 VUs, 4426 complete and 0 interrupted iterations
default   [  46% ] 100/100 VUs  04m37.0s/10m00.0s

running (04m38.0s), 100/100 VUs, 4438 complete and 0 interrupted iterations
default   [  46% ] 100/100 VUs  04m38.0s/10m00.0s

running (04m39.0s), 100/100 VUs, 4458 complete and 0 interrupted iterations
default   [  46% ] 100/100 VUs  04m39.0s/10m00.0s

running (04m40.0s), 100/100 VUs, 4483 complete and 0 interrupted iterations
default   [  47% ] 100/100 VUs  04m40.0s/10m00.0s

running (04m41.0s), 100/100 VUs, 4513 complete and 0 interrupted iterations
default   [  47% ] 100/100 VUs  04m41.0s/10m00.0s

running (04m42.0s), 100/100 VUs, 4526 complete and 0 interrupted iterations
default   [  47% ] 100/100 VUs  04m42.0s/10m00.0s

running (04m43.0s), 100/100 VUs, 4544 complete and 0 interrupted iterations
default   [  47% ] 100/100 VUs  04m43.0s/10m00.0s

running (04m44.0s), 100/100 VUs, 4562 complete and 0 interrupted iterations
default   [  47% ] 100/100 VUs  04m44.0s/10m00.0s

running (04m45.0s), 100/100 VUs, 4584 complete and 0 interrupted iterations
default   [  47% ] 100/100 VUs  04m45.0s/10m00.0s

running (04m46.0s), 100/100 VUs, 4617 complete and 0 interrupted iterations
default   [  48% ] 100/100 VUs  04m46.0s/10m00.0s

running (04m47.0s), 100/100 VUs, 4628 complete and 0 interrupted iterations
default   [  48% ] 100/100 VUs  04m47.0s/10m00.0s

running (04m48.0s), 100/100 VUs, 4647 complete and 0 interrupted iterations
default   [  48% ] 100/100 VUs  04m48.0s/10m00.0s

running (04m49.0s), 100/100 VUs, 4666 complete and 0 interrupted iterations
default   [  48% ] 100/100 VUs  04m49.0s/10m00.0s

running (04m50.0s), 100/100 VUs, 4686 complete and 0 interrupted iterations
default   [  48% ] 100/100 VUs  04m50.0s/10m00.0s

running (04m51.0s), 100/100 VUs, 4715 complete and 0 interrupted iterations
default   [  48% ] 100/100 VUs  04m51.0s/10m00.0s

running (04m52.0s), 100/100 VUs, 4736 complete and 0 interrupted iterations
default   [  49% ] 100/100 VUs  04m52.0s/10m00.0s

running (04m53.0s), 100/100 VUs, 4747 complete and 0 interrupted iterations
default   [  49% ] 100/100 VUs  04m53.0s/10m00.0s

running (04m54.0s), 100/100 VUs, 4771 complete and 0 interrupted iterations
default   [  49% ] 100/100 VUs  04m54.0s/10m00.0s

running (04m55.0s), 100/100 VUs, 4791 complete and 0 interrupted iterations
default   [  49% ] 100/100 VUs  04m55.0s/10m00.0s

running (04m56.0s), 100/100 VUs, 4817 complete and 0 interrupted iterations
default   [  49% ] 100/100 VUs  04m56.0s/10m00.0s

running (04m57.0s), 100/100 VUs, 4839 complete and 0 interrupted iterations
default   [  49% ] 100/100 VUs  04m57.0s/10m00.0s

running (04m58.0s), 100/100 VUs, 4853 complete and 0 interrupted iterations
default   [  50% ] 100/100 VUs  04m58.0s/10m00.0s

running (04m59.0s), 100/100 VUs, 4874 complete and 0 interrupted iterations
default   [  50% ] 100/100 VUs  04m59.0s/10m00.0s

running (05m00.0s), 100/100 VUs, 4894 complete and 0 interrupted iterations
default   [  50% ] 100/100 VUs  05m00.0s/10m00.0s

running (05m01.0s), 100/100 VUs, 4920 complete and 0 interrupted iterations
default   [  50% ] 100/100 VUs  05m01.0s/10m00.0s

running (05m02.0s), 100/100 VUs, 4936 complete and 0 interrupted iterations
default   [  50% ] 100/100 VUs  05m02.0s/10m00.0s

running (05m03.0s), 100/100 VUs, 4964 complete and 0 interrupted iterations
default   [  50% ] 100/100 VUs  05m03.0s/10m00.0s

running (05m04.0s), 100/100 VUs, 4981 complete and 0 interrupted iterations
default   [  51% ] 100/100 VUs  05m04.0s/10m00.0s

running (05m05.0s), 100/100 VUs, 4999 complete and 0 interrupted iterations
default   [  51% ] 100/100 VUs  05m05.0s/10m00.0s

running (05m06.0s), 100/100 VUs, 5018 complete and 0 interrupted iterations
default   [  51% ] 100/100 VUs  05m06.0s/10m00.0s

running (05m07.0s), 100/100 VUs, 5042 complete and 0 interrupted iterations
default   [  51% ] 100/100 VUs  05m07.0s/10m00.0s

running (05m08.0s), 100/100 VUs, 5067 complete and 0 interrupted iterations
default   [  51% ] 100/100 VUs  05m08.0s/10m00.0s

running (05m09.0s), 100/100 VUs, 5081 complete and 0 interrupted iterations
default   [  51% ] 100/100 VUs  05m09.0s/10m00.0s

running (05m10.0s), 100/100 VUs, 5104 complete and 0 interrupted iterations
default   [  52% ] 100/100 VUs  05m10.0s/10m00.0s

running (05m11.0s), 100/100 VUs, 5118 complete and 0 interrupted iterations
default   [  52% ] 100/100 VUs  05m11.0s/10m00.0s

running (05m12.0s), 100/100 VUs, 5146 complete and 0 interrupted iterations
default   [  52% ] 100/100 VUs  05m12.0s/10m00.0s

running (05m13.0s), 100/100 VUs, 5169 complete and 0 interrupted iterations
default   [  52% ] 100/100 VUs  05m13.0s/10m00.0s

running (05m14.0s), 100/100 VUs, 5190 complete and 0 interrupted iterations
default   [  52% ] 100/100 VUs  05m14.0s/10m00.0s

running (05m15.0s), 100/100 VUs, 5202 complete and 0 interrupted iterations
default   [  52% ] 100/100 VUs  05m15.0s/10m00.0s

running (05m16.0s), 100/100 VUs, 5221 complete and 0 interrupted iterations
default   [  53% ] 100/100 VUs  05m16.0s/10m00.0s

running (05m17.0s), 100/100 VUs, 5250 complete and 0 interrupted iterations
default   [  53% ] 100/100 VUs  05m17.0s/10m00.0s

running (05m18.0s), 100/100 VUs, 5270 complete and 0 interrupted iterations
default   [  53% ] 100/100 VUs  05m18.0s/10m00.0s

running (05m19.0s), 100/100 VUs, 5294 complete and 0 interrupted iterations
default   [  53% ] 100/100 VUs  05m19.0s/10m00.0s

running (05m20.0s), 100/100 VUs, 5308 complete and 0 interrupted iterations
default   [  53% ] 100/100 VUs  05m20.0s/10m00.0s

running (05m21.0s), 100/100 VUs, 5324 complete and 0 interrupted iterations
default   [  53% ] 100/100 VUs  05m21.0s/10m00.0s

running (05m22.0s), 100/100 VUs, 5357 complete and 0 interrupted iterations
default   [  54% ] 100/100 VUs  05m22.0s/10m00.0s

running (05m23.0s), 100/100 VUs, 5381 complete and 0 interrupted iterations
default   [  54% ] 100/100 VUs  05m23.0s/10m00.0s

running (05m24.0s), 100/100 VUs, 5397 complete and 0 interrupted iterations
default   [  54% ] 100/100 VUs  05m24.0s/10m00.0s

running (05m25.0s), 100/100 VUs, 5411 complete and 0 interrupted iterations
default   [  54% ] 100/100 VUs  05m25.0s/10m00.0s

running (05m26.0s), 100/100 VUs, 5431 complete and 0 interrupted iterations
default   [  54% ] 100/100 VUs  05m26.0s/10m00.0s

running (05m27.0s), 100/100 VUs, 5457 complete and 0 interrupted iterations
default   [  54% ] 100/100 VUs  05m27.0s/10m00.0s

running (05m28.0s), 100/100 VUs, 5480 complete and 0 interrupted iterations
default   [  55% ] 100/100 VUs  05m28.0s/10m00.0s

running (05m29.0s), 100/100 VUs, 5503 complete and 0 interrupted iterations
default   [  55% ] 100/100 VUs  05m29.0s/10m00.0s

running (05m30.0s), 100/100 VUs, 5514 complete and 0 interrupted iterations
default   [  55% ] 100/100 VUs  05m30.0s/10m00.0s

running (05m31.0s), 100/100 VUs, 5531 complete and 0 interrupted iterations
default   [  55% ] 100/100 VUs  05m31.0s/10m00.0s

running (05m32.0s), 100/100 VUs, 5555 complete and 0 interrupted iterations
default   [  55% ] 100/100 VUs  05m32.0s/10m00.0s

running (05m33.0s), 100/100 VUs, 5582 complete and 0 interrupted iterations
default   [  55% ] 100/100 VUs  05m33.0s/10m00.0s

running (05m34.0s), 100/100 VUs, 5604 complete and 0 interrupted iterations
default   [  56% ] 100/100 VUs  05m34.0s/10m00.0s

running (05m35.0s), 100/100 VUs, 5617 complete and 0 interrupted iterations
default   [  56% ] 100/100 VUs  05m35.0s/10m00.0s

running (05m36.0s), 100/100 VUs, 5633 complete and 0 interrupted iterations
default   [  56% ] 100/100 VUs  05m36.0s/10m00.0s

running (05m37.0s), 100/100 VUs, 5661 complete and 0 interrupted iterations
default   [  56% ] 100/100 VUs  05m37.0s/10m00.0s

running (05m38.0s), 100/100 VUs, 5681 complete and 0 interrupted iterations
default   [  56% ] 100/100 VUs  05m38.0s/10m00.0s

running (05m39.0s), 100/100 VUs, 5706 complete and 0 interrupted iterations
default   [  56% ] 100/100 VUs  05m39.0s/10m00.0s

running (05m40.0s), 100/100 VUs, 5721 complete and 0 interrupted iterations
default   [  57% ] 100/100 VUs  05m40.0s/10m00.0s

running (05m41.0s), 100/100 VUs, 5739 complete and 0 interrupted iterations
default   [  57% ] 100/100 VUs  05m41.0s/10m00.0s

running (05m42.0s), 100/100 VUs, 5760 complete and 0 interrupted iterations
default   [  57% ] 100/100 VUs  05m42.0s/10m00.0s

running (05m43.0s), 100/100 VUs, 5787 complete and 0 interrupted iterations
default   [  57% ] 100/100 VUs  05m43.0s/10m00.0s

running (05m44.0s), 100/100 VUs, 5806 complete and 0 interrupted iterations
default   [  57% ] 100/100 VUs  05m44.0s/10m00.0s

running (05m45.0s), 100/100 VUs, 5823 complete and 0 interrupted iterations
default   [  57% ] 100/100 VUs  05m45.0s/10m00.0s

running (05m46.0s), 100/100 VUs, 5842 complete and 0 interrupted iterations
default   [  58% ] 100/100 VUs  05m46.0s/10m00.0s

running (05m47.0s), 100/100 VUs, 5860 complete and 0 interrupted iterations
default   [  58% ] 100/100 VUs  05m47.0s/10m00.0s

running (05m48.0s), 100/100 VUs, 5884 complete and 0 interrupted iterations
default   [  58% ] 100/100 VUs  05m48.0s/10m00.0s

running (05m49.0s), 100/100 VUs, 5906 complete and 0 interrupted iterations
default   [  58% ] 100/100 VUs  05m49.0s/10m00.0s

running (05m50.0s), 100/100 VUs, 5925 complete and 0 interrupted iterations
default   [  58% ] 100/100 VUs  05m50.0s/10m00.0s

running (05m51.0s), 100/100 VUs, 5945 complete and 0 interrupted iterations
default   [  58% ] 100/100 VUs  05m51.0s/10m00.0s

running (05m52.0s), 100/100 VUs, 5967 complete and 0 interrupted iterations
default   [  59% ] 100/100 VUs  05m52.0s/10m00.0s

running (05m53.0s), 100/100 VUs, 5983 complete and 0 interrupted iterations
default   [  59% ] 100/100 VUs  05m53.0s/10m00.0s

running (05m54.0s), 100/100 VUs, 6007 complete and 0 interrupted iterations
default   [  59% ] 100/100 VUs  05m54.0s/10m00.0s

running (05m55.0s), 100/100 VUs, 6025 complete and 0 interrupted iterations
default   [  59% ] 100/100 VUs  05m55.0s/10m00.0s

running (05m56.0s), 100/100 VUs, 6046 complete and 0 interrupted iterations
default   [  59% ] 100/100 VUs  05m56.0s/10m00.0s

running (05m57.0s), 100/100 VUs, 6071 complete and 0 interrupted iterations
default   [  59% ] 100/100 VUs  05m57.0s/10m00.0s

running (05m58.0s), 100/100 VUs, 6087 complete and 0 interrupted iterations
default   [  60% ] 100/100 VUs  05m58.0s/10m00.0s

running (05m59.0s), 100/100 VUs, 6111 complete and 0 interrupted iterations
default   [  60% ] 100/100 VUs  05m59.0s/10m00.0s

running (06m00.0s), 100/100 VUs, 6132 complete and 0 interrupted iterations
default   [  60% ] 100/100 VUs  06m00.0s/10m00.0s

running (06m01.0s), 100/100 VUs, 6149 complete and 0 interrupted iterations
default   [  60% ] 100/100 VUs  06m01.0s/10m00.0s

running (06m02.0s), 100/100 VUs, 6171 complete and 0 interrupted iterations
default   [  60% ] 100/100 VUs  06m02.0s/10m00.0s

running (06m03.0s), 100/100 VUs, 6196 complete and 0 interrupted iterations
default   [  60% ] 100/100 VUs  06m03.0s/10m00.0s

running (06m04.0s), 100/100 VUs, 6213 complete and 0 interrupted iterations
default   [  61% ] 100/100 VUs  06m04.0s/10m00.0s

running (06m05.0s), 100/100 VUs, 6235 complete and 0 interrupted iterations
default   [  61% ] 100/100 VUs  06m05.0s/10m00.0s

running (06m06.0s), 100/100 VUs, 6254 complete and 0 interrupted iterations
default   [  61% ] 100/100 VUs  06m06.0s/10m00.0s

running (06m07.0s), 100/100 VUs, 6274 complete and 0 interrupted iterations
default   [  61% ] 100/100 VUs  06m07.0s/10m00.0s

running (06m08.0s), 100/100 VUs, 6298 complete and 0 interrupted iterations
default   [  61% ] 100/100 VUs  06m08.0s/10m00.0s

running (06m09.0s), 100/100 VUs, 6321 complete and 0 interrupted iterations
default   [  61% ] 100/100 VUs  06m09.0s/10m00.0s

running (06m10.0s), 100/100 VUs, 6338 complete and 0 interrupted iterations
default   [  62% ] 100/100 VUs  06m10.0s/10m00.0s

running (06m11.0s), 100/100 VUs, 6356 complete and 0 interrupted iterations
default   [  62% ] 100/100 VUs  06m11.0s/10m00.0s

running (06m12.0s), 100/100 VUs, 6375 complete and 0 interrupted iterations
default   [  62% ] 100/100 VUs  06m12.0s/10m00.0s

running (06m13.0s), 100/100 VUs, 6401 complete and 0 interrupted iterations
default   [  62% ] 100/100 VUs  06m13.0s/10m00.0s

running (06m14.0s), 100/100 VUs, 6416 complete and 0 interrupted iterations
default   [  62% ] 100/100 VUs  06m14.0s/10m00.0s

running (06m15.0s), 100/100 VUs, 6443 complete and 0 interrupted iterations
default   [  62% ] 100/100 VUs  06m15.0s/10m00.0s

running (06m16.0s), 100/100 VUs, 6460 complete and 0 interrupted iterations
default   [  63% ] 100/100 VUs  06m16.0s/10m00.0s

running (06m17.0s), 100/100 VUs, 6480 complete and 0 interrupted iterations
default   [  63% ] 100/100 VUs  06m17.0s/10m00.0s

running (06m18.0s), 100/100 VUs, 6504 complete and 0 interrupted iterations
default   [  63% ] 100/100 VUs  06m18.0s/10m00.0s

running (06m19.0s), 100/100 VUs, 6527 complete and 0 interrupted iterations
default   [  63% ] 100/100 VUs  06m19.0s/10m00.0s

running (06m20.0s), 100/100 VUs, 6548 complete and 0 interrupted iterations
default   [  63% ] 100/100 VUs  06m20.0s/10m00.0s

running (06m21.0s), 100/100 VUs, 6562 complete and 0 interrupted iterations
default   [  63% ] 100/100 VUs  06m21.0s/10m00.0s

running (06m22.0s), 100/100 VUs, 6582 complete and 0 interrupted iterations
default   [  64% ] 100/100 VUs  06m22.0s/10m00.0s

running (06m23.0s), 100/100 VUs, 6606 complete and 0 interrupted iterations
default   [  64% ] 100/100 VUs  06m23.0s/10m00.0s

running (06m24.0s), 100/100 VUs, 6626 complete and 0 interrupted iterations
default   [  64% ] 100/100 VUs  06m24.0s/10m00.0s

running (06m25.0s), 100/100 VUs, 6649 complete and 0 interrupted iterations
default   [  64% ] 100/100 VUs  06m25.0s/10m00.0s

running (06m26.0s), 100/100 VUs, 6667 complete and 0 interrupted iterations
default   [  64% ] 100/100 VUs  06m26.0s/10m00.0s

running (06m27.0s), 100/100 VUs, 6687 complete and 0 interrupted iterations
default   [  64% ] 100/100 VUs  06m27.0s/10m00.0s

running (06m28.0s), 100/100 VUs, 6710 complete and 0 interrupted iterations
default   [  65% ] 100/100 VUs  06m28.0s/10m00.0s

running (06m29.0s), 100/100 VUs, 6730 complete and 0 interrupted iterations
default   [  65% ] 100/100 VUs  06m29.0s/10m00.0s

running (06m30.0s), 100/100 VUs, 6751 complete and 0 interrupted iterations
default   [  65% ] 100/100 VUs  06m30.0s/10m00.0s

running (06m31.0s), 100/100 VUs, 6771 complete and 0 interrupted iterations
default   [  65% ] 100/100 VUs  06m31.0s/10m00.0s

running (06m32.0s), 100/100 VUs, 6792 complete and 0 interrupted iterations
default   [  65% ] 100/100 VUs  06m32.0s/10m00.0s

running (06m33.0s), 100/100 VUs, 6812 complete and 0 interrupted iterations
default   [  65% ] 100/100 VUs  06m33.0s/10m00.0s

running (06m34.0s), 100/100 VUs, 6834 complete and 0 interrupted iterations
default   [  66% ] 100/100 VUs  06m34.0s/10m00.0s

running (06m35.0s), 100/100 VUs, 6855 complete and 0 interrupted iterations
default   [  66% ] 100/100 VUs  06m35.0s/10m00.0s

running (06m36.0s), 100/100 VUs, 6875 complete and 0 interrupted iterations
default   [  66% ] 100/100 VUs  06m36.0s/10m00.0s

running (06m37.0s), 100/100 VUs, 6897 complete and 0 interrupted iterations
default   [  66% ] 100/100 VUs  06m37.0s/10m00.0s

running (06m38.0s), 100/100 VUs, 6921 complete and 0 interrupted iterations
default   [  66% ] 100/100 VUs  06m38.0s/10m00.0s

running (06m39.0s), 100/100 VUs, 6933 complete and 0 interrupted iterations
default   [  66% ] 100/100 VUs  06m39.0s/10m00.0s

running (06m40.0s), 100/100 VUs, 6957 complete and 0 interrupted iterations
default   [  67% ] 100/100 VUs  06m40.0s/10m00.0s

running (06m41.0s), 100/100 VUs, 6983 complete and 0 interrupted iterations
default   [  67% ] 100/100 VUs  06m41.0s/10m00.0s

running (06m42.0s), 100/100 VUs, 7000 complete and 0 interrupted iterations
default   [  67% ] 100/100 VUs  06m42.0s/10m00.0s

running (06m43.0s), 100/100 VUs, 7025 complete and 0 interrupted iterations
default   [  67% ] 100/100 VUs  06m43.0s/10m00.0s

running (06m44.0s), 100/100 VUs, 7039 complete and 0 interrupted iterations
default   [  67% ] 100/100 VUs  06m44.0s/10m00.0s

running (06m45.0s), 100/100 VUs, 7056 complete and 0 interrupted iterations
default   [  67% ] 100/100 VUs  06m45.0s/10m00.0s

running (06m46.0s), 100/100 VUs, 7090 complete and 0 interrupted iterations
default   [  68% ] 100/100 VUs  06m46.0s/10m00.0s

running (06m47.0s), 100/100 VUs, 7104 complete and 0 interrupted iterations
default   [  68% ] 100/100 VUs  06m47.0s/10m00.0s

running (06m48.0s), 100/100 VUs, 7125 complete and 0 interrupted iterations
default   [  68% ] 100/100 VUs  06m48.0s/10m00.0s

running (06m49.0s), 100/100 VUs, 7144 complete and 0 interrupted iterations
default   [  68% ] 100/100 VUs  06m49.0s/10m00.0s

running (06m50.0s), 100/100 VUs, 7165 complete and 0 interrupted iterations
default   [  68% ] 100/100 VUs  06m50.0s/10m00.0s

running (06m51.0s), 100/100 VUs, 7189 complete and 0 interrupted iterations
default   [  68% ] 100/100 VUs  06m51.0s/10m00.0s

running (06m52.0s), 100/100 VUs, 7208 complete and 0 interrupted iterations
default   [  69% ] 100/100 VUs  06m52.0s/10m00.0s

running (06m53.0s), 100/100 VUs, 7227 complete and 0 interrupted iterations
default   [  69% ] 100/100 VUs  06m53.0s/10m00.0s

running (06m54.0s), 100/100 VUs, 7245 complete and 0 interrupted iterations
default   [  69% ] 100/100 VUs  06m54.0s/10m00.0s

running (06m55.0s), 100/100 VUs, 7268 complete and 0 interrupted iterations
default   [  69% ] 100/100 VUs  06m55.0s/10m00.0s

running (06m56.0s), 100/100 VUs, 7291 complete and 0 interrupted iterations
default   [  69% ] 100/100 VUs  06m56.0s/10m00.0s

running (06m57.0s), 100/100 VUs, 7312 complete and 0 interrupted iterations
default   [  69% ] 100/100 VUs  06m57.0s/10m00.0s

running (06m58.0s), 100/100 VUs, 7333 complete and 0 interrupted iterations
default   [  70% ] 100/100 VUs  06m58.0s/10m00.0s

running (06m59.0s), 100/100 VUs, 7349 complete and 0 interrupted iterations
default   [  70% ] 100/100 VUs  06m59.0s/10m00.0s

running (07m00.0s), 100/100 VUs, 7372 complete and 0 interrupted iterations
default   [  70% ] 100/100 VUs  07m00.0s/10m00.0s

running (07m01.0s), 100/100 VUs, 7395 complete and 0 interrupted iterations
default   [  70% ] 100/100 VUs  07m01.0s/10m00.0s

running (07m02.0s), 100/100 VUs, 7415 complete and 0 interrupted iterations
default   [  70% ] 100/100 VUs  07m02.0s/10m00.0s

running (07m03.0s), 100/100 VUs, 7436 complete and 0 interrupted iterations
default   [  70% ] 100/100 VUs  07m03.0s/10m00.0s

running (07m04.0s), 100/100 VUs, 7452 complete and 0 interrupted iterations
default   [  71% ] 100/100 VUs  07m04.0s/10m00.0s

running (07m05.0s), 100/100 VUs, 7474 complete and 0 interrupted iterations
default   [  71% ] 100/100 VUs  07m05.0s/10m00.0s

running (07m06.0s), 100/100 VUs, 7499 complete and 0 interrupted iterations
default   [  71% ] 100/100 VUs  07m06.0s/10m00.0s

running (07m07.0s), 100/100 VUs, 7523 complete and 0 interrupted iterations
default   [  71% ] 100/100 VUs  07m07.0s/10m00.0s

running (07m08.0s), 100/100 VUs, 7540 complete and 0 interrupted iterations
default   [  71% ] 100/100 VUs  07m08.0s/10m00.0s

running (07m09.0s), 100/100 VUs, 7558 complete and 0 interrupted iterations
default   [  71% ] 100/100 VUs  07m09.0s/10m00.0s

running (07m10.0s), 100/100 VUs, 7580 complete and 0 interrupted iterations
default   [  72% ] 100/100 VUs  07m10.0s/10m00.0s

running (07m11.0s), 100/100 VUs, 7597 complete and 0 interrupted iterations
default   [  72% ] 100/100 VUs  07m11.0s/10m00.0s

running (07m12.0s), 100/100 VUs, 7628 complete and 0 interrupted iterations
default   [  72% ] 100/100 VUs  07m12.0s/10m00.0s

running (07m13.0s), 100/100 VUs, 7643 complete and 0 interrupted iterations
default   [  72% ] 100/100 VUs  07m13.0s/10m00.0s

running (07m14.0s), 100/100 VUs, 7659 complete and 0 interrupted iterations
default   [  72% ] 100/100 VUs  07m14.0s/10m00.0s

running (07m15.0s), 100/100 VUs, 7684 complete and 0 interrupted iterations
default   [  72% ] 100/100 VUs  07m15.0s/10m00.0s

running (07m16.0s), 100/100 VUs, 7702 complete and 0 interrupted iterations
default   [  73% ] 100/100 VUs  07m16.0s/10m00.0s

running (07m17.0s), 100/100 VUs, 7725 complete and 0 interrupted iterations
default   [  73% ] 100/100 VUs  07m17.0s/10m00.0s

running (07m18.0s), 100/100 VUs, 7748 complete and 0 interrupted iterations
default   [  73% ] 100/100 VUs  07m18.0s/10m00.0s

running (07m19.0s), 100/100 VUs, 7763 complete and 0 interrupted iterations
default   [  73% ] 100/100 VUs  07m19.0s/10m00.0s

running (07m20.0s), 100/100 VUs, 7786 complete and 0 interrupted iterations
default   [  73% ] 100/100 VUs  07m20.0s/10m00.0s

running (07m21.0s), 100/100 VUs, 7807 complete and 0 interrupted iterations
default   [  73% ] 100/100 VUs  07m21.0s/10m00.0s

running (07m22.0s), 100/100 VUs, 7828 complete and 0 interrupted iterations
default   [  74% ] 100/100 VUs  07m22.0s/10m00.0s

running (07m23.0s), 100/100 VUs, 7852 complete and 0 interrupted iterations
default   [  74% ] 100/100 VUs  07m23.0s/10m00.0s

running (07m24.0s), 100/100 VUs, 7871 complete and 0 interrupted iterations
default   [  74% ] 100/100 VUs  07m24.0s/10m00.0s

running (07m25.0s), 100/100 VUs, 7887 complete and 0 interrupted iterations
default   [  74% ] 100/100 VUs  07m25.0s/10m00.0s

running (07m26.0s), 100/100 VUs, 7915 complete and 0 interrupted iterations
default   [  74% ] 100/100 VUs  07m26.0s/10m00.0s

running (07m27.0s), 100/100 VUs, 7934 complete and 0 interrupted iterations
default   [  74% ] 100/100 VUs  07m27.0s/10m00.0s

running (07m28.0s), 100/100 VUs, 7951 complete and 0 interrupted iterations
default   [  75% ] 100/100 VUs  07m28.0s/10m00.0s

running (07m29.0s), 100/100 VUs, 7970 complete and 0 interrupted iterations
default   [  75% ] 100/100 VUs  07m29.0s/10m00.0s

running (07m30.0s), 100/100 VUs, 7992 complete and 0 interrupted iterations
default   [  75% ] 100/100 VUs  07m30.0s/10m00.0s

running (07m31.0s), 100/100 VUs, 8015 complete and 0 interrupted iterations
default   [  75% ] 100/100 VUs  07m31.0s/10m00.0s

running (07m32.0s), 100/100 VUs, 8036 complete and 0 interrupted iterations
default   [  75% ] 100/100 VUs  07m32.0s/10m00.0s

running (07m33.0s), 100/100 VUs, 8055 complete and 0 interrupted iterations
default   [  75% ] 100/100 VUs  07m33.0s/10m00.0s

running (07m34.0s), 100/100 VUs, 8072 complete and 0 interrupted iterations
default   [  76% ] 100/100 VUs  07m34.0s/10m00.0s

running (07m35.0s), 100/100 VUs, 8093 complete and 0 interrupted iterations
default   [  76% ] 100/100 VUs  07m35.0s/10m00.0s

running (07m36.0s), 100/100 VUs, 8113 complete and 0 interrupted iterations
default   [  76% ] 100/100 VUs  07m36.0s/10m00.0s

running (07m37.0s), 100/100 VUs, 8138 complete and 0 interrupted iterations
default   [  76% ] 100/100 VUs  07m37.0s/10m00.0s

running (07m38.0s), 100/100 VUs, 8158 complete and 0 interrupted iterations
default   [  76% ] 100/100 VUs  07m38.0s/10m00.0s

running (07m39.0s), 100/100 VUs, 8175 complete and 0 interrupted iterations
default   [  76% ] 100/100 VUs  07m39.0s/10m00.0s

running (07m40.0s), 100/100 VUs, 8198 complete and 0 interrupted iterations
default   [  77% ] 100/100 VUs  07m40.0s/10m00.0s

running (07m41.0s), 100/100 VUs, 8219 complete and 0 interrupted iterations
default   [  77% ] 100/100 VUs  07m41.0s/10m00.0s

running (07m42.0s), 100/100 VUs, 8238 complete and 0 interrupted iterations
default   [  77% ] 100/100 VUs  07m42.0s/10m00.0s

running (07m43.0s), 100/100 VUs, 8253 complete and 0 interrupted iterations
default   [  77% ] 100/100 VUs  07m43.0s/10m00.0s

running (07m44.0s), 100/100 VUs, 8274 complete and 0 interrupted iterations
default   [  77% ] 100/100 VUs  07m44.0s/10m00.0s

running (07m45.0s), 100/100 VUs, 8294 complete and 0 interrupted iterations
default   [  77% ] 100/100 VUs  07m45.0s/10m00.0s

running (07m46.0s), 100/100 VUs, 8323 complete and 0 interrupted iterations
default   [  78% ] 100/100 VUs  07m46.0s/10m00.0s

running (07m47.0s), 100/100 VUs, 8340 complete and 0 interrupted iterations
default   [  78% ] 100/100 VUs  07m47.0s/10m00.0s

running (07m48.0s), 100/100 VUs, 8354 complete and 0 interrupted iterations
default   [  78% ] 100/100 VUs  07m48.0s/10m00.0s

running (07m49.0s), 100/100 VUs, 8380 complete and 0 interrupted iterations
default   [  78% ] 100/100 VUs  07m49.0s/10m00.0s

running (07m50.0s), 100/100 VUs, 8402 complete and 0 interrupted iterations
default   [  78% ] 100/100 VUs  07m50.0s/10m00.0s

running (07m51.0s), 100/100 VUs, 8432 complete and 0 interrupted iterations
default   [  78% ] 100/100 VUs  07m51.0s/10m00.0s

running (07m52.0s), 100/100 VUs, 8448 complete and 0 interrupted iterations
default   [  79% ] 100/100 VUs  07m52.0s/10m00.0s

running (07m53.0s), 100/100 VUs, 8460 complete and 0 interrupted iterations
default   [  79% ] 100/100 VUs  07m53.0s/10m00.0s

running (07m54.0s), 100/100 VUs, 8478 complete and 0 interrupted iterations
default   [  79% ] 100/100 VUs  07m54.0s/10m00.0s

running (07m55.0s), 100/100 VUs, 8504 complete and 0 interrupted iterations
default   [  79% ] 100/100 VUs  07m55.0s/10m00.0s

running (07m56.0s), 100/100 VUs, 8533 complete and 0 interrupted iterations
default   [  79% ] 100/100 VUs  07m56.0s/10m00.0s

running (07m57.0s), 100/100 VUs, 8549 complete and 0 interrupted iterations
default   [  79% ] 100/100 VUs  07m57.0s/10m00.0s

running (07m58.0s), 100/100 VUs, 8565 complete and 0 interrupted iterations
default   [  80% ] 100/100 VUs  07m58.0s/10m00.0s

running (07m59.0s), 100/100 VUs, 8585 complete and 0 interrupted iterations
default   [  80% ] 100/100 VUs  07m59.0s/10m00.0s

running (08m00.0s), 100/100 VUs, 8607 complete and 0 interrupted iterations
default   [  80% ] 100/100 VUs  08m00.0s/10m00.0s

running (08m01.0s), 100/100 VUs, 8635 complete and 0 interrupted iterations
default   [  80% ] 100/100 VUs  08m01.0s/10m00.0s

running (08m02.0s), 100/100 VUs, 8650 complete and 0 interrupted iterations
default   [  80% ] 100/100 VUs  08m02.0s/10m00.0s

running (08m03.0s), 100/100 VUs, 8670 complete and 0 interrupted iterations
default   [  80% ] 100/100 VUs  08m03.0s/10m00.0s

running (08m04.0s), 100/100 VUs, 8688 complete and 0 interrupted iterations
default   [  81% ] 100/100 VUs  08m04.0s/10m00.0s

running (08m05.0s), 099/100 VUs, 8711 complete and 0 interrupted iterations
default   [  81% ] 099/100 VUs  08m05.0s/10m00.0s

running (08m06.0s), 097/100 VUs, 8729 complete and 0 interrupted iterations
default   [  81% ] 097/100 VUs  08m06.0s/10m00.0s

running (08m07.0s), 097/100 VUs, 8754 complete and 0 interrupted iterations
default   [  81% ] 097/100 VUs  08m07.0s/10m00.0s

running (08m08.0s), 096/100 VUs, 8773 complete and 0 interrupted iterations
default   [  81% ] 096/100 VUs  08m08.0s/10m00.0s

running (08m09.0s), 096/100 VUs, 8793 complete and 0 interrupted iterations
default   [  81% ] 096/100 VUs  08m09.0s/10m00.0s

running (08m10.0s), 096/100 VUs, 8815 complete and 0 interrupted iterations
default   [  82% ] 096/100 VUs  08m10.0s/10m00.0s

running (08m11.0s), 095/100 VUs, 8829 complete and 0 interrupted iterations
default   [  82% ] 095/100 VUs  08m11.0s/10m00.0s

running (08m12.0s), 093/100 VUs, 8855 complete and 0 interrupted iterations
default   [  82% ] 093/100 VUs  08m12.0s/10m00.0s

running (08m13.0s), 091/100 VUs, 8871 complete and 0 interrupted iterations
default   [  82% ] 091/100 VUs  08m13.0s/10m00.0s

running (08m14.0s), 091/100 VUs, 8893 complete and 0 interrupted iterations
default   [  82% ] 091/100 VUs  08m14.0s/10m00.0s

running (08m15.0s), 089/100 VUs, 8910 complete and 0 interrupted iterations
default   [  82% ] 089/100 VUs  08m15.0s/10m00.0s

running (08m16.0s), 087/100 VUs, 8931 complete and 0 interrupted iterations
default   [  83% ] 087/100 VUs  08m16.0s/10m00.0s

running (08m17.0s), 087/100 VUs, 8952 complete and 0 interrupted iterations
default   [  83% ] 087/100 VUs  08m17.0s/10m00.0s

running (08m18.0s), 086/100 VUs, 8971 complete and 0 interrupted iterations
default   [  83% ] 086/100 VUs  08m18.0s/10m00.0s

running (08m19.0s), 086/100 VUs, 8985 complete and 0 interrupted iterations
default   [  83% ] 086/100 VUs  08m19.0s/10m00.0s

running (08m20.0s), 084/100 VUs, 9004 complete and 0 interrupted iterations
default   [  83% ] 084/100 VUs  08m20.0s/10m00.0s

running (08m21.0s), 084/100 VUs, 9023 complete and 0 interrupted iterations
default   [  83% ] 084/100 VUs  08m21.0s/10m00.0s

running (08m22.0s), 083/100 VUs, 9041 complete and 0 interrupted iterations
default   [  84% ] 083/100 VUs  08m22.0s/10m00.0s

running (08m23.0s), 083/100 VUs, 9057 complete and 0 interrupted iterations
default   [  84% ] 083/100 VUs  08m23.0s/10m00.0s

running (08m24.0s), 083/100 VUs, 9076 complete and 0 interrupted iterations
default   [  84% ] 083/100 VUs  08m24.0s/10m00.0s

running (08m25.0s), 083/100 VUs, 9093 complete and 0 interrupted iterations
default   [  84% ] 083/100 VUs  08m25.0s/10m00.0s

running (08m26.0s), 082/100 VUs, 9108 complete and 0 interrupted iterations
default   [  84% ] 082/100 VUs  08m26.0s/10m00.0s

running (08m27.0s), 081/100 VUs, 9124 complete and 0 interrupted iterations
default   [  84% ] 081/100 VUs  08m27.0s/10m00.0s

running (08m28.0s), 080/100 VUs, 9146 complete and 0 interrupted iterations
default   [  85% ] 080/100 VUs  08m28.0s/10m00.0s

running (08m29.0s), 078/100 VUs, 9166 complete and 0 interrupted iterations
default   [  85% ] 078/100 VUs  08m29.0s/10m00.0s

running (08m30.0s), 078/100 VUs, 9178 complete and 0 interrupted iterations
default   [  85% ] 078/100 VUs  08m30.0s/10m00.0s

running (08m31.0s), 077/100 VUs, 9190 complete and 0 interrupted iterations
default   [  85% ] 077/100 VUs  08m31.0s/10m00.0s

running (08m32.0s), 075/100 VUs, 9211 complete and 0 interrupted iterations
default   [  85% ] 075/100 VUs  08m32.0s/10m00.0s

running (08m33.0s), 074/100 VUs, 9228 complete and 0 interrupted iterations
default   [  85% ] 074/100 VUs  08m33.0s/10m00.0s

running (08m34.0s), 073/100 VUs, 9246 complete and 0 interrupted iterations
default   [  86% ] 073/100 VUs  08m34.0s/10m00.0s

running (08m35.0s), 073/100 VUs, 9256 complete and 0 interrupted iterations
default   [  86% ] 073/100 VUs  08m35.0s/10m00.0s

running (08m36.0s), 073/100 VUs, 9270 complete and 0 interrupted iterations
default   [  86% ] 073/100 VUs  08m36.0s/10m00.0s

running (08m37.0s), 072/100 VUs, 9287 complete and 0 interrupted iterations
default   [  86% ] 072/100 VUs  08m37.0s/10m00.0s

running (08m38.0s), 071/100 VUs, 9306 complete and 0 interrupted iterations
default   [  86% ] 071/100 VUs  08m38.0s/10m00.0s

running (08m39.0s), 070/100 VUs, 9319 complete and 0 interrupted iterations
default   [  86% ] 070/100 VUs  08m39.0s/10m00.0s

running (08m40.0s), 069/100 VUs, 9329 complete and 0 interrupted iterations
default   [  87% ] 069/100 VUs  08m40.0s/10m00.0s

running (08m41.0s), 069/100 VUs, 9348 complete and 0 interrupted iterations
default   [  87% ] 069/100 VUs  08m41.0s/10m00.0s

running (08m42.0s), 069/100 VUs, 9361 complete and 0 interrupted iterations
default   [  87% ] 069/100 VUs  08m42.0s/10m00.0s

running (08m43.0s), 069/100 VUs, 9379 complete and 0 interrupted iterations
default   [  87% ] 069/100 VUs  08m43.0s/10m00.0s

running (08m44.0s), 067/100 VUs, 9394 complete and 0 interrupted iterations
default   [  87% ] 067/100 VUs  08m44.0s/10m00.0s

running (08m45.0s), 065/100 VUs, 9405 complete and 0 interrupted iterations
default   [  87% ] 065/100 VUs  08m45.0s/10m00.0s

running (08m46.0s), 063/100 VUs, 9421 complete and 0 interrupted iterations
default   [  88% ] 063/100 VUs  08m46.0s/10m00.0s

running (08m47.0s), 063/100 VUs, 9438 complete and 0 interrupted iterations
default   [  88% ] 063/100 VUs  08m47.0s/10m00.0s

running (08m48.0s), 062/100 VUs, 9449 complete and 0 interrupted iterations
default   [  88% ] 062/100 VUs  08m48.0s/10m00.0s

running (08m49.0s), 061/100 VUs, 9464 complete and 0 interrupted iterations
default   [  88% ] 061/100 VUs  08m49.0s/10m00.0s

running (08m50.0s), 061/100 VUs, 9476 complete and 0 interrupted iterations
default   [  88% ] 061/100 VUs  08m50.0s/10m00.0s

running (08m51.0s), 059/100 VUs, 9488 complete and 0 interrupted iterations
default   [  88% ] 059/100 VUs  08m51.0s/10m00.0s

running (08m52.0s), 059/100 VUs, 9505 complete and 0 interrupted iterations
default   [  89% ] 059/100 VUs  08m52.0s/10m00.0s

running (08m53.0s), 058/100 VUs, 9515 complete and 0 interrupted iterations
default   [  89% ] 058/100 VUs  08m53.0s/10m00.0s

running (08m54.0s), 056/100 VUs, 9530 complete and 0 interrupted iterations
default   [  89% ] 056/100 VUs  08m54.0s/10m00.0s

running (08m55.0s), 055/100 VUs, 9543 complete and 0 interrupted iterations
default   [  89% ] 055/100 VUs  08m55.0s/10m00.0s

running (08m56.0s), 054/100 VUs, 9552 complete and 0 interrupted iterations
default   [  89% ] 054/100 VUs  08m56.0s/10m00.0s

running (08m57.0s), 054/100 VUs, 9564 complete and 0 interrupted iterations
default   [  89% ] 054/100 VUs  08m57.0s/10m00.0s

running (08m58.0s), 054/100 VUs, 9578 complete and 0 interrupted iterations
default   [  90% ] 054/100 VUs  08m58.0s/10m00.0s

running (08m59.0s), 054/100 VUs, 9588 complete and 0 interrupted iterations
default   [  90% ] 054/100 VUs  08m59.0s/10m00.0s

running (09m00.0s), 053/100 VUs, 9596 complete and 0 interrupted iterations
default   [  90% ] 053/100 VUs  09m00.0s/10m00.0s

running (09m01.0s), 051/100 VUs, 9609 complete and 0 interrupted iterations
default   [  90% ] 051/100 VUs  09m01.0s/10m00.0s

running (09m02.0s), 050/100 VUs, 9621 complete and 0 interrupted iterations
default   [  90% ] 050/100 VUs  09m02.0s/10m00.0s

running (09m03.0s), 050/100 VUs, 9634 complete and 0 interrupted iterations
default   [  90% ] 050/100 VUs  09m03.0s/10m00.0s

running (09m04.0s), 049/100 VUs, 9642 complete and 0 interrupted iterations
default   [  91% ] 049/100 VUs  09m04.0s/10m00.0s

running (09m05.0s), 047/100 VUs, 9653 complete and 0 interrupted iterations
default   [  91% ] 047/100 VUs  09m05.0s/10m00.0s

running (09m06.0s), 047/100 VUs, 9659 complete and 0 interrupted iterations
default   [  91% ] 047/100 VUs  09m06.0s/10m00.0s

running (09m07.0s), 047/100 VUs, 9671 complete and 0 interrupted iterations
default   [  91% ] 047/100 VUs  09m07.0s/10m00.0s

running (09m08.0s), 046/100 VUs, 9685 complete and 0 interrupted iterations
default   [  91% ] 046/100 VUs  09m08.0s/10m00.0s

running (09m09.0s), 045/100 VUs, 9695 complete and 0 interrupted iterations
default   [  91% ] 045/100 VUs  09m09.0s/10m00.0s

running (09m10.0s), 044/100 VUs, 9701 complete and 0 interrupted iterations
default   [  92% ] 044/100 VUs  09m10.0s/10m00.0s

running (09m11.0s), 044/100 VUs, 9711 complete and 0 interrupted iterations
default   [  92% ] 044/100 VUs  09m11.0s/10m00.0s

running (09m12.0s), 043/100 VUs, 9721 complete and 0 interrupted iterations
default   [  92% ] 043/100 VUs  09m12.0s/10m00.0s

running (09m13.0s), 041/100 VUs, 9733 complete and 0 interrupted iterations
default   [  92% ] 041/100 VUs  09m13.0s/10m00.0s

running (09m14.0s), 040/100 VUs, 9741 complete and 0 interrupted iterations
default   [  92% ] 040/100 VUs  09m14.0s/10m00.0s

running (09m15.0s), 040/100 VUs, 9748 complete and 0 interrupted iterations
default   [  92% ] 040/100 VUs  09m15.0s/10m00.0s

running (09m16.0s), 040/100 VUs, 9755 complete and 0 interrupted iterations
default   [  93% ] 040/100 VUs  09m16.0s/10m00.0s

running (09m17.0s), 038/100 VUs, 9764 complete and 0 interrupted iterations
default   [  93% ] 038/100 VUs  09m17.0s/10m00.0s

running (09m18.0s), 038/100 VUs, 9776 complete and 0 interrupted iterations
default   [  93% ] 038/100 VUs  09m18.0s/10m00.0s

running (09m19.0s), 037/100 VUs, 9783 complete and 0 interrupted iterations
default   [  93% ] 037/100 VUs  09m19.0s/10m00.0s

running (09m20.0s), 035/100 VUs, 9789 complete and 0 interrupted iterations
default   [  93% ] 035/100 VUs  09m20.0s/10m00.0s

running (09m21.0s), 035/100 VUs, 9796 complete and 0 interrupted iterations
default   [  93% ] 035/100 VUs  09m21.0s/10m00.0s

running (09m22.0s), 034/100 VUs, 9804 complete and 0 interrupted iterations
default   [  94% ] 034/100 VUs  09m22.0s/10m00.0s

running (09m23.0s), 032/100 VUs, 9817 complete and 0 interrupted iterations
default   [  94% ] 032/100 VUs  09m23.0s/10m00.0s

running (09m24.0s), 032/100 VUs, 9820 complete and 0 interrupted iterations
default   [  94% ] 032/100 VUs  09m24.0s/10m00.0s

running (09m25.0s), 031/100 VUs, 9825 complete and 0 interrupted iterations
default   [  94% ] 031/100 VUs  09m25.0s/10m00.0s

running (09m26.0s), 029/100 VUs, 9833 complete and 0 interrupted iterations
default   [  94% ] 029/100 VUs  09m26.0s/10m00.0s

running (09m27.0s), 029/100 VUs, 9842 complete and 0 interrupted iterations
default   [  94% ] 029/100 VUs  09m27.0s/10m00.0s

running (09m28.0s), 028/100 VUs, 9848 complete and 0 interrupted iterations
default   [  95% ] 028/100 VUs  09m28.0s/10m00.0s

running (09m29.0s), 028/100 VUs, 9853 complete and 0 interrupted iterations
default   [  95% ] 028/100 VUs  09m29.0s/10m00.0s

running (09m30.0s), 028/100 VUs, 9858 complete and 0 interrupted iterations
default   [  95% ] 028/100 VUs  09m30.0s/10m00.0s

running (09m31.0s), 027/100 VUs, 9863 complete and 0 interrupted iterations
default   [  95% ] 027/100 VUs  09m31.0s/10m00.0s

running (09m32.0s), 027/100 VUs, 9873 complete and 0 interrupted iterations
default   [  95% ] 027/100 VUs  09m32.0s/10m00.0s

running (09m33.0s), 025/100 VUs, 9877 complete and 0 interrupted iterations
default   [  95% ] 025/100 VUs  09m33.0s/10m00.0s

running (09m34.0s), 024/100 VUs, 9881 complete and 0 interrupted iterations
default   [  96% ] 024/100 VUs  09m34.0s/10m00.0s

running (09m35.0s), 023/100 VUs, 9888 complete and 0 interrupted iterations
default   [  96% ] 023/100 VUs  09m35.0s/10m00.0s

running (09m36.0s), 021/100 VUs, 9893 complete and 0 interrupted iterations
default   [  96% ] 021/100 VUs  09m36.0s/10m00.0s

running (09m37.0s), 021/100 VUs, 9900 complete and 0 interrupted iterations
default   [  96% ] 021/100 VUs  09m37.0s/10m00.0s

running (09m38.0s), 021/100 VUs, 9904 complete and 0 interrupted iterations
default   [  96% ] 021/100 VUs  09m38.0s/10m00.0s

running (09m39.0s), 020/100 VUs, 9907 complete and 0 interrupted iterations
default   [  96% ] 020/100 VUs  09m39.0s/10m00.0s

running (09m40.0s), 017/100 VUs, 9912 complete and 0 interrupted iterations
default   [  97% ] 017/100 VUs  09m40.0s/10m00.0s

running (09m41.0s), 017/100 VUs, 9915 complete and 0 interrupted iterations
default   [  97% ] 017/100 VUs  09m41.0s/10m00.0s

running (09m42.0s), 017/100 VUs, 9919 complete and 0 interrupted iterations
default   [  97% ] 017/100 VUs  09m42.0s/10m00.0s

running (09m43.0s), 017/100 VUs, 9926 complete and 0 interrupted iterations
default   [  97% ] 017/100 VUs  09m43.0s/10m00.0s

running (09m44.0s), 016/100 VUs, 9929 complete and 0 interrupted iterations
default   [  97% ] 016/100 VUs  09m44.0s/10m00.0s

running (09m45.0s), 016/100 VUs, 9929 complete and 0 interrupted iterations
default   [  97% ] 016/100 VUs  09m45.0s/10m00.0s

running (09m46.0s), 015/100 VUs, 9934 complete and 0 interrupted iterations
default   [  98% ] 015/100 VUs  09m46.0s/10m00.0s

running (09m47.0s), 013/100 VUs, 9938 complete and 0 interrupted iterations
default   [  98% ] 013/100 VUs  09m47.0s/10m00.0s

running (09m48.0s), 011/100 VUs, 9944 complete and 0 interrupted iterations
default   [  98% ] 011/100 VUs  09m48.0s/10m00.0s

running (09m49.0s), 011/100 VUs, 9945 complete and 0 interrupted iterations
default   [  98% ] 011/100 VUs  09m49.0s/10m00.0s

running (09m50.0s), 011/100 VUs, 9945 complete and 0 interrupted iterations
default   [  98% ] 011/100 VUs  09m50.0s/10m00.0s

running (09m51.0s), 011/100 VUs, 9947 complete and 0 interrupted iterations
default   [  98% ] 011/100 VUs  09m51.0s/10m00.0s

running (09m52.0s), 009/100 VUs, 9952 complete and 0 interrupted iterations
default   [  99% ] 009/100 VUs  09m52.0s/10m00.0s

running (09m53.0s), 008/100 VUs, 9955 complete and 0 interrupted iterations
default   [  99% ] 008/100 VUs  09m53.0s/10m00.0s

running (09m54.0s), 008/100 VUs, 9956 complete and 0 interrupted iterations
default   [  99% ] 008/100 VUs  09m54.0s/10m00.0s

running (09m55.0s), 008/100 VUs, 9957 complete and 0 interrupted iterations
default   [  99% ] 008/100 VUs  09m55.0s/10m00.0s

running (09m56.0s), 007/100 VUs, 9959 complete and 0 interrupted iterations
default   [  99% ] 007/100 VUs  09m56.0s/10m00.0s

running (09m57.0s), 004/100 VUs, 9963 complete and 0 interrupted iterations
default   [  99% ] 004/100 VUs  09m57.0s/10m00.0s

running (09m58.0s), 004/100 VUs, 9963 complete and 0 interrupted iterations
default   [ 100% ] 004/100 VUs  09m58.0s/10m00.0s

running (09m59.0s), 004/100 VUs, 9964 complete and 0 interrupted iterations
default   [ 100% ] 004/100 VUs  09m59.0s/10m00.0s

running (10m00.0s), 003/100 VUs, 9965 complete and 0 interrupted iterations
default   [ 100% ] 003/100 VUs  10m00.0s/10m00.0s

running (10m01.0s), 001/100 VUs, 9967 complete and 0 interrupted iterations
default ↓ [ 100% ] 003/100 VUs  10m0s

running (10m02.0s), 001/100 VUs, 9967 complete and 0 interrupted iterations
default ↓ [ 100% ] 003/100 VUs  10m0s
[31m     ✗ auth: login ok
      ↳  99% — ✓ 9954 / ✗ 14[0m
[32m     ✓ cart: item added 201[0m
[31m     ✗ create order: status 201
      ↳  99% — ✓ 9941 / ✗ 13[0m
[31m     ✗ create order: has id
      ↳  99% — ✓ 9941 / ✗ 13[0m
[32m     ✓ process payment: 201 or 402[0m
[32m     ✓ process payment: has payment_id[0m
[32m     ✓ get payment: status 200[0m
[32m     ✓ get payment: has status[0m

     █ setup

[32m       ✓ payments-service: health ok[0m

     checks[2m.........................:[0m [36m99.94%[0m [36;2m✓ 79555[0m     [36;2m✗ 40[0m   
     data_received[2m..................:[0m [36m47 MB[0m  [36;2m78 kB/s[0m
     data_sent[2m......................:[0m [36m25 MB[0m  [36;2m41 kB/s[0m
     http_req_blocked[2m...............:[0m avg=[36m30.86µs[0m  min=[36m0s[0m     med=[36m0s[0m       max=[36m13.9ms[0m  p(90)=[36m0s[0m       p(95)=[36m0s[0m      
     http_req_connecting[2m............:[0m avg=[36m27.12µs[0m  min=[36m0s[0m     med=[36m0s[0m       max=[36m12.69ms[0m p(90)=[36m0s[0m       p(95)=[36m0s[0m      
     http_req_duration[2m..............:[0m avg=[36m140.44ms[0m min=[36m1.06ms[0m med=[36m52.96ms[0m  max=[36m1.18s[0m   p(90)=[36m546.34ms[0m p(95)=[36m750.55ms[0m
       { expected_response:true }[2m...:[0m avg=[36m140.51ms[0m min=[36m1.67ms[0m med=[36m53ms[0m     max=[36m1.18s[0m   p(90)=[36m546.5ms[0m  p(95)=[36m750.69ms[0m
     [32m✓[0m { service:payments }[2m.........:[0m avg=[36m313.52ms[0m min=[36m1.67ms[0m med=[36m175.59ms[0m max=[36m1.18s[0m   p(90)=[36m816.55ms[0m p(95)=[36m879.54ms[0m
   [32m✓[0m http_req_failed[2m................:[0m [36m0.04%[0m  [36;2m✓ 27[0m        [36;2m✗ 59724[0m
     [32m✓[0m { service:payments }[2m.........:[0m [36m0.00%[0m  [36;2m✓ 0[0m         [36;2m✗ 19882[0m
     http_req_receiving[2m.............:[0m avg=[36m108.74µs[0m min=[36m0s[0m     med=[36m0s[0m       max=[36m5.94ms[0m  p(90)=[36m541.69µs[0m p(95)=[36m558.25µs[0m
     http_req_sending[2m...............:[0m avg=[36m11.5µs[0m   min=[36m0s[0m     med=[36m0s[0m       max=[36m5.6ms[0m   p(90)=[36m0s[0m       p(95)=[36m0s[0m      
     http_req_tls_handshaking[2m.......:[0m avg=[36m0s[0m       min=[36m0s[0m     med=[36m0s[0m       max=[36m0s[0m      p(90)=[36m0s[0m       p(95)=[36m0s[0m      
     http_req_waiting[2m...............:[0m avg=[36m140.32ms[0m min=[36m1.06ms[0m med=[36m52.83ms[0m  max=[36m1.18s[0m   p(90)=[36m546.32ms[0m p(95)=[36m750.55ms[0m
     http_reqs[2m......................:[0m [36m59751[0m  [36;2m99.205887/s[0m
     iteration_duration[2m.............:[0m avg=[36m4.84s[0m    min=[36m4.26ms[0m med=[36m4.85s[0m    max=[36m6.54s[0m   p(90)=[36m5.45s[0m    p(95)=[36m5.6s[0m    
     iterations[2m.....................:[0m [36m9968[0m   [36;2m16.550088/s[0m
     vus[2m............................:[0m [36m1[0m      [36;2mmin=1[0m       [36;2mmax=100[0m
     vus_max[2m........................:[0m [36m100[0m    [36;2mmin=100[0m     [36;2mmax=100[0m
running (10m02.3s), 000/100 VUs, 9968 complete and 0 interrupted iterations
default ✓ [ 100% ] 000/100 VUs  10m0s
