
         /\      Grafana   /‾‾/  
    /\  /  \     |\  __   /  /   
   /  \/    \    | |/ /  /   ‾‾\ 
  /          \   |   (  |  (‾)  |
 / __________ \  |_|\_\  \_____/ 

     execution: local
        script: tests/orders/orders.test.js
        output: -

     scenarios: (100.00%) 1 scenario, 100 max VUs, 10m30s max duration (incl. graceful stop):
              * default: Up to 100 looping VUs for 10m0s over 3 stages (gracefulRampDown: 30s, gracefulStop: 30s)


running (00m01.0s), 001/100 VUs, 0 complete and 0 interrupted iterations
default   [   0% ] 001/100 VUs  00m01.0s/10m00.0s

running (00m02.0s), 002/100 VUs, 0 complete and 0 interrupted iterations
default   [   0% ] 002/100 VUs  00m02.0s/10m00.0s

running (00m03.0s), 003/100 VUs, 0 complete and 0 interrupted iterations
default   [   0% ] 003/100 VUs  00m03.0s/10m00.0s

running (00m04.0s), 004/100 VUs, 0 complete and 0 interrupted iterations
default   [   1% ] 004/100 VUs  00m04.0s/10m00.0s

running (00m05.0s), 005/100 VUs, 0 complete and 0 interrupted iterations
default   [   1% ] 005/100 VUs  00m05.0s/10m00.0s

running (00m06.0s), 005/100 VUs, 1 complete and 0 interrupted iterations
default   [   1% ] 005/100 VUs  00m06.0s/10m00.0s

running (00m07.0s), 006/100 VUs, 2 complete and 0 interrupted iterations
default   [   1% ] 006/100 VUs  00m07.0s/10m00.0s

running (00m08.0s), 007/100 VUs, 3 complete and 0 interrupted iterations
default   [   1% ] 007/100 VUs  00m08.0s/10m00.0s

running (00m09.0s), 008/100 VUs, 4 complete and 0 interrupted iterations
default   [   1% ] 008/100 VUs  00m09.0s/10m00.0s

running (00m10.0s), 009/100 VUs, 5 complete and 0 interrupted iterations
default   [   2% ] 009/100 VUs  00m10.0s/10m00.0s

running (00m11.0s), 010/100 VUs, 7 complete and 0 interrupted iterations
default   [   2% ] 010/100 VUs  00m11.0s/10m00.0s

running (00m12.0s), 010/100 VUs, 8 complete and 0 interrupted iterations
default   [   2% ] 010/100 VUs  00m12.0s/10m00.0s

running (00m13.0s), 011/100 VUs, 9 complete and 0 interrupted iterations
default   [   2% ] 011/100 VUs  00m13.0s/10m00.0s

running (00m14.0s), 012/100 VUs, 11 complete and 0 interrupted iterations
default   [   2% ] 012/100 VUs  00m14.0s/10m00.0s

running (00m15.0s), 013/100 VUs, 13 complete and 0 interrupted iterations
default   [   2% ] 013/100 VUs  00m15.0s/10m00.0s

running (00m16.0s), 014/100 VUs, 17 complete and 0 interrupted iterations
default   [   3% ] 014/100 VUs  00m16.0s/10m00.0s

running (00m17.0s), 015/100 VUs, 18 complete and 0 interrupted iterations
default   [   3% ] 015/100 VUs  00m17.0s/10m00.0s

running (00m18.0s), 015/100 VUs, 21 complete and 0 interrupted iterations
default   [   3% ] 015/100 VUs  00m18.0s/10m00.0s

running (00m19.0s), 016/100 VUs, 23 complete and 0 interrupted iterations
default   [   3% ] 016/100 VUs  00m19.0s/10m00.0s

running (00m20.0s), 017/100 VUs, 27 complete and 0 interrupted iterations
default   [   3% ] 017/100 VUs  00m20.0s/10m00.0s

running (00m21.0s), 018/100 VUs, 30 complete and 0 interrupted iterations
default   [   3% ] 018/100 VUs  00m21.0s/10m00.0s

running (00m22.0s), 019/100 VUs, 35 complete and 0 interrupted iterations
default   [   4% ] 019/100 VUs  00m22.0s/10m00.0s

running (00m23.0s), 019/100 VUs, 37 complete and 0 interrupted iterations
default   [   4% ] 019/100 VUs  00m23.0s/10m00.0s

running (00m24.0s), 020/100 VUs, 40 complete and 0 interrupted iterations
default   [   4% ] 020/100 VUs  00m24.0s/10m00.0s

running (00m25.0s), 021/100 VUs, 47 complete and 0 interrupted iterations
default   [   4% ] 021/100 VUs  00m25.0s/10m00.0s

running (00m26.0s), 022/100 VUs, 49 complete and 0 interrupted iterations
default   [   4% ] 022/100 VUs  00m26.0s/10m00.0s

running (00m27.0s), 023/100 VUs, 56 complete and 0 interrupted iterations
default   [   4% ] 023/100 VUs  00m27.0s/10m00.0s

running (00m28.0s), 024/100 VUs, 57 complete and 0 interrupted iterations
default   [   5% ] 024/100 VUs  00m28.0s/10m00.0s

running (00m29.0s), 024/100 VUs, 60 complete and 0 interrupted iterations
default   [   5% ] 024/100 VUs  00m29.0s/10m00.0s

running (00m30.0s), 025/100 VUs, 63 complete and 0 interrupted iterations
default   [   5% ] 025/100 VUs  00m30.0s/10m00.0s

running (00m31.0s), 026/100 VUs, 71 complete and 0 interrupted iterations
default   [   5% ] 026/100 VUs  00m31.0s/10m00.0s

running (00m32.0s), 027/100 VUs, 78 complete and 0 interrupted iterations
default   [   5% ] 027/100 VUs  00m32.0s/10m00.0s

running (00m33.0s), 028/100 VUs, 80 complete and 0 interrupted iterations
default   [   5% ] 028/100 VUs  00m33.0s/10m00.0s

running (00m34.0s), 029/100 VUs, 84 complete and 0 interrupted iterations
default   [   6% ] 029/100 VUs  00m34.0s/10m00.0s

running (00m35.0s), 029/100 VUs, 91 complete and 0 interrupted iterations
default   [   6% ] 029/100 VUs  00m35.0s/10m00.0s

running (00m36.0s), 030/100 VUs, 99 complete and 0 interrupted iterations
default   [   6% ] 030/100 VUs  00m36.0s/10m00.0s

running (00m37.0s), 031/100 VUs, 104 complete and 0 interrupted iterations
default   [   6% ] 031/100 VUs  00m37.0s/10m00.0s

running (00m38.0s), 032/100 VUs, 109 complete and 0 interrupted iterations
default   [   6% ] 032/100 VUs  00m38.0s/10m00.0s

running (00m39.0s), 033/100 VUs, 114 complete and 0 interrupted iterations
default   [   6% ] 033/100 VUs  00m39.0s/10m00.0s

running (00m40.0s), 033/100 VUs, 120 complete and 0 interrupted iterations
default   [   7% ] 033/100 VUs  00m40.0s/10m00.0s

running (00m41.0s), 034/100 VUs, 127 complete and 0 interrupted iterations
default   [   7% ] 034/100 VUs  00m41.0s/10m00.0s

running (00m42.0s), 035/100 VUs, 137 complete and 0 interrupted iterations
default   [   7% ] 035/100 VUs  00m42.0s/10m00.0s

running (00m43.0s), 036/100 VUs, 144 complete and 0 interrupted iterations
default   [   7% ] 036/100 VUs  00m43.0s/10m00.0s

running (00m44.0s), 037/100 VUs, 153 complete and 0 interrupted iterations
default   [   7% ] 037/100 VUs  00m44.0s/10m00.0s

running (00m45.0s), 038/100 VUs, 157 complete and 0 interrupted iterations
default   [   7% ] 038/100 VUs  00m45.0s/10m00.0s

running (00m46.0s), 038/100 VUs, 165 complete and 0 interrupted iterations
default   [   8% ] 038/100 VUs  00m46.0s/10m00.0s

running (00m47.0s), 039/100 VUs, 173 complete and 0 interrupted iterations
default   [   8% ] 039/100 VUs  00m47.0s/10m00.0s

running (00m48.0s), 040/100 VUs, 178 complete and 0 interrupted iterations
default   [   8% ] 040/100 VUs  00m48.0s/10m00.0s

running (00m49.0s), 041/100 VUs, 186 complete and 0 interrupted iterations
default   [   8% ] 041/100 VUs  00m49.0s/10m00.0s

running (00m50.0s), 042/100 VUs, 193 complete and 0 interrupted iterations
default   [   8% ] 042/100 VUs  00m50.0s/10m00.0s

running (00m51.0s), 043/100 VUs, 204 complete and 0 interrupted iterations
default   [   8% ] 043/100 VUs  00m51.0s/10m00.0s

running (00m52.0s), 043/100 VUs, 214 complete and 0 interrupted iterations
default   [   9% ] 043/100 VUs  00m52.0s/10m00.0s

running (00m53.0s), 044/100 VUs, 221 complete and 0 interrupted iterations
default   [   9% ] 044/100 VUs  00m53.0s/10m00.0s

running (00m54.0s), 045/100 VUs, 231 complete and 0 interrupted iterations
default   [   9% ] 045/100 VUs  00m54.0s/10m00.0s

running (00m55.0s), 046/100 VUs, 238 complete and 0 interrupted iterations
default   [   9% ] 046/100 VUs  00m55.0s/10m00.0s

running (00m56.0s), 047/100 VUs, 246 complete and 0 interrupted iterations
default   [   9% ] 047/100 VUs  00m56.0s/10m00.0s

running (00m57.0s), 048/100 VUs, 258 complete and 0 interrupted iterations
default   [   9% ] 048/100 VUs  00m57.0s/10m00.0s

running (00m58.0s), 048/100 VUs, 269 complete and 0 interrupted iterations
default   [  10% ] 048/100 VUs  00m58.0s/10m00.0s

running (00m59.0s), 049/100 VUs, 276 complete and 0 interrupted iterations
default   [  10% ] 049/100 VUs  00m59.0s/10m00.0s

running (01m00.0s), 050/100 VUs, 287 complete and 0 interrupted iterations
default   [  10% ] 050/100 VUs  01m00.0s/10m00.0s

running (01m01.0s), 051/100 VUs, 295 complete and 0 interrupted iterations
default   [  10% ] 051/100 VUs  01m01.0s/10m00.0s

running (01m02.0s), 052/100 VUs, 307 complete and 0 interrupted iterations
default   [  10% ] 052/100 VUs  01m02.0s/10m00.0s

running (01m03.0s), 052/100 VUs, 314 complete and 0 interrupted iterations
default   [  10% ] 052/100 VUs  01m03.0s/10m00.0s

running (01m04.0s), 053/100 VUs, 326 complete and 0 interrupted iterations
default   [  11% ] 053/100 VUs  01m04.0s/10m00.0s

running (01m05.0s), 054/100 VUs, 335 complete and 0 interrupted iterations
default   [  11% ] 054/100 VUs  01m05.0s/10m00.0s

running (01m06.0s), 055/100 VUs, 345 complete and 0 interrupted iterations
default   [  11% ] 055/100 VUs  01m06.0s/10m00.0s

running (01m07.0s), 056/100 VUs, 353 complete and 0 interrupted iterations
default   [  11% ] 056/100 VUs  01m07.0s/10m00.0s

running (01m08.0s), 057/100 VUs, 369 complete and 0 interrupted iterations
default   [  11% ] 057/100 VUs  01m08.0s/10m00.0s

running (01m09.0s), 057/100 VUs, 377 complete and 0 interrupted iterations
default   [  11% ] 057/100 VUs  01m09.0s/10m00.0s

running (01m10.0s), 058/100 VUs, 390 complete and 0 interrupted iterations
default   [  12% ] 058/100 VUs  01m10.0s/10m00.0s

running (01m11.0s), 059/100 VUs, 400 complete and 0 interrupted iterations
default   [  12% ] 059/100 VUs  01m11.0s/10m00.0s

running (01m12.0s), 060/100 VUs, 412 complete and 0 interrupted iterations
default   [  12% ] 060/100 VUs  01m12.0s/10m00.0s

running (01m13.0s), 061/100 VUs, 422 complete and 0 interrupted iterations
default   [  12% ] 061/100 VUs  01m13.0s/10m00.0s

running (01m14.0s), 062/100 VUs, 437 complete and 0 interrupted iterations
default   [  12% ] 062/100 VUs  01m14.0s/10m00.0s

running (01m15.0s), 062/100 VUs, 447 complete and 0 interrupted iterations
default   [  12% ] 062/100 VUs  01m15.0s/10m00.0s

running (01m16.0s), 063/100 VUs, 462 complete and 0 interrupted iterations
default   [  13% ] 063/100 VUs  01m16.0s/10m00.0s

running (01m17.0s), 064/100 VUs, 472 complete and 0 interrupted iterations
default   [  13% ] 064/100 VUs  01m17.0s/10m00.0s

running (01m18.0s), 065/100 VUs, 481 complete and 0 interrupted iterations
default   [  13% ] 065/100 VUs  01m18.0s/10m00.0s

running (01m19.0s), 066/100 VUs, 497 complete and 0 interrupted iterations
default   [  13% ] 066/100 VUs  01m19.0s/10m00.0s

running (01m20.0s), 066/100 VUs, 507 complete and 0 interrupted iterations
default   [  13% ] 066/100 VUs  01m20.0s/10m00.0s

running (01m21.0s), 067/100 VUs, 522 complete and 0 interrupted iterations
default   [  13% ] 067/100 VUs  01m21.0s/10m00.0s

running (01m22.0s), 068/100 VUs, 542 complete and 0 interrupted iterations
default   [  14% ] 068/100 VUs  01m22.0s/10m00.0s

running (01m23.0s), 069/100 VUs, 547 complete and 0 interrupted iterations
default   [  14% ] 069/100 VUs  01m23.0s/10m00.0s

running (01m24.0s), 070/100 VUs, 563 complete and 0 interrupted iterations
default   [  14% ] 070/100 VUs  01m24.0s/10m00.0s

running (01m25.0s), 071/100 VUs, 577 complete and 0 interrupted iterations
default   [  14% ] 071/100 VUs  01m25.0s/10m00.0s

running (01m26.0s), 071/100 VUs, 591 complete and 0 interrupted iterations
default   [  14% ] 071/100 VUs  01m26.0s/10m00.0s

running (01m27.0s), 072/100 VUs, 608 complete and 0 interrupted iterations
default   [  14% ] 072/100 VUs  01m27.0s/10m00.0s

running (01m28.0s), 073/100 VUs, 623 complete and 0 interrupted iterations
default   [  15% ] 073/100 VUs  01m28.0s/10m00.0s

running (01m29.0s), 074/100 VUs, 638 complete and 0 interrupted iterations
default   [  15% ] 074/100 VUs  01m29.0s/10m00.0s

running (01m30.0s), 075/100 VUs, 649 complete and 0 interrupted iterations
default   [  15% ] 075/100 VUs  01m30.0s/10m00.0s

running (01m31.0s), 076/100 VUs, 664 complete and 0 interrupted iterations
default   [  15% ] 076/100 VUs  01m31.0s/10m00.0s

running (01m32.0s), 076/100 VUs, 680 complete and 0 interrupted iterations
default   [  15% ] 076/100 VUs  01m32.0s/10m00.0s

running (01m33.0s), 077/100 VUs, 698 complete and 0 interrupted iterations
default   [  15% ] 077/100 VUs  01m33.0s/10m00.0s

running (01m34.0s), 078/100 VUs, 713 complete and 0 interrupted iterations
default   [  16% ] 078/100 VUs  01m34.0s/10m00.0s

running (01m35.0s), 079/100 VUs, 726 complete and 0 interrupted iterations
default   [  16% ] 079/100 VUs  01m35.0s/10m00.0s

running (01m36.0s), 080/100 VUs, 740 complete and 0 interrupted iterations
default   [  16% ] 080/100 VUs  01m36.0s/10m00.0s

running (01m37.0s), 081/100 VUs, 757 complete and 0 interrupted iterations
default   [  16% ] 081/100 VUs  01m37.0s/10m00.0s

running (01m38.0s), 081/100 VUs, 774 complete and 0 interrupted iterations
default   [  16% ] 081/100 VUs  01m38.0s/10m00.0s

running (01m39.0s), 082/100 VUs, 792 complete and 0 interrupted iterations
default   [  16% ] 082/100 VUs  01m39.0s/10m00.0s

running (01m40.0s), 083/100 VUs, 804 complete and 0 interrupted iterations
default   [  17% ] 083/100 VUs  01m40.0s/10m00.0s

running (01m41.0s), 084/100 VUs, 821 complete and 0 interrupted iterations
default   [  17% ] 084/100 VUs  01m41.0s/10m00.0s

running (01m42.0s), 085/100 VUs, 837 complete and 0 interrupted iterations
default   [  17% ] 085/100 VUs  01m42.0s/10m00.0s

running (01m43.0s), 085/100 VUs, 859 complete and 0 interrupted iterations
default   [  17% ] 085/100 VUs  01m43.0s/10m00.0s

running (01m44.0s), 086/100 VUs, 874 complete and 0 interrupted iterations
default   [  17% ] 086/100 VUs  01m44.0s/10m00.0s

running (01m45.0s), 087/100 VUs, 889 complete and 0 interrupted iterations
default   [  17% ] 087/100 VUs  01m45.0s/10m00.0s

running (01m46.0s), 088/100 VUs, 903 complete and 0 interrupted iterations
default   [  18% ] 088/100 VUs  01m46.0s/10m00.0s

running (01m47.0s), 089/100 VUs, 928 complete and 0 interrupted iterations
default   [  18% ] 089/100 VUs  01m47.0s/10m00.0s

running (01m48.0s), 090/100 VUs, 944 complete and 0 interrupted iterations
default   [  18% ] 090/100 VUs  01m48.0s/10m00.0s

running (01m49.0s), 090/100 VUs, 963 complete and 0 interrupted iterations
default   [  18% ] 090/100 VUs  01m49.0s/10m00.0s

running (01m50.0s), 091/100 VUs, 980 complete and 0 interrupted iterations
default   [  18% ] 091/100 VUs  01m50.0s/10m00.0s

running (01m51.0s), 092/100 VUs, 992 complete and 0 interrupted iterations
default   [  18% ] 092/100 VUs  01m51.0s/10m00.0s

running (01m52.0s), 093/100 VUs, 1008 complete and 0 interrupted iterations
default   [  19% ] 093/100 VUs  01m52.0s/10m00.0s

running (01m53.0s), 094/100 VUs, 1034 complete and 0 interrupted iterations
default   [  19% ] 094/100 VUs  01m53.0s/10m00.0s

running (01m54.0s), 095/100 VUs, 1056 complete and 0 interrupted iterations
default   [  19% ] 095/100 VUs  01m54.0s/10m00.0s

running (01m55.0s), 095/100 VUs, 1071 complete and 0 interrupted iterations
default   [  19% ] 095/100 VUs  01m55.0s/10m00.0s

running (01m56.0s), 096/100 VUs, 1087 complete and 0 interrupted iterations
default   [  19% ] 096/100 VUs  01m56.0s/10m00.0s

running (01m57.0s), 097/100 VUs, 1110 complete and 0 interrupted iterations
default   [  19% ] 097/100 VUs  01m57.0s/10m00.0s

running (01m58.0s), 098/100 VUs, 1129 complete and 0 interrupted iterations
default   [  20% ] 098/100 VUs  01m58.0s/10m00.0s

running (01m59.0s), 099/100 VUs, 1146 complete and 0 interrupted iterations
default   [  20% ] 099/100 VUs  01m59.0s/10m00.0s

running (02m00.0s), 099/100 VUs, 1164 complete and 0 interrupted iterations
default   [  20% ] 099/100 VUs  02m00.0s/10m00.0s

running (02m01.0s), 100/100 VUs, 1183 complete and 0 interrupted iterations
default   [  20% ] 100/100 VUs  02m01.0s/10m00.0s

running (02m02.0s), 100/100 VUs, 1202 complete and 0 interrupted iterations
default   [  20% ] 100/100 VUs  02m02.0s/10m00.0s

running (02m03.0s), 100/100 VUs, 1222 complete and 0 interrupted iterations
default   [  20% ] 100/100 VUs  02m03.0s/10m00.0s

running (02m04.0s), 100/100 VUs, 1251 complete and 0 interrupted iterations
default   [  21% ] 100/100 VUs  02m04.0s/10m00.0s

running (02m05.0s), 100/100 VUs, 1269 complete and 0 interrupted iterations
default   [  21% ] 100/100 VUs  02m05.0s/10m00.0s

running (02m06.0s), 100/100 VUs, 1285 complete and 0 interrupted iterations
default   [  21% ] 100/100 VUs  02m06.0s/10m00.0s

running (02m07.0s), 100/100 VUs, 1304 complete and 0 interrupted iterations
default   [  21% ] 100/100 VUs  02m07.0s/10m00.0s

running (02m08.0s), 100/100 VUs, 1325 complete and 0 interrupted iterations
default   [  21% ] 100/100 VUs  02m08.0s/10m00.0s

running (02m09.0s), 100/100 VUs, 1355 complete and 0 interrupted iterations
default   [  21% ] 100/100 VUs  02m09.0s/10m00.0s

running (02m10.0s), 100/100 VUs, 1370 complete and 0 interrupted iterations
default   [  22% ] 100/100 VUs  02m10.0s/10m00.0s

running (02m11.0s), 100/100 VUs, 1387 complete and 0 interrupted iterations
default   [  22% ] 100/100 VUs  02m11.0s/10m00.0s

running (02m12.0s), 100/100 VUs, 1407 complete and 0 interrupted iterations
default   [  22% ] 100/100 VUs  02m12.0s/10m00.0s

running (02m13.0s), 100/100 VUs, 1428 complete and 0 interrupted iterations
default   [  22% ] 100/100 VUs  02m13.0s/10m00.0s

running (02m14.0s), 100/100 VUs, 1449 complete and 0 interrupted iterations
default   [  22% ] 100/100 VUs  02m14.0s/10m00.0s

running (02m15.0s), 100/100 VUs, 1469 complete and 0 interrupted iterations
default   [  22% ] 100/100 VUs  02m15.0s/10m00.0s

running (02m16.0s), 100/100 VUs, 1486 complete and 0 interrupted iterations
default   [  23% ] 100/100 VUs  02m16.0s/10m00.0s

running (02m17.0s), 100/100 VUs, 1509 complete and 0 interrupted iterations
default   [  23% ] 100/100 VUs  02m17.0s/10m00.0s

running (02m18.0s), 100/100 VUs, 1528 complete and 0 interrupted iterations
default   [  23% ] 100/100 VUs  02m18.0s/10m00.0s

running (02m19.0s), 100/100 VUs, 1548 complete and 0 interrupted iterations
default   [  23% ] 100/100 VUs  02m19.0s/10m00.0s

running (02m20.0s), 100/100 VUs, 1569 complete and 0 interrupted iterations
default   [  23% ] 100/100 VUs  02m20.0s/10m00.0s

running (02m21.0s), 100/100 VUs, 1591 complete and 0 interrupted iterations
default   [  23% ] 100/100 VUs  02m21.0s/10m00.0s

running (02m22.0s), 100/100 VUs, 1607 complete and 0 interrupted iterations
default   [  24% ] 100/100 VUs  02m22.0s/10m00.0s

running (02m23.0s), 100/100 VUs, 1627 complete and 0 interrupted iterations
default   [  24% ] 100/100 VUs  02m23.0s/10m00.0s

running (02m24.0s), 100/100 VUs, 1647 complete and 0 interrupted iterations
default   [  24% ] 100/100 VUs  02m24.0s/10m00.0s

running (02m25.0s), 100/100 VUs, 1666 complete and 0 interrupted iterations
default   [  24% ] 100/100 VUs  02m25.0s/10m00.0s

running (02m26.0s), 100/100 VUs, 1689 complete and 0 interrupted iterations
default   [  24% ] 100/100 VUs  02m26.0s/10m00.0s

running (02m27.0s), 100/100 VUs, 1716 complete and 0 interrupted iterations
default   [  24% ] 100/100 VUs  02m27.0s/10m00.0s

running (02m28.0s), 100/100 VUs, 1728 complete and 0 interrupted iterations
default   [  25% ] 100/100 VUs  02m28.0s/10m00.0s

running (02m29.0s), 100/100 VUs, 1747 complete and 0 interrupted iterations
default   [  25% ] 100/100 VUs  02m29.0s/10m00.0s

running (02m30.0s), 100/100 VUs, 1770 complete and 0 interrupted iterations
default   [  25% ] 100/100 VUs  02m30.0s/10m00.0s

running (02m31.0s), 100/100 VUs, 1791 complete and 0 interrupted iterations
default   [  25% ] 100/100 VUs  02m31.0s/10m00.0s

running (02m32.0s), 100/100 VUs, 1813 complete and 0 interrupted iterations
default   [  25% ] 100/100 VUs  02m32.0s/10m00.0s

running (02m33.0s), 100/100 VUs, 1833 complete and 0 interrupted iterations
default   [  25% ] 100/100 VUs  02m33.0s/10m00.0s

running (02m34.0s), 100/100 VUs, 1847 complete and 0 interrupted iterations
default   [  26% ] 100/100 VUs  02m34.0s/10m00.0s

running (02m35.0s), 100/100 VUs, 1871 complete and 0 interrupted iterations
default   [  26% ] 100/100 VUs  02m35.0s/10m00.0s

running (02m36.0s), 100/100 VUs, 1892 complete and 0 interrupted iterations
default   [  26% ] 100/100 VUs  02m36.0s/10m00.0s

running (02m37.0s), 100/100 VUs, 1914 complete and 0 interrupted iterations
default   [  26% ] 100/100 VUs  02m37.0s/10m00.0s

running (02m38.0s), 100/100 VUs, 1933 complete and 0 interrupted iterations
default   [  26% ] 100/100 VUs  02m38.0s/10m00.0s

running (02m39.0s), 100/100 VUs, 1951 complete and 0 interrupted iterations
default   [  26% ] 100/100 VUs  02m39.0s/10m00.0s

running (02m40.0s), 100/100 VUs, 1972 complete and 0 interrupted iterations
default   [  27% ] 100/100 VUs  02m40.0s/10m00.0s

running (02m41.0s), 100/100 VUs, 1990 complete and 0 interrupted iterations
default   [  27% ] 100/100 VUs  02m41.0s/10m00.0s

running (02m42.0s), 100/100 VUs, 2011 complete and 0 interrupted iterations
default   [  27% ] 100/100 VUs  02m42.0s/10m00.0s

running (02m43.0s), 100/100 VUs, 2035 complete and 0 interrupted iterations
default   [  27% ] 100/100 VUs  02m43.0s/10m00.0s

running (02m44.0s), 100/100 VUs, 2054 complete and 0 interrupted iterations
default   [  27% ] 100/100 VUs  02m44.0s/10m00.0s

running (02m45.0s), 100/100 VUs, 2071 complete and 0 interrupted iterations
default   [  27% ] 100/100 VUs  02m45.0s/10m00.0s

running (02m46.0s), 100/100 VUs, 2092 complete and 0 interrupted iterations
default   [  28% ] 100/100 VUs  02m46.0s/10m00.0s

running (02m47.0s), 100/100 VUs, 2111 complete and 0 interrupted iterations
default   [  28% ] 100/100 VUs  02m47.0s/10m00.0s

running (02m48.0s), 100/100 VUs, 2139 complete and 0 interrupted iterations
default   [  28% ] 100/100 VUs  02m48.0s/10m00.0s

running (02m49.0s), 100/100 VUs, 2152 complete and 0 interrupted iterations
default   [  28% ] 100/100 VUs  02m49.0s/10m00.0s

running (02m50.0s), 100/100 VUs, 2172 complete and 0 interrupted iterations
default   [  28% ] 100/100 VUs  02m50.0s/10m00.0s

running (02m51.0s), 100/100 VUs, 2198 complete and 0 interrupted iterations
default   [  28% ] 100/100 VUs  02m51.0s/10m00.0s

running (02m52.0s), 100/100 VUs, 2217 complete and 0 interrupted iterations
default   [  29% ] 100/100 VUs  02m52.0s/10m00.0s

running (02m53.0s), 100/100 VUs, 2236 complete and 0 interrupted iterations
default   [  29% ] 100/100 VUs  02m53.0s/10m00.0s

running (02m54.0s), 100/100 VUs, 2251 complete and 0 interrupted iterations
default   [  29% ] 100/100 VUs  02m54.0s/10m00.0s

running (02m55.0s), 100/100 VUs, 2278 complete and 0 interrupted iterations
default   [  29% ] 100/100 VUs  02m55.0s/10m00.0s

running (02m56.0s), 100/100 VUs, 2294 complete and 0 interrupted iterations
default   [  29% ] 100/100 VUs  02m56.0s/10m00.0s

running (02m57.0s), 100/100 VUs, 2312 complete and 0 interrupted iterations
default   [  29% ] 100/100 VUs  02m57.0s/10m00.0s

running (02m58.0s), 100/100 VUs, 2339 complete and 0 interrupted iterations
default   [  30% ] 100/100 VUs  02m58.0s/10m00.0s

running (02m59.0s), 100/100 VUs, 2355 complete and 0 interrupted iterations
default   [  30% ] 100/100 VUs  02m59.0s/10m00.0s

running (03m00.0s), 100/100 VUs, 2376 complete and 0 interrupted iterations
default   [  30% ] 100/100 VUs  03m00.0s/10m00.0s

running (03m01.0s), 100/100 VUs, 2397 complete and 0 interrupted iterations
default   [  30% ] 100/100 VUs  03m01.0s/10m00.0s

running (03m02.0s), 100/100 VUs, 2418 complete and 0 interrupted iterations
default   [  30% ] 100/100 VUs  03m02.0s/10m00.0s

running (03m03.0s), 100/100 VUs, 2438 complete and 0 interrupted iterations
default   [  30% ] 100/100 VUs  03m03.0s/10m00.0s

running (03m04.0s), 100/100 VUs, 2454 complete and 0 interrupted iterations
default   [  31% ] 100/100 VUs  03m04.0s/10m00.0s

running (03m05.0s), 100/100 VUs, 2477 complete and 0 interrupted iterations
default   [  31% ] 100/100 VUs  03m05.0s/10m00.0s

running (03m06.0s), 100/100 VUs, 2504 complete and 0 interrupted iterations
default   [  31% ] 100/100 VUs  03m06.0s/10m00.0s

running (03m07.0s), 100/100 VUs, 2520 complete and 0 interrupted iterations
default   [  31% ] 100/100 VUs  03m07.0s/10m00.0s

running (03m08.0s), 100/100 VUs, 2536 complete and 0 interrupted iterations
default   [  31% ] 100/100 VUs  03m08.0s/10m00.0s

running (03m09.0s), 100/100 VUs, 2556 complete and 0 interrupted iterations
default   [  31% ] 100/100 VUs  03m09.0s/10m00.0s

running (03m10.0s), 100/100 VUs, 2579 complete and 0 interrupted iterations
default   [  32% ] 100/100 VUs  03m10.0s/10m00.0s

running (03m11.0s), 100/100 VUs, 2603 complete and 0 interrupted iterations
default   [  32% ] 100/100 VUs  03m11.0s/10m00.0s

running (03m12.0s), 100/100 VUs, 2623 complete and 0 interrupted iterations
default   [  32% ] 100/100 VUs  03m12.0s/10m00.0s

running (03m13.0s), 100/100 VUs, 2641 complete and 0 interrupted iterations
default   [  32% ] 100/100 VUs  03m13.0s/10m00.0s

running (03m14.0s), 100/100 VUs, 2668 complete and 0 interrupted iterations
default   [  32% ] 100/100 VUs  03m14.0s/10m00.0s

running (03m15.0s), 100/100 VUs, 2679 complete and 0 interrupted iterations
default   [  32% ] 100/100 VUs  03m15.0s/10m00.0s

running (03m16.0s), 100/100 VUs, 2702 complete and 0 interrupted iterations
default   [  33% ] 100/100 VUs  03m16.0s/10m00.0s

running (03m17.0s), 100/100 VUs, 2719 complete and 0 interrupted iterations
default   [  33% ] 100/100 VUs  03m17.0s/10m00.0s

running (03m18.0s), 100/100 VUs, 2747 complete and 0 interrupted iterations
default   [  33% ] 100/100 VUs  03m18.0s/10m00.0s

running (03m19.0s), 100/100 VUs, 2763 complete and 0 interrupted iterations
default   [  33% ] 100/100 VUs  03m19.0s/10m00.0s

running (03m20.0s), 100/100 VUs, 2782 complete and 0 interrupted iterations
default   [  33% ] 100/100 VUs  03m20.0s/10m00.0s

running (03m21.0s), 100/100 VUs, 2798 complete and 0 interrupted iterations
default   [  33% ] 100/100 VUs  03m21.0s/10m00.0s

running (03m22.0s), 100/100 VUs, 2820 complete and 0 interrupted iterations
default   [  34% ] 100/100 VUs  03m22.0s/10m00.0s

running (03m23.0s), 100/100 VUs, 2843 complete and 0 interrupted iterations
default   [  34% ] 100/100 VUs  03m23.0s/10m00.0s

running (03m24.0s), 100/100 VUs, 2869 complete and 0 interrupted iterations
default   [  34% ] 100/100 VUs  03m24.0s/10m00.0s

running (03m25.0s), 100/100 VUs, 2884 complete and 0 interrupted iterations
default   [  34% ] 100/100 VUs  03m25.0s/10m00.0s

running (03m26.0s), 100/100 VUs, 2903 complete and 0 interrupted iterations
default   [  34% ] 100/100 VUs  03m26.0s/10m00.0s

running (03m27.0s), 100/100 VUs, 2925 complete and 0 interrupted iterations
default   [  34% ] 100/100 VUs  03m27.0s/10m00.0s

running (03m28.0s), 100/100 VUs, 2946 complete and 0 interrupted iterations
default   [  35% ] 100/100 VUs  03m28.0s/10m00.0s

running (03m29.0s), 100/100 VUs, 2968 complete and 0 interrupted iterations
default   [  35% ] 100/100 VUs  03m29.0s/10m00.0s

running (03m30.0s), 100/100 VUs, 2988 complete and 0 interrupted iterations
default   [  35% ] 100/100 VUs  03m30.0s/10m00.0s

running (03m31.0s), 100/100 VUs, 3001 complete and 0 interrupted iterations
default   [  35% ] 100/100 VUs  03m31.0s/10m00.0s

running (03m32.0s), 100/100 VUs, 3027 complete and 0 interrupted iterations
default   [  35% ] 100/100 VUs  03m32.0s/10m00.0s

running (03m33.0s), 100/100 VUs, 3046 complete and 0 interrupted iterations
default   [  35% ] 100/100 VUs  03m33.0s/10m00.0s

running (03m34.0s), 100/100 VUs, 3073 complete and 0 interrupted iterations
default   [  36% ] 100/100 VUs  03m34.0s/10m00.0s

running (03m35.0s), 100/100 VUs, 3088 complete and 0 interrupted iterations
default   [  36% ] 100/100 VUs  03m35.0s/10m00.0s

running (03m36.0s), 100/100 VUs, 3102 complete and 0 interrupted iterations
default   [  36% ] 100/100 VUs  03m36.0s/10m00.0s

running (03m37.0s), 100/100 VUs, 3128 complete and 0 interrupted iterations
default   [  36% ] 100/100 VUs  03m37.0s/10m00.0s

running (03m38.0s), 100/100 VUs, 3143 complete and 0 interrupted iterations
default   [  36% ] 100/100 VUs  03m38.0s/10m00.0s

running (03m39.0s), 100/100 VUs, 3174 complete and 0 interrupted iterations
default   [  36% ] 100/100 VUs  03m39.0s/10m00.0s

running (03m40.0s), 100/100 VUs, 3190 complete and 0 interrupted iterations
default   [  37% ] 100/100 VUs  03m40.0s/10m00.0s

running (03m41.0s), 100/100 VUs, 3207 complete and 0 interrupted iterations
default   [  37% ] 100/100 VUs  03m41.0s/10m00.0s

running (03m42.0s), 100/100 VUs, 3224 complete and 0 interrupted iterations
default   [  37% ] 100/100 VUs  03m42.0s/10m00.0s

running (03m43.0s), 100/100 VUs, 3246 complete and 0 interrupted iterations
default   [  37% ] 100/100 VUs  03m43.0s/10m00.0s

running (03m44.0s), 100/100 VUs, 3267 complete and 0 interrupted iterations
default   [  37% ] 100/100 VUs  03m44.0s/10m00.0s

running (03m45.0s), 100/100 VUs, 3291 complete and 0 interrupted iterations
default   [  37% ] 100/100 VUs  03m45.0s/10m00.0s

running (03m46.0s), 100/100 VUs, 3312 complete and 0 interrupted iterations
default   [  38% ] 100/100 VUs  03m46.0s/10m00.0s

running (03m47.0s), 100/100 VUs, 3329 complete and 0 interrupted iterations
default   [  38% ] 100/100 VUs  03m47.0s/10m00.0s

running (03m48.0s), 100/100 VUs, 3350 complete and 0 interrupted iterations
default   [  38% ] 100/100 VUs  03m48.0s/10m00.0s

running (03m49.0s), 100/100 VUs, 3365 complete and 0 interrupted iterations
default   [  38% ] 100/100 VUs  03m49.0s/10m00.0s

running (03m50.0s), 100/100 VUs, 3389 complete and 0 interrupted iterations
default   [  38% ] 100/100 VUs  03m50.0s/10m00.0s

running (03m51.0s), 100/100 VUs, 3412 complete and 0 interrupted iterations
default   [  38% ] 100/100 VUs  03m51.0s/10m00.0s

running (03m52.0s), 100/100 VUs, 3431 complete and 0 interrupted iterations
default   [  39% ] 100/100 VUs  03m52.0s/10m00.0s

running (03m53.0s), 100/100 VUs, 3445 complete and 0 interrupted iterations
default   [  39% ] 100/100 VUs  03m53.0s/10m00.0s

running (03m54.0s), 100/100 VUs, 3471 complete and 0 interrupted iterations
default   [  39% ] 100/100 VUs  03m54.0s/10m00.0s

running (03m55.0s), 100/100 VUs, 3495 complete and 0 interrupted iterations
default   [  39% ] 100/100 VUs  03m55.0s/10m00.0s

running (03m56.0s), 100/100 VUs, 3509 complete and 0 interrupted iterations
default   [  39% ] 100/100 VUs  03m56.0s/10m00.0s

running (03m57.0s), 100/100 VUs, 3532 complete and 0 interrupted iterations
default   [  39% ] 100/100 VUs  03m57.0s/10m00.0s

running (03m58.0s), 100/100 VUs, 3550 complete and 0 interrupted iterations
default   [  40% ] 100/100 VUs  03m58.0s/10m00.0s

running (03m59.0s), 100/100 VUs, 3574 complete and 0 interrupted iterations
default   [  40% ] 100/100 VUs  03m59.0s/10m00.0s

running (04m00.0s), 100/100 VUs, 3597 complete and 0 interrupted iterations
default   [  40% ] 100/100 VUs  04m00.0s/10m00.0s

running (04m01.0s), 100/100 VUs, 3619 complete and 0 interrupted iterations
default   [  40% ] 100/100 VUs  04m01.0s/10m00.0s

running (04m02.0s), 100/100 VUs, 3635 complete and 0 interrupted iterations
default   [  40% ] 100/100 VUs  04m02.0s/10m00.0s

running (04m03.0s), 100/100 VUs, 3653 complete and 0 interrupted iterations
default   [  40% ] 100/100 VUs  04m03.0s/10m00.0s

running (04m04.0s), 100/100 VUs, 3673 complete and 0 interrupted iterations
default   [  41% ] 100/100 VUs  04m04.0s/10m00.0s

running (04m05.0s), 100/100 VUs, 3696 complete and 0 interrupted iterations
default   [  41% ] 100/100 VUs  04m05.0s/10m00.0s

running (04m06.0s), 100/100 VUs, 3717 complete and 0 interrupted iterations
default   [  41% ] 100/100 VUs  04m06.0s/10m00.0s

running (04m07.0s), 100/100 VUs, 3734 complete and 0 interrupted iterations
default   [  41% ] 100/100 VUs  04m07.0s/10m00.0s

running (04m08.0s), 100/100 VUs, 3749 complete and 0 interrupted iterations
default   [  41% ] 100/100 VUs  04m08.0s/10m00.0s

running (04m09.0s), 100/100 VUs, 3772 complete and 0 interrupted iterations
default   [  41% ] 100/100 VUs  04m09.0s/10m00.0s

running (04m10.0s), 100/100 VUs, 3794 complete and 0 interrupted iterations
default   [  42% ] 100/100 VUs  04m10.0s/10m00.0s

running (04m11.0s), 100/100 VUs, 3817 complete and 0 interrupted iterations
default   [  42% ] 100/100 VUs  04m11.0s/10m00.0s

running (04m12.0s), 100/100 VUs, 3835 complete and 0 interrupted iterations
default   [  42% ] 100/100 VUs  04m12.0s/10m00.0s

running (04m13.0s), 100/100 VUs, 3848 complete and 0 interrupted iterations
default   [  42% ] 100/100 VUs  04m13.0s/10m00.0s

running (04m14.0s), 100/100 VUs, 3876 complete and 0 interrupted iterations
default   [  42% ] 100/100 VUs  04m14.0s/10m00.0s

running (04m15.0s), 100/100 VUs, 3899 complete and 0 interrupted iterations
default   [  42% ] 100/100 VUs  04m15.0s/10m00.0s

running (04m16.0s), 100/100 VUs, 3918 complete and 0 interrupted iterations
default   [  43% ] 100/100 VUs  04m16.0s/10m00.0s

running (04m17.0s), 100/100 VUs, 3934 complete and 0 interrupted iterations
default   [  43% ] 100/100 VUs  04m17.0s/10m00.0s

running (04m18.0s), 100/100 VUs, 3953 complete and 0 interrupted iterations
default   [  43% ] 100/100 VUs  04m18.0s/10m00.0s

running (04m19.0s), 100/100 VUs, 3972 complete and 0 interrupted iterations
default   [  43% ] 100/100 VUs  04m19.0s/10m00.0s

running (04m20.0s), 100/100 VUs, 4000 complete and 0 interrupted iterations
default   [  43% ] 100/100 VUs  04m20.0s/10m00.0s

running (04m21.0s), 100/100 VUs, 4024 complete and 0 interrupted iterations
default   [  43% ] 100/100 VUs  04m21.0s/10m00.0s

running (04m22.0s), 100/100 VUs, 4037 complete and 0 interrupted iterations
default   [  44% ] 100/100 VUs  04m22.0s/10m00.0s

running (04m23.0s), 100/100 VUs, 4054 complete and 0 interrupted iterations
default   [  44% ] 100/100 VUs  04m23.0s/10m00.0s

running (04m24.0s), 100/100 VUs, 4077 complete and 0 interrupted iterations
default   [  44% ] 100/100 VUs  04m24.0s/10m00.0s

running (04m25.0s), 100/100 VUs, 4100 complete and 0 interrupted iterations
default   [  44% ] 100/100 VUs  04m25.0s/10m00.0s

running (04m26.0s), 100/100 VUs, 4115 complete and 0 interrupted iterations
default   [  44% ] 100/100 VUs  04m26.0s/10m00.0s

running (04m27.0s), 100/100 VUs, 4136 complete and 0 interrupted iterations
default   [  44% ] 100/100 VUs  04m27.0s/10m00.0s

running (04m28.0s), 100/100 VUs, 4157 complete and 0 interrupted iterations
default   [  45% ] 100/100 VUs  04m28.0s/10m00.0s

running (04m29.0s), 100/100 VUs, 4177 complete and 0 interrupted iterations
default   [  45% ] 100/100 VUs  04m29.0s/10m00.0s

running (04m30.0s), 100/100 VUs, 4205 complete and 0 interrupted iterations
default   [  45% ] 100/100 VUs  04m30.0s/10m00.0s

running (04m31.0s), 100/100 VUs, 4219 complete and 0 interrupted iterations
default   [  45% ] 100/100 VUs  04m31.0s/10m00.0s

running (04m32.0s), 100/100 VUs, 4237 complete and 0 interrupted iterations
default   [  45% ] 100/100 VUs  04m32.0s/10m00.0s

running (04m33.0s), 100/100 VUs, 4260 complete and 0 interrupted iterations
default   [  45% ] 100/100 VUs  04m33.0s/10m00.0s

running (04m34.0s), 100/100 VUs, 4282 complete and 0 interrupted iterations
default   [  46% ] 100/100 VUs  04m34.0s/10m00.0s

running (04m35.0s), 100/100 VUs, 4306 complete and 0 interrupted iterations
default   [  46% ] 100/100 VUs  04m35.0s/10m00.0s

running (04m36.0s), 100/100 VUs, 4323 complete and 0 interrupted iterations
default   [  46% ] 100/100 VUs  04m36.0s/10m00.0s

running (04m37.0s), 100/100 VUs, 4339 complete and 0 interrupted iterations
default   [  46% ] 100/100 VUs  04m37.0s/10m00.0s

running (04m38.0s), 100/100 VUs, 4355 complete and 0 interrupted iterations
default   [  46% ] 100/100 VUs  04m38.0s/10m00.0s

running (04m39.0s), 100/100 VUs, 4383 complete and 0 interrupted iterations
default   [  46% ] 100/100 VUs  04m39.0s/10m00.0s

running (04m40.0s), 100/100 VUs, 4408 complete and 0 interrupted iterations
default   [  47% ] 100/100 VUs  04m40.0s/10m00.0s

running (04m41.0s), 100/100 VUs, 4423 complete and 0 interrupted iterations
default   [  47% ] 100/100 VUs  04m41.0s/10m00.0s

running (04m42.0s), 100/100 VUs, 4438 complete and 0 interrupted iterations
default   [  47% ] 100/100 VUs  04m42.0s/10m00.0s

running (04m43.0s), 100/100 VUs, 4462 complete and 0 interrupted iterations
default   [  47% ] 100/100 VUs  04m43.0s/10m00.0s

running (04m44.0s), 100/100 VUs, 4487 complete and 0 interrupted iterations
default   [  47% ] 100/100 VUs  04m44.0s/10m00.0s

running (04m45.0s), 100/100 VUs, 4507 complete and 0 interrupted iterations
default   [  47% ] 100/100 VUs  04m45.0s/10m00.0s

running (04m46.0s), 100/100 VUs, 4530 complete and 0 interrupted iterations
default   [  48% ] 100/100 VUs  04m46.0s/10m00.0s

running (04m47.0s), 100/100 VUs, 4542 complete and 0 interrupted iterations
default   [  48% ] 100/100 VUs  04m47.0s/10m00.0s

running (04m48.0s), 100/100 VUs, 4565 complete and 0 interrupted iterations
default   [  48% ] 100/100 VUs  04m48.0s/10m00.0s

running (04m49.0s), 100/100 VUs, 4585 complete and 0 interrupted iterations
default   [  48% ] 100/100 VUs  04m49.0s/10m00.0s

running (04m50.0s), 100/100 VUs, 4613 complete and 0 interrupted iterations
default   [  48% ] 100/100 VUs  04m50.0s/10m00.0s

running (04m51.0s), 100/100 VUs, 4628 complete and 0 interrupted iterations
default   [  48% ] 100/100 VUs  04m51.0s/10m00.0s

running (04m52.0s), 100/100 VUs, 4647 complete and 0 interrupted iterations
default   [  49% ] 100/100 VUs  04m52.0s/10m00.0s

running (04m53.0s), 100/100 VUs, 4666 complete and 0 interrupted iterations
default   [  49% ] 100/100 VUs  04m53.0s/10m00.0s

running (04m54.0s), 100/100 VUs, 4688 complete and 0 interrupted iterations
default   [  49% ] 100/100 VUs  04m54.0s/10m00.0s

running (04m55.0s), 100/100 VUs, 4713 complete and 0 interrupted iterations
default   [  49% ] 100/100 VUs  04m55.0s/10m00.0s

running (04m56.0s), 100/100 VUs, 4729 complete and 0 interrupted iterations
default   [  49% ] 100/100 VUs  04m56.0s/10m00.0s

running (04m57.0s), 100/100 VUs, 4747 complete and 0 interrupted iterations
default   [  49% ] 100/100 VUs  04m57.0s/10m00.0s

running (04m58.0s), 100/100 VUs, 4767 complete and 0 interrupted iterations
default   [  50% ] 100/100 VUs  04m58.0s/10m00.0s

running (04m59.0s), 100/100 VUs, 4793 complete and 0 interrupted iterations
default   [  50% ] 100/100 VUs  04m59.0s/10m00.0s

running (05m00.0s), 100/100 VUs, 4816 complete and 0 interrupted iterations
default   [  50% ] 100/100 VUs  05m00.0s/10m00.0s

running (05m01.0s), 100/100 VUs, 4833 complete and 0 interrupted iterations
default   [  50% ] 100/100 VUs  05m01.0s/10m00.0s

running (05m02.0s), 100/100 VUs, 4852 complete and 0 interrupted iterations
default   [  50% ] 100/100 VUs  05m02.0s/10m00.0s

running (05m03.0s), 100/100 VUs, 4868 complete and 0 interrupted iterations
default   [  50% ] 100/100 VUs  05m03.0s/10m00.0s

running (05m04.0s), 100/100 VUs, 4889 complete and 0 interrupted iterations
default   [  51% ] 100/100 VUs  05m04.0s/10m00.0s

running (05m05.0s), 100/100 VUs, 4921 complete and 0 interrupted iterations
default   [  51% ] 100/100 VUs  05m05.0s/10m00.0s

running (05m06.0s), 100/100 VUs, 4936 complete and 0 interrupted iterations
default   [  51% ] 100/100 VUs  05m06.0s/10m00.0s

running (05m07.0s), 100/100 VUs, 4948 complete and 0 interrupted iterations
default   [  51% ] 100/100 VUs  05m07.0s/10m00.0s

running (05m08.0s), 100/100 VUs, 4968 complete and 0 interrupted iterations
default   [  51% ] 100/100 VUs  05m08.0s/10m00.0s

running (05m09.0s), 100/100 VUs, 4995 complete and 0 interrupted iterations
default   [  51% ] 100/100 VUs  05m09.0s/10m00.0s

running (05m10.0s), 100/100 VUs, 5021 complete and 0 interrupted iterations
default   [  52% ] 100/100 VUs  05m10.0s/10m00.0s

running (05m11.0s), 100/100 VUs, 5036 complete and 0 interrupted iterations
default   [  52% ] 100/100 VUs  05m11.0s/10m00.0s

running (05m12.0s), 100/100 VUs, 5050 complete and 0 interrupted iterations
default   [  52% ] 100/100 VUs  05m12.0s/10m00.0s

running (05m13.0s), 100/100 VUs, 5069 complete and 0 interrupted iterations
default   [  52% ] 100/100 VUs  05m13.0s/10m00.0s

running (05m14.0s), 100/100 VUs, 5095 complete and 0 interrupted iterations
default   [  52% ] 100/100 VUs  05m14.0s/10m00.0s

running (05m15.0s), 100/100 VUs, 5120 complete and 0 interrupted iterations
default   [  52% ] 100/100 VUs  05m15.0s/10m00.0s

running (05m16.0s), 100/100 VUs, 5136 complete and 0 interrupted iterations
default   [  53% ] 100/100 VUs  05m16.0s/10m00.0s

running (05m17.0s), 100/100 VUs, 5149 complete and 0 interrupted iterations
default   [  53% ] 100/100 VUs  05m17.0s/10m00.0s

running (05m18.0s), 100/100 VUs, 5169 complete and 0 interrupted iterations
default   [  53% ] 100/100 VUs  05m18.0s/10m00.0s

running (05m19.0s), 100/100 VUs, 5188 complete and 0 interrupted iterations
default   [  53% ] 100/100 VUs  05m19.0s/10m00.0s

running (05m20.0s), 100/100 VUs, 5216 complete and 0 interrupted iterations
default   [  53% ] 100/100 VUs  05m20.0s/10m00.0s

running (05m21.0s), 100/100 VUs, 5238 complete and 0 interrupted iterations
default   [  53% ] 100/100 VUs  05m21.0s/10m00.0s

running (05m22.0s), 100/100 VUs, 5253 complete and 0 interrupted iterations
default   [  54% ] 100/100 VUs  05m22.0s/10m00.0s

running (05m23.0s), 100/100 VUs, 5271 complete and 0 interrupted iterations
default   [  54% ] 100/100 VUs  05m23.0s/10m00.0s

running (05m24.0s), 100/100 VUs, 5291 complete and 0 interrupted iterations
default   [  54% ] 100/100 VUs  05m24.0s/10m00.0s

running (05m25.0s), 100/100 VUs, 5314 complete and 0 interrupted iterations
default   [  54% ] 100/100 VUs  05m25.0s/10m00.0s

running (05m26.0s), 100/100 VUs, 5340 complete and 0 interrupted iterations
default   [  54% ] 100/100 VUs  05m26.0s/10m00.0s

running (05m27.0s), 100/100 VUs, 5357 complete and 0 interrupted iterations
default   [  54% ] 100/100 VUs  05m27.0s/10m00.0s

running (05m28.0s), 100/100 VUs, 5376 complete and 0 interrupted iterations
default   [  55% ] 100/100 VUs  05m28.0s/10m00.0s

running (05m29.0s), 100/100 VUs, 5396 complete and 0 interrupted iterations
default   [  55% ] 100/100 VUs  05m29.0s/10m00.0s

running (05m30.0s), 100/100 VUs, 5417 complete and 0 interrupted iterations
default   [  55% ] 100/100 VUs  05m30.0s/10m00.0s

running (05m31.0s), 100/100 VUs, 5446 complete and 0 interrupted iterations
default   [  55% ] 100/100 VUs  05m31.0s/10m00.0s

running (05m32.0s), 100/100 VUs, 5460 complete and 0 interrupted iterations
default   [  55% ] 100/100 VUs  05m32.0s/10m00.0s

running (05m33.0s), 100/100 VUs, 5479 complete and 0 interrupted iterations
default   [  55% ] 100/100 VUs  05m33.0s/10m00.0s

running (05m34.0s), 100/100 VUs, 5499 complete and 0 interrupted iterations
default   [  56% ] 100/100 VUs  05m34.0s/10m00.0s

running (05m35.0s), 100/100 VUs, 5521 complete and 0 interrupted iterations
default   [  56% ] 100/100 VUs  05m35.0s/10m00.0s

running (05m36.0s), 100/100 VUs, 5543 complete and 0 interrupted iterations
default   [  56% ] 100/100 VUs  05m36.0s/10m00.0s

running (05m37.0s), 100/100 VUs, 5562 complete and 0 interrupted iterations
default   [  56% ] 100/100 VUs  05m37.0s/10m00.0s

running (05m38.0s), 100/100 VUs, 5579 complete and 0 interrupted iterations
default   [  56% ] 100/100 VUs  05m38.0s/10m00.0s

running (05m39.0s), 100/100 VUs, 5598 complete and 0 interrupted iterations
default   [  56% ] 100/100 VUs  05m39.0s/10m00.0s

running (05m40.0s), 100/100 VUs, 5623 complete and 0 interrupted iterations
default   [  57% ] 100/100 VUs  05m40.0s/10m00.0s

running (05m41.0s), 100/100 VUs, 5645 complete and 0 interrupted iterations
default   [  57% ] 100/100 VUs  05m41.0s/10m00.0s

running (05m42.0s), 100/100 VUs, 5667 complete and 0 interrupted iterations
default   [  57% ] 100/100 VUs  05m42.0s/10m00.0s

running (05m43.0s), 100/100 VUs, 5679 complete and 0 interrupted iterations
default   [  57% ] 100/100 VUs  05m43.0s/10m00.0s

running (05m44.0s), 100/100 VUs, 5698 complete and 0 interrupted iterations
default   [  57% ] 100/100 VUs  05m44.0s/10m00.0s

running (05m45.0s), 100/100 VUs, 5717 complete and 0 interrupted iterations
default   [  57% ] 100/100 VUs  05m45.0s/10m00.0s

running (05m46.0s), 100/100 VUs, 5743 complete and 0 interrupted iterations
default   [  58% ] 100/100 VUs  05m46.0s/10m00.0s

running (05m47.0s), 100/100 VUs, 5763 complete and 0 interrupted iterations
default   [  58% ] 100/100 VUs  05m47.0s/10m00.0s

running (05m48.0s), 100/100 VUs, 5781 complete and 0 interrupted iterations
default   [  58% ] 100/100 VUs  05m48.0s/10m00.0s

running (05m49.0s), 100/100 VUs, 5797 complete and 0 interrupted iterations
default   [  58% ] 100/100 VUs  05m49.0s/10m00.0s

running (05m50.0s), 100/100 VUs, 5821 complete and 0 interrupted iterations
default   [  58% ] 100/100 VUs  05m50.0s/10m00.0s

running (05m51.0s), 100/100 VUs, 5844 complete and 0 interrupted iterations
default   [  58% ] 100/100 VUs  05m51.0s/10m00.0s

running (05m52.0s), 100/100 VUs, 5860 complete and 0 interrupted iterations
default   [  59% ] 100/100 VUs  05m52.0s/10m00.0s

running (05m53.0s), 100/100 VUs, 5882 complete and 0 interrupted iterations
default   [  59% ] 100/100 VUs  05m53.0s/10m00.0s

running (05m54.0s), 100/100 VUs, 5902 complete and 0 interrupted iterations
default   [  59% ] 100/100 VUs  05m54.0s/10m00.0s

running (05m55.0s), 100/100 VUs, 5923 complete and 0 interrupted iterations
default   [  59% ] 100/100 VUs  05m55.0s/10m00.0s

running (05m56.0s), 100/100 VUs, 5941 complete and 0 interrupted iterations
default   [  59% ] 100/100 VUs  05m56.0s/10m00.0s

running (05m57.0s), 100/100 VUs, 5964 complete and 0 interrupted iterations
default   [  59% ] 100/100 VUs  05m57.0s/10m00.0s

running (05m58.0s), 100/100 VUs, 5990 complete and 0 interrupted iterations
default   [  60% ] 100/100 VUs  05m58.0s/10m00.0s

running (05m59.0s), 100/100 VUs, 6002 complete and 0 interrupted iterations
default   [  60% ] 100/100 VUs  05m59.0s/10m00.0s

running (06m00.0s), 100/100 VUs, 6024 complete and 0 interrupted iterations
default   [  60% ] 100/100 VUs  06m00.0s/10m00.0s

running (06m01.0s), 100/100 VUs, 6041 complete and 0 interrupted iterations
default   [  60% ] 100/100 VUs  06m01.0s/10m00.0s

running (06m02.0s), 100/100 VUs, 6064 complete and 0 interrupted iterations
default   [  60% ] 100/100 VUs  06m02.0s/10m00.0s

running (06m03.0s), 100/100 VUs, 6082 complete and 0 interrupted iterations
default   [  60% ] 100/100 VUs  06m03.0s/10m00.0s

running (06m04.0s), 100/100 VUs, 6102 complete and 0 interrupted iterations
default   [  61% ] 100/100 VUs  06m04.0s/10m00.0s

running (06m05.0s), 100/100 VUs, 6115 complete and 0 interrupted iterations
default   [  61% ] 100/100 VUs  06m05.0s/10m00.0s

running (06m06.0s), 100/100 VUs, 6141 complete and 0 interrupted iterations
default   [  61% ] 100/100 VUs  06m06.0s/10m00.0s

running (06m07.0s), 100/100 VUs, 6163 complete and 0 interrupted iterations
default   [  61% ] 100/100 VUs  06m07.0s/10m00.0s

running (06m08.0s), 100/100 VUs, 6185 complete and 0 interrupted iterations
default   [  61% ] 100/100 VUs  06m08.0s/10m00.0s

running (06m09.0s), 100/100 VUs, 6206 complete and 0 interrupted iterations
default   [  61% ] 100/100 VUs  06m09.0s/10m00.0s

running (06m10.0s), 100/100 VUs, 6217 complete and 0 interrupted iterations
default   [  62% ] 100/100 VUs  06m10.0s/10m00.0s

running (06m11.0s), 100/100 VUs, 6237 complete and 0 interrupted iterations
default   [  62% ] 100/100 VUs  06m11.0s/10m00.0s

running (06m12.0s), 100/100 VUs, 6259 complete and 0 interrupted iterations
default   [  62% ] 100/100 VUs  06m12.0s/10m00.0s

running (06m13.0s), 100/100 VUs, 6286 complete and 0 interrupted iterations
default   [  62% ] 100/100 VUs  06m13.0s/10m00.0s

running (06m14.0s), 100/100 VUs, 6304 complete and 0 interrupted iterations
default   [  62% ] 100/100 VUs  06m14.0s/10m00.0s

running (06m15.0s), 100/100 VUs, 6320 complete and 0 interrupted iterations
default   [  62% ] 100/100 VUs  06m15.0s/10m00.0s

running (06m16.0s), 100/100 VUs, 6336 complete and 0 interrupted iterations
default   [  63% ] 100/100 VUs  06m16.0s/10m00.0s

running (06m17.0s), 100/100 VUs, 6363 complete and 0 interrupted iterations
default   [  63% ] 100/100 VUs  06m17.0s/10m00.0s

running (06m18.0s), 100/100 VUs, 6386 complete and 0 interrupted iterations
default   [  63% ] 100/100 VUs  06m18.0s/10m00.0s

running (06m19.0s), 100/100 VUs, 6404 complete and 0 interrupted iterations
default   [  63% ] 100/100 VUs  06m19.0s/10m00.0s

running (06m20.0s), 100/100 VUs, 6420 complete and 0 interrupted iterations
default   [  63% ] 100/100 VUs  06m20.0s/10m00.0s

running (06m21.0s), 100/100 VUs, 6437 complete and 0 interrupted iterations
default   [  63% ] 100/100 VUs  06m21.0s/10m00.0s

running (06m22.0s), 100/100 VUs, 6461 complete and 0 interrupted iterations
default   [  64% ] 100/100 VUs  06m22.0s/10m00.0s

running (06m23.0s), 100/100 VUs, 6488 complete and 0 interrupted iterations
default   [  64% ] 100/100 VUs  06m23.0s/10m00.0s

running (06m24.0s), 100/100 VUs, 6511 complete and 0 interrupted iterations
default   [  64% ] 100/100 VUs  06m24.0s/10m00.0s

running (06m25.0s), 100/100 VUs, 6525 complete and 0 interrupted iterations
default   [  64% ] 100/100 VUs  06m25.0s/10m00.0s

running (06m26.0s), 100/100 VUs, 6535 complete and 0 interrupted iterations
default   [  64% ] 100/100 VUs  06m26.0s/10m00.0s

running (06m27.0s), 100/100 VUs, 6561 complete and 0 interrupted iterations
default   [  64% ] 100/100 VUs  06m27.0s/10m00.0s

running (06m28.0s), 100/100 VUs, 6586 complete and 0 interrupted iterations
default   [  65% ] 100/100 VUs  06m28.0s/10m00.0s

running (06m29.0s), 100/100 VUs, 6605 complete and 0 interrupted iterations
default   [  65% ] 100/100 VUs  06m29.0s/10m00.0s

running (06m30.0s), 100/100 VUs, 6624 complete and 0 interrupted iterations
default   [  65% ] 100/100 VUs  06m30.0s/10m00.0s

running (06m31.0s), 100/100 VUs, 6640 complete and 0 interrupted iterations
default   [  65% ] 100/100 VUs  06m31.0s/10m00.0s

running (06m32.0s), 100/100 VUs, 6667 complete and 0 interrupted iterations
default   [  65% ] 100/100 VUs  06m32.0s/10m00.0s

running (06m33.0s), 100/100 VUs, 6688 complete and 0 interrupted iterations
default   [  65% ] 100/100 VUs  06m33.0s/10m00.0s

running (06m34.0s), 100/100 VUs, 6705 complete and 0 interrupted iterations
default   [  66% ] 100/100 VUs  06m34.0s/10m00.0s

running (06m35.0s), 100/100 VUs, 6725 complete and 0 interrupted iterations
default   [  66% ] 100/100 VUs  06m35.0s/10m00.0s

running (06m36.0s), 100/100 VUs, 6741 complete and 0 interrupted iterations
default   [  66% ] 100/100 VUs  06m36.0s/10m00.0s

running (06m37.0s), 100/100 VUs, 6763 complete and 0 interrupted iterations
default   [  66% ] 100/100 VUs  06m37.0s/10m00.0s

running (06m38.0s), 100/100 VUs, 6787 complete and 0 interrupted iterations
default   [  66% ] 100/100 VUs  06m38.0s/10m00.0s

running (06m39.0s), 100/100 VUs, 6805 complete and 0 interrupted iterations
default   [  66% ] 100/100 VUs  06m39.0s/10m00.0s

running (06m40.0s), 100/100 VUs, 6826 complete and 0 interrupted iterations
default   [  67% ] 100/100 VUs  06m40.0s/10m00.0s

running (06m41.0s), 100/100 VUs, 6844 complete and 0 interrupted iterations
default   [  67% ] 100/100 VUs  06m41.0s/10m00.0s

running (06m42.0s), 100/100 VUs, 6864 complete and 0 interrupted iterations
default   [  67% ] 100/100 VUs  06m42.0s/10m00.0s

running (06m43.0s), 100/100 VUs, 6887 complete and 0 interrupted iterations
default   [  67% ] 100/100 VUs  06m43.0s/10m00.0s

running (06m44.0s), 100/100 VUs, 6909 complete and 0 interrupted iterations
default   [  67% ] 100/100 VUs  06m44.0s/10m00.0s

running (06m45.0s), 100/100 VUs, 6928 complete and 0 interrupted iterations
default   [  67% ] 100/100 VUs  06m45.0s/10m00.0s

running (06m46.0s), 100/100 VUs, 6951 complete and 0 interrupted iterations
default   [  68% ] 100/100 VUs  06m46.0s/10m00.0s

running (06m47.0s), 100/100 VUs, 6966 complete and 0 interrupted iterations
default   [  68% ] 100/100 VUs  06m47.0s/10m00.0s

running (06m48.0s), 100/100 VUs, 6985 complete and 0 interrupted iterations
default   [  68% ] 100/100 VUs  06m48.0s/10m00.0s

running (06m49.0s), 100/100 VUs, 7011 complete and 0 interrupted iterations
default   [  68% ] 100/100 VUs  06m49.0s/10m00.0s

running (06m50.0s), 100/100 VUs, 7026 complete and 0 interrupted iterations
default   [  68% ] 100/100 VUs  06m50.0s/10m00.0s

running (06m51.0s), 100/100 VUs, 7050 complete and 0 interrupted iterations
default   [  68% ] 100/100 VUs  06m51.0s/10m00.0s

running (06m52.0s), 100/100 VUs, 7068 complete and 0 interrupted iterations
default   [  69% ] 100/100 VUs  06m52.0s/10m00.0s

running (06m53.0s), 100/100 VUs, 7087 complete and 0 interrupted iterations
default   [  69% ] 100/100 VUs  06m53.0s/10m00.0s

running (06m54.0s), 100/100 VUs, 7106 complete and 0 interrupted iterations
default   [  69% ] 100/100 VUs  06m54.0s/10m00.0s

running (06m55.0s), 100/100 VUs, 7129 complete and 0 interrupted iterations
default   [  69% ] 100/100 VUs  06m55.0s/10m00.0s

running (06m56.0s), 100/100 VUs, 7151 complete and 0 interrupted iterations
default   [  69% ] 100/100 VUs  06m56.0s/10m00.0s

running (06m57.0s), 100/100 VUs, 7172 complete and 0 interrupted iterations
default   [  69% ] 100/100 VUs  06m57.0s/10m00.0s

running (06m58.0s), 100/100 VUs, 7188 complete and 0 interrupted iterations
default   [  70% ] 100/100 VUs  06m58.0s/10m00.0s

running (06m59.0s), 100/100 VUs, 7207 complete and 0 interrupted iterations
default   [  70% ] 100/100 VUs  06m59.0s/10m00.0s

running (07m00.0s), 100/100 VUs, 7229 complete and 0 interrupted iterations
default   [  70% ] 100/100 VUs  07m00.0s/10m00.0s

running (07m01.0s), 100/100 VUs, 7254 complete and 0 interrupted iterations
default   [  70% ] 100/100 VUs  07m01.0s/10m00.0s

running (07m02.0s), 100/100 VUs, 7272 complete and 0 interrupted iterations
default   [  70% ] 100/100 VUs  07m02.0s/10m00.0s

running (07m03.0s), 100/100 VUs, 7290 complete and 0 interrupted iterations
default   [  70% ] 100/100 VUs  07m03.0s/10m00.0s

running (07m04.0s), 100/100 VUs, 7309 complete and 0 interrupted iterations
default   [  71% ] 100/100 VUs  07m04.0s/10m00.0s

running (07m05.0s), 100/100 VUs, 7334 complete and 0 interrupted iterations
default   [  71% ] 100/100 VUs  07m05.0s/10m00.0s

running (07m06.0s), 100/100 VUs, 7359 complete and 0 interrupted iterations
default   [  71% ] 100/100 VUs  07m06.0s/10m00.0s

running (07m07.0s), 100/100 VUs, 7372 complete and 0 interrupted iterations
default   [  71% ] 100/100 VUs  07m07.0s/10m00.0s

running (07m08.0s), 100/100 VUs, 7389 complete and 0 interrupted iterations
default   [  71% ] 100/100 VUs  07m08.0s/10m00.0s

running (07m09.0s), 100/100 VUs, 7412 complete and 0 interrupted iterations
default   [  71% ] 100/100 VUs  07m09.0s/10m00.0s

running (07m10.0s), 100/100 VUs, 7433 complete and 0 interrupted iterations
default   [  72% ] 100/100 VUs  07m10.0s/10m00.0s

running (07m11.0s), 100/100 VUs, 7459 complete and 0 interrupted iterations
default   [  72% ] 100/100 VUs  07m11.0s/10m00.0s

running (07m12.0s), 100/100 VUs, 7474 complete and 0 interrupted iterations
default   [  72% ] 100/100 VUs  07m12.0s/10m00.0s

running (07m13.0s), 100/100 VUs, 7488 complete and 0 interrupted iterations
default   [  72% ] 100/100 VUs  07m13.0s/10m00.0s

running (07m14.0s), 100/100 VUs, 7514 complete and 0 interrupted iterations
default   [  72% ] 100/100 VUs  07m14.0s/10m00.0s

running (07m15.0s), 100/100 VUs, 7531 complete and 0 interrupted iterations
default   [  72% ] 100/100 VUs  07m15.0s/10m00.0s

running (07m16.0s), 100/100 VUs, 7559 complete and 0 interrupted iterations
default   [  73% ] 100/100 VUs  07m16.0s/10m00.0s

running (07m17.0s), 100/100 VUs, 7577 complete and 0 interrupted iterations
default   [  73% ] 100/100 VUs  07m17.0s/10m00.0s

running (07m18.0s), 100/100 VUs, 7595 complete and 0 interrupted iterations
default   [  73% ] 100/100 VUs  07m18.0s/10m00.0s

running (07m19.0s), 100/100 VUs, 7611 complete and 0 interrupted iterations
default   [  73% ] 100/100 VUs  07m19.0s/10m00.0s

running (07m20.0s), 100/100 VUs, 7635 complete and 0 interrupted iterations
default   [  73% ] 100/100 VUs  07m20.0s/10m00.0s

running (07m21.0s), 100/100 VUs, 7654 complete and 0 interrupted iterations
default   [  73% ] 100/100 VUs  07m21.0s/10m00.0s

running (07m22.0s), 100/100 VUs, 7675 complete and 0 interrupted iterations
default   [  74% ] 100/100 VUs  07m22.0s/10m00.0s

running (07m23.0s), 100/100 VUs, 7696 complete and 0 interrupted iterations
default   [  74% ] 100/100 VUs  07m23.0s/10m00.0s

running (07m24.0s), 100/100 VUs, 7715 complete and 0 interrupted iterations
default   [  74% ] 100/100 VUs  07m24.0s/10m00.0s

running (07m25.0s), 100/100 VUs, 7739 complete and 0 interrupted iterations
default   [  74% ] 100/100 VUs  07m25.0s/10m00.0s

running (07m26.0s), 100/100 VUs, 7754 complete and 0 interrupted iterations
default   [  74% ] 100/100 VUs  07m26.0s/10m00.0s

running (07m27.0s), 100/100 VUs, 7775 complete and 0 interrupted iterations
default   [  74% ] 100/100 VUs  07m27.0s/10m00.0s

running (07m28.0s), 100/100 VUs, 7800 complete and 0 interrupted iterations
default   [  75% ] 100/100 VUs  07m28.0s/10m00.0s

running (07m29.0s), 100/100 VUs, 7820 complete and 0 interrupted iterations
default   [  75% ] 100/100 VUs  07m29.0s/10m00.0s

running (07m30.0s), 100/100 VUs, 7840 complete and 0 interrupted iterations
default   [  75% ] 100/100 VUs  07m30.0s/10m00.0s

running (07m31.0s), 100/100 VUs, 7857 complete and 0 interrupted iterations
default   [  75% ] 100/100 VUs  07m31.0s/10m00.0s

running (07m32.0s), 100/100 VUs, 7882 complete and 0 interrupted iterations
default   [  75% ] 100/100 VUs  07m32.0s/10m00.0s

running (07m33.0s), 100/100 VUs, 7902 complete and 0 interrupted iterations
default   [  75% ] 100/100 VUs  07m33.0s/10m00.0s

running (07m34.0s), 100/100 VUs, 7921 complete and 0 interrupted iterations
default   [  76% ] 100/100 VUs  07m34.0s/10m00.0s

running (07m35.0s), 100/100 VUs, 7943 complete and 0 interrupted iterations
default   [  76% ] 100/100 VUs  07m35.0s/10m00.0s

running (07m36.0s), 100/100 VUs, 7960 complete and 0 interrupted iterations
default   [  76% ] 100/100 VUs  07m36.0s/10m00.0s

running (07m37.0s), 100/100 VUs, 7978 complete and 0 interrupted iterations
default   [  76% ] 100/100 VUs  07m37.0s/10m00.0s

running (07m38.0s), 100/100 VUs, 8004 complete and 0 interrupted iterations
default   [  76% ] 100/100 VUs  07m38.0s/10m00.0s

running (07m39.0s), 100/100 VUs, 8025 complete and 0 interrupted iterations
default   [  76% ] 100/100 VUs  07m39.0s/10m00.0s

running (07m40.0s), 100/100 VUs, 8044 complete and 0 interrupted iterations
default   [  77% ] 100/100 VUs  07m40.0s/10m00.0s

running (07m41.0s), 100/100 VUs, 8060 complete and 0 interrupted iterations
default   [  77% ] 100/100 VUs  07m41.0s/10m00.0s

running (07m42.0s), 100/100 VUs, 8079 complete and 0 interrupted iterations
default   [  77% ] 100/100 VUs  07m42.0s/10m00.0s

running (07m43.0s), 100/100 VUs, 8103 complete and 0 interrupted iterations
default   [  77% ] 100/100 VUs  07m43.0s/10m00.0s

running (07m44.0s), 100/100 VUs, 8128 complete and 0 interrupted iterations
default   [  77% ] 100/100 VUs  07m44.0s/10m00.0s

running (07m45.0s), 100/100 VUs, 8147 complete and 0 interrupted iterations
default   [  77% ] 100/100 VUs  07m45.0s/10m00.0s

running (07m46.0s), 100/100 VUs, 8162 complete and 0 interrupted iterations
default   [  78% ] 100/100 VUs  07m46.0s/10m00.0s

running (07m47.0s), 100/100 VUs, 8185 complete and 0 interrupted iterations
default   [  78% ] 100/100 VUs  07m47.0s/10m00.0s

running (07m48.0s), 100/100 VUs, 8206 complete and 0 interrupted iterations
default   [  78% ] 100/100 VUs  07m48.0s/10m00.0s

running (07m49.0s), 100/100 VUs, 8229 complete and 0 interrupted iterations
default   [  78% ] 100/100 VUs  07m49.0s/10m00.0s

running (07m50.0s), 100/100 VUs, 8247 complete and 0 interrupted iterations
default   [  78% ] 100/100 VUs  07m50.0s/10m00.0s

running (07m51.0s), 100/100 VUs, 8265 complete and 0 interrupted iterations
default   [  78% ] 100/100 VUs  07m51.0s/10m00.0s

running (07m52.0s), 100/100 VUs, 8285 complete and 0 interrupted iterations
default   [  79% ] 100/100 VUs  07m52.0s/10m00.0s

running (07m53.0s), 100/100 VUs, 8303 complete and 0 interrupted iterations
default   [  79% ] 100/100 VUs  07m53.0s/10m00.0s

running (07m54.0s), 100/100 VUs, 8328 complete and 0 interrupted iterations
default   [  79% ] 100/100 VUs  07m54.0s/10m00.0s

running (07m55.0s), 100/100 VUs, 8346 complete and 0 interrupted iterations
default   [  79% ] 100/100 VUs  07m55.0s/10m00.0s

running (07m56.0s), 100/100 VUs, 8369 complete and 0 interrupted iterations
default   [  79% ] 100/100 VUs  07m56.0s/10m00.0s

running (07m57.0s), 100/100 VUs, 8386 complete and 0 interrupted iterations
default   [  79% ] 100/100 VUs  07m57.0s/10m00.0s

running (07m58.0s), 100/100 VUs, 8403 complete and 0 interrupted iterations
default   [  80% ] 100/100 VUs  07m58.0s/10m00.0s

running (07m59.0s), 100/100 VUs, 8423 complete and 0 interrupted iterations
default   [  80% ] 100/100 VUs  07m59.0s/10m00.0s

running (08m00.0s), 100/100 VUs, 8449 complete and 0 interrupted iterations
default   [  80% ] 100/100 VUs  08m00.0s/10m00.0s

running (08m01.0s), 100/100 VUs, 8471 complete and 0 interrupted iterations
default   [  80% ] 100/100 VUs  08m01.0s/10m00.0s

running (08m02.0s), 100/100 VUs, 8485 complete and 0 interrupted iterations
default   [  80% ] 100/100 VUs  08m02.0s/10m00.0s

running (08m03.0s), 100/100 VUs, 8508 complete and 0 interrupted iterations
default   [  80% ] 100/100 VUs  08m03.0s/10m00.0s

running (08m04.0s), 100/100 VUs, 8523 complete and 0 interrupted iterations
default   [  81% ] 100/100 VUs  08m04.0s/10m00.0s

running (08m05.0s), 099/100 VUs, 8550 complete and 0 interrupted iterations
default   [  81% ] 099/100 VUs  08m05.0s/10m00.0s

running (08m06.0s), 098/100 VUs, 8570 complete and 0 interrupted iterations
default   [  81% ] 098/100 VUs  08m06.0s/10m00.0s

running (08m07.0s), 097/100 VUs, 8585 complete and 0 interrupted iterations
default   [  81% ] 097/100 VUs  08m07.0s/10m00.0s

running (08m08.0s), 096/100 VUs, 8609 complete and 0 interrupted iterations
default   [  81% ] 096/100 VUs  08m08.0s/10m00.0s

running (08m09.0s), 096/100 VUs, 8630 complete and 0 interrupted iterations
default   [  81% ] 096/100 VUs  08m09.0s/10m00.0s

running (08m10.0s), 096/100 VUs, 8648 complete and 0 interrupted iterations
default   [  82% ] 096/100 VUs  08m10.0s/10m00.0s

running (08m11.0s), 096/100 VUs, 8662 complete and 0 interrupted iterations
default   [  82% ] 096/100 VUs  08m11.0s/10m00.0s

running (08m12.0s), 093/100 VUs, 8683 complete and 0 interrupted iterations
default   [  82% ] 093/100 VUs  08m12.0s/10m00.0s

running (08m13.0s), 091/100 VUs, 8706 complete and 0 interrupted iterations
default   [  82% ] 091/100 VUs  08m13.0s/10m00.0s

running (08m14.0s), 090/100 VUs, 8720 complete and 0 interrupted iterations
default   [  82% ] 090/100 VUs  08m14.0s/10m00.0s

running (08m15.0s), 090/100 VUs, 8743 complete and 0 interrupted iterations
default   [  82% ] 090/100 VUs  08m15.0s/10m00.0s

running (08m16.0s), 089/100 VUs, 8758 complete and 0 interrupted iterations
default   [  83% ] 089/100 VUs  08m16.0s/10m00.0s

running (08m17.0s), 088/100 VUs, 8779 complete and 0 interrupted iterations
default   [  83% ] 088/100 VUs  08m17.0s/10m00.0s

running (08m18.0s), 086/100 VUs, 8802 complete and 0 interrupted iterations
default   [  83% ] 086/100 VUs  08m18.0s/10m00.0s

running (08m19.0s), 086/100 VUs, 8816 complete and 0 interrupted iterations
default   [  83% ] 086/100 VUs  08m19.0s/10m00.0s

running (08m20.0s), 086/100 VUs, 8835 complete and 0 interrupted iterations
default   [  83% ] 086/100 VUs  08m20.0s/10m00.0s

running (08m21.0s), 085/100 VUs, 8853 complete and 0 interrupted iterations
default   [  83% ] 085/100 VUs  08m21.0s/10m00.0s

running (08m22.0s), 085/100 VUs, 8869 complete and 0 interrupted iterations
default   [  84% ] 085/100 VUs  08m22.0s/10m00.0s

running (08m23.0s), 084/100 VUs, 8888 complete and 0 interrupted iterations
default   [  84% ] 084/100 VUs  08m23.0s/10m00.0s

running (08m24.0s), 084/100 VUs, 8906 complete and 0 interrupted iterations
default   [  84% ] 084/100 VUs  08m24.0s/10m00.0s

running (08m25.0s), 083/100 VUs, 8921 complete and 0 interrupted iterations
default   [  84% ] 083/100 VUs  08m25.0s/10m00.0s

running (08m26.0s), 081/100 VUs, 8941 complete and 0 interrupted iterations
default   [  84% ] 081/100 VUs  08m26.0s/10m00.0s

running (08m27.0s), 081/100 VUs, 8957 complete and 0 interrupted iterations
default   [  84% ] 081/100 VUs  08m27.0s/10m00.0s

running (08m28.0s), 079/100 VUs, 8973 complete and 0 interrupted iterations
default   [  85% ] 079/100 VUs  08m28.0s/10m00.0s

running (08m29.0s), 078/100 VUs, 8989 complete and 0 interrupted iterations
default   [  85% ] 078/100 VUs  08m29.0s/10m00.0s

running (08m30.0s), 077/100 VUs, 9007 complete and 0 interrupted iterations
default   [  85% ] 077/100 VUs  08m30.0s/10m00.0s

running (08m31.0s), 077/100 VUs, 9025 complete and 0 interrupted iterations
default   [  85% ] 077/100 VUs  08m31.0s/10m00.0s

running (08m32.0s), 076/100 VUs, 9037 complete and 0 interrupted iterations
default   [  85% ] 076/100 VUs  08m32.0s/10m00.0s

running (08m33.0s), 074/100 VUs, 9054 complete and 0 interrupted iterations
default   [  85% ] 074/100 VUs  08m33.0s/10m00.0s

running (08m34.0s), 073/100 VUs, 9069 complete and 0 interrupted iterations
default   [  86% ] 073/100 VUs  08m34.0s/10m00.0s

running (08m35.0s), 072/100 VUs, 9087 complete and 0 interrupted iterations
default   [  86% ] 072/100 VUs  08m35.0s/10m00.0s

running (08m36.0s), 071/100 VUs, 9098 complete and 0 interrupted iterations
default   [  86% ] 071/100 VUs  08m36.0s/10m00.0s

running (08m37.0s), 071/100 VUs, 9117 complete and 0 interrupted iterations
default   [  86% ] 071/100 VUs  08m37.0s/10m00.0s

running (08m38.0s), 071/100 VUs, 9127 complete and 0 interrupted iterations
default   [  86% ] 071/100 VUs  08m38.0s/10m00.0s

running (08m39.0s), 069/100 VUs, 9146 complete and 0 interrupted iterations
default   [  86% ] 069/100 VUs  08m39.0s/10m00.0s

running (08m40.0s), 068/100 VUs, 9159 complete and 0 interrupted iterations
default   [  87% ] 068/100 VUs  08m40.0s/10m00.0s

running (08m41.0s), 068/100 VUs, 9175 complete and 0 interrupted iterations
default   [  87% ] 068/100 VUs  08m41.0s/10m00.0s

running (08m42.0s), 067/100 VUs, 9186 complete and 0 interrupted iterations
default   [  87% ] 067/100 VUs  08m42.0s/10m00.0s

running (08m43.0s), 067/100 VUs, 9202 complete and 0 interrupted iterations
default   [  87% ] 067/100 VUs  08m43.0s/10m00.0s

running (08m44.0s), 066/100 VUs, 9213 complete and 0 interrupted iterations
default   [  87% ] 066/100 VUs  08m44.0s/10m00.0s

running (08m45.0s), 065/100 VUs, 9227 complete and 0 interrupted iterations
default   [  87% ] 065/100 VUs  08m45.0s/10m00.0s

running (08m46.0s), 065/100 VUs, 9241 complete and 0 interrupted iterations
default   [  88% ] 065/100 VUs  08m46.0s/10m00.0s

running (08m47.0s), 063/100 VUs, 9259 complete and 0 interrupted iterations
default   [  88% ] 063/100 VUs  08m47.0s/10m00.0s

running (08m48.0s), 063/100 VUs, 9267 complete and 0 interrupted iterations
default   [  88% ] 063/100 VUs  08m48.0s/10m00.0s

running (08m49.0s), 061/100 VUs, 9280 complete and 0 interrupted iterations
default   [  88% ] 061/100 VUs  08m49.0s/10m00.0s

running (08m50.0s), 061/100 VUs, 9295 complete and 0 interrupted iterations
default   [  88% ] 061/100 VUs  08m50.0s/10m00.0s

running (08m51.0s), 061/100 VUs, 9305 complete and 0 interrupted iterations
default   [  88% ] 061/100 VUs  08m51.0s/10m00.0s

running (08m52.0s), 060/100 VUs, 9321 complete and 0 interrupted iterations
default   [  89% ] 060/100 VUs  08m52.0s/10m00.0s

running (08m53.0s), 059/100 VUs, 9335 complete and 0 interrupted iterations
default   [  89% ] 059/100 VUs  08m53.0s/10m00.0s

running (08m54.0s), 059/100 VUs, 9344 complete and 0 interrupted iterations
default   [  89% ] 059/100 VUs  08m54.0s/10m00.0s

running (08m55.0s), 056/100 VUs, 9359 complete and 0 interrupted iterations
default   [  89% ] 056/100 VUs  08m55.0s/10m00.0s

running (08m56.0s), 056/100 VUs, 9366 complete and 0 interrupted iterations
default   [  89% ] 056/100 VUs  08m56.0s/10m00.0s

running (08m57.0s), 056/100 VUs, 9380 complete and 0 interrupted iterations
default   [  89% ] 056/100 VUs  08m57.0s/10m00.0s

running (08m58.0s), 055/100 VUs, 9390 complete and 0 interrupted iterations
default   [  90% ] 055/100 VUs  08m58.0s/10m00.0s

running (08m59.0s), 053/100 VUs, 9406 complete and 0 interrupted iterations
default   [  90% ] 053/100 VUs  08m59.0s/10m00.0s

running (09m00.0s), 052/100 VUs, 9416 complete and 0 interrupted iterations
default   [  90% ] 052/100 VUs  09m00.0s/10m00.0s

running (09m01.0s), 052/100 VUs, 9428 complete and 0 interrupted iterations
default   [  90% ] 052/100 VUs  09m01.0s/10m00.0s

running (09m02.0s), 050/100 VUs, 9439 complete and 0 interrupted iterations
default   [  90% ] 050/100 VUs  09m02.0s/10m00.0s

running (09m03.0s), 050/100 VUs, 9447 complete and 0 interrupted iterations
default   [  90% ] 050/100 VUs  09m03.0s/10m00.0s

running (09m04.0s), 048/100 VUs, 9456 complete and 0 interrupted iterations
default   [  91% ] 048/100 VUs  09m04.0s/10m00.0s

running (09m05.0s), 048/100 VUs, 9471 complete and 0 interrupted iterations
default   [  91% ] 048/100 VUs  09m05.0s/10m00.0s

running (09m06.0s), 047/100 VUs, 9481 complete and 0 interrupted iterations
default   [  91% ] 047/100 VUs  09m06.0s/10m00.0s

running (09m07.0s), 047/100 VUs, 9489 complete and 0 interrupted iterations
default   [  91% ] 047/100 VUs  09m07.0s/10m00.0s

running (09m08.0s), 047/100 VUs, 9499 complete and 0 interrupted iterations
default   [  91% ] 047/100 VUs  09m08.0s/10m00.0s

running (09m09.0s), 047/100 VUs, 9508 complete and 0 interrupted iterations
default   [  91% ] 047/100 VUs  09m09.0s/10m00.0s

running (09m10.0s), 045/100 VUs, 9517 complete and 0 interrupted iterations
default   [  92% ] 045/100 VUs  09m10.0s/10m00.0s

running (09m11.0s), 043/100 VUs, 9527 complete and 0 interrupted iterations
default   [  92% ] 043/100 VUs  09m11.0s/10m00.0s

running (09m12.0s), 043/100 VUs, 9538 complete and 0 interrupted iterations
default   [  92% ] 043/100 VUs  09m12.0s/10m00.0s

running (09m13.0s), 042/100 VUs, 9548 complete and 0 interrupted iterations
default   [  92% ] 042/100 VUs  09m13.0s/10m00.0s

running (09m14.0s), 040/100 VUs, 9555 complete and 0 interrupted iterations
default   [  92% ] 040/100 VUs  09m14.0s/10m00.0s

running (09m15.0s), 038/100 VUs, 9565 complete and 0 interrupted iterations
default   [  92% ] 038/100 VUs  09m15.0s/10m00.0s

running (09m16.0s), 038/100 VUs, 9572 complete and 0 interrupted iterations
default   [  93% ] 038/100 VUs  09m16.0s/10m00.0s

running (09m17.0s), 037/100 VUs, 9580 complete and 0 interrupted iterations
default   [  93% ] 037/100 VUs  09m17.0s/10m00.0s

running (09m18.0s), 037/100 VUs, 9589 complete and 0 interrupted iterations
default   [  93% ] 037/100 VUs  09m18.0s/10m00.0s

running (09m19.0s), 036/100 VUs, 9597 complete and 0 interrupted iterations
default   [  93% ] 036/100 VUs  09m19.0s/10m00.0s

running (09m20.0s), 036/100 VUs, 9605 complete and 0 interrupted iterations
default   [  93% ] 036/100 VUs  09m20.0s/10m00.0s

running (09m21.0s), 035/100 VUs, 9613 complete and 0 interrupted iterations
default   [  93% ] 035/100 VUs  09m21.0s/10m00.0s

running (09m22.0s), 034/100 VUs, 9621 complete and 0 interrupted iterations
default   [  94% ] 034/100 VUs  09m22.0s/10m00.0s

running (09m23.0s), 033/100 VUs, 9628 complete and 0 interrupted iterations
default   [  94% ] 033/100 VUs  09m23.0s/10m00.0s

running (09m24.0s), 033/100 VUs, 9633 complete and 0 interrupted iterations
default   [  94% ] 033/100 VUs  09m24.0s/10m00.0s

running (09m25.0s), 032/100 VUs, 9642 complete and 0 interrupted iterations
default   [  94% ] 032/100 VUs  09m25.0s/10m00.0s

running (09m26.0s), 030/100 VUs, 9650 complete and 0 interrupted iterations
default   [  94% ] 030/100 VUs  09m26.0s/10m00.0s

running (09m27.0s), 030/100 VUs, 9654 complete and 0 interrupted iterations
default   [  94% ] 030/100 VUs  09m27.0s/10m00.0s

running (09m28.0s), 030/100 VUs, 9661 complete and 0 interrupted iterations
default   [  95% ] 030/100 VUs  09m28.0s/10m00.0s

running (09m29.0s), 029/100 VUs, 9669 complete and 0 interrupted iterations
default   [  95% ] 029/100 VUs  09m29.0s/10m00.0s

running (09m30.0s), 027/100 VUs, 9676 complete and 0 interrupted iterations
default   [  95% ] 027/100 VUs  09m30.0s/10m00.0s

running (09m31.0s), 027/100 VUs, 9680 complete and 0 interrupted iterations
default   [  95% ] 027/100 VUs  09m31.0s/10m00.0s

running (09m32.0s), 027/100 VUs, 9686 complete and 0 interrupted iterations
default   [  95% ] 027/100 VUs  09m32.0s/10m00.0s

running (09m33.0s), 026/100 VUs, 9690 complete and 0 interrupted iterations
default   [  95% ] 026/100 VUs  09m33.0s/10m00.0s

running (09m34.0s), 026/100 VUs, 9694 complete and 0 interrupted iterations
default   [  96% ] 026/100 VUs  09m34.0s/10m00.0s

running (09m35.0s), 023/100 VUs, 9704 complete and 0 interrupted iterations
default   [  96% ] 023/100 VUs  09m35.0s/10m00.0s

running (09m36.0s), 023/100 VUs, 9711 complete and 0 interrupted iterations
default   [  96% ] 023/100 VUs  09m36.0s/10m00.0s

running (09m37.0s), 023/100 VUs, 9712 complete and 0 interrupted iterations
default   [  96% ] 023/100 VUs  09m37.0s/10m00.0s

running (09m38.0s), 021/100 VUs, 9720 complete and 0 interrupted iterations
default   [  96% ] 021/100 VUs  09m38.0s/10m00.0s

running (09m39.0s), 021/100 VUs, 9722 complete and 0 interrupted iterations
default   [  96% ] 021/100 VUs  09m39.0s/10m00.0s

running (09m40.0s), 019/100 VUs, 9727 complete and 0 interrupted iterations
default   [  97% ] 019/100 VUs  09m40.0s/10m00.0s

running (09m41.0s), 019/100 VUs, 9733 complete and 0 interrupted iterations
default   [  97% ] 019/100 VUs  09m41.0s/10m00.0s

running (09m42.0s), 019/100 VUs, 9735 complete and 0 interrupted iterations
default   [  97% ] 019/100 VUs  09m42.0s/10m00.0s

running (09m43.0s), 019/100 VUs, 9739 complete and 0 interrupted iterations
default   [  97% ] 019/100 VUs  09m43.0s/10m00.0s

running (09m44.0s), 017/100 VUs, 9743 complete and 0 interrupted iterations
default   [  97% ] 017/100 VUs  09m44.0s/10m00.0s

running (09m45.0s), 015/100 VUs, 9749 complete and 0 interrupted iterations
default   [  97% ] 015/100 VUs  09m45.0s/10m00.0s

running (09m46.0s), 014/100 VUs, 9753 complete and 0 interrupted iterations
default   [  98% ] 014/100 VUs  09m46.0s/10m00.0s

running (09m47.0s), 014/100 VUs, 9755 complete and 0 interrupted iterations
default   [  98% ] 014/100 VUs  09m47.0s/10m00.0s

running (09m48.0s), 014/100 VUs, 9757 complete and 0 interrupted iterations
default   [  98% ] 014/100 VUs  09m48.0s/10m00.0s

running (09m49.0s), 013/100 VUs, 9759 complete and 0 interrupted iterations
default   [  98% ] 013/100 VUs  09m49.0s/10m00.0s

running (09m50.0s), 011/100 VUs, 9765 complete and 0 interrupted iterations
default   [  98% ] 011/100 VUs  09m50.0s/10m00.0s

running (09m51.0s), 011/100 VUs, 9767 complete and 0 interrupted iterations
default   [  98% ] 011/100 VUs  09m51.0s/10m00.0s

running (09m52.0s), 010/100 VUs, 9770 complete and 0 interrupted iterations
default   [  99% ] 010/100 VUs  09m52.0s/10m00.0s

running (09m53.0s), 008/100 VUs, 9772 complete and 0 interrupted iterations
default   [  99% ] 008/100 VUs  09m53.0s/10m00.0s

running (09m54.0s), 008/100 VUs, 9772 complete and 0 interrupted iterations
default   [  99% ] 008/100 VUs  09m54.0s/10m00.0s

running (09m55.0s), 007/100 VUs, 9775 complete and 0 interrupted iterations
default   [  99% ] 007/100 VUs  09m55.0s/10m00.0s

running (09m56.0s), 006/100 VUs, 9779 complete and 0 interrupted iterations
default   [  99% ] 006/100 VUs  09m56.0s/10m00.0s

running (09m57.0s), 004/100 VUs, 9781 complete and 0 interrupted iterations
default   [  99% ] 004/100 VUs  09m57.0s/10m00.0s

running (09m58.0s), 004/100 VUs, 9781 complete and 0 interrupted iterations
default   [ 100% ] 004/100 VUs  09m58.0s/10m00.0s

running (09m59.0s), 004/100 VUs, 9781 complete and 0 interrupted iterations
default   [ 100% ] 004/100 VUs  09m59.0s/10m00.0s

running (10m00.0s), 002/100 VUs, 9783 complete and 0 interrupted iterations
default   [ 100% ] 002/100 VUs  10m00.0s/10m00.0s
[31m     ✗ auth: login ok
      ↳  99% — ✓ 9768 / ✗ 17[0m
[32m     ✓ cart: item added 201[0m
[32m     ✓ create order: status 201[0m
[32m     ✓ create order: has id[0m
[32m     ✓ create order: has number[0m
[32m     ✓ create order: has items[0m
[32m     ✓ get order: status 200[0m
[32m     ✓ get order: id matches[0m
[32m     ✓ get order: status pending[0m
[32m     ✓ list orders: status 200[0m
[32m     ✓ list orders: is array[0m

     █ setup

[32m       ✓ orders-service: health ok[0m

     checks[2m.........................:[0m [36m99.98%[0m [36;2m✓ 107449[0m    [36;2m✗ 17[0m   
     data_received[2m..................:[0m [36m71 MB[0m  [36;2m118 kB/s[0m
     data_sent[2m......................:[0m [36m23 MB[0m  [36;2m38 kB/s[0m
     http_req_blocked[2m...............:[0m avg=[36m49.06µs[0m min=[36m0s[0m    med=[36m0s[0m      max=[36m7.54ms[0m   p(90)=[36m0s[0m      p(95)=[36m525.29µs[0m
     http_req_connecting[2m............:[0m avg=[36m45.65µs[0m min=[36m0s[0m    med=[36m0s[0m      max=[36m6.07ms[0m   p(90)=[36m0s[0m      p(95)=[36m522.82µs[0m
     http_req_duration[2m..............:[0m avg=[36m32.01ms[0m min=[36m1.3ms[0m med=[36m22.26ms[0m max=[36m322.94ms[0m p(90)=[36m62.91ms[0m p(95)=[36m69.27ms[0m 
       { expected_response:true }[2m...:[0m avg=[36m32.02ms[0m min=[36m1.3ms[0m med=[36m22.27ms[0m max=[36m322.94ms[0m p(90)=[36m62.91ms[0m p(95)=[36m69.27ms[0m 
     [32m✓[0m { service:orders }[2m...........:[0m avg=[36m27.05ms[0m min=[36m1.3ms[0m med=[36m13.7ms[0m  max=[36m322.94ms[0m p(90)=[36m60.52ms[0m p(95)=[36m75.9ms[0m  
   [32m✓[0m http_req_failed[2m................:[0m [36m0.02%[0m  [36;2m✓ 17[0m        [36;2m✗ 58659[0m
     [32m✓[0m { service:orders }[2m...........:[0m [36m0.00%[0m  [36;2m✓ 0[0m         [36;2m✗ 29304[0m
     http_req_receiving[2m.............:[0m avg=[36m98.21µs[0m min=[36m0s[0m    med=[36m0s[0m      max=[36m7.05ms[0m   p(90)=[36m532.8µs[0m p(95)=[36m548.4µs[0m 
     http_req_sending[2m...............:[0m avg=[36m9.96µs[0m  min=[36m0s[0m    med=[36m0s[0m      max=[36m10.58ms[0m  p(90)=[36m0s[0m      p(95)=[36m0s[0m      
     http_req_tls_handshaking[2m.......:[0m avg=[36m0s[0m      min=[36m0s[0m    med=[36m0s[0m      max=[36m0s[0m       p(90)=[36m0s[0m      p(95)=[36m0s[0m      
     http_req_waiting[2m...............:[0m avg=[36m31.91ms[0m min=[36m1.3ms[0m med=[36m22.13ms[0m max=[36m322.94ms[0m p(90)=[36m62.78ms[0m p(95)=[36m69.12ms[0m 
     http_reqs[2m......................:[0m [36m58676[0m  [36;2m97.678407/s[0m
     iteration_duration[2m.............:[0m avg=[36m4.93s[0m   min=[36m3.5ms[0m med=[36m4.94s[0m   max=[36m6.81s[0m    p(90)=[36m5.71s[0m   p(95)=[36m5.91s[0m   
     iterations[2m.....................:[0m [36m9785[0m   [36;2m16.289168/s[0m
     vus[2m............................:[0m [36m2[0m      [36;2mmin=1[0m       [36;2mmax=100[0m
     vus_max[2m........................:[0m [36m100[0m    [36;2mmin=100[0m     [36;2mmax=100[0m
running (10m00.7s), 000/100 VUs, 9785 complete and 0 interrupted iterations
default ✓ [ 100% ] 000/100 VUs  10m0s
