time="2026-06-11T11:21:55-03:00" level=warning msg="SSLKEYLOGFILE was specified, logging TLS connection keys to '\\\\.\\nllMonFltProxy\\FFFFE68C37EB2A60'..." test_path="file:///C:/GitHub/poleras-store-k6/tests/orders/orders.test.js"
time="2026-06-11T11:22:23-03:00" level=warning msg="Request Failed" error="Post \"http://localhost:3001/api/auth/login\": EOF"
time="2026-06-11T11:22:23-03:00" level=error msg="GoError: the body is null so we can't transform it to JSON - this likely was because of a request error getting the response\n\tat reflect.methodValueCall (native)\n\tat getAuthToken (file:///C:/GitHub/poleras-store-k6/lib/auth.js:25:18(37))\n\tat default (file:///C:/GitHub/poleras-store-k6/tests/orders/orders.test.js:54:29(27))\n" executor=ramping-vus scenario=default source=stacktrace
time="2026-06-11T11:23:04-03:00" level=warning msg="Request Failed" error="Post \"http://localhost:3001/api/auth/login\": EOF"
time="2026-06-11T11:23:04-03:00" level=error msg="GoError: the body is null so we can't transform it to JSON - this likely was because of a request error getting the response\n\tat reflect.methodValueCall (native)\n\tat getAuthToken (file:///C:/GitHub/poleras-store-k6/lib/auth.js:25:18(37))\n\tat default (file:///C:/GitHub/poleras-store-k6/tests/orders/orders.test.js:54:29(27))\n" executor=ramping-vus scenario=default source=stacktrace
time="2026-06-11T11:23:58-03:00" level=warning msg="Request Failed" error="Post \"http://localhost:3001/api/auth/login\": EOF"
time="2026-06-11T11:23:58-03:00" level=error msg="GoError: the body is null so we can't transform it to JSON - this likely was because of a request error getting the response\n\tat reflect.methodValueCall (native)\n\tat getAuthToken (file:///C:/GitHub/poleras-store-k6/lib/auth.js:25:18(37))\n\tat default (file:///C:/GitHub/poleras-store-k6/tests/orders/orders.test.js:54:29(27))\n" executor=ramping-vus scenario=default source=stacktrace
time="2026-06-11T11:24:15-03:00" level=warning msg="Request Failed" error="Post \"http://localhost:3001/api/auth/login\": EOF"
time="2026-06-11T11:24:15-03:00" level=error msg="GoError: the body is null so we can't transform it to JSON - this likely was because of a request error getting the response\n\tat reflect.methodValueCall (native)\n\tat getAuthToken (file:///C:/GitHub/poleras-store-k6/lib/auth.js:25:18(37))\n\tat default (file:///C:/GitHub/poleras-store-k6/tests/orders/orders.test.js:54:29(27))\n" executor=ramping-vus scenario=default source=stacktrace
time="2026-06-11T11:24:34-03:00" level=warning msg="Request Failed" error="Post \"http://localhost:3001/api/auth/login\": EOF"
time="2026-06-11T11:24:34-03:00" level=error msg="GoError: the body is null so we can't transform it to JSON - this likely was because of a request error getting the response\n\tat reflect.methodValueCall (native)\n\tat getAuthToken (file:///C:/GitHub/poleras-store-k6/lib/auth.js:25:18(37))\n\tat default (file:///C:/GitHub/poleras-store-k6/tests/orders/orders.test.js:54:29(27))\n" executor=ramping-vus scenario=default source=stacktrace
time="2026-06-11T11:25:20-03:00" level=warning msg="Request Failed" error="Post \"http://localhost:3001/api/auth/login\": EOF"
time="2026-06-11T11:25:20-03:00" level=error msg="GoError: the body is null so we can't transform it to JSON - this likely was because of a request error getting the response\n\tat reflect.methodValueCall (native)\n\tat getAuthToken (file:///C:/GitHub/poleras-store-k6/lib/auth.js:25:18(37))\n\tat default (file:///C:/GitHub/poleras-store-k6/tests/orders/orders.test.js:54:29(27))\n" executor=ramping-vus scenario=default source=stacktrace
time="2026-06-11T11:25:47-03:00" level=warning msg="Request Failed" error="Post \"http://localhost:3001/api/auth/login\": EOF"
time="2026-06-11T11:25:47-03:00" level=error msg="GoError: the body is null so we can't transform it to JSON - this likely was because of a request error getting the response\n\tat reflect.methodValueCall (native)\n\tat getAuthToken (file:///C:/GitHub/poleras-store-k6/lib/auth.js:25:18(37))\n\tat default (file:///C:/GitHub/poleras-store-k6/tests/orders/orders.test.js:54:29(27))\n" executor=ramping-vus scenario=default source=stacktrace
time="2026-06-11T11:26:23-03:00" level=warning msg="Request Failed" error="Post \"http://localhost:3001/api/auth/login\": EOF"
time="2026-06-11T11:26:23-03:00" level=error msg="GoError: the body is null so we can't transform it to JSON - this likely was because of a request error getting the response\n\tat reflect.methodValueCall (native)\n\tat getAuthToken (file:///C:/GitHub/poleras-store-k6/lib/auth.js:25:18(37))\n\tat default (file:///C:/GitHub/poleras-store-k6/tests/orders/orders.test.js:54:29(27))\n" executor=ramping-vus scenario=default source=stacktrace
time="2026-06-11T11:27:54-03:00" level=warning msg="Request Failed" error="Post \"http://localhost:3001/api/auth/login\": EOF"
time="2026-06-11T11:27:54-03:00" level=error msg="GoError: the body is null so we can't transform it to JSON - this likely was because of a request error getting the response\n\tat reflect.methodValueCall (native)\n\tat getAuthToken (file:///C:/GitHub/poleras-store-k6/lib/auth.js:25:18(37))\n\tat default (file:///C:/GitHub/poleras-store-k6/tests/orders/orders.test.js:54:29(27))\n" executor=ramping-vus scenario=default source=stacktrace
time="2026-06-11T11:28:12-03:00" level=warning msg="Request Failed" error="Post \"http://localhost:3001/api/auth/login\": EOF"
time="2026-06-11T11:28:12-03:00" level=error msg="GoError: the body is null so we can't transform it to JSON - this likely was because of a request error getting the response\n\tat reflect.methodValueCall (native)\n\tat getAuthToken (file:///C:/GitHub/poleras-store-k6/lib/auth.js:25:18(37))\n\tat default (file:///C:/GitHub/poleras-store-k6/tests/orders/orders.test.js:54:29(27))\n" executor=ramping-vus scenario=default source=stacktrace
time="2026-06-11T11:29:35-03:00" level=warning msg="Request Failed" error="Post \"http://localhost:3001/api/auth/login\": EOF"
time="2026-06-11T11:29:35-03:00" level=error msg="GoError: the body is null so we can't transform it to JSON - this likely was because of a request error getting the response\n\tat reflect.methodValueCall (native)\n\tat getAuthToken (file:///C:/GitHub/poleras-store-k6/lib/auth.js:25:18(37))\n\tat default (file:///C:/GitHub/poleras-store-k6/tests/orders/orders.test.js:54:29(27))\n" executor=ramping-vus scenario=default source=stacktrace
time="2026-06-11T11:30:26-03:00" level=warning msg="Request Failed" error="Post \"http://localhost:3001/api/auth/login\": EOF"
time="2026-06-11T11:30:26-03:00" level=error msg="GoError: the body is null so we can't transform it to JSON - this likely was because of a request error getting the response\n\tat reflect.methodValueCall (native)\n\tat getAuthToken (file:///C:/GitHub/poleras-store-k6/lib/auth.js:25:18(37))\n\tat default (file:///C:/GitHub/poleras-store-k6/tests/orders/orders.test.js:54:29(27))\n" executor=ramping-vus scenario=default source=stacktrace
time="2026-06-11T11:31:59-03:00" level=info msg="[k6-reporter v3.0.4] Generating HTML summary report, with theme: default" source=console
time="2026-06-11T11:31:59-03:00" level=error msg="failed to handle the end-of-test summary" error="Could not save some summary information:\n\t- could not open 'results/2026-06-11_load_50vu_orders/orders-report.html': open results/2026-06-11_load_50vu_orders/orders-report.html: The system cannot find the path specified."
