
         /\      Grafana   /‾‾/  
    /\  /  \     |\  __   /  /   
   /  \/    \    | |/ /  /   ‾‾\ 
  /          \   |   (  |  (‾)  |
 / __________ \  |_|\_\  \_____/ 

     execution: local
        script: tests/payments/payments.test.js
        output: -

     scenarios: (100.00%) 1 scenario, 100 max VUs, 10m30s max duration (incl. graceful stop):
              * default: Up to 100 looping VUs for 10m0s over 3 stages (gracefulRampDown: 30s, gracefulStop: 30s)


running (00m01.0s), 001/100 VUs, 0 complete and 0 interrupted iterations
default   [   0% ] 001/100 VUs  00m01.0s/10m00.0s

running (00m02.0s), 002/100 VUs, 0 complete and 0 interrupted iterations
default   [   0% ] 002/100 VUs  00m02.0s/10m00.0s

running (00m03.0s), 003/100 VUs, 0 complete and 0 interrupted iterations
default   [   0% ] 003/100 VUs  00m03.0s/10m00.0s

running (00m04.0s), 004/100 VUs, 0 complete and 0 interrupted iterations
default   [   1% ] 004/100 VUs  00m04.0s/10m00.0s

running (00m05.0s), 005/100 VUs, 1 complete and 0 interrupted iterations
default   [   1% ] 005/100 VUs  00m05.0s/10m00.0s

running (00m06.0s), 005/100 VUs, 2 complete and 0 interrupted iterations
default   [   1% ] 005/100 VUs  00m06.0s/10m00.0s

running (00m07.0s), 006/100 VUs, 3 complete and 0 interrupted iterations
default   [   1% ] 006/100 VUs  00m07.0s/10m00.0s

running (00m08.0s), 007/100 VUs, 3 complete and 0 interrupted iterations
default   [   1% ] 007/100 VUs  00m08.0s/10m00.0s

running (00m09.0s), 008/100 VUs, 5 complete and 0 interrupted iterations
default   [   1% ] 008/100 VUs  00m09.0s/10m00.0s

running (00m10.0s), 009/100 VUs, 6 complete and 0 interrupted iterations
default   [   2% ] 009/100 VUs  00m10.0s/10m00.0s

running (00m11.0s), 010/100 VUs, 9 complete and 0 interrupted iterations
default   [   2% ] 010/100 VUs  00m11.0s/10m00.0s

running (00m12.0s), 010/100 VUs, 9 complete and 0 interrupted iterations
default   [   2% ] 010/100 VUs  00m12.0s/10m00.0s

running (00m13.0s), 011/100 VUs, 11 complete and 0 interrupted iterations
default   [   2% ] 011/100 VUs  00m13.0s/10m00.0s

running (00m14.0s), 012/100 VUs, 12 complete and 0 interrupted iterations
default   [   2% ] 012/100 VUs  00m14.0s/10m00.0s

running (00m15.0s), 013/100 VUs, 16 complete and 0 interrupted iterations
default   [   2% ] 013/100 VUs  00m15.0s/10m00.0s

running (00m16.0s), 014/100 VUs, 19 complete and 0 interrupted iterations
default   [   3% ] 014/100 VUs  00m16.0s/10m00.0s

running (00m17.0s), 014/100 VUs, 21 complete and 0 interrupted iterations
default   [   3% ] 014/100 VUs  00m17.0s/10m00.0s

running (00m18.0s), 015/100 VUs, 23 complete and 0 interrupted iterations
default   [   3% ] 015/100 VUs  00m18.0s/10m00.0s

running (00m19.0s), 016/100 VUs, 27 complete and 0 interrupted iterations
default   [   3% ] 016/100 VUs  00m19.0s/10m00.0s

running (00m20.0s), 017/100 VUs, 31 complete and 0 interrupted iterations
default   [   3% ] 017/100 VUs  00m20.0s/10m00.0s

running (00m21.0s), 018/100 VUs, 34 complete and 0 interrupted iterations
default   [   3% ] 018/100 VUs  00m21.0s/10m00.0s

running (00m22.0s), 019/100 VUs, 36 complete and 0 interrupted iterations
default   [   4% ] 019/100 VUs  00m22.0s/10m00.0s

running (00m23.0s), 019/100 VUs, 39 complete and 0 interrupted iterations
default   [   4% ] 019/100 VUs  00m23.0s/10m00.0s

running (00m24.0s), 020/100 VUs, 42 complete and 0 interrupted iterations
default   [   4% ] 020/100 VUs  00m24.0s/10m00.0s

running (00m25.0s), 021/100 VUs, 49 complete and 0 interrupted iterations
default   [   4% ] 021/100 VUs  00m25.0s/10m00.0s

running (00m26.0s), 022/100 VUs, 53 complete and 0 interrupted iterations
default   [   4% ] 022/100 VUs  00m26.0s/10m00.0s

running (00m27.0s), 023/100 VUs, 56 complete and 0 interrupted iterations
default   [   4% ] 023/100 VUs  00m27.0s/10m00.0s

running (00m28.0s), 024/100 VUs, 60 complete and 0 interrupted iterations
default   [   5% ] 024/100 VUs  00m28.0s/10m00.0s

running (00m29.0s), 024/100 VUs, 66 complete and 0 interrupted iterations
default   [   5% ] 024/100 VUs  00m29.0s/10m00.0s

running (00m30.0s), 025/100 VUs, 72 complete and 0 interrupted iterations
default   [   5% ] 025/100 VUs  00m30.0s/10m00.0s

running (00m31.0s), 026/100 VUs, 77 complete and 0 interrupted iterations
default   [   5% ] 026/100 VUs  00m31.0s/10m00.0s

running (00m32.0s), 027/100 VUs, 79 complete and 0 interrupted iterations
default   [   5% ] 027/100 VUs  00m32.0s/10m00.0s

running (00m33.0s), 028/100 VUs, 86 complete and 0 interrupted iterations
default   [   5% ] 028/100 VUs  00m33.0s/10m00.0s

running (00m34.0s), 029/100 VUs, 93 complete and 0 interrupted iterations
default   [   6% ] 029/100 VUs  00m34.0s/10m00.0s

running (00m35.0s), 029/100 VUs, 98 complete and 0 interrupted iterations
default   [   6% ] 029/100 VUs  00m35.0s/10m00.0s

running (00m36.0s), 030/100 VUs, 103 complete and 0 interrupted iterations
default   [   6% ] 030/100 VUs  00m36.0s/10m00.0s

running (00m37.0s), 031/100 VUs, 108 complete and 0 interrupted iterations
default   [   6% ] 031/100 VUs  00m37.0s/10m00.0s

running (00m38.0s), 032/100 VUs, 117 complete and 0 interrupted iterations
default   [   6% ] 032/100 VUs  00m38.0s/10m00.0s

running (00m39.0s), 033/100 VUs, 124 complete and 0 interrupted iterations
default   [   6% ] 033/100 VUs  00m39.0s/10m00.0s

running (00m40.0s), 033/100 VUs, 130 complete and 0 interrupted iterations
default   [   7% ] 033/100 VUs  00m40.0s/10m00.0s

running (00m41.0s), 034/100 VUs, 135 complete and 0 interrupted iterations
default   [   7% ] 034/100 VUs  00m41.0s/10m00.0s

running (00m42.0s), 035/100 VUs, 142 complete and 0 interrupted iterations
default   [   7% ] 035/100 VUs  00m42.0s/10m00.0s

running (00m43.0s), 036/100 VUs, 150 complete and 0 interrupted iterations
default   [   7% ] 036/100 VUs  00m43.0s/10m00.0s

running (00m44.0s), 037/100 VUs, 159 complete and 0 interrupted iterations
default   [   7% ] 037/100 VUs  00m44.0s/10m00.0s

running (00m45.0s), 038/100 VUs, 167 complete and 0 interrupted iterations
default   [   7% ] 038/100 VUs  00m45.0s/10m00.0s

running (00m46.0s), 038/100 VUs, 170 complete and 0 interrupted iterations
default   [   8% ] 038/100 VUs  00m46.0s/10m00.0s

running (00m47.0s), 039/100 VUs, 179 complete and 0 interrupted iterations
default   [   8% ] 039/100 VUs  00m47.0s/10m00.0s

running (00m48.0s), 040/100 VUs, 187 complete and 0 interrupted iterations
default   [   8% ] 040/100 VUs  00m48.0s/10m00.0s

running (00m49.0s), 041/100 VUs, 198 complete and 0 interrupted iterations
default   [   8% ] 041/100 VUs  00m49.0s/10m00.0s

running (00m50.0s), 042/100 VUs, 207 complete and 0 interrupted iterations
default   [   8% ] 042/100 VUs  00m50.0s/10m00.0s

running (00m51.0s), 043/100 VUs, 208 complete and 0 interrupted iterations
default   [   8% ] 043/100 VUs  00m51.0s/10m00.0s

running (00m52.0s), 043/100 VUs, 222 complete and 0 interrupted iterations
default   [   9% ] 043/100 VUs  00m52.0s/10m00.0s

running (00m53.0s), 044/100 VUs, 230 complete and 0 interrupted iterations
default   [   9% ] 044/100 VUs  00m53.0s/10m00.0s

running (00m54.0s), 045/100 VUs, 240 complete and 0 interrupted iterations
default   [   9% ] 045/100 VUs  00m54.0s/10m00.0s

running (00m55.0s), 046/100 VUs, 247 complete and 0 interrupted iterations
default   [   9% ] 046/100 VUs  00m55.0s/10m00.0s

running (00m56.0s), 047/100 VUs, 256 complete and 0 interrupted iterations
default   [   9% ] 047/100 VUs  00m56.0s/10m00.0s

running (00m57.0s), 047/100 VUs, 268 complete and 0 interrupted iterations
default   [   9% ] 047/100 VUs  00m57.0s/10m00.0s

running (00m58.0s), 048/100 VUs, 279 complete and 0 interrupted iterations
default   [  10% ] 048/100 VUs  00m58.0s/10m00.0s

running (00m59.0s), 049/100 VUs, 285 complete and 0 interrupted iterations
default   [  10% ] 049/100 VUs  00m59.0s/10m00.0s

running (01m00.0s), 050/100 VUs, 298 complete and 0 interrupted iterations
default   [  10% ] 050/100 VUs  01m00.0s/10m00.0s

running (01m01.0s), 051/100 VUs, 304 complete and 0 interrupted iterations
default   [  10% ] 051/100 VUs  01m01.0s/10m00.0s

running (01m02.0s), 052/100 VUs, 316 complete and 0 interrupted iterations
default   [  10% ] 052/100 VUs  01m02.0s/10m00.0s

running (01m03.0s), 052/100 VUs, 330 complete and 0 interrupted iterations
default   [  10% ] 052/100 VUs  01m03.0s/10m00.0s

running (01m04.0s), 053/100 VUs, 340 complete and 0 interrupted iterations
default   [  11% ] 053/100 VUs  01m04.0s/10m00.0s

running (01m05.0s), 054/100 VUs, 349 complete and 0 interrupted iterations
default   [  11% ] 054/100 VUs  01m05.0s/10m00.0s

running (01m06.0s), 055/100 VUs, 360 complete and 0 interrupted iterations
default   [  11% ] 055/100 VUs  01m06.0s/10m00.0s

running (01m07.0s), 056/100 VUs, 371 complete and 0 interrupted iterations
default   [  11% ] 056/100 VUs  01m07.0s/10m00.0s

running (01m08.0s), 057/100 VUs, 385 complete and 0 interrupted iterations
default   [  11% ] 057/100 VUs  01m08.0s/10m00.0s

running (01m09.0s), 057/100 VUs, 393 complete and 0 interrupted iterations
default   [  11% ] 057/100 VUs  01m09.0s/10m00.0s

running (01m10.0s), 058/100 VUs, 406 complete and 0 interrupted iterations
default   [  12% ] 058/100 VUs  01m10.0s/10m00.0s

running (01m11.0s), 059/100 VUs, 418 complete and 0 interrupted iterations
default   [  12% ] 059/100 VUs  01m11.0s/10m00.0s

running (01m12.0s), 060/100 VUs, 427 complete and 0 interrupted iterations
default   [  12% ] 060/100 VUs  01m12.0s/10m00.0s

running (01m13.0s), 061/100 VUs, 442 complete and 0 interrupted iterations
default   [  12% ] 061/100 VUs  01m13.0s/10m00.0s

running (01m14.0s), 062/100 VUs, 452 complete and 0 interrupted iterations
default   [  12% ] 062/100 VUs  01m14.0s/10m00.0s

running (01m15.0s), 062/100 VUs, 468 complete and 0 interrupted iterations
default   [  12% ] 062/100 VUs  01m15.0s/10m00.0s

running (01m16.0s), 063/100 VUs, 481 complete and 0 interrupted iterations
default   [  13% ] 063/100 VUs  01m16.0s/10m00.0s

running (01m17.0s), 064/100 VUs, 495 complete and 0 interrupted iterations
default   [  13% ] 064/100 VUs  01m17.0s/10m00.0s

running (01m18.0s), 065/100 VUs, 505 complete and 0 interrupted iterations
default   [  13% ] 065/100 VUs  01m18.0s/10m00.0s

running (01m19.0s), 066/100 VUs, 521 complete and 0 interrupted iterations
default   [  13% ] 066/100 VUs  01m19.0s/10m00.0s

running (01m20.0s), 066/100 VUs, 535 complete and 0 interrupted iterations
default   [  13% ] 066/100 VUs  01m20.0s/10m00.0s

running (01m21.0s), 067/100 VUs, 547 complete and 0 interrupted iterations
default   [  13% ] 067/100 VUs  01m21.0s/10m00.0s

running (01m22.0s), 068/100 VUs, 561 complete and 0 interrupted iterations
default   [  14% ] 068/100 VUs  01m22.0s/10m00.0s

running (01m23.0s), 069/100 VUs, 573 complete and 0 interrupted iterations
default   [  14% ] 069/100 VUs  01m23.0s/10m00.0s

running (01m24.0s), 070/100 VUs, 590 complete and 0 interrupted iterations
default   [  14% ] 070/100 VUs  01m24.0s/10m00.0s

running (01m25.0s), 071/100 VUs, 603 complete and 0 interrupted iterations
default   [  14% ] 071/100 VUs  01m25.0s/10m00.0s

running (01m26.0s), 071/100 VUs, 619 complete and 0 interrupted iterations
default   [  14% ] 071/100 VUs  01m26.0s/10m00.0s

running (01m27.0s), 072/100 VUs, 629 complete and 0 interrupted iterations
default   [  14% ] 072/100 VUs  01m27.0s/10m00.0s

running (01m28.0s), 073/100 VUs, 645 complete and 0 interrupted iterations
default   [  15% ] 073/100 VUs  01m28.0s/10m00.0s

running (01m29.0s), 074/100 VUs, 662 complete and 0 interrupted iterations
default   [  15% ] 074/100 VUs  01m29.0s/10m00.0s

running (01m30.0s), 075/100 VUs, 681 complete and 0 interrupted iterations
default   [  15% ] 075/100 VUs  01m30.0s/10m00.0s

running (01m31.0s), 076/100 VUs, 695 complete and 0 interrupted iterations
default   [  15% ] 076/100 VUs  01m31.0s/10m00.0s

running (01m32.0s), 076/100 VUs, 706 complete and 0 interrupted iterations
default   [  15% ] 076/100 VUs  01m32.0s/10m00.0s

running (01m33.0s), 077/100 VUs, 724 complete and 0 interrupted iterations
default   [  15% ] 077/100 VUs  01m33.0s/10m00.0s

running (01m34.0s), 078/100 VUs, 741 complete and 0 interrupted iterations
default   [  16% ] 078/100 VUs  01m34.0s/10m00.0s

running (01m35.0s), 079/100 VUs, 758 complete and 0 interrupted iterations
default   [  16% ] 079/100 VUs  01m35.0s/10m00.0s

running (01m36.0s), 080/100 VUs, 773 complete and 0 interrupted iterations
default   [  16% ] 080/100 VUs  01m36.0s/10m00.0s

running (01m37.0s), 080/100 VUs, 783 complete and 0 interrupted iterations
default   [  16% ] 080/100 VUs  01m37.0s/10m00.0s

running (01m38.0s), 081/100 VUs, 807 complete and 0 interrupted iterations
default   [  16% ] 081/100 VUs  01m38.0s/10m00.0s

running (01m39.0s), 082/100 VUs, 823 complete and 0 interrupted iterations
default   [  16% ] 082/100 VUs  01m39.0s/10m00.0s

running (01m40.0s), 083/100 VUs, 843 complete and 0 interrupted iterations
default   [  17% ] 083/100 VUs  01m40.0s/10m00.0s

running (01m41.0s), 084/100 VUs, 857 complete and 0 interrupted iterations
default   [  17% ] 084/100 VUs  01m41.0s/10m00.0s

running (01m42.0s), 085/100 VUs, 871 complete and 0 interrupted iterations
default   [  17% ] 085/100 VUs  01m42.0s/10m00.0s

running (01m43.0s), 085/100 VUs, 890 complete and 0 interrupted iterations
default   [  17% ] 085/100 VUs  01m43.0s/10m00.0s

running (01m44.0s), 086/100 VUs, 912 complete and 0 interrupted iterations
default   [  17% ] 086/100 VUs  01m44.0s/10m00.0s

running (01m45.0s), 087/100 VUs, 925 complete and 0 interrupted iterations
default   [  17% ] 087/100 VUs  01m45.0s/10m00.0s

running (01m46.0s), 088/100 VUs, 943 complete and 0 interrupted iterations
default   [  18% ] 088/100 VUs  01m46.0s/10m00.0s

running (01m47.0s), 089/100 VUs, 959 complete and 0 interrupted iterations
default   [  18% ] 089/100 VUs  01m47.0s/10m00.0s

running (01m48.0s), 090/100 VUs, 977 complete and 0 interrupted iterations
default   [  18% ] 090/100 VUs  01m48.0s/10m00.0s

running (01m49.0s), 090/100 VUs, 1002 complete and 0 interrupted iterations
default   [  18% ] 090/100 VUs  01m49.0s/10m00.0s

running (01m50.0s), 091/100 VUs, 1019 complete and 0 interrupted iterations
default   [  18% ] 091/100 VUs  01m50.0s/10m00.0s

running (01m51.0s), 092/100 VUs, 1032 complete and 0 interrupted iterations
default   [  18% ] 092/100 VUs  01m51.0s/10m00.0s

running (01m52.0s), 093/100 VUs, 1052 complete and 0 interrupted iterations
default   [  19% ] 093/100 VUs  01m52.0s/10m00.0s

running (01m53.0s), 094/100 VUs, 1074 complete and 0 interrupted iterations
default   [  19% ] 094/100 VUs  01m53.0s/10m00.0s

running (01m54.0s), 095/100 VUs, 1092 complete and 0 interrupted iterations
default   [  19% ] 095/100 VUs  01m54.0s/10m00.0s

running (01m55.0s), 095/100 VUs, 1109 complete and 0 interrupted iterations
default   [  19% ] 095/100 VUs  01m55.0s/10m00.0s

running (01m56.0s), 096/100 VUs, 1127 complete and 0 interrupted iterations
default   [  19% ] 096/100 VUs  01m56.0s/10m00.0s

running (01m57.0s), 097/100 VUs, 1149 complete and 0 interrupted iterations
default   [  19% ] 097/100 VUs  01m57.0s/10m00.0s

running (01m58.0s), 098/100 VUs, 1166 complete and 0 interrupted iterations
default   [  20% ] 098/100 VUs  01m58.0s/10m00.0s

running (01m59.0s), 099/100 VUs, 1194 complete and 0 interrupted iterations
default   [  20% ] 099/100 VUs  01m59.0s/10m00.0s

running (02m00.0s), 099/100 VUs, 1205 complete and 0 interrupted iterations
default   [  20% ] 099/100 VUs  02m00.0s/10m00.0s

running (02m01.0s), 100/100 VUs, 1231 complete and 0 interrupted iterations
default   [  20% ] 100/100 VUs  02m01.0s/10m00.0s

running (02m02.0s), 100/100 VUs, 1250 complete and 0 interrupted iterations
default   [  20% ] 100/100 VUs  02m02.0s/10m00.0s

running (02m03.0s), 100/100 VUs, 1268 complete and 0 interrupted iterations
default   [  20% ] 100/100 VUs  02m03.0s/10m00.0s

running (02m04.0s), 100/100 VUs, 1297 complete and 0 interrupted iterations
default   [  21% ] 100/100 VUs  02m04.0s/10m00.0s

running (02m05.0s), 100/100 VUs, 1310 complete and 0 interrupted iterations
default   [  21% ] 100/100 VUs  02m05.0s/10m00.0s

running (02m06.0s), 100/100 VUs, 1331 complete and 0 interrupted iterations
default   [  21% ] 100/100 VUs  02m06.0s/10m00.0s

running (02m07.0s), 100/100 VUs, 1351 complete and 0 interrupted iterations
default   [  21% ] 100/100 VUs  02m07.0s/10m00.0s

running (02m08.0s), 100/100 VUs, 1372 complete and 0 interrupted iterations
default   [  21% ] 100/100 VUs  02m08.0s/10m00.0s

running (02m09.0s), 100/100 VUs, 1402 complete and 0 interrupted iterations
default   [  21% ] 100/100 VUs  02m09.0s/10m00.0s

running (02m10.0s), 100/100 VUs, 1412 complete and 0 interrupted iterations
default   [  22% ] 100/100 VUs  02m10.0s/10m00.0s

running (02m11.0s), 100/100 VUs, 1433 complete and 0 interrupted iterations
default   [  22% ] 100/100 VUs  02m11.0s/10m00.0s

running (02m12.0s), 100/100 VUs, 1455 complete and 0 interrupted iterations
default   [  22% ] 100/100 VUs  02m12.0s/10m00.0s

running (02m13.0s), 100/100 VUs, 1478 complete and 0 interrupted iterations
default   [  22% ] 100/100 VUs  02m13.0s/10m00.0s

running (02m14.0s), 100/100 VUs, 1503 complete and 0 interrupted iterations
default   [  22% ] 100/100 VUs  02m14.0s/10m00.0s

running (02m15.0s), 100/100 VUs, 1515 complete and 0 interrupted iterations
default   [  22% ] 100/100 VUs  02m15.0s/10m00.0s

running (02m16.0s), 100/100 VUs, 1534 complete and 0 interrupted iterations
default   [  23% ] 100/100 VUs  02m16.0s/10m00.0s

running (02m17.0s), 100/100 VUs, 1553 complete and 0 interrupted iterations
default   [  23% ] 100/100 VUs  02m17.0s/10m00.0s

running (02m18.0s), 100/100 VUs, 1579 complete and 0 interrupted iterations
default   [  23% ] 100/100 VUs  02m18.0s/10m00.0s

running (02m19.0s), 100/100 VUs, 1605 complete and 0 interrupted iterations
default   [  23% ] 100/100 VUs  02m19.0s/10m00.0s

running (02m20.0s), 100/100 VUs, 1618 complete and 0 interrupted iterations
default   [  23% ] 100/100 VUs  02m20.0s/10m00.0s

running (02m21.0s), 100/100 VUs, 1633 complete and 0 interrupted iterations
default   [  23% ] 100/100 VUs  02m21.0s/10m00.0s

running (02m22.0s), 100/100 VUs, 1656 complete and 0 interrupted iterations
default   [  24% ] 100/100 VUs  02m22.0s/10m00.0s

running (02m23.0s), 100/100 VUs, 1686 complete and 0 interrupted iterations
default   [  24% ] 100/100 VUs  02m23.0s/10m00.0s

running (02m24.0s), 100/100 VUs, 1703 complete and 0 interrupted iterations
default   [  24% ] 100/100 VUs  02m24.0s/10m00.0s

running (02m25.0s), 100/100 VUs, 1723 complete and 0 interrupted iterations
default   [  24% ] 100/100 VUs  02m25.0s/10m00.0s

running (02m26.0s), 100/100 VUs, 1738 complete and 0 interrupted iterations
default   [  24% ] 100/100 VUs  02m26.0s/10m00.0s

running (02m27.0s), 100/100 VUs, 1760 complete and 0 interrupted iterations
default   [  24% ] 100/100 VUs  02m27.0s/10m00.0s

running (02m28.0s), 100/100 VUs, 1788 complete and 0 interrupted iterations
default   [  25% ] 100/100 VUs  02m28.0s/10m00.0s

running (02m29.0s), 100/100 VUs, 1805 complete and 0 interrupted iterations
default   [  25% ] 100/100 VUs  02m29.0s/10m00.0s

running (02m30.0s), 100/100 VUs, 1819 complete and 0 interrupted iterations
default   [  25% ] 100/100 VUs  02m30.0s/10m00.0s

running (02m31.0s), 100/100 VUs, 1839 complete and 0 interrupted iterations
default   [  25% ] 100/100 VUs  02m31.0s/10m00.0s

running (02m32.0s), 100/100 VUs, 1863 complete and 0 interrupted iterations
default   [  25% ] 100/100 VUs  02m32.0s/10m00.0s

running (02m33.0s), 100/100 VUs, 1888 complete and 0 interrupted iterations
default   [  25% ] 100/100 VUs  02m33.0s/10m00.0s

running (02m34.0s), 100/100 VUs, 1905 complete and 0 interrupted iterations
default   [  26% ] 100/100 VUs  02m34.0s/10m00.0s

running (02m35.0s), 100/100 VUs, 1920 complete and 0 interrupted iterations
default   [  26% ] 100/100 VUs  02m35.0s/10m00.0s

running (02m36.0s), 100/100 VUs, 1939 complete and 0 interrupted iterations
default   [  26% ] 100/100 VUs  02m36.0s/10m00.0s

running (02m37.0s), 100/100 VUs, 1964 complete and 0 interrupted iterations
default   [  26% ] 100/100 VUs  02m37.0s/10m00.0s

running (02m38.0s), 100/100 VUs, 1986 complete and 0 interrupted iterations
default   [  26% ] 100/100 VUs  02m38.0s/10m00.0s

running (02m39.0s), 100/100 VUs, 2010 complete and 0 interrupted iterations
default   [  26% ] 100/100 VUs  02m39.0s/10m00.0s

running (02m40.0s), 100/100 VUs, 2024 complete and 0 interrupted iterations
default   [  27% ] 100/100 VUs  02m40.0s/10m00.0s

running (02m41.0s), 100/100 VUs, 2043 complete and 0 interrupted iterations
default   [  27% ] 100/100 VUs  02m41.0s/10m00.0s

running (02m42.0s), 100/100 VUs, 2066 complete and 0 interrupted iterations
default   [  27% ] 100/100 VUs  02m42.0s/10m00.0s

running (02m43.0s), 100/100 VUs, 2087 complete and 0 interrupted iterations
default   [  27% ] 100/100 VUs  02m43.0s/10m00.0s

running (02m44.0s), 100/100 VUs, 2111 complete and 0 interrupted iterations
default   [  27% ] 100/100 VUs  02m44.0s/10m00.0s

running (02m45.0s), 100/100 VUs, 2124 complete and 0 interrupted iterations
default   [  27% ] 100/100 VUs  02m45.0s/10m00.0s

running (02m46.0s), 100/100 VUs, 2144 complete and 0 interrupted iterations
default   [  28% ] 100/100 VUs  02m46.0s/10m00.0s

running (02m47.0s), 100/100 VUs, 2175 complete and 0 interrupted iterations
default   [  28% ] 100/100 VUs  02m47.0s/10m00.0s

running (02m48.0s), 100/100 VUs, 2191 complete and 0 interrupted iterations
default   [  28% ] 100/100 VUs  02m48.0s/10m00.0s

running (02m49.0s), 100/100 VUs, 2216 complete and 0 interrupted iterations
default   [  28% ] 100/100 VUs  02m49.0s/10m00.0s

running (02m50.0s), 100/100 VUs, 2229 complete and 0 interrupted iterations
default   [  28% ] 100/100 VUs  02m50.0s/10m00.0s

running (02m51.0s), 100/100 VUs, 2243 complete and 0 interrupted iterations
default   [  28% ] 100/100 VUs  02m51.0s/10m00.0s

running (02m52.0s), 100/100 VUs, 2272 complete and 0 interrupted iterations
default   [  29% ] 100/100 VUs  02m52.0s/10m00.0s

running (02m53.0s), 100/100 VUs, 2293 complete and 0 interrupted iterations
default   [  29% ] 100/100 VUs  02m53.0s/10m00.0s

running (02m54.0s), 100/100 VUs, 2315 complete and 0 interrupted iterations
default   [  29% ] 100/100 VUs  02m54.0s/10m00.0s

running (02m55.0s), 100/100 VUs, 2330 complete and 0 interrupted iterations
default   [  29% ] 100/100 VUs  02m55.0s/10m00.0s

running (02m56.0s), 100/100 VUs, 2348 complete and 0 interrupted iterations
default   [  29% ] 100/100 VUs  02m56.0s/10m00.0s

running (02m57.0s), 100/100 VUs, 2370 complete and 0 interrupted iterations
default   [  29% ] 100/100 VUs  02m57.0s/10m00.0s

running (02m58.0s), 100/100 VUs, 2394 complete and 0 interrupted iterations
default   [  30% ] 100/100 VUs  02m58.0s/10m00.0s

running (02m59.0s), 100/100 VUs, 2411 complete and 0 interrupted iterations
default   [  30% ] 100/100 VUs  02m59.0s/10m00.0s

running (03m00.0s), 100/100 VUs, 2432 complete and 0 interrupted iterations
default   [  30% ] 100/100 VUs  03m00.0s/10m00.0s

running (03m01.0s), 100/100 VUs, 2448 complete and 0 interrupted iterations
default   [  30% ] 100/100 VUs  03m01.0s/10m00.0s

running (03m02.0s), 100/100 VUs, 2475 complete and 0 interrupted iterations
default   [  30% ] 100/100 VUs  03m02.0s/10m00.0s

running (03m03.0s), 100/100 VUs, 2499 complete and 0 interrupted iterations
default   [  30% ] 100/100 VUs  03m03.0s/10m00.0s

running (03m04.0s), 100/100 VUs, 2514 complete and 0 interrupted iterations
default   [  31% ] 100/100 VUs  03m04.0s/10m00.0s

running (03m05.0s), 100/100 VUs, 2535 complete and 0 interrupted iterations
default   [  31% ] 100/100 VUs  03m05.0s/10m00.0s

running (03m06.0s), 100/100 VUs, 2549 complete and 0 interrupted iterations
default   [  31% ] 100/100 VUs  03m06.0s/10m00.0s

running (03m07.0s), 100/100 VUs, 2577 complete and 0 interrupted iterations
default   [  31% ] 100/100 VUs  03m07.0s/10m00.0s

running (03m08.0s), 100/100 VUs, 2601 complete and 0 interrupted iterations
default   [  31% ] 100/100 VUs  03m08.0s/10m00.0s

running (03m09.0s), 100/100 VUs, 2619 complete and 0 interrupted iterations
default   [  31% ] 100/100 VUs  03m09.0s/10m00.0s

running (03m10.0s), 100/100 VUs, 2637 complete and 0 interrupted iterations
default   [  32% ] 100/100 VUs  03m10.0s/10m00.0s

running (03m11.0s), 100/100 VUs, 2645 complete and 0 interrupted iterations
default   [  32% ] 100/100 VUs  03m11.0s/10m00.0s

running (03m12.0s), 100/100 VUs, 2659 complete and 0 interrupted iterations
default   [  32% ] 100/100 VUs  03m12.0s/10m00.0s

running (03m13.0s), 100/100 VUs, 2690 complete and 0 interrupted iterations
default   [  32% ] 100/100 VUs  03m13.0s/10m00.0s

running (03m14.0s), 100/100 VUs, 2714 complete and 0 interrupted iterations
default   [  32% ] 100/100 VUs  03m14.0s/10m00.0s

running (03m15.0s), 100/100 VUs, 2739 complete and 0 interrupted iterations
default   [  32% ] 100/100 VUs  03m15.0s/10m00.0s

running (03m16.0s), 100/100 VUs, 2748 complete and 0 interrupted iterations
default   [  33% ] 100/100 VUs  03m16.0s/10m00.0s

running (03m17.0s), 100/100 VUs, 2763 complete and 0 interrupted iterations
default   [  33% ] 100/100 VUs  03m17.0s/10m00.0s

running (03m18.0s), 100/100 VUs, 2788 complete and 0 interrupted iterations
default   [  33% ] 100/100 VUs  03m18.0s/10m00.0s

running (03m19.0s), 100/100 VUs, 2813 complete and 0 interrupted iterations
default   [  33% ] 100/100 VUs  03m19.0s/10m00.0s

running (03m20.0s), 100/100 VUs, 2834 complete and 0 interrupted iterations
default   [  33% ] 100/100 VUs  03m20.0s/10m00.0s

running (03m21.0s), 100/100 VUs, 2856 complete and 0 interrupted iterations
default   [  33% ] 100/100 VUs  03m21.0s/10m00.0s

running (03m22.0s), 100/100 VUs, 2871 complete and 0 interrupted iterations
default   [  34% ] 100/100 VUs  03m22.0s/10m00.0s

running (03m23.0s), 100/100 VUs, 2888 complete and 0 interrupted iterations
default   [  34% ] 100/100 VUs  03m23.0s/10m00.0s

running (03m24.0s), 100/100 VUs, 2911 complete and 0 interrupted iterations
default   [  34% ] 100/100 VUs  03m24.0s/10m00.0s

running (03m25.0s), 100/100 VUs, 2933 complete and 0 interrupted iterations
default   [  34% ] 100/100 VUs  03m25.0s/10m00.0s

running (03m26.0s), 100/100 VUs, 2959 complete and 0 interrupted iterations
default   [  34% ] 100/100 VUs  03m26.0s/10m00.0s

running (03m27.0s), 100/100 VUs, 2971 complete and 0 interrupted iterations
default   [  34% ] 100/100 VUs  03m27.0s/10m00.0s

running (03m28.0s), 100/100 VUs, 2992 complete and 0 interrupted iterations
default   [  35% ] 100/100 VUs  03m28.0s/10m00.0s

running (03m29.0s), 100/100 VUs, 3015 complete and 0 interrupted iterations
default   [  35% ] 100/100 VUs  03m29.0s/10m00.0s

running (03m30.0s), 100/100 VUs, 3034 complete and 0 interrupted iterations
default   [  35% ] 100/100 VUs  03m30.0s/10m00.0s

running (03m31.0s), 100/100 VUs, 3057 complete and 0 interrupted iterations
default   [  35% ] 100/100 VUs  03m31.0s/10m00.0s

running (03m32.0s), 100/100 VUs, 3074 complete and 0 interrupted iterations
default   [  35% ] 100/100 VUs  03m32.0s/10m00.0s

running (03m33.0s), 100/100 VUs, 3091 complete and 0 interrupted iterations
default   [  35% ] 100/100 VUs  03m33.0s/10m00.0s

running (03m34.0s), 100/100 VUs, 3116 complete and 0 interrupted iterations
default   [  36% ] 100/100 VUs  03m34.0s/10m00.0s

running (03m35.0s), 100/100 VUs, 3142 complete and 0 interrupted iterations
default   [  36% ] 100/100 VUs  03m35.0s/10m00.0s

running (03m36.0s), 100/100 VUs, 3160 complete and 0 interrupted iterations
default   [  36% ] 100/100 VUs  03m36.0s/10m00.0s

running (03m37.0s), 100/100 VUs, 3179 complete and 0 interrupted iterations
default   [  36% ] 100/100 VUs  03m37.0s/10m00.0s

running (03m38.0s), 100/100 VUs, 3195 complete and 0 interrupted iterations
default   [  36% ] 100/100 VUs  03m38.0s/10m00.0s

running (03m39.0s), 100/100 VUs, 3214 complete and 0 interrupted iterations
default   [  36% ] 100/100 VUs  03m39.0s/10m00.0s

running (03m40.0s), 100/100 VUs, 3243 complete and 0 interrupted iterations
default   [  37% ] 100/100 VUs  03m40.0s/10m00.0s

running (03m41.0s), 100/100 VUs, 3266 complete and 0 interrupted iterations
default   [  37% ] 100/100 VUs  03m41.0s/10m00.0s

running (03m42.0s), 100/100 VUs, 3280 complete and 0 interrupted iterations
default   [  37% ] 100/100 VUs  03m42.0s/10m00.0s

running (03m43.0s), 100/100 VUs, 3295 complete and 0 interrupted iterations
default   [  37% ] 100/100 VUs  03m43.0s/10m00.0s

running (03m44.0s), 100/100 VUs, 3314 complete and 0 interrupted iterations
default   [  37% ] 100/100 VUs  03m44.0s/10m00.0s

running (03m45.0s), 100/100 VUs, 3330 complete and 0 interrupted iterations
default   [  37% ] 100/100 VUs  03m45.0s/10m00.0s

running (03m46.0s), 100/100 VUs, 3367 complete and 0 interrupted iterations
default   [  38% ] 100/100 VUs  03m46.0s/10m00.0s

running (03m47.0s), 100/100 VUs, 3384 complete and 0 interrupted iterations
default   [  38% ] 100/100 VUs  03m47.0s/10m00.0s

running (03m48.0s), 100/100 VUs, 3397 complete and 0 interrupted iterations
default   [  38% ] 100/100 VUs  03m48.0s/10m00.0s

running (03m49.0s), 100/100 VUs, 3418 complete and 0 interrupted iterations
default   [  38% ] 100/100 VUs  03m49.0s/10m00.0s

running (03m50.0s), 100/100 VUs, 3432 complete and 0 interrupted iterations
default   [  38% ] 100/100 VUs  03m50.0s/10m00.0s

running (03m51.0s), 100/100 VUs, 3461 complete and 0 interrupted iterations
default   [  38% ] 100/100 VUs  03m51.0s/10m00.0s

running (03m52.0s), 100/100 VUs, 3488 complete and 0 interrupted iterations
default   [  39% ] 100/100 VUs  03m52.0s/10m00.0s

running (03m53.0s), 100/100 VUs, 3502 complete and 0 interrupted iterations
default   [  39% ] 100/100 VUs  03m53.0s/10m00.0s

running (03m54.0s), 100/100 VUs, 3520 complete and 0 interrupted iterations
default   [  39% ] 100/100 VUs  03m54.0s/10m00.0s

running (03m55.0s), 100/100 VUs, 3537 complete and 0 interrupted iterations
default   [  39% ] 100/100 VUs  03m55.0s/10m00.0s

running (03m56.0s), 100/100 VUs, 3566 complete and 0 interrupted iterations
default   [  39% ] 100/100 VUs  03m56.0s/10m00.0s

running (03m57.0s), 100/100 VUs, 3588 complete and 0 interrupted iterations
default   [  39% ] 100/100 VUs  03m57.0s/10m00.0s

running (03m58.0s), 100/100 VUs, 3608 complete and 0 interrupted iterations
default   [  40% ] 100/100 VUs  03m58.0s/10m00.0s

running (03m59.0s), 100/100 VUs, 3621 complete and 0 interrupted iterations
default   [  40% ] 100/100 VUs  03m59.0s/10m00.0s

running (04m00.0s), 100/100 VUs, 3644 complete and 0 interrupted iterations
default   [  40% ] 100/100 VUs  04m00.0s/10m00.0s

running (04m01.0s), 100/100 VUs, 3667 complete and 0 interrupted iterations
default   [  40% ] 100/100 VUs  04m01.0s/10m00.0s

running (04m02.0s), 100/100 VUs, 3690 complete and 0 interrupted iterations
default   [  40% ] 100/100 VUs  04m02.0s/10m00.0s

running (04m03.0s), 100/100 VUs, 3713 complete and 0 interrupted iterations
default   [  40% ] 100/100 VUs  04m03.0s/10m00.0s

running (04m04.0s), 100/100 VUs, 3724 complete and 0 interrupted iterations
default   [  41% ] 100/100 VUs  04m04.0s/10m00.0s

running (04m05.0s), 100/100 VUs, 3743 complete and 0 interrupted iterations
default   [  41% ] 100/100 VUs  04m05.0s/10m00.0s

running (04m06.0s), 100/100 VUs, 3766 complete and 0 interrupted iterations
default   [  41% ] 100/100 VUs  04m06.0s/10m00.0s

running (04m07.0s), 100/100 VUs, 3790 complete and 0 interrupted iterations
default   [  41% ] 100/100 VUs  04m07.0s/10m00.0s

running (04m08.0s), 100/100 VUs, 3812 complete and 0 interrupted iterations
default   [  41% ] 100/100 VUs  04m08.0s/10m00.0s

running (04m09.0s), 100/100 VUs, 3827 complete and 0 interrupted iterations
default   [  41% ] 100/100 VUs  04m09.0s/10m00.0s

running (04m10.0s), 100/100 VUs, 3845 complete and 0 interrupted iterations
default   [  42% ] 100/100 VUs  04m10.0s/10m00.0s

running (04m11.0s), 100/100 VUs, 3868 complete and 0 interrupted iterations
default   [  42% ] 100/100 VUs  04m11.0s/10m00.0s

running (04m12.0s), 100/100 VUs, 3893 complete and 0 interrupted iterations
default   [  42% ] 100/100 VUs  04m12.0s/10m00.0s

running (04m13.0s), 100/100 VUs, 3918 complete and 0 interrupted iterations
default   [  42% ] 100/100 VUs  04m13.0s/10m00.0s

running (04m14.0s), 100/100 VUs, 3929 complete and 0 interrupted iterations
default   [  42% ] 100/100 VUs  04m14.0s/10m00.0s

running (04m15.0s), 100/100 VUs, 3951 complete and 0 interrupted iterations
default   [  42% ] 100/100 VUs  04m15.0s/10m00.0s

running (04m16.0s), 100/100 VUs, 3967 complete and 0 interrupted iterations
default   [  43% ] 100/100 VUs  04m16.0s/10m00.0s

running (04m17.0s), 100/100 VUs, 3994 complete and 0 interrupted iterations
default   [  43% ] 100/100 VUs  04m17.0s/10m00.0s

running (04m18.0s), 100/100 VUs, 4017 complete and 0 interrupted iterations
default   [  43% ] 100/100 VUs  04m18.0s/10m00.0s

running (04m19.0s), 100/100 VUs, 4026 complete and 0 interrupted iterations
default   [  43% ] 100/100 VUs  04m19.0s/10m00.0s

running (04m20.0s), 100/100 VUs, 4052 complete and 0 interrupted iterations
default   [  43% ] 100/100 VUs  04m20.0s/10m00.0s

running (04m21.0s), 100/100 VUs, 4069 complete and 0 interrupted iterations
default   [  43% ] 100/100 VUs  04m21.0s/10m00.0s

running (04m22.0s), 100/100 VUs, 4093 complete and 0 interrupted iterations
default   [  44% ] 100/100 VUs  04m22.0s/10m00.0s

running (04m23.0s), 100/100 VUs, 4117 complete and 0 interrupted iterations
default   [  44% ] 100/100 VUs  04m23.0s/10m00.0s

running (04m24.0s), 100/100 VUs, 4126 complete and 0 interrupted iterations
default   [  44% ] 100/100 VUs  04m24.0s/10m00.0s

running (04m25.0s), 100/100 VUs, 4152 complete and 0 interrupted iterations
default   [  44% ] 100/100 VUs  04m25.0s/10m00.0s

running (04m26.0s), 100/100 VUs, 4169 complete and 0 interrupted iterations
default   [  44% ] 100/100 VUs  04m26.0s/10m00.0s

running (04m27.0s), 100/100 VUs, 4201 complete and 0 interrupted iterations
default   [  44% ] 100/100 VUs  04m27.0s/10m00.0s

running (04m28.0s), 100/100 VUs, 4218 complete and 0 interrupted iterations
default   [  45% ] 100/100 VUs  04m28.0s/10m00.0s

running (04m29.0s), 100/100 VUs, 4227 complete and 0 interrupted iterations
default   [  45% ] 100/100 VUs  04m29.0s/10m00.0s

running (04m30.0s), 100/100 VUs, 4243 complete and 0 interrupted iterations
default   [  45% ] 100/100 VUs  04m30.0s/10m00.0s

running (04m31.0s), 100/100 VUs, 4272 complete and 0 interrupted iterations
default   [  45% ] 100/100 VUs  04m31.0s/10m00.0s

running (04m32.0s), 100/100 VUs, 4292 complete and 0 interrupted iterations
default   [  45% ] 100/100 VUs  04m32.0s/10m00.0s

running (04m33.0s), 100/100 VUs, 4316 complete and 0 interrupted iterations
default   [  45% ] 100/100 VUs  04m33.0s/10m00.0s

running (04m34.0s), 100/100 VUs, 4330 complete and 0 interrupted iterations
default   [  46% ] 100/100 VUs  04m34.0s/10m00.0s

running (04m35.0s), 100/100 VUs, 4352 complete and 0 interrupted iterations
default   [  46% ] 100/100 VUs  04m35.0s/10m00.0s

running (04m36.0s), 100/100 VUs, 4377 complete and 0 interrupted iterations
default   [  46% ] 100/100 VUs  04m36.0s/10m00.0s

running (04m37.0s), 100/100 VUs, 4396 complete and 0 interrupted iterations
default   [  46% ] 100/100 VUs  04m37.0s/10m00.0s

running (04m38.0s), 100/100 VUs, 4422 complete and 0 interrupted iterations
default   [  46% ] 100/100 VUs  04m38.0s/10m00.0s

running (04m39.0s), 100/100 VUs, 4434 complete and 0 interrupted iterations
default   [  46% ] 100/100 VUs  04m39.0s/10m00.0s

running (04m40.0s), 100/100 VUs, 4456 complete and 0 interrupted iterations
default   [  47% ] 100/100 VUs  04m40.0s/10m00.0s

running (04m41.0s), 100/100 VUs, 4479 complete and 0 interrupted iterations
default   [  47% ] 100/100 VUs  04m41.0s/10m00.0s

running (04m42.0s), 100/100 VUs, 4501 complete and 0 interrupted iterations
default   [  47% ] 100/100 VUs  04m42.0s/10m00.0s

running (04m43.0s), 100/100 VUs, 4523 complete and 0 interrupted iterations
default   [  47% ] 100/100 VUs  04m43.0s/10m00.0s

running (04m44.0s), 100/100 VUs, 4539 complete and 0 interrupted iterations
default   [  47% ] 100/100 VUs  04m44.0s/10m00.0s

running (04m45.0s), 100/100 VUs, 4560 complete and 0 interrupted iterations
default   [  47% ] 100/100 VUs  04m45.0s/10m00.0s

running (04m46.0s), 100/100 VUs, 4579 complete and 0 interrupted iterations
default   [  48% ] 100/100 VUs  04m46.0s/10m00.0s

running (04m47.0s), 100/100 VUs, 4599 complete and 0 interrupted iterations
default   [  48% ] 100/100 VUs  04m47.0s/10m00.0s

running (04m48.0s), 100/100 VUs, 4619 complete and 0 interrupted iterations
default   [  48% ] 100/100 VUs  04m48.0s/10m00.0s

running (04m49.0s), 100/100 VUs, 4640 complete and 0 interrupted iterations
default   [  48% ] 100/100 VUs  04m49.0s/10m00.0s

running (04m50.0s), 100/100 VUs, 4664 complete and 0 interrupted iterations
default   [  48% ] 100/100 VUs  04m50.0s/10m00.0s

running (04m51.0s), 100/100 VUs, 4681 complete and 0 interrupted iterations
default   [  48% ] 100/100 VUs  04m51.0s/10m00.0s

running (04m52.0s), 100/100 VUs, 4699 complete and 0 interrupted iterations
default   [  49% ] 100/100 VUs  04m52.0s/10m00.0s

running (04m53.0s), 100/100 VUs, 4714 complete and 0 interrupted iterations
default   [  49% ] 100/100 VUs  04m53.0s/10m00.0s

running (04m54.0s), 100/100 VUs, 4738 complete and 0 interrupted iterations
default   [  49% ] 100/100 VUs  04m54.0s/10m00.0s

running (04m55.0s), 100/100 VUs, 4766 complete and 0 interrupted iterations
default   [  49% ] 100/100 VUs  04m55.0s/10m00.0s

running (04m56.0s), 100/100 VUs, 4785 complete and 0 interrupted iterations
default   [  49% ] 100/100 VUs  04m56.0s/10m00.0s

running (04m57.0s), 100/100 VUs, 4803 complete and 0 interrupted iterations
default   [  49% ] 100/100 VUs  04m57.0s/10m00.0s

running (04m58.0s), 100/100 VUs, 4824 complete and 0 interrupted iterations
default   [  50% ] 100/100 VUs  04m58.0s/10m00.0s

running (04m59.0s), 100/100 VUs, 4841 complete and 0 interrupted iterations
default   [  50% ] 100/100 VUs  04m59.0s/10m00.0s

running (05m00.0s), 100/100 VUs, 4866 complete and 0 interrupted iterations
default   [  50% ] 100/100 VUs  05m00.0s/10m00.0s

running (05m01.0s), 100/100 VUs, 4889 complete and 0 interrupted iterations
default   [  50% ] 100/100 VUs  05m01.0s/10m00.0s

running (05m02.0s), 100/100 VUs, 4906 complete and 0 interrupted iterations
default   [  50% ] 100/100 VUs  05m02.0s/10m00.0s

running (05m03.0s), 100/100 VUs, 4927 complete and 0 interrupted iterations
default   [  50% ] 100/100 VUs  05m03.0s/10m00.0s

running (05m04.0s), 100/100 VUs, 4947 complete and 0 interrupted iterations
default   [  51% ] 100/100 VUs  05m04.0s/10m00.0s

running (05m05.0s), 100/100 VUs, 4969 complete and 0 interrupted iterations
default   [  51% ] 100/100 VUs  05m05.0s/10m00.0s

running (05m06.0s), 100/100 VUs, 4994 complete and 0 interrupted iterations
default   [  51% ] 100/100 VUs  05m06.0s/10m00.0s

running (05m07.0s), 100/100 VUs, 5010 complete and 0 interrupted iterations
default   [  51% ] 100/100 VUs  05m07.0s/10m00.0s

running (05m08.0s), 100/100 VUs, 5031 complete and 0 interrupted iterations
default   [  51% ] 100/100 VUs  05m08.0s/10m00.0s

running (05m09.0s), 100/100 VUs, 5053 complete and 0 interrupted iterations
default   [  51% ] 100/100 VUs  05m09.0s/10m00.0s

running (05m10.0s), 100/100 VUs, 5071 complete and 0 interrupted iterations
default   [  52% ] 100/100 VUs  05m10.0s/10m00.0s

running (05m11.0s), 100/100 VUs, 5093 complete and 0 interrupted iterations
default   [  52% ] 100/100 VUs  05m11.0s/10m00.0s
