time="2026-06-11T11:43:06-03:00" level=warning msg="SSLKEYLOGFILE was specified, logging TLS connection keys to '\\\\.\\nllMonFltProxy\\FFFFE68C37EB2A60'..." test_path="file:///C:/GitHub/poleras-store-k6/tests/orders/orders.test.js"
time="2026-06-11T11:45:10-03:00" level=warning msg="Request Failed" error="Post \"http://localhost:3001/api/auth/login\": EOF"
time="2026-06-11T11:45:10-03:00" level=error msg="GoError: the body is null so we can't transform it to JSON - this likely was because of a request error getting the response\n\tat reflect.methodValueCall (native)\n\tat getAuthToken (file:///C:/GitHub/poleras-store-k6/lib/auth.js:25:18(37))\n\tat default (file:///C:/GitHub/poleras-store-k6/tests/orders/orders.test.js:54:29(27))\n" executor=ramping-vus scenario=default source=stacktrace
time="2026-06-11T11:45:11-03:00" level=warning msg="Request Failed" error="Post \"http://localhost:3001/api/auth/login\": EOF"
time="2026-06-11T11:45:11-03:00" level=error msg="GoError: the body is null so we can't transform it to JSON - this likely was because of a request error getting the response\n\tat reflect.methodValueCall (native)\n\tat getAuthToken (file:///C:/GitHub/poleras-store-k6/lib/auth.js:25:18(37))\n\tat default (file:///C:/GitHub/poleras-store-k6/tests/orders/orders.test.js:54:29(27))\n" executor=ramping-vus scenario=default source=stacktrace
time="2026-06-11T11:45:32-03:00" level=warning msg="Request Failed" error="Post \"http://localhost:3001/api/auth/login\": EOF"
time="2026-06-11T11:45:32-03:00" level=error msg="GoError: the body is null so we can't transform it to JSON - this likely was because of a request error getting the response\n\tat reflect.methodValueCall (native)\n\tat getAuthToken (file:///C:/GitHub/poleras-store-k6/lib/auth.js:25:18(37))\n\tat default (file:///C:/GitHub/poleras-store-k6/tests/orders/orders.test.js:54:29(27))\n" executor=ramping-vus scenario=default source=stacktrace
time="2026-06-11T11:46:29-03:00" level=warning msg="Request Failed" error="Post \"http://localhost:3001/api/auth/login\": EOF"
time="2026-06-11T11:46:29-03:00" level=error msg="GoError: the body is null so we can't transform it to JSON - this likely was because of a request error getting the response\n\tat reflect.methodValueCall (native)\n\tat getAuthToken (file:///C:/GitHub/poleras-store-k6/lib/auth.js:25:18(37))\n\tat default (file:///C:/GitHub/poleras-store-k6/tests/orders/orders.test.js:54:29(27))\n" executor=ramping-vus scenario=default source=stacktrace
time="2026-06-11T11:47:15-03:00" level=warning msg="Request Failed" error="Post \"http://localhost:3001/api/auth/login\": EOF"
time="2026-06-11T11:47:15-03:00" level=error msg="GoError: the body is null so we can't transform it to JSON - this likely was because of a request error getting the response\n\tat reflect.methodValueCall (native)\n\tat getAuthToken (file:///C:/GitHub/poleras-store-k6/lib/auth.js:25:18(37))\n\tat default (file:///C:/GitHub/poleras-store-k6/tests/orders/orders.test.js:54:29(27))\n" executor=ramping-vus scenario=default source=stacktrace
time="2026-06-11T11:47:26-03:00" level=warning msg="Request Failed" error="Post \"http://localhost:3001/api/auth/login\": EOF"
time="2026-06-11T11:47:26-03:00" level=error msg="GoError: the body is null so we can't transform it to JSON - this likely was because of a request error getting the response\n\tat reflect.methodValueCall (native)\n\tat getAuthToken (file:///C:/GitHub/poleras-store-k6/lib/auth.js:25:18(37))\n\tat default (file:///C:/GitHub/poleras-store-k6/tests/orders/orders.test.js:54:29(27))\n" executor=ramping-vus scenario=default source=stacktrace
time="2026-06-11T11:47:50-03:00" level=warning msg="Request Failed" error="Post \"http://localhost:3001/api/auth/login\": EOF"
time="2026-06-11T11:47:50-03:00" level=error msg="GoError: the body is null so we can't transform it to JSON - this likely was because of a request error getting the response\n\tat reflect.methodValueCall (native)\n\tat getAuthToken (file:///C:/GitHub/poleras-store-k6/lib/auth.js:25:18(37))\n\tat default (file:///C:/GitHub/poleras-store-k6/tests/orders/orders.test.js:54:29(27))\n" executor=ramping-vus scenario=default source=stacktrace
time="2026-06-11T11:48:02-03:00" level=warning msg="Request Failed" error="Post \"http://localhost:3001/api/auth/login\": EOF"
time="2026-06-11T11:48:02-03:00" level=error msg="GoError: the body is null so we can't transform it to JSON - this likely was because of a request error getting the response\n\tat reflect.methodValueCall (native)\n\tat getAuthToken (file:///C:/GitHub/poleras-store-k6/lib/auth.js:25:18(37))\n\tat default (file:///C:/GitHub/poleras-store-k6/tests/orders/orders.test.js:54:29(27))\n" executor=ramping-vus scenario=default source=stacktrace
time="2026-06-11T11:48:04-03:00" level=warning msg="Request Failed" error="Post \"http://localhost:3001/api/auth/login\": EOF"
time="2026-06-11T11:48:04-03:00" level=error msg="GoError: the body is null so we can't transform it to JSON - this likely was because of a request error getting the response\n\tat reflect.methodValueCall (native)\n\tat getAuthToken (file:///C:/GitHub/poleras-store-k6/lib/auth.js:25:18(37))\n\tat default (file:///C:/GitHub/poleras-store-k6/tests/orders/orders.test.js:54:29(27))\n" executor=ramping-vus scenario=default source=stacktrace
time="2026-06-11T11:48:20-03:00" level=warning msg="Request Failed" error="Post \"http://localhost:3001/api/auth/login\": EOF"
time="2026-06-11T11:48:20-03:00" level=error msg="GoError: the body is null so we can't transform it to JSON - this likely was because of a request error getting the response\n\tat reflect.methodValueCall (native)\n\tat getAuthToken (file:///C:/GitHub/poleras-store-k6/lib/auth.js:25:18(37))\n\tat default (file:///C:/GitHub/poleras-store-k6/tests/orders/orders.test.js:54:29(27))\n" executor=ramping-vus scenario=default source=stacktrace
time="2026-06-11T11:48:33-03:00" level=warning msg="Request Failed" error="Post \"http://localhost:3001/api/auth/login\": EOF"
time="2026-06-11T11:48:33-03:00" level=error msg="GoError: the body is null so we can't transform it to JSON - this likely was because of a request error getting the response\n\tat reflect.methodValueCall (native)\n\tat getAuthToken (file:///C:/GitHub/poleras-store-k6/lib/auth.js:25:18(37))\n\tat default (file:///C:/GitHub/poleras-store-k6/tests/orders/orders.test.js:54:29(27))\n" executor=ramping-vus scenario=default source=stacktrace
time="2026-06-11T11:48:37-03:00" level=warning msg="Request Failed" error="Post \"http://localhost:3001/api/auth/login\": EOF"
time="2026-06-11T11:48:37-03:00" level=error msg="GoError: the body is null so we can't transform it to JSON - this likely was because of a request error getting the response\n\tat reflect.methodValueCall (native)\n\tat getAuthToken (file:///C:/GitHub/poleras-store-k6/lib/auth.js:25:18(37))\n\tat default (file:///C:/GitHub/poleras-store-k6/tests/orders/orders.test.js:54:29(27))\n" executor=ramping-vus scenario=default source=stacktrace
time="2026-06-11T11:49:01-03:00" level=warning msg="Request Failed" error="Post \"http://localhost:3001/api/auth/login\": EOF"
time="2026-06-11T11:49:01-03:00" level=error msg="GoError: the body is null so we can't transform it to JSON - this likely was because of a request error getting the response\n\tat reflect.methodValueCall (native)\n\tat getAuthToken (file:///C:/GitHub/poleras-store-k6/lib/auth.js:25:18(37))\n\tat default (file:///C:/GitHub/poleras-store-k6/tests/orders/orders.test.js:54:29(27))\n" executor=ramping-vus scenario=default source=stacktrace
time="2026-06-11T11:50:07-03:00" level=warning msg="Request Failed" error="Post \"http://localhost:3001/api/auth/login\": EOF"
time="2026-06-11T11:50:07-03:00" level=error msg="GoError: the body is null so we can't transform it to JSON - this likely was because of a request error getting the response\n\tat reflect.methodValueCall (native)\n\tat getAuthToken (file:///C:/GitHub/poleras-store-k6/lib/auth.js:25:18(37))\n\tat default (file:///C:/GitHub/poleras-store-k6/tests/orders/orders.test.js:54:29(27))\n" executor=ramping-vus scenario=default source=stacktrace
time="2026-06-11T11:52:25-03:00" level=warning msg="Request Failed" error="Post \"http://localhost:3001/api/auth/login\": EOF"
time="2026-06-11T11:52:25-03:00" level=error msg="GoError: the body is null so we can't transform it to JSON - this likely was because of a request error getting the response\n\tat reflect.methodValueCall (native)\n\tat getAuthToken (file:///C:/GitHub/poleras-store-k6/lib/auth.js:25:18(37))\n\tat default (file:///C:/GitHub/poleras-store-k6/tests/orders/orders.test.js:54:29(27))\n" executor=ramping-vus scenario=default source=stacktrace
time="2026-06-11T11:52:28-03:00" level=warning msg="Request Failed" error="Post \"http://localhost:3001/api/auth/login\": EOF"
time="2026-06-11T11:52:28-03:00" level=error msg="GoError: the body is null so we can't transform it to JSON - this likely was because of a request error getting the response\n\tat reflect.methodValueCall (native)\n\tat getAuthToken (file:///C:/GitHub/poleras-store-k6/lib/auth.js:25:18(37))\n\tat default (file:///C:/GitHub/poleras-store-k6/tests/orders/orders.test.js:54:29(27))\n" executor=ramping-vus scenario=default source=stacktrace
time="2026-06-11T11:53:02-03:00" level=warning msg="Request Failed" error="Post \"http://localhost:3001/api/auth/login\": EOF"
time="2026-06-11T11:53:02-03:00" level=error msg="GoError: the body is null so we can't transform it to JSON - this likely was because of a request error getting the response\n\tat reflect.methodValueCall (native)\n\tat getAuthToken (file:///C:/GitHub/poleras-store-k6/lib/auth.js:25:18(37))\n\tat default (file:///C:/GitHub/poleras-store-k6/tests/orders/orders.test.js:54:29(27))\n" executor=ramping-vus scenario=default source=stacktrace
time="2026-06-11T11:53:07-03:00" level=info msg="[k6-reporter v3.0.4] Generating HTML summary report, with theme: default" source=console
time="2026-06-11T11:53:07-03:00" level=error msg="failed to handle the end-of-test summary" error="Could not save some summary information:\n\t- could not open 'results/2026-06-11_load_100vu_run2_orders/orders-report.html': open results/2026-06-11_load_100vu_run2_orders/orders-report.html: The system cannot find the path specified."
